TN:
SF:src/bridge/adapter-grimoire.ts
FN:113,<instance_members_initializer>
FN:119,AdapterGrimoire
FN:121,getInitialSnapshot
FN:136,reconnect
FN:177,handleClientEvent
FN:212,buildSnapshot
FN:276,applyConfigUpdate
FN:377,applyTaskTransition
FN:506,applyTaskAssign
FN:609,applyAgentStatusUpdate
FN:738,getAuditLog
FN:742,createRuntimeError
FN:767,allocateSequenceId
FN:773,syncMaxSequenceId
FN:777,recordAudit
FN:782,isAllowedConfigMutationKey
FN:786,mutationCacheKey
FN:790,isAllowedTaskTransitionStatus
FN:794,isAllowedTaskStatusTransition
FN:798,isAllowedAgentStatusUpdateStatus
FN:802,isAllowedAgentStatusTransition
FNF:21
FNH:21
FNDA:36,<instance_members_initializer>
FNDA:36,AdapterGrimoire
FNDA:3,getInitialSnapshot
FNDA:14,reconnect
FNDA:44,handleClientEvent
FNDA:44,buildSnapshot
FNDA:11,applyConfigUpdate
FNDA:12,applyTaskTransition
FNDA:9,applyTaskAssign
FNDA:11,applyAgentStatusUpdate
FNDA:50,getAuditLog
FNDA:12,createRuntimeError
FNDA:12,allocateSequenceId
FNDA:100,syncMaxSequenceId
FNDA:66,recordAudit
FNDA:11,isAllowedConfigMutationKey
FNDA:69,mutationCacheKey
FNDA:12,isAllowedTaskTransitionStatus
FNDA:9,isAllowedTaskStatusTransition
FNDA:11,isAllowedAgentStatusUpdateStatus
FNDA:9,isAllowedAgentStatusTransition
DA:1,1
DA:13,1
DA:84,1
DA:85,1
DA:86,1
DA:87,1
DA:88,1
DA:89,1
DA:90,1
DA:91,1
DA:92,1
DA:94,1
DA:96,1
DA:98,1
DA:99,1
DA:100,1
DA:101,1
DA:102,1
DA:103,1
DA:104,1
DA:106,1
DA:107,1
DA:108,1
DA:109,1
DA:110,1
DA:111,1
DA:113,1
DA:114,36
DA:115,36
DA:116,36
DA:117,36
DA:119,36
DA:121,36
DA:122,3
DA:123,3
DA:124,3
DA:125,3
DA:126,3
DA:127,3
DA:128,3
DA:129,3
DA:130,3
DA:131,3
DA:132,3
DA:133,3
DA:134,3
DA:136,36
DA:137,14
DA:138,14
DA:140,14
DA:141,13
DA:142,13
DA:143,13
DA:144,13
DA:145,13
DA:146,13
DA:147,13
DA:148,13
DA:149,13
DA:150,13
DA:151,13
DA:152,13
DA:153,13
DA:154,13
DA:156,1
DA:157,14
DA:158,0
DA:159,0
DA:160,0
DA:161,0
DA:162,0
DA:163,0
DA:164,0
DA:165,0
DA:166,0
DA:167,0
DA:168,0
DA:169,0
DA:171,1
DA:172,1
DA:174,0
DA:175,14
DA:177,36
DA:178,44
DA:180,44
DA:181,1
DA:182,1
DA:183,1
DA:184,1
DA:185,1
DA:186,1
DA:187,1
DA:188,1
DA:189,1
DA:190,1
DA:191,1
DA:193,44
DA:194,0
DA:195,0
DA:197,44
DA:198,11
DA:199,11
DA:201,44
DA:202,12
DA:203,12
DA:205,44
DA:206,9
DA:207,9
DA:209,11
DA:210,44
DA:212,36
DA:213,44
DA:214,43
DA:215,43
DA:216,43
DA:217,43
DA:218,43
DA:219,43
DA:220,57
DA:221,57
DA:222,57
DA:223,57
DA:224,57
DA:225,57
DA:226,57
DA:227,57
DA:228,43
DA:229,43
DA:230,43
DA:231,43
DA:232,43
DA:233,2
DA:234,2
DA:235,43
DA:236,43
DA:237,43
DA:238,22
DA:239,22
DA:240,43
DA:241,43
DA:242,43
DA:243,43
DA:244,43
DA:246,31
DA:247,0
DA:248,0
DA:250,1
DA:251,44
DA:253,0
DA:254,0
DA:255,0
DA:256,0
DA:257,0
DA:258,1
DA:259,1
DA:260,1
DA:261,1
DA:262,1
DA:263,1
DA:264,1
DA:265,1
DA:266,0
DA:267,0
DA:268,0
DA:269,0
DA:270,0
DA:271,0
DA:272,0
DA:273,0
DA:274,44
DA:276,36
DA:277,11
DA:278,11
DA:279,11
DA:280,11
DA:281,1
DA:282,1
DA:283,1
DA:284,1
DA:285,1
DA:286,1
DA:287,1
DA:288,1
DA:289,1
DA:290,1
DA:291,1
DA:292,1
DA:293,1
DA:294,1
DA:295,1
DA:296,1
DA:297,1
DA:299,10
DA:300,11
DA:301,1
DA:302,1
DA:303,1
DA:304,1
DA:305,1
DA:306,1
DA:307,1
DA:308,1
DA:309,1
DA:310,1
DA:311,1
DA:312,1
DA:313,1
DA:315,11
DA:316,2
DA:317,2
DA:318,2
DA:319,2
DA:320,2
DA:321,2
DA:322,2
DA:323,2
DA:324,2
DA:326,7
DA:327,7
DA:328,7
DA:329,7
DA:330,7
DA:331,7
DA:332,7
DA:333,7
DA:334,7
DA:335,11
DA:336,1
DA:337,1
DA:338,1
DA:339,1
DA:340,1
DA:341,1
DA:342,1
DA:343,1
DA:344,1
DA:345,1
DA:346,1
DA:347,1
DA:348,1
DA:349,1
DA:350,1
DA:351,1
DA:352,1
DA:353,1
DA:355,6
DA:357,6
DA:358,6
DA:359,6
DA:360,6
DA:361,6
DA:362,6
DA:363,6
DA:364,6
DA:365,6
DA:366,6
DA:367,6
DA:368,6
DA:369,6
DA:370,6
DA:371,6
DA:372,6
DA:373,6
DA:374,6
DA:375,11
DA:377,36
DA:378,12
DA:379,12
DA:380,12
DA:381,12
DA:382,1
DA:383,1
DA:384,1
DA:385,1
DA:386,1
DA:387,1
DA:388,1
DA:389,1
DA:390,1
DA:391,1
DA:392,1
DA:393,1
DA:394,1
DA:395,1
DA:396,1
DA:397,1
DA:398,1
DA:400,11
DA:401,12
DA:402,1
DA:403,1
DA:404,1
DA:405,1
DA:406,1
DA:407,1
DA:408,1
DA:409,1
DA:410,1
DA:411,1
DA:412,1
DA:413,1
DA:414,1
DA:416,10
DA:417,10
DA:419,12
DA:420,1
DA:421,1
DA:422,1
DA:423,1
DA:425,12
DA:426,1
DA:427,1
DA:428,1
DA:429,1
DA:430,1
DA:431,1
DA:432,1
DA:433,1
DA:434,1
DA:435,1
DA:436,1
DA:437,1
DA:438,1
DA:439,1
DA:440,1
DA:441,1
DA:442,1
DA:444,12
DA:445,0
DA:446,0
DA:447,0
DA:448,0
DA:449,0
DA:450,0
DA:451,0
DA:452,0
DA:453,0
DA:455,8
DA:456,8
DA:457,8
DA:458,8
DA:459,8
DA:460,8
DA:461,8
DA:462,8
DA:463,8
DA:464,12
DA:465,0
DA:466,0
DA:467,0
DA:468,0
DA:469,0
DA:470,0
DA:471,0
DA:472,0
DA:473,0
DA:474,0
DA:475,0
DA:476,0
DA:477,0
DA:478,0
DA:479,0
DA:480,0
DA:481,0
DA:482,0
DA:484,8
DA:486,8
DA:487,8
DA:488,8
DA:489,8
DA:490,8
DA:491,8
DA:492,8
DA:493,8
DA:494,8
DA:495,8
DA:496,8
DA:497,8
DA:498,8
DA:499,8
DA:500,8
DA:501,8
DA:502,8
DA:503,8
DA:504,12
DA:506,36
DA:507,9
DA:508,9
DA:509,9
DA:510,9
DA:511,9
DA:512,1
DA:513,1
DA:514,1
DA:515,1
DA:516,1
DA:517,1
DA:518,1
DA:519,1
DA:520,1
DA:521,1
DA:522,1
DA:523,1
DA:524,1
DA:526,8
DA:527,8
DA:529,9
DA:530,1
DA:531,1
DA:532,1
DA:533,1
DA:535,7
DA:536,9
DA:537,1
DA:538,1
DA:539,1
DA:540,1
DA:541,1
DA:542,1
DA:543,1
DA:544,1
DA:545,1
DA:547,9
DA:548,0
DA:549,0
DA:550,0
DA:551,0
DA:552,0
DA:553,0
DA:554,0
DA:555,0
DA:556,0
DA:558,6
DA:559,6
DA:560,6
DA:561,6
DA:562,6
DA:563,6
DA:564,6
DA:565,6
DA:566,6
DA:567,9
DA:568,0
DA:569,0
DA:570,0
DA:571,0
DA:572,0
DA:573,0
DA:574,0
DA:575,0
DA:576,0
DA:577,0
DA:578,0
DA:579,0
DA:580,0
DA:581,0
DA:582,0
DA:583,0
DA:584,0
DA:585,0
DA:587,6
DA:589,6
DA:590,6
DA:591,6
DA:592,6
DA:593,6
DA:594,6
DA:595,6
DA:596,6
DA:597,6
DA:598,6
DA:599,6
DA:600,6
DA:601,6
DA:602,6
DA:603,6
DA:604,6
DA:605,6
DA:606,6
DA:607,9
DA:609,36
DA:610,11
DA:611,11
DA:612,11
DA:613,11
DA:614,0
DA:615,0
DA:616,0
DA:617,0
DA:618,0
DA:619,0
DA:620,0
DA:621,0
DA:622,0
DA:623,0
DA:624,0
DA:625,0
DA:626,0
DA:627,0
DA:628,0
DA:629,0
DA:630,0
DA:632,11
DA:633,11
DA:634,1
DA:635,1
DA:636,1
DA:637,1
DA:638,1
DA:639,1
DA:640,1
DA:641,1
DA:642,1
DA:643,1
DA:644,1
DA:645,1
DA:646,1
DA:648,10
DA:649,10
DA:651,11
DA:652,1
DA:653,1
DA:654,1
DA:655,1
DA:657,11
DA:658,1
DA:659,1
DA:660,1
DA:661,1
DA:662,1
DA:663,1
DA:664,1
DA:665,1
DA:666,1
DA:667,1
DA:668,1
DA:669,1
DA:670,1
DA:671,1
DA:672,1
DA:673,1
DA:674,1
DA:676,11
DA:677,0
DA:678,0
DA:679,0
DA:680,0
DA:681,0
DA:682,0
DA:683,0
DA:684,0
DA:685,0
DA:687,8
DA:688,8
DA:689,8
DA:690,8
DA:691,8
DA:692,8
DA:693,8
DA:694,8
DA:695,8
DA:696,11
DA:697,0
DA:698,0
DA:699,0
DA:700,0
DA:701,0
DA:702,0
DA:703,0
DA:704,0
DA:705,0
DA:706,0
DA:707,0
DA:708,0
DA:709,0
DA:710,0
DA:711,0
DA:712,0
DA:713,0
DA:714,0
DA:716,8
DA:718,8
DA:719,8
DA:720,8
DA:721,8
DA:722,8
DA:723,8
DA:724,8
DA:725,8
DA:726,8
DA:727,8
DA:728,8
DA:729,8
DA:730,8
DA:731,8
DA:732,8
DA:733,8
DA:734,8
DA:735,8
DA:736,11
DA:738,36
DA:739,50
DA:740,50
DA:742,36
DA:743,12
DA:744,12
DA:745,12
DA:746,12
DA:747,12
DA:748,12
DA:749,12
DA:750,12
DA:751,12
DA:752,12
DA:753,12
DA:754,12
DA:755,12
DA:756,0
DA:757,12
DA:758,12
DA:759,12
DA:760,12
DA:761,12
DA:762,12
DA:763,12
DA:764,12
DA:765,12
DA:767,36
DA:768,12
DA:769,12
DA:770,12
DA:771,12
DA:773,36
DA:774,100
DA:775,100
DA:777,36
DA:778,66
DA:779,66
DA:780,36
DA:782,11
DA:783,11
DA:784,11
DA:786,69
DA:787,69
DA:788,69
DA:790,12
DA:791,12
DA:792,12
DA:794,9
DA:795,9
DA:796,9
DA:798,11
DA:799,11
DA:800,11
DA:802,9
DA:803,9
DA:804,9
LF:657
LH:528
BRDA:113,0,0,36
BRDA:119,1,0,36
BRDA:121,2,0,3
BRDA:136,3,0,14
BRDA:140,4,0,13
BRDA:150,5,0,0
BRDA:154,6,0,1
BRDA:157,7,0,2
BRDA:157,8,0,0
BRDA:169,9,0,1
BRDA:172,10,0,0
BRDA:177,11,0,44
BRDA:180,12,0,1
BRDA:188,13,0,0
BRDA:190,14,0,0
BRDA:191,15,0,43
BRDA:193,16,0,0
BRDA:195,17,0,43
BRDA:197,18,0,11
BRDA:199,19,0,32
BRDA:201,20,0,12
BRDA:203,21,0,20
BRDA:205,22,0,9
BRDA:207,23,0,11
BRDA:212,24,0,44
BRDA:213,25,0,43
BRDA:217,26,0,0
BRDA:218,27,0,0
BRDA:229,28,0,0
BRDA:230,29,0,0
BRDA:232,30,0,42
BRDA:235,31,0,1
BRDA:237,32,0,42
BRDA:240,33,0,1
BRDA:244,34,0,31
BRDA:244,35,0,1
BRDA:246,36,0,0
BRDA:248,37,0,1
BRDA:251,38,0,0
BRDA:251,39,0,0
BRDA:219,40,0,57
BRDA:226,41,0,0
BRDA:227,42,0,20
BRDA:227,43,0,37
BRDA:229,44,0,26
BRDA:232,45,0,2
BRDA:237,46,0,22
BRDA:257,47,0,1
BRDA:264,48,0,0
BRDA:265,49,0,0
BRDA:276,50,0,11
BRDA:280,51,0,1
BRDA:297,52,0,10
BRDA:300,53,0,1
BRDA:309,54,0,0
BRDA:313,55,0,9
BRDA:315,56,0,2
BRDA:324,57,0,7
BRDA:334,58,0,6
BRDA:335,59,0,1
BRDA:336,60,0,0
BRDA:353,61,0,6
BRDA:377,62,0,12
BRDA:381,63,0,1
BRDA:398,64,0,11
BRDA:401,65,0,1
BRDA:410,66,0,0
BRDA:414,67,0,10
BRDA:419,68,0,1
BRDA:423,69,0,9
BRDA:425,70,0,1
BRDA:442,71,0,8
BRDA:444,72,0,0
BRDA:453,73,0,8
BRDA:464,74,0,0
BRDA:482,75,0,8
BRDA:417,76,0,9
BRDA:506,77,0,9
BRDA:511,78,0,1
BRDA:520,79,0,0
BRDA:524,80,0,8
BRDA:529,81,0,1
BRDA:533,82,0,7
BRDA:536,83,0,1
BRDA:545,84,0,6
BRDA:547,85,0,0
BRDA:556,86,0,6
BRDA:567,87,0,0
BRDA:585,88,0,6
BRDA:527,89,0,7
BRDA:535,90,0,13
BRDA:609,91,0,11
BRDA:613,92,0,0
BRDA:633,93,0,1
BRDA:642,94,0,0
BRDA:646,95,0,10
BRDA:651,96,0,1
BRDA:655,97,0,9
BRDA:657,98,0,1
BRDA:674,99,0,8
BRDA:676,100,0,0
BRDA:685,101,0,8
BRDA:696,102,0,0
BRDA:714,103,0,8
BRDA:649,104,0,10
BRDA:738,105,0,50
BRDA:742,106,0,12
BRDA:754,107,0,0
BRDA:755,108,0,0
BRDA:767,109,0,12
BRDA:773,110,0,100
BRDA:777,111,0,66
BRDA:782,112,0,11
BRDA:783,113,0,18
BRDA:786,114,0,69
BRDA:790,115,0,12
BRDA:794,116,0,9
BRDA:798,117,0,11
BRDA:802,118,0,9
BRF:119
BRH:89
end_of_record
TN:
SF:src/bridge/agent-adapter.ts
FN:44,cloneJsonValue
FN:48,cloneSnapshot
FN:76,<instance_members_initializer>
FN:85,MockAgentAdapter
FN:90,getInitialSnapshot
FN:101,reconnect
FN:126,handleClientEvent
FN:161,getAuditLog
FN:165,emitAgentState
FN:186,applyConfigUpdate
FN:231,applyTaskTransition
FN:285,applyTaskAssign
FN:344,applyAgentStatusUpdate
FN:420,allocateSequenceId
FN:426,recordError
FN:444,recordAudit
FN:449,mutationCacheKey
FN:453,isAllowedAgentStatusUpdateStatus
FN:457,isAllowedAgentStatusTransition
FNF:19
FNH:19
FNDA:10,cloneJsonValue
FNDA:46,cloneSnapshot
FNDA:16,<instance_members_initializer>
FNDA:16,MockAgentAdapter
FNDA:3,getInitialSnapshot
FNDA:2,reconnect
FNDA:23,handleClientEvent
FNDA:29,getAuditLog
FNDA:1,emitAgentState
FNDA:5,applyConfigUpdate
FNDA:4,applyTaskTransition
FNDA:3,applyTaskAssign
FNDA:4,applyAgentStatusUpdate
FNDA:21,allocateSequenceId
FNDA:5,recordError
FNDA:30,recordAudit
FNDA:31,mutationCacheKey
FNDA:4,isAllowedAgentStatusUpdateStatus
FNDA:4,isAllowedAgentStatusTransition
DA:1,1
DA:12,1
DA:44,10
DA:45,10
DA:46,10
DA:48,46
DA:49,46
DA:50,46
DA:51,46
DA:52,46
DA:53,46
DA:54,0
DA:55,0
DA:56,46
DA:57,46
DA:58,0
DA:59,0
DA:60,46
DA:61,46
DA:62,46
DA:63,46
DA:64,46
DA:65,46
DA:67,1
DA:69,1
DA:70,1
DA:71,1
DA:72,1
DA:73,1
DA:74,1
DA:76,1
DA:77,16
DA:79,16
DA:80,16
DA:81,16
DA:82,16
DA:83,16
DA:85,16
DA:86,16
DA:87,16
DA:88,16
DA:90,16
DA:91,3
DA:92,3
DA:93,3
DA:94,3
DA:95,3
DA:96,3
DA:97,3
DA:98,3
DA:99,3
DA:101,16
DA:102,2
DA:103,1
DA:104,1
DA:106,1
DA:108,1
DA:109,1
DA:110,1
DA:111,1
DA:112,1
DA:113,1
DA:114,1
DA:115,1
DA:116,1
DA:117,1
DA:119,0
DA:120,0
DA:121,0
DA:123,0
DA:124,2
DA:126,16
DA:127,23
DA:129,23
DA:130,5
DA:131,5
DA:132,5
DA:133,5
DA:134,5
DA:135,5
DA:136,5
DA:137,5
DA:138,5
DA:139,5
DA:140,5
DA:142,18
DA:143,2
DA:144,2
DA:146,17
DA:147,5
DA:148,5
DA:150,16
DA:151,4
DA:152,4
DA:154,16
DA:155,3
DA:156,3
DA:158,4
DA:159,23
DA:161,16
DA:162,29
DA:163,29
DA:165,16
DA:166,1
DA:167,1
DA:168,1
DA:169,1
DA:170,1
DA:171,1
DA:172,1
DA:173,1
DA:175,1
DA:176,1
DA:177,1
DA:178,1
DA:179,1
DA:180,1
DA:181,1
DA:183,1
DA:184,1
DA:186,16
DA:187,5
DA:189,5
DA:190,1
DA:191,1
DA:192,1
DA:193,1
DA:194,1
DA:195,1
DA:196,1
DA:197,1
DA:198,1
DA:199,1
DA:200,1
DA:202,4
DA:203,4
DA:204,4
DA:205,4
DA:206,4
DA:207,4
DA:208,4
DA:209,4
DA:210,4
DA:211,4
DA:212,4
DA:213,4
DA:214,4
DA:216,4
DA:217,4
DA:218,4
DA:219,4
DA:220,4
DA:221,4
DA:222,4
DA:223,4
DA:224,4
DA:225,4
DA:226,4
DA:228,4
DA:229,5
DA:231,16
DA:232,4
DA:234,4
DA:235,0
DA:236,0
DA:237,0
DA:238,0
DA:239,0
DA:240,0
DA:241,0
DA:242,0
DA:243,0
DA:244,0
DA:245,0
DA:247,4
DA:248,4
DA:249,0
DA:250,0
DA:252,4
DA:253,4
DA:254,4
DA:255,4
DA:256,4
DA:257,4
DA:258,4
DA:259,4
DA:260,4
DA:261,4
DA:262,4
DA:263,4
DA:264,0
DA:265,4
DA:266,4
DA:267,4
DA:268,4
DA:270,4
DA:271,4
DA:272,4
DA:273,4
DA:274,4
DA:275,4
DA:276,4
DA:277,4
DA:278,4
DA:279,4
DA:280,4
DA:282,4
DA:283,4
DA:285,16
DA:286,3
DA:288,3
DA:289,0
DA:290,0
DA:291,0
DA:292,0
DA:293,0
DA:294,0
DA:295,0
DA:296,0
DA:297,0
DA:298,0
DA:299,0
DA:301,3
DA:302,3
DA:303,0
DA:304,0
DA:306,3
DA:307,3
DA:308,0
DA:309,0
DA:311,3
DA:312,3
DA:313,3
DA:314,3
DA:315,3
DA:316,3
DA:317,3
DA:318,3
DA:319,3
DA:320,3
DA:321,3
DA:322,3
DA:323,0
DA:324,3
DA:325,3
DA:326,3
DA:327,3
DA:329,3
DA:330,3
DA:331,3
DA:332,3
DA:333,3
DA:334,3
DA:335,3
DA:336,3
DA:337,3
DA:338,3
DA:339,3
DA:341,3
DA:342,3
DA:344,16
DA:345,4
DA:346,4
DA:347,4
DA:348,0
DA:349,0
DA:350,0
DA:351,0
DA:352,0
DA:353,0
DA:354,0
DA:355,0
DA:357,4
DA:359,4
DA:360,0
DA:361,0
DA:362,0
DA:363,0
DA:364,0
DA:365,0
DA:366,0
DA:367,0
DA:368,0
DA:369,0
DA:370,0
DA:372,4
DA:373,4
DA:374,0
DA:375,0
DA:377,4
DA:378,0
DA:379,0
DA:380,0
DA:381,0
DA:382,0
DA:383,0
DA:384,0
DA:385,0
DA:387,4
DA:388,4
DA:389,4
DA:390,4
DA:391,4
DA:392,4
DA:393,4
DA:394,6
DA:395,4
DA:396,4
DA:397,4
DA:398,4
DA:399,2
DA:400,4
DA:401,4
DA:402,4
DA:403,4
DA:405,4
DA:406,4
DA:407,4
DA:408,4
DA:409,4
DA:410,4
DA:411,4
DA:412,4
DA:413,4
DA:414,4
DA:415,4
DA:417,4
DA:418,4
DA:420,16
DA:421,21
DA:422,21
DA:423,21
DA:424,21
DA:426,16
DA:427,5
DA:428,5
DA:429,5
DA:430,5
DA:431,5
DA:432,5
DA:433,5
DA:434,5
DA:435,5
DA:436,5
DA:437,5
DA:438,5
DA:439,5
DA:440,5
DA:441,5
DA:442,5
DA:444,16
DA:445,30
DA:446,30
DA:447,16
DA:449,31
DA:450,31
DA:451,31
DA:453,4
DA:454,4
DA:455,4
DA:457,4
DA:458,4
DA:459,4
LF:363
LH:296
BRDA:44,0,0,10
BRDA:48,1,0,46
BRDA:51,2,0,40
BRDA:52,3,0,31
BRDA:62,4,0,6
BRDA:76,5,0,16
BRDA:85,6,0,16
BRDA:90,7,0,3
BRDA:101,8,0,2
BRDA:102,9,0,1
BRDA:113,10,0,0
BRDA:117,11,0,0
BRDA:106,12,0,1
BRDA:126,13,0,23
BRDA:129,14,0,5
BRDA:137,15,0,0
BRDA:139,16,0,0
BRDA:140,17,0,18
BRDA:142,18,0,2
BRDA:144,19,0,17
BRDA:144,20,0,16
BRDA:146,21,0,5
BRDA:148,22,0,16
BRDA:148,23,0,11
BRDA:150,24,0,4
BRDA:152,25,0,7
BRDA:154,26,0,13
BRDA:154,27,0,3
BRDA:156,28,0,4
BRDA:161,29,0,29
BRDA:165,30,0,1
BRDA:180,31,0,1
BRDA:186,32,0,5
BRDA:189,33,0,1
BRDA:196,34,0,0
BRDA:200,35,0,4
BRDA:231,36,0,4
BRDA:234,37,0,0
BRDA:248,38,0,0
BRDA:247,39,0,4
BRDA:258,40,0,4
BRDA:263,41,0,0
BRDA:285,42,0,3
BRDA:288,43,0,0
BRDA:302,44,0,0
BRDA:307,45,0,0
BRDA:301,46,0,3
BRDA:306,47,0,6
BRDA:317,48,0,3
BRDA:322,49,0,0
BRDA:344,50,0,4
BRDA:347,51,0,0
BRDA:359,52,0,0
BRDA:373,53,0,0
BRDA:377,54,0,0
BRDA:372,55,0,4
BRDA:393,56,0,6
BRDA:394,57,0,4
BRDA:398,58,0,2
BRDA:420,59,0,21
BRDA:426,60,0,5
BRDA:437,61,0,0
BRDA:444,62,0,30
BRDA:449,63,0,31
BRDA:453,64,0,4
BRDA:457,65,0,4
BRF:66
BRH:49
end_of_record
TN:
SF:src/bridge/runtime-source-fs.ts
FN:84,<instance_members_initializer>
FN:90,FileSystemGrimoireRuntimeSource
FN:95,readAgents
FN:103,readConfig
FN:110,readSnapshot
FN:141,readEventsSince
FN:227,applyConfigUpdate
FN:254,applyTaskTransition
FN:291,applyTaskAssign
FN:333,applyAgentStatusUpdate
FN:379,ensureRuntimeSnapshot
FN:409,buildProjection
FN:420,readEventLogEntries
FN:432,createEmptyProjection
FN:444,parseEventLogEntry
FN:454,applyEntryToProjection
FN:513,appendRecent
FN:517,cloneJsonValue
FN:521,cloneSnapshot
FN:543,parseAgentIdentity
FN:559,normalizeKind
FN:567,ensureAgentRecord
FN:588,applyTaskUpdate
FN:615,inferToolCall
FN:647,inferWorkflowStep
FN:731,toJsonPayload
FN:735,toAgentPresence
FN:755,isAllowedAgentStatusTransition
FNF:28
FNH:26
FNDA:14,<instance_members_initializer>
FNDA:14,FileSystemGrimoireRuntimeSource
FNDA:0,readAgents
FNDA:0,readConfig
FNDA:22,readSnapshot
FNDA:12,readEventsSince
FNDA:3,applyConfigUpdate
FNDA:4,applyTaskTransition
FNDA:3,applyTaskAssign
FNDA:4,applyAgentStatusUpdate
FNDA:14,ensureRuntimeSnapshot
FNDA:18,buildProjection
FNDA:30,readEventLogEntries
FNDA:30,createEmptyProjection
FNDA:48,parseEventLogEntry
FNDA:48,applyEntryToProjection
FNDA:48,appendRecent
FNDA:22,cloneJsonValue
FNDA:46,cloneSnapshot
FNDA:48,parseAgentIdentity
FNDA:48,normalizeKind
FNDA:48,ensureAgentRecord
FNDA:48,applyTaskUpdate
FNDA:48,inferToolCall
FNDA:48,inferWorkflowStep
FNDA:48,toJsonPayload
FNDA:4,toAgentPresence
FNDA:4,isAllowedAgentStatusTransition
DA:1,1
DA:3,1
DA:58,1
DA:59,1
DA:60,1
DA:61,1
DA:62,1
DA:63,1
DA:64,1
DA:65,1
DA:66,1
DA:67,1
DA:69,1
DA:70,1
DA:71,1
DA:72,1
DA:73,1
DA:74,1
DA:75,1
DA:76,1
DA:77,1
DA:78,1
DA:80,1
DA:81,1
DA:82,1
DA:84,1
DA:85,14
DA:86,14
DA:87,14
DA:88,14
DA:90,14
DA:91,14
DA:92,14
DA:93,14
DA:95,14
DA:96,0
DA:97,0
DA:98,0
DA:99,0
DA:100,0
DA:101,0
DA:103,14
DA:104,0
DA:105,0
DA:106,0
DA:107,0
DA:108,0
DA:110,14
DA:118,22
DA:119,22
DA:120,4
DA:121,4
DA:123,18
DA:124,18
DA:125,18
DA:126,18
DA:127,18
DA:128,18
DA:129,18
DA:130,18
DA:131,2
DA:132,2
DA:133,18
DA:134,18
DA:135,28
DA:136,28
DA:137,18
DA:138,18
DA:139,22
DA:141,14
DA:142,12
DA:143,12
DA:144,12
DA:145,12
DA:147,12
DA:148,18
DA:150,18
DA:151,14
DA:152,14
DA:154,18
DA:155,2
DA:156,2
DA:157,2
DA:158,2
DA:159,2
DA:160,2
DA:161,2
DA:162,2
DA:164,18
DA:165,1
DA:166,1
DA:167,1
DA:168,1
DA:169,1
DA:170,1
DA:171,1
DA:172,1
DA:174,1
DA:175,1
DA:176,1
DA:177,1
DA:178,1
DA:179,1
DA:180,1
DA:181,1
DA:182,1
DA:184,0
DA:185,0
DA:186,0
DA:187,0
DA:189,0
DA:190,0
DA:192,12
DA:194,12
DA:195,0
DA:196,0
DA:197,0
DA:198,0
DA:199,0
DA:200,0
DA:201,0
DA:202,0
DA:203,0
DA:204,0
DA:205,0
DA:206,0
DA:207,0
DA:208,0
DA:209,0
DA:210,0
DA:211,0
DA:212,0
DA:213,0
DA:214,0
DA:215,0
DA:216,0
DA:217,0
DA:219,12
DA:220,12
DA:221,3
DA:222,3
DA:224,9
DA:225,12
DA:227,14
DA:228,3
DA:229,3
DA:230,3
DA:231,3
DA:232,3
DA:233,3
DA:234,3
DA:235,3
DA:236,3
DA:237,3
DA:238,3
DA:239,3
DA:240,3
DA:241,3
DA:242,3
DA:244,3
DA:245,3
DA:247,3
DA:248,3
DA:249,3
DA:250,3
DA:251,3
DA:252,3
DA:254,14
DA:255,4
DA:256,4
DA:257,4
DA:258,4
DA:260,4
DA:261,0
DA:262,0
DA:264,4
DA:265,4
DA:266,4
DA:267,4
DA:268,4
DA:269,4
DA:270,4
DA:271,4
DA:272,4
DA:273,4
DA:274,4
DA:275,4
DA:276,0
DA:277,4
DA:278,4
DA:279,4
DA:281,4
DA:282,4
DA:284,4
DA:285,4
DA:286,4
DA:287,4
DA:288,4
DA:289,4
DA:291,14
DA:292,3
DA:293,3
DA:294,3
DA:295,3
DA:297,3
DA:298,0
DA:299,0
DA:301,3
DA:302,3
DA:303,0
DA:304,0
DA:306,3
DA:307,3
DA:308,3
DA:309,3
DA:310,3
DA:311,3
DA:312,3
DA:313,3
DA:314,3
DA:315,3
DA:316,3
DA:317,3
DA:318,0
DA:319,3
DA:320,3
DA:321,3
DA:323,3
DA:324,3
DA:326,3
DA:327,3
DA:328,3
DA:329,3
DA:330,3
DA:331,3
DA:333,14
DA:334,4
DA:335,4
DA:336,4
DA:337,4
DA:339,4
DA:340,0
DA:341,0
DA:343,4
DA:344,0
DA:345,0
DA:346,0
DA:347,0
DA:349,4
DA:350,4
DA:351,4
DA:352,4
DA:353,4
DA:354,4
DA:355,4
DA:356,7
DA:357,4
DA:358,4
DA:359,4
DA:360,4
DA:361,3
DA:362,3
DA:363,3
DA:364,3
DA:365,4
DA:366,4
DA:367,4
DA:369,4
DA:370,4
DA:372,4
DA:373,4
DA:374,4
DA:375,4
DA:376,4
DA:377,4
DA:379,14
DA:380,14
DA:381,5
DA:382,5
DA:384,9
DA:385,9
DA:386,9
DA:387,14
DA:388,14
DA:389,14
DA:390,13
DA:391,13
DA:392,14
DA:393,14
DA:394,14
DA:395,14
DA:396,14
DA:397,14
DA:398,0
DA:399,0
DA:400,14
DA:401,14
DA:402,13
DA:403,13
DA:404,14
DA:405,14
DA:406,14
DA:407,14
DA:409,14
DA:410,18
DA:411,18
DA:413,18
DA:414,30
DA:415,30
DA:417,18
DA:418,18
DA:420,14
DA:421,30
DA:423,30
DA:424,30
DA:425,30
DA:426,30
DA:427,30
DA:428,30
DA:429,30
DA:430,14
DA:432,30
DA:433,30
DA:434,30
DA:435,30
DA:436,30
DA:437,30
DA:438,30
DA:439,30
DA:440,30
DA:441,30
DA:442,30
DA:444,48
DA:445,48
DA:447,48
DA:448,0
DA:449,0
DA:451,48
DA:452,48
DA:454,48
DA:455,48
DA:456,48
DA:462,48
DA:463,48
DA:464,48
DA:466,48
DA:467,48
DA:468,48
DA:469,48
DA:470,48
DA:471,48
DA:472,48
DA:473,48
DA:474,48
DA:476,48
DA:477,48
DA:479,48
DA:480,3
DA:481,3
DA:482,3
DA:483,3
DA:484,3
DA:485,3
DA:486,3
DA:487,3
DA:488,3
DA:489,3
DA:490,3
DA:492,48
DA:493,45
DA:494,45
DA:495,45
DA:496,45
DA:497,45
DA:498,45
DA:499,45
DA:500,45
DA:501,45
DA:502,45
DA:503,45
DA:505,48
DA:506,48
DA:507,48
DA:508,48
DA:509,48
DA:510,48
DA:511,48
DA:513,48
DA:514,48
DA:515,48
DA:517,22
DA:518,22
DA:519,22
DA:521,46
DA:522,46
DA:523,46
DA:524,46
DA:525,70
DA:526,70
DA:527,46
DA:528,46
DA:529,46
DA:530,0
DA:531,0
DA:532,46
DA:533,46
DA:534,70
DA:535,70
DA:536,46
DA:537,46
DA:538,46
DA:539,46
DA:540,46
DA:541,46
DA:543,48
DA:544,48
DA:545,48
DA:546,48
DA:547,48
DA:548,48
DA:550,48
DA:551,48
DA:552,48
DA:553,48
DA:554,48
DA:555,48
DA:556,48
DA:557,48
DA:559,48
DA:560,48
DA:561,48
DA:562,4
DA:563,4
DA:564,48
DA:565,48
DA:567,48
DA:568,48
DA:569,48
DA:570,48
DA:571,48
DA:572,48
DA:573,3
DA:574,3
DA:576,45
DA:577,45
DA:578,45
DA:579,48
DA:580,48
DA:581,48
DA:582,48
DA:583,48
DA:584,48
DA:585,48
DA:586,48
DA:588,48
DA:589,48
DA:590,48
DA:591,48
DA:592,48
DA:593,48
DA:594,24
DA:595,24
DA:597,48
DA:598,48
DA:599,0
DA:600,0
DA:602,48
DA:603,48
DA:604,48
DA:605,48
DA:606,48
DA:607,48
DA:608,48
DA:609,48
DA:611,48
DA:612,48
DA:613,48
DA:615,48
DA:616,48
DA:617,48
DA:618,48
DA:619,0
DA:620,0
DA:621,0
DA:622,0
DA:623,0
DA:624,0
DA:625,0
DA:627,48
DA:628,48
DA:629,3
DA:630,3
DA:631,3
DA:632,3
DA:633,3
DA:634,3
DA:635,48
DA:636,0
DA:637,0
DA:638,0
DA:639,0
DA:640,0
DA:641,0
DA:642,48
DA:643,45
DA:644,48
DA:645,48
DA:647,48
DA:648,48
DA:649,48
DA:651,48
DA:652,48
DA:653,19
DA:654,19
DA:655,19
DA:656,19
DA:657,19
DA:658,19
DA:659,19
DA:660,19
DA:661,19
DA:662,48
DA:663,2
DA:664,2
DA:665,2
DA:666,2
DA:667,2
DA:668,2
DA:669,2
DA:670,2
DA:671,2
DA:672,2
DA:673,48
DA:674,0
DA:675,0
DA:676,0
DA:677,0
DA:678,0
DA:679,0
DA:680,0
DA:681,0
DA:682,0
DA:683,0
DA:684,0
DA:685,48
DA:686,0
DA:687,0
DA:688,0
DA:689,0
DA:690,0
DA:691,0
DA:692,0
DA:693,0
DA:694,0
DA:695,48
DA:696,0
DA:697,0
DA:698,0
DA:699,0
DA:700,0
DA:701,0
DA:702,0
DA:703,0
DA:704,0
DA:705,0
DA:706,48
DA:707,0
DA:708,0
DA:709,0
DA:710,0
DA:711,0
DA:712,0
DA:713,0
DA:714,0
DA:715,0
DA:716,0
DA:717,48
DA:718,27
DA:719,3
DA:720,24
DA:721,24
DA:722,24
DA:723,24
DA:724,24
DA:725,24
DA:726,24
DA:727,24
DA:728,48
DA:729,48
DA:731,48
DA:732,48
DA:733,48
DA:735,4
DA:736,4
DA:737,4
DA:738,4
DA:739,4
DA:740,4
DA:741,4
DA:742,4
DA:743,4
DA:744,4
DA:745,4
DA:746,4
DA:748,1
DA:749,1
DA:750,1
DA:751,1
DA:752,1
DA:753,1
DA:755,4
DA:756,4
DA:757,4
LF:613
LH:498
BRDA:84,0,0,14
BRDA:90,1,0,14
BRDA:92,2,0,10
BRDA:110,3,0,22
BRDA:119,4,0,4
BRDA:121,5,0,18
BRDA:130,6,0,2
BRDA:134,7,0,28
BRDA:141,8,0,12
BRDA:147,9,0,18
BRDA:150,10,0,14
BRDA:152,11,0,4
BRDA:154,12,0,2
BRDA:158,13,0,0
BRDA:164,14,0,1
BRDA:168,15,0,0
BRDA:178,16,0,0
BRDA:182,17,0,0
BRDA:194,18,0,0
BRDA:194,19,0,0
BRDA:220,20,0,3
BRDA:222,21,0,9
BRDA:219,22,0,14
BRDA:224,23,0,5
BRDA:227,24,0,3
BRDA:254,25,0,4
BRDA:260,26,0,0
BRDA:258,27,0,4
BRDA:270,28,0,4
BRDA:275,29,0,0
BRDA:291,30,0,3
BRDA:297,31,0,0
BRDA:302,32,0,0
BRDA:295,33,0,3
BRDA:301,34,0,6
BRDA:312,35,0,3
BRDA:317,36,0,0
BRDA:333,37,0,4
BRDA:339,38,0,0
BRDA:343,39,0,0
BRDA:337,40,0,4
BRDA:355,41,0,7
BRDA:356,42,0,4
BRDA:360,43,0,3
BRDA:379,44,0,14
BRDA:380,45,0,5
BRDA:382,46,0,9
BRDA:387,47,0,0
BRDA:388,48,0,0
BRDA:393,49,0,0
BRDA:395,50,0,0
BRDA:397,51,0,0
BRDA:401,52,0,0
BRDA:389,53,0,13
BRDA:393,54,0,7
BRDA:395,55,0,3
BRDA:401,56,0,13
BRDA:409,57,0,18
BRDA:413,58,0,30
BRDA:420,59,0,30
BRDA:425,60,0,78
BRDA:426,61,0,78
BRDA:428,62,0,18
BRDA:432,63,0,30
BRDA:444,64,0,48
BRDA:447,65,0,0
BRDA:454,66,0,48
BRDA:472,67,0,46
BRDA:472,68,0,2
BRDA:473,69,0,45
BRDA:473,70,0,3
BRDA:479,71,0,3
BRDA:492,72,0,45
BRDA:507,73,0,24
BRDA:507,74,0,24
BRDA:508,75,0,45
BRDA:508,76,0,3
BRDA:509,77,0,3
BRDA:509,78,0,45
BRDA:513,79,0,48
BRDA:517,80,0,22
BRDA:521,81,0,46
BRDA:524,82,0,70
BRDA:528,83,0,40
BRDA:533,84,0,70
BRDA:538,85,0,16
BRDA:543,86,0,48
BRDA:544,87,0,44
BRDA:544,88,0,4
BRDA:545,89,0,0
BRDA:546,90,0,0
BRDA:546,91,0,0
BRDA:548,92,0,0
BRDA:559,93,0,48
BRDA:561,94,0,4
BRDA:563,95,0,44
BRDA:564,96,0,0
BRDA:564,97,0,44
BRDA:567,98,0,48
BRDA:572,99,0,3
BRDA:574,100,0,45
BRDA:579,101,0,4
BRDA:579,102,0,41
BRDA:588,103,0,48
BRDA:593,104,0,24
BRDA:597,105,0,24
BRDA:597,106,0,0
BRDA:598,107,0,0
BRDA:600,108,0,24
BRDA:602,109,0,24
BRDA:602,110,0,0
BRDA:603,111,0,2
BRDA:603,112,0,22
BRDA:615,113,0,48
BRDA:616,114,0,9
BRDA:616,115,0,39
BRDA:617,116,0,0
BRDA:618,117,0,0
BRDA:628,118,0,3
BRDA:633,119,0,0
BRDA:635,120,0,0
BRDA:642,121,0,45
BRDA:647,122,0,48
BRDA:648,123,0,24
BRDA:648,124,0,24
BRDA:649,125,0,9
BRDA:649,126,0,39
BRDA:652,127,0,19
BRDA:653,128,0,0
BRDA:658,129,0,17
BRDA:658,130,0,2
BRDA:662,131,0,2
BRDA:663,132,0,0
BRDA:664,133,0,0
BRDA:669,134,0,0
BRDA:673,135,0,0
BRDA:685,136,0,0
BRDA:695,137,0,0
BRDA:706,138,0,0
BRDA:717,139,0,27
BRDA:718,140,0,3
BRDA:719,141,0,24
BRDA:724,142,0,22
BRDA:724,143,0,2
BRDA:731,144,0,48
BRDA:732,145,0,0
BRDA:732,146,0,74
BRDA:735,147,0,4
BRDA:743,148,0,0
BRDA:744,149,0,3
BRDA:744,150,0,1
BRDA:755,151,0,4
BRF:152
BRH:110
end_of_record
TN:
SF:src/contracts/events.ts
FN:77,createProtocolTimestamp
FN:81,parseClientEvent
FN:85,parseServerEvent
FN:89,safeParseClientEvent
FN:93,safeParseServerEvent
FN:97,createReconnectHandshake
FN:106,createConfigUpdate
FN:122,createTaskTransition
FN:138,createTaskAssign
FN:154,createAgentStatusUpdate
FN:170,createStateSnapshotEvent
FN:187,createAgentStateEvent
FN:201,createTaskUpdateEvent
FN:216,createToolCallEvent
FN:231,createWorkflowStepEvent
FN:246,createErrorEvent
FN:266,isMutatingClientEvent
FNF:17
FNH:14
FNDA:46,createProtocolTimestamp
FNDA:9,parseClientEvent
FNDA:109,parseServerEvent
FNDA:0,safeParseClientEvent
FNDA:0,safeParseServerEvent
FNDA:4,createReconnectHandshake
FNDA:24,createConfigUpdate
FNDA:21,createTaskTransition
FNDA:18,createTaskAssign
FNDA:20,createAgentStatusUpdate
FNDA:64,createStateSnapshotEvent
FNDA:1,createAgentStateEvent
FNDA:6,createTaskUpdateEvent
FNDA:5,createToolCallEvent
FNDA:5,createWorkflowStepEvent
FNDA:24,createErrorEvent
FNDA:0,isMutatingClientEvent
DA:1,1
DA:3,1
DA:35,1
DA:70,1
DA:71,1
DA:72,1
DA:73,1
DA:74,1
DA:75,1
DA:77,1
DA:78,46
DA:79,46
DA:81,1
DA:82,9
DA:83,9
DA:85,1
DA:86,109
DA:87,109
DA:89,1
DA:90,0
DA:91,0
DA:93,1
DA:94,0
DA:95,0
DA:97,1
DA:98,4
DA:99,4
DA:100,4
DA:101,4
DA:102,4
DA:103,4
DA:104,4
DA:106,1
DA:107,24
DA:108,24
DA:109,24
DA:110,24
DA:111,24
DA:112,24
DA:113,24
DA:114,24
DA:115,24
DA:116,24
DA:117,24
DA:118,24
DA:119,24
DA:120,24
DA:122,1
DA:123,21
DA:124,21
DA:125,21
DA:126,21
DA:127,21
DA:128,21
DA:129,21
DA:130,21
DA:131,21
DA:132,21
DA:133,21
DA:134,21
DA:135,21
DA:136,21
DA:138,1
DA:139,18
DA:140,18
DA:141,18
DA:142,18
DA:143,18
DA:144,18
DA:145,18
DA:146,18
DA:147,18
DA:148,18
DA:149,18
DA:150,18
DA:151,18
DA:152,18
DA:154,1
DA:155,20
DA:156,20
DA:157,20
DA:158,20
DA:159,20
DA:160,20
DA:161,20
DA:162,20
DA:163,20
DA:164,20
DA:165,20
DA:166,20
DA:167,20
DA:168,20
DA:170,1
DA:171,64
DA:172,64
DA:173,64
DA:174,64
DA:175,64
DA:176,64
DA:177,64
DA:178,64
DA:179,64
DA:180,64
DA:181,64
DA:182,64
DA:183,64
DA:184,64
DA:185,64
DA:187,1
DA:188,1
DA:189,1
DA:190,1
DA:191,1
DA:192,1
DA:193,1
DA:194,1
DA:195,1
DA:196,1
DA:197,1
DA:198,1
DA:199,1
DA:201,1
DA:202,6
DA:203,6
DA:204,6
DA:205,6
DA:206,6
DA:207,6
DA:208,6
DA:209,6
DA:210,6
DA:211,6
DA:212,6
DA:213,6
DA:214,6
DA:216,1
DA:217,5
DA:218,5
DA:219,5
DA:220,5
DA:221,5
DA:222,5
DA:223,5
DA:224,5
DA:225,5
DA:226,5
DA:227,5
DA:228,5
DA:229,5
DA:231,1
DA:232,5
DA:233,5
DA:234,5
DA:235,5
DA:236,5
DA:237,5
DA:238,5
DA:239,5
DA:240,5
DA:241,5
DA:242,5
DA:243,5
DA:244,5
DA:246,1
DA:247,24
DA:248,24
DA:249,24
DA:250,24
DA:251,24
DA:252,24
DA:253,24
DA:254,24
DA:255,24
DA:256,24
DA:257,24
DA:258,24
DA:259,24
DA:260,24
DA:261,24
DA:262,24
DA:263,24
DA:264,24
DA:266,1
DA:267,0
DA:268,0
DA:269,0
DA:270,0
DA:271,0
DA:273,0
LF:189
LH:179
BRDA:77,0,0,46
BRDA:81,1,0,9
BRDA:85,2,0,109
BRDA:97,3,0,4
BRDA:102,4,0,1
BRDA:102,5,0,3
BRDA:106,6,0,24
BRDA:122,7,0,21
BRDA:138,8,0,18
BRDA:154,9,0,20
BRDA:170,10,0,64
BRDA:187,11,0,1
BRDA:201,12,0,6
BRDA:210,13,0,2
BRDA:212,14,0,2
BRDA:212,15,0,4
BRDA:216,16,0,5
BRDA:225,17,0,2
BRDA:227,18,0,2
BRDA:227,19,0,3
BRDA:231,20,0,5
BRDA:240,21,0,2
BRDA:242,22,0,2
BRDA:242,23,0,3
BRDA:246,24,0,24
BRDA:262,25,0,0
BRF:26
BRH:25
end_of_record
TN:
SF:src/contracts/schemas.ts
FNF:0
FNH:0
DA:1,1
DA:3,1
DA:5,1
DA:6,1
DA:7,1
DA:8,1
DA:9,1
DA:10,1
DA:11,1
DA:12,1
DA:19,1
DA:20,1
DA:22,1
DA:23,152
DA:24,152
DA:25,152
DA:26,152
DA:27,152
DA:28,152
DA:29,152
DA:30,152
DA:31,1
DA:33,1
DA:35,1
DA:36,1
DA:37,1
DA:38,1
DA:39,1
DA:40,1
DA:42,1
DA:43,1
DA:44,1
DA:46,1
DA:47,1
DA:48,1
DA:49,1
DA:50,1
DA:51,1
DA:52,1
DA:53,1
DA:54,1
DA:55,1
DA:56,1
DA:57,1
DA:59,1
DA:60,1
DA:61,1
DA:62,1
DA:63,1
DA:64,1
DA:65,1
DA:66,1
DA:68,1
DA:69,1
DA:70,1
DA:71,1
DA:72,1
DA:73,1
DA:74,1
DA:75,1
DA:77,1
DA:78,1
DA:79,1
DA:80,1
DA:81,1
DA:83,1
DA:84,1
DA:85,1
DA:86,1
DA:87,1
DA:88,1
DA:89,1
DA:90,1
DA:91,1
DA:92,1
DA:94,1
DA:95,1
DA:96,1
DA:97,1
DA:98,1
DA:100,1
DA:101,1
DA:102,1
DA:103,1
DA:104,1
DA:105,1
DA:106,1
DA:107,1
DA:108,1
DA:109,1
DA:110,1
DA:111,1
DA:113,1
DA:114,1
DA:115,1
DA:116,1
DA:117,1
DA:118,1
DA:120,1
DA:121,1
DA:122,1
DA:123,1
DA:125,1
DA:126,1
DA:127,1
DA:128,1
DA:129,1
DA:130,1
DA:132,1
DA:133,1
DA:134,1
DA:135,1
DA:136,1
DA:137,1
DA:139,1
DA:140,1
DA:141,1
DA:142,1
DA:143,1
DA:144,1
DA:146,1
DA:147,1
DA:148,1
DA:149,1
DA:150,1
DA:151,1
DA:153,1
DA:154,1
DA:155,1
DA:156,1
DA:157,1
DA:158,1
DA:159,1
DA:161,1
DA:162,1
DA:163,1
DA:164,1
DA:165,1
DA:166,1
DA:167,1
DA:169,1
DA:170,1
DA:171,1
DA:172,1
DA:174,1
DA:175,1
DA:176,1
DA:177,1
DA:179,1
DA:180,1
DA:181,1
DA:182,1
DA:183,1
DA:185,1
DA:186,1
DA:187,1
DA:188,1
DA:189,1
DA:191,1
DA:192,1
DA:193,1
DA:194,1
DA:195,1
DA:197,1
DA:198,1
DA:199,1
DA:200,1
DA:201,1
DA:202,1
DA:203,1
DA:205,1
DA:206,1
DA:207,1
DA:208,1
DA:209,1
DA:210,1
DA:211,1
DA:212,1
LF:178
LH:178
BRDA:22,0,0,152
BRF:1
BRH:1
end_of_record
TN:
SF:src/server/auth/rbac.ts
FN:24,<instance_members_initializer>
FN:27,AuthorizationError
FN:41,isReadOnlyRole
FN:45,authorizeClientEvent
FN:65,requireAuthorizedClientEvent
FN:73,createAuthorizationAuditEntry
FNF:6
FNH:6
FNDA:4,<instance_members_initializer>
FNDA:4,AuthorizationError
FNDA:26,isReadOnlyRole
FNDA:92,authorizeClientEvent
FNDA:8,requireAuthorizedClientEvent
FNDA:8,createAuthorizationAuditEntry
DA:24,1
DA:25,4
DA:27,4
DA:28,4
DA:29,4
DA:30,4
DA:31,4
DA:33,1
DA:34,1
DA:35,1
DA:36,1
DA:37,1
DA:38,1
DA:39,1
DA:41,1
DA:42,26
DA:43,26
DA:45,1
DA:46,92
DA:48,92
DA:49,73
DA:50,73
DA:52,33
DA:53,9
DA:54,9
DA:55,9
DA:56,9
DA:57,9
DA:59,10
DA:60,10
DA:61,10
DA:62,10
DA:63,10
DA:65,1
DA:66,8
DA:68,8
DA:69,4
DA:70,4
DA:71,8
DA:73,1
DA:74,8
DA:75,8
DA:76,8
DA:77,8
DA:78,8
DA:79,8
DA:80,8
DA:81,8
DA:82,8
DA:83,8
DA:84,8
DA:85,8
DA:86,8
DA:87,8
DA:88,8
LF:55
LH:55
BRDA:24,0,0,4
BRDA:27,1,0,4
BRDA:41,2,0,26
BRDA:45,3,0,92
BRDA:48,4,0,73
BRDA:50,5,0,65
BRDA:50,6,0,33
BRDA:50,7,0,19
BRDA:52,8,0,9
BRDA:57,9,0,10
BRDA:65,10,0,8
BRDA:68,11,0,4
BRDA:69,12,0,0
BRDA:73,13,0,8
BRDA:83,14,0,3
BRDA:83,15,0,5
BRDA:86,16,0,1
BRDA:86,17,0,7
BRF:18
BRH:17
end_of_record
TN:
SF:src/server/auth/token-registry.ts
FN:29,<instance_members_initializer>
FN:32,AuthenticationError
FN:38,<instance_members_initializer>
FN:43,issueToken
FN:68,authenticate
FN:100,revoke
FN:117,getAuditLog
FN:121,reject
FN:138,recordAudit
FNF:9
FNH:9
FNDA:4,<instance_members_initializer>
FNDA:4,AuthenticationError
FNDA:8,<instance_members_initializer>
FNDA:7,issueToken
FNDA:9,authenticate
FNDA:2,revoke
FNDA:3,getAuditLog
FNDA:4,reject
FNDA:17,recordAudit
DA:3,1
DA:29,1
DA:30,4
DA:32,4
DA:33,4
DA:34,4
DA:35,4
DA:36,4
DA:38,1
DA:39,8
DA:40,8
DA:41,8
DA:43,8
DA:44,7
DA:45,7
DA:47,7
DA:48,7
DA:49,7
DA:50,7
DA:51,7
DA:52,7
DA:53,7
DA:54,7
DA:56,7
DA:57,7
DA:58,7
DA:59,7
DA:60,7
DA:61,7
DA:62,7
DA:63,7
DA:65,7
DA:66,7
DA:68,8
DA:69,9
DA:71,9
DA:72,1
DA:73,1
DA:75,8
DA:77,9
DA:78,2
DA:79,2
DA:81,9
DA:82,1
DA:83,1
DA:85,5
DA:86,5
DA:87,5
DA:88,5
DA:89,5
DA:90,5
DA:91,5
DA:93,5
DA:94,5
DA:95,5
DA:96,5
DA:97,5
DA:98,9
DA:100,8
DA:101,2
DA:102,2
DA:103,1
DA:104,1
DA:106,1
DA:107,1
DA:108,1
DA:109,1
DA:110,1
DA:111,1
DA:112,1
DA:113,1
DA:114,1
DA:115,2
DA:117,8
DA:118,3
DA:119,3
DA:121,8
DA:122,4
DA:123,4
DA:124,4
DA:125,4
DA:126,4
DA:127,4
DA:128,4
DA:129,4
DA:130,4
DA:131,4
DA:132,4
DA:133,4
DA:134,4
DA:135,4
DA:136,4
DA:138,8
DA:139,17
DA:140,17
DA:141,8
LF:96
LH:96
BRDA:29,0,0,4
BRDA:32,1,0,4
BRDA:38,2,0,8
BRDA:43,3,0,7
BRDA:52,4,0,6
BRDA:52,5,0,1
BRDA:68,6,0,9
BRDA:71,7,0,1
BRDA:73,8,0,8
BRDA:77,9,0,2
BRDA:79,10,0,6
BRDA:81,11,0,1
BRDA:81,12,0,1
BRDA:83,13,0,5
BRDA:100,14,0,2
BRDA:102,15,0,1
BRDA:117,16,0,3
BRDA:121,17,0,4
BRDA:130,18,0,1
BRDA:130,19,0,3
BRDA:131,20,0,3
BRDA:131,21,0,1
BRDA:132,22,0,3
BRDA:132,23,0,1
BRDA:138,24,0,17
BRF:25
BRH:25
end_of_record
TN:
SF:src/state/audit-view.ts
FN:96,createAuditView
FN:122,createDecisionCardRecords
FN:131,createDecisionCardEntry
FN:156,createWorkflowStepEntry
FN:179,createToolCallEntry
FN:203,createRuntimeErrorEntry
FN:226,normalizeAuditFilter
FN:238,isAuditFilterActive
FN:242,matchesAuditFilter
FN:274,buildAuditSearchText
FN:295,createAuditMetrics
FN:309,createAuditFacets
FN:311,agents
FN:313,tasks
FN:320,createFacetCounts
FN:347,createFixedFacetCounts
FN:364,compareFacetCounts
FN:374,compareAuditEntries
FN:390,countEntriesByKind
FN:394,countEntriesByLevel
FN:398,cloneJsonRecord
FN:402,readStringValue
FN:406,formatToolCallDetail
FNF:23
FNH:23
FNDA:19,createAuditView
FNDA:19,createDecisionCardRecords
FNDA:75,createDecisionCardEntry
FNDA:75,createWorkflowStepEntry
FNDA:34,createToolCallEntry
FNDA:6,createRuntimeErrorEntry
FNDA:19,normalizeAuditFilter
FNDA:19,isAuditFilterActive
FNDA:265,matchesAuditFilter
FNDA:3,buildAuditSearchText
FNDA:19,createAuditMetrics
FNDA:19,createAuditFacets
FNDA:185,agents
FNDA:185,tasks
FNDA:76,createFacetCounts
FNDA:38,createFixedFacetCounts
FNDA:131,compareFacetCounts
FNDA:403,compareAuditEntries
FNDA:76,countEntriesByKind
FNDA:57,countEntriesByLevel
FNDA:109,cloneJsonRecord
FNDA:89,readStringValue
FNDA:34,formatToolCallDetail
DA:3,1
DA:6,1
DA:7,1
DA:78,1
DA:79,1
DA:80,1
DA:81,1
DA:82,1
DA:83,1
DA:85,1
DA:86,1
DA:87,1
DA:88,1
DA:89,1
DA:96,1
DA:97,19
DA:98,19
DA:99,19
DA:100,19
DA:101,19
DA:102,19
DA:103,19
DA:104,19
DA:105,19
DA:106,19
DA:107,19
DA:108,19
DA:110,19
DA:111,19
DA:112,19
DA:113,19
DA:114,19
DA:115,19
DA:116,19
DA:117,19
DA:118,19
DA:119,19
DA:120,19
DA:122,19
DA:123,19
DA:125,19
DA:126,75
DA:127,75
DA:128,19
DA:129,19
DA:131,75
DA:132,75
DA:134,75
DA:135,75
DA:136,75
DA:137,75
DA:138,75
DA:139,75
DA:140,75
DA:141,75
DA:142,75
DA:143,75
DA:144,75
DA:145,75
DA:146,75
DA:147,75
DA:148,75
DA:149,75
DA:150,75
DA:151,75
DA:152,75
DA:153,75
DA:154,75
DA:156,75
DA:157,75
DA:158,75
DA:160,75
DA:161,75
DA:162,75
DA:163,75
DA:164,75
DA:165,75
DA:166,75
DA:167,75
DA:168,75
DA:169,75
DA:170,75
DA:171,75
DA:172,75
DA:173,75
DA:174,75
DA:175,75
DA:176,75
DA:177,75
DA:179,34
DA:180,34
DA:181,34
DA:182,34
DA:184,34
DA:185,34
DA:186,34
DA:187,34
DA:188,34
DA:189,34
DA:190,34
DA:191,34
DA:192,34
DA:193,34
DA:194,34
DA:195,34
DA:196,34
DA:197,34
DA:198,34
DA:199,34
DA:200,34
DA:201,34
DA:203,6
DA:204,6
DA:205,6
DA:206,6
DA:207,6
DA:208,6
DA:209,6
DA:210,6
DA:211,6
DA:212,6
DA:213,6
DA:214,6
DA:215,6
DA:216,6
DA:217,6
DA:218,6
DA:219,6
DA:220,6
DA:221,6
DA:222,6
DA:223,6
DA:224,6
DA:226,19
DA:227,19
DA:228,19
DA:229,19
DA:230,19
DA:231,19
DA:232,19
DA:233,19
DA:234,19
DA:235,19
DA:236,19
DA:238,19
DA:239,19
DA:240,19
DA:242,265
DA:243,265
DA:244,4
DA:245,4
DA:247,265
DA:248,0
DA:249,0
DA:251,265
DA:252,0
DA:253,0
DA:255,265
DA:256,2
DA:257,2
DA:259,265
DA:260,0
DA:261,0
DA:263,265
DA:264,0
DA:265,0
DA:267,265
DA:268,0
DA:269,0
DA:271,259
DA:272,259
DA:274,3
DA:275,3
DA:276,3
DA:277,3
DA:278,3
DA:279,3
DA:280,3
DA:281,3
DA:282,3
DA:283,3
DA:284,3
DA:285,3
DA:286,3
DA:287,3
DA:288,3
DA:289,3
DA:290,3
DA:291,3
DA:292,3
DA:293,3
DA:295,19
DA:296,19
DA:297,19
DA:298,19
DA:299,19
DA:300,19
DA:301,19
DA:302,19
DA:303,19
DA:304,19
DA:305,19
DA:306,19
DA:307,19
DA:309,19
DA:310,19
DA:311,19
DA:312,19
DA:313,19
DA:314,19
DA:315,19
DA:316,19
DA:317,19
DA:318,19
DA:320,76
DA:321,76
DA:322,76
DA:323,76
DA:324,76
DA:325,76
DA:327,76
DA:328,740
DA:329,740
DA:330,36
DA:331,36
DA:333,704
DA:334,740
DA:335,740
DA:336,740
DA:337,740
DA:338,740
DA:339,740
DA:340,740
DA:342,76
DA:343,76
DA:344,76
DA:345,76
DA:347,38
DA:348,38
DA:349,38
DA:350,38
DA:351,38
DA:352,38
DA:354,38
DA:355,370
DA:356,370
DA:357,370
DA:359,38
DA:360,38
DA:361,38
DA:362,38
DA:364,131
DA:365,131
DA:366,104
DA:367,104
DA:369,96
DA:370,131
DA:371,131
DA:372,131
DA:374,403
DA:375,403
DA:376,328
DA:377,328
DA:379,75
DA:380,75
DA:381,75
DA:383,0
DA:384,0
DA:385,0
DA:387,0
DA:388,0
DA:390,76
DA:391,76
DA:392,76
DA:394,57
DA:395,57
DA:396,57
DA:398,109
DA:399,109
DA:400,109
DA:402,89
DA:403,89
DA:404,89
DA:406,34
DA:407,34
DA:408,34
DA:409,19
DA:410,19
DA:412,15
DA:413,25
DA:414,9
DA:415,9
DA:417,6
DA:418,12
DA:419,0
DA:420,0
DA:422,6
DA:423,6
LF:298
LH:281
BRDA:96,0,0,19
BRDA:100,1,0,75
BRDA:101,2,0,75
BRDA:102,3,0,34
BRDA:105,4,0,190
BRDA:107,5,0,75
BRDA:108,6,0,74
BRDA:122,7,0,19
BRDA:125,8,0,75
BRDA:131,9,0,75
BRDA:132,10,0,0
BRDA:144,11,0,0
BRDA:151,12,0,16
BRDA:156,13,0,75
BRDA:157,14,0,0
BRDA:158,15,0,3
BRDA:158,16,0,72
BRDA:169,17,0,0
BRDA:170,18,0,0
BRDA:171,19,0,0
BRDA:172,20,0,3
BRDA:173,21,0,72
BRDA:173,22,0,3
BRDA:174,23,0,0
BRDA:179,24,0,34
BRDA:180,25,0,0
BRDA:181,26,0,6
BRDA:182,27,0,6
BRDA:182,28,0,28
BRDA:193,29,0,0
BRDA:194,30,0,0
BRDA:195,31,0,0
BRDA:197,32,0,28
BRDA:197,33,0,6
BRDA:198,34,0,6
BRDA:203,35,0,6
BRDA:221,36,0,0
BRDA:226,37,0,19
BRDA:228,38,0,18
BRDA:228,39,0,1
BRDA:229,40,0,0
BRDA:230,41,0,0
BRDA:231,42,0,18
BRDA:231,43,0,1
BRDA:232,44,0,1
BRDA:232,45,0,18
BRDA:232,46,0,1
BRDA:233,47,0,0
BRDA:233,48,0,0
BRDA:234,49,0,1
BRDA:234,50,0,18
BRDA:234,51,0,1
BRDA:238,52,0,19
BRDA:242,53,0,265
BRDA:243,54,0,9
BRDA:243,55,0,4
BRDA:245,56,0,261
BRDA:247,57,0,0
BRDA:247,58,0,0
BRDA:249,59,0,261
BRDA:251,60,0,0
BRDA:251,61,0,0
BRDA:253,62,0,261
BRDA:255,63,0,5
BRDA:255,64,0,2
BRDA:257,65,0,259
BRDA:259,66,0,3
BRDA:259,67,0,0
BRDA:261,68,0,259
BRDA:263,69,0,0
BRDA:263,70,0,0
BRDA:265,71,0,259
BRDA:267,72,0,3
BRDA:267,73,0,0
BRDA:269,74,0,259
BRDA:274,75,0,3
BRDA:290,76,0,39
BRDA:295,77,0,19
BRDA:309,78,0,19
BRDA:311,79,0,185
BRDA:311,80,0,180
BRDA:311,81,0,0
BRDA:312,82,0,185
BRDA:313,83,0,185
BRDA:313,84,0,168
BRDA:313,85,0,0
BRDA:314,86,0,185
BRDA:315,87,0,185
BRDA:316,88,0,185
BRDA:320,89,0,76
BRDA:327,90,0,740
BRDA:329,91,0,36
BRDA:331,92,0,704
BRDA:334,93,0,348
BRDA:335,94,0,527
BRDA:335,95,0,443
BRDA:337,96,0,527
BRDA:337,97,0,177
BRDA:338,98,0,356
BRDA:338,99,0,348
BRDA:343,100,0,177
BRDA:343,101,0,90
BRDA:343,102,0,87
BRDA:347,103,0,38
BRDA:354,104,0,370
BRDA:356,105,0,85
BRDA:360,106,0,133
BRDA:360,107,0,48
BRDA:361,108,0,85
BRDA:361,109,0,0
BRDA:364,110,0,131
BRDA:365,111,0,104
BRDA:367,112,0,96
BRDA:367,113,0,27
BRDA:369,114,0,18
BRDA:370,115,0,18
BRDA:374,116,0,403
BRDA:375,117,0,328
BRDA:377,118,0,75
BRDA:381,119,0,0
BRDA:390,120,0,76
BRDA:391,121,0,740
BRDA:394,122,0,57
BRDA:395,123,0,555
BRDA:398,124,0,109
BRDA:402,125,0,89
BRDA:403,126,0,56
BRDA:403,127,0,33
BRDA:406,128,0,34
BRDA:408,129,0,25
BRDA:408,130,0,19
BRDA:410,131,0,15
BRDA:413,132,0,9
BRDA:415,133,0,12
BRDA:415,134,0,6
BRDA:418,135,0,0
BRDA:420,136,0,6
BRF:137
BRH:108
end_of_record
TN:
SF:src/state/board-view.ts
FN:147,createBoardView
FN:219,createAgentInspection
FN:224,createRoomSummaries
FN:268,createBoardAlerts
FN:322,createInspectionView
FN:362,createDecisionCards
FN:372,createDecisionCard
FN:412,collectCausalWorkflowSteps
FN:428,isRelatedWorkflowStep
FN:444,isRelatedToolCall
FN:461,toWorkflowEvidence
FN:473,toToolEvidence
FN:485,formatToolCallDetail
FN:504,compareExplainabilityEntries
FN:516,readStringValue
FN:520,createRuntimeErrorAlerts
FN:532,indexChildAgentIds
FN:548,indexTaskIdsByAssignee
FN:564,isActiveTask
FN:568,compareBoardAlerts
FN:583,compareTaskSnapshots
FN:597,compareAgentPresence
FN:621,compareBoardAgents
FN:652,compareAgentsById
FN:671,countAgentsByStatus
FNF:25
FNH:25
FNDA:23,createBoardView
FNDA:2,createAgentInspection
FNDA:23,createRoomSummaries
FNDA:23,createBoardAlerts
FNDA:66,createInspectionView
FNDA:23,createDecisionCards
FNDA:83,createDecisionCard
FNDA:83,collectCausalWorkflowSteps
FNDA:337,isRelatedWorkflowStep
FNDA:154,isRelatedToolCall
FNDA:133,toWorkflowEvidence
FNDA:24,toToolEvidence
FNDA:24,formatToolCallDetail
FNDA:112,compareExplainabilityEntries
FNDA:81,readStringValue
FNDA:23,createRuntimeErrorAlerts
FNDA:23,indexChildAgentIds
FNDA:23,indexTaskIdsByAssignee
FNDA:192,isActiveTask
FNDA:17,compareBoardAlerts
FNDA:49,compareTaskSnapshots
FNDA:88,compareAgentPresence
FNDA:1,compareBoardAgents
FNDA:25,compareAgentsById
FNDA:260,countAgentsByStatus
DA:5,1
DA:6,1
DA:118,1
DA:119,1
DA:120,1
DA:121,1
DA:122,1
DA:123,1
DA:124,1
DA:126,1
DA:127,1
DA:128,1
DA:129,1
DA:130,1
DA:131,1
DA:133,1
DA:134,1
DA:135,1
DA:136,1
DA:137,1
DA:139,1
DA:140,1
DA:141,1
DA:142,1
DA:143,1
DA:144,1
DA:145,1
DA:147,1
DA:148,23
DA:149,23
DA:150,23
DA:151,23
DA:153,23
DA:154,23
DA:155,23
DA:156,66
DA:157,66
DA:158,25
DA:159,66
DA:160,66
DA:161,40
DA:162,40
DA:163,66
DA:165,66
DA:166,66
DA:167,66
DA:168,66
DA:169,66
DA:170,66
DA:171,66
DA:172,66
DA:173,66
DA:174,66
DA:175,66
DA:176,66
DA:177,66
DA:178,23
DA:180,23
DA:181,23
DA:182,23
DA:183,23
DA:184,23
DA:185,23
DA:186,23
DA:187,66
DA:188,66
DA:189,23
DA:190,23
DA:192,23
DA:193,23
DA:194,23
DA:195,23
DA:196,23
DA:197,23
DA:198,115
DA:199,115
DA:200,115
DA:201,115
DA:202,115
DA:203,115
DA:204,23
DA:205,23
DA:206,23
DA:207,23
DA:208,23
DA:209,23
DA:210,23
DA:211,23
DA:212,23
DA:213,23
DA:214,23
DA:215,23
DA:216,23
DA:217,23
DA:219,1
DA:220,2
DA:221,2
DA:222,2
DA:224,23
DA:225,23
DA:226,23
DA:227,23
DA:228,23
DA:229,23
DA:231,23
DA:232,66
DA:233,66
DA:234,66
DA:235,66
DA:237,23
DA:238,23
DA:239,23
DA:240,65
DA:241,65
DA:242,65
DA:243,65
DA:244,42
DA:245,15
DA:246,0
DA:248,65
DA:249,65
DA:250,65
DA:251,65
DA:252,65
DA:253,65
DA:254,65
DA:255,65
DA:256,65
DA:257,65
DA:258,65
DA:259,65
DA:260,65
DA:261,23
DA:262,23
DA:263,65
DA:264,65
DA:265,23
DA:266,23
DA:268,23
DA:269,23
DA:270,23
DA:271,23
DA:272,23
DA:273,23
DA:274,23
DA:276,23
DA:277,60
DA:278,8
DA:279,8
DA:280,8
DA:281,8
DA:282,8
DA:283,8
DA:284,8
DA:285,8
DA:287,60
DA:288,1
DA:289,1
DA:290,1
DA:291,1
DA:292,1
DA:293,1
DA:294,1
DA:295,60
DA:297,23
DA:298,66
DA:299,1
DA:300,1
DA:301,1
DA:302,1
DA:303,1
DA:304,1
DA:305,1
DA:306,1
DA:308,66
DA:309,16
DA:310,16
DA:311,16
DA:312,16
DA:313,16
DA:314,16
DA:315,16
DA:316,16
DA:317,66
DA:319,23
DA:320,23
DA:322,66
DA:323,66
DA:324,66
DA:325,66
DA:326,66
DA:327,66
DA:328,66
DA:329,66
DA:330,66
DA:331,66
DA:332,66
DA:333,66
DA:334,66
DA:336,66
DA:337,66
DA:338,66
DA:339,66
DA:340,66
DA:341,66
DA:342,66
DA:343,66
DA:344,66
DA:345,66
DA:346,66
DA:347,66
DA:348,66
DA:349,66
DA:350,66
DA:351,251
DA:352,168
DA:353,66
DA:354,66
DA:355,66
DA:356,66
DA:357,106
DA:358,66
DA:359,66
DA:360,66
DA:362,23
DA:363,23
DA:364,23
DA:365,23
DA:366,23
DA:367,23
DA:368,23
DA:369,23
DA:370,23
DA:372,83
DA:373,83
DA:374,83
DA:375,83
DA:376,83
DA:377,83
DA:378,83
DA:379,83
DA:380,83
DA:381,83
DA:382,83
DA:383,154
DA:384,47
DA:385,47
DA:386,83
DA:387,83
DA:388,83
DA:389,83
DA:390,83
DA:391,83
DA:392,83
DA:393,83
DA:395,83
DA:396,83
DA:397,83
DA:398,83
DA:399,83
DA:400,83
DA:401,83
DA:402,83
DA:403,83
DA:404,83
DA:405,83
DA:406,83
DA:407,83
DA:408,83
DA:409,83
DA:410,83
DA:412,83
DA:413,83
DA:414,83
DA:415,83
DA:416,83
DA:417,83
DA:418,83
DA:419,83
DA:421,83
DA:422,0
DA:423,0
DA:425,83
DA:426,83
DA:428,337
DA:429,337
DA:430,337
DA:431,337
DA:433,0
DA:434,0
DA:435,0
DA:437,0
DA:438,0
DA:439,0
DA:441,0
DA:442,0
DA:444,154
DA:445,154
DA:446,61
DA:447,61
DA:449,154
DA:450,46
DA:451,46
DA:453,47
DA:454,154
DA:455,0
DA:456,0
DA:458,47
DA:459,47
DA:461,133
DA:462,133
DA:463,133
DA:464,133
DA:465,133
DA:466,133
DA:467,133
DA:468,133
DA:469,133
DA:470,133
DA:471,133
DA:473,24
DA:474,24
DA:475,24
DA:476,24
DA:477,24
DA:478,24
DA:479,24
DA:480,24
DA:481,24
DA:482,24
DA:483,24
DA:485,24
DA:486,24
DA:487,24
DA:488,14
DA:489,14
DA:491,10
DA:492,10
DA:493,10
DA:494,10
DA:496,0
DA:497,0
DA:498,0
DA:499,0
DA:501,0
DA:502,0
DA:504,112
DA:505,112
DA:506,112
DA:507,112
DA:509,0
DA:510,0
DA:511,0
DA:513,0
DA:514,0
DA:516,81
DA:517,81
DA:518,81
DA:520,23
DA:521,23
DA:522,7
DA:523,7
DA:524,7
DA:525,7
DA:526,0
DA:527,7
DA:528,7
DA:529,23
DA:530,23
DA:532,23
DA:533,23
DA:535,23
DA:536,66
DA:537,23
DA:538,23
DA:540,56
DA:541,66
DA:542,66
DA:543,66
DA:545,23
DA:546,23
DA:548,23
DA:549,23
DA:551,23
DA:552,60
DA:553,12
DA:554,12
DA:556,53
DA:557,60
DA:558,60
DA:559,60
DA:561,23
DA:562,23
DA:564,192
DA:565,192
DA:566,192
DA:568,17
DA:569,17
DA:570,17
DA:571,11
DA:572,11
DA:574,6
DA:575,17
DA:576,17
DA:577,0
DA:578,0
DA:580,6
DA:581,6
DA:583,49
DA:584,49
DA:585,49
DA:586,44
DA:587,44
DA:589,5
DA:590,5
DA:591,5
DA:592,5
DA:594,0
DA:595,0
DA:597,88
DA:598,88
DA:599,88
DA:600,29
DA:601,29
DA:603,59
DA:604,75
DA:605,40
DA:606,40
DA:608,19
DA:609,33
DA:610,18
DA:611,18
DA:613,1
DA:614,1
DA:615,1
DA:616,1
DA:618,0
DA:619,0
DA:621,1
DA:622,1
DA:623,0
DA:624,0
DA:626,1
DA:627,0
DA:628,0
DA:630,1
DA:631,0
DA:632,0
DA:634,1
DA:635,1
DA:636,0
DA:637,0
DA:639,1
DA:640,1
DA:641,0
DA:642,0
DA:644,1
DA:645,1
DA:646,1
DA:647,1
DA:649,0
DA:650,0
DA:652,25
DA:653,25
DA:654,25
DA:656,25
DA:657,0
DA:658,0
DA:660,25
DA:661,0
DA:662,0
DA:664,25
DA:665,0
DA:666,0
DA:668,25
DA:669,25
DA:671,260
DA:672,260
DA:673,260
LF:479
LH:430
BRDA:147,0,0,23
BRDA:149,1,0,60
BRDA:155,2,0,66
BRDA:156,3,0,30
BRDA:157,4,0,43
BRDA:171,5,0,23
BRDA:176,6,0,24
BRDA:157,7,0,25
BRDA:160,8,0,40
BRDA:162,9,0,27
BRDA:162,10,0,13
BRDA:180,11,0,66
BRDA:184,12,0,65
BRDA:186,13,0,66
BRDA:197,14,0,115
BRDA:198,15,0,300
BRDA:210,16,0,66
BRDA:219,17,0,2
BRDA:221,18,0,0
BRDA:224,19,0,23
BRDA:231,20,0,66
BRDA:232,21,0,65
BRDA:238,22,0,74
BRDA:239,23,0,65
BRDA:243,24,0,42
BRDA:244,25,0,15
BRDA:245,26,0,0
BRDA:252,27,0,0
BRDA:240,28,0,66
BRDA:241,29,0,168
BRDA:241,30,0,139
BRDA:241,31,0,139
BRDA:243,32,0,66
BRDA:244,33,0,42
BRDA:245,34,0,15
BRDA:250,35,0,66
BRDA:251,36,0,40
BRDA:262,37,0,65
BRDA:264,38,0,1
BRDA:268,39,0,23
BRDA:276,40,0,60
BRDA:277,41,0,48
BRDA:277,42,0,48
BRDA:277,43,0,8
BRDA:285,44,0,52
BRDA:287,45,0,28
BRDA:287,46,0,27
BRDA:287,47,0,1
BRDA:297,48,0,66
BRDA:298,49,0,43
BRDA:298,50,0,1
BRDA:308,51,0,30
BRDA:308,52,0,16
BRDA:274,53,0,66
BRDA:322,54,0,66
BRDA:338,55,0,23
BRDA:338,56,0,43
BRDA:338,57,0,1
BRDA:354,58,0,0
BRDA:332,59,0,40
BRDA:333,60,0,40
BRDA:340,61,0,42
BRDA:341,62,0,42
BRDA:344,63,0,124
BRDA:345,64,0,13
BRDA:347,65,0,251
BRDA:348,66,0,32
BRDA:350,67,0,251
BRDA:351,68,0,168
BRDA:352,69,0,162
BRDA:356,70,0,106
BRDA:357,71,0,89
BRDA:357,72,0,22
BRDA:362,73,0,23
BRDA:368,74,0,70
BRDA:369,75,0,83
BRDA:372,76,0,83
BRDA:379,77,0,0
BRDA:392,78,0,0
BRDA:393,79,0,3
BRDA:402,80,0,0
BRDA:403,81,0,0
BRDA:404,82,0,0
BRDA:406,83,0,3
BRDA:406,84,0,80
BRDA:406,85,0,0
BRDA:382,86,0,154
BRDA:383,87,0,47
BRDA:384,88,0,47
BRDA:387,89,0,10
BRDA:412,90,0,83
BRDA:421,91,0,0
BRDA:417,92,0,337
BRDA:417,93,0,183
BRDA:418,94,0,50
BRDA:419,95,0,133
BRDA:428,96,0,337
BRDA:431,97,0,0
BRDA:444,98,0,154
BRDA:445,99,0,126
BRDA:445,100,0,97
BRDA:445,101,0,61
BRDA:447,102,0,93
BRDA:449,103,0,122
BRDA:449,104,0,46
BRDA:451,105,0,47
BRDA:454,106,0,41
BRDA:454,107,0,0
BRDA:456,108,0,47
BRDA:461,109,0,133
BRDA:469,110,0,0
BRDA:473,111,0,24
BRDA:481,112,0,0
BRDA:485,113,0,24
BRDA:487,114,0,14
BRDA:489,115,0,10
BRDA:494,116,0,0
BRDA:504,117,0,112
BRDA:507,118,0,0
BRDA:516,119,0,81
BRDA:517,120,0,65
BRDA:517,121,0,16
BRDA:520,122,0,23
BRDA:521,123,0,7
BRDA:525,124,0,0
BRDA:532,125,0,23
BRDA:535,126,0,66
BRDA:536,127,0,43
BRDA:536,128,0,56
BRDA:536,129,0,23
BRDA:538,130,0,43
BRDA:540,131,0,24
BRDA:548,132,0,23
BRDA:551,133,0,60
BRDA:552,134,0,48
BRDA:552,135,0,12
BRDA:554,136,0,53
BRDA:554,137,0,48
BRDA:556,138,0,44
BRDA:564,139,0,192
BRDA:565,140,0,190
BRDA:565,141,0,138
BRDA:568,142,0,17
BRDA:570,143,0,11
BRDA:572,144,0,6
BRDA:575,145,0,6
BRDA:576,146,0,6
BRDA:576,147,0,0
BRDA:583,148,0,49
BRDA:585,149,0,44
BRDA:587,150,0,34
BRDA:587,151,0,5
BRDA:592,152,0,0
BRDA:597,153,0,88
BRDA:599,154,0,29
BRDA:601,155,0,78
BRDA:601,156,0,75
BRDA:601,157,0,59
BRDA:604,158,0,40
BRDA:606,159,0,69
BRDA:606,160,0,33
BRDA:606,161,0,19
BRDA:609,162,0,18
BRDA:611,163,0,15
BRDA:611,164,0,1
BRDA:616,165,0,0
BRDA:621,166,0,1
BRDA:622,167,0,0
BRDA:622,168,0,0
BRDA:626,169,0,0
BRDA:630,170,0,0
BRDA:635,171,0,0
BRDA:640,172,0,0
BRDA:647,173,0,0
BRDA:652,174,0,25
BRDA:656,175,0,0
BRDA:656,176,0,0
BRDA:660,177,0,0
BRDA:664,178,0,0
BRDA:671,179,0,260
BRDA:672,180,0,264
BRF:181
BRH:149
end_of_record
TN:
SF:src/state/collaboration-view.ts
FN:92,createCollaborationView
FN:226,createCollaborationNode
FN:267,createHotspot
FN:286,upsertEdge
FN:339,buildEdgeKey
FN:348,sortPair
FN:352,toCollaborationEdge
FN:369,compareCollaborationEdges
FN:381,compareCollaborationNodes
FN:393,compareHotspots
FN:405,uniqueConsecutiveAgentIds
FN:421,parseGraphUpdateEdge
FN:446,resolveAgentReference
FN:463,normalizeReference
FN:467,createGraphUpdateLabel
FN:476,compactStrings
FN:480,uniqueStrings
FN:484,readStringValue
FN:488,readNumberValue
FNF:19
FNH:19
FNDA:3,createCollaborationView
FNDA:12,createCollaborationNode
FNDA:12,createHotspot
FNDA:33,upsertEdge
FNDA:33,buildEdgeKey
FNDA:36,sortPair
FNDA:33,toCollaborationEdge
FNDA:87,compareCollaborationEdges
FNDA:15,compareCollaborationNodes
FNDA:15,compareHotspots
FNDA:6,uniqueConsecutiveAgentIds
FNDA:3,parseGraphUpdateEdge
FNDA:6,resolveAgentReference
FNDA:54,normalizeReference
FNDA:3,createGraphUpdateLabel
FNDA:66,compactStrings
FNDA:12,uniqueStrings
FNDA:6,readStringValue
FNDA:6,readNumberValue
DA:3,1
DA:4,1
DA:7,1
DA:85,1
DA:86,1
DA:87,1
DA:88,1
DA:89,1
DA:90,1
DA:92,1
DA:93,3
DA:94,3
DA:95,3
DA:97,3
DA:98,12
DA:99,9
DA:100,9
DA:101,9
DA:102,9
DA:103,9
DA:104,9
DA:105,9
DA:106,9
DA:107,9
DA:108,12
DA:110,3
DA:111,6
DA:113,6
DA:114,15
DA:115,15
DA:116,0
DA:117,0
DA:119,15
DA:120,12
DA:121,12
DA:122,0
DA:123,0
DA:125,12
DA:126,12
DA:127,12
DA:128,12
DA:129,12
DA:130,12
DA:131,12
DA:132,12
DA:133,12
DA:134,12
DA:135,12
DA:136,15
DA:137,6
DA:139,3
DA:140,6
DA:141,6
DA:142,6
DA:143,6
DA:144,6
DA:146,6
DA:147,9
DA:148,9
DA:149,9
DA:150,0
DA:151,0
DA:153,9
DA:155,9
DA:156,9
DA:157,9
DA:158,9
DA:159,9
DA:160,9
DA:161,9
DA:162,9
DA:163,9
DA:164,9
DA:165,9
DA:166,9
DA:167,6
DA:169,3
DA:170,3
DA:171,3
DA:172,0
DA:173,0
DA:175,3
DA:176,3
DA:177,0
DA:178,0
DA:180,3
DA:181,3
DA:182,3
DA:183,0
DA:184,0
DA:186,3
DA:187,3
DA:188,3
DA:189,3
DA:190,3
DA:191,3
DA:192,3
DA:193,3
DA:194,3
DA:195,3
DA:196,3
DA:197,3
DA:199,3
DA:200,3
DA:201,3
DA:202,3
DA:203,3
DA:204,3
DA:205,3
DA:206,3
DA:208,3
DA:209,3
DA:210,3
DA:211,3
DA:212,3
DA:213,3
DA:214,3
DA:215,3
DA:216,3
DA:217,3
DA:218,3
DA:219,3
DA:220,3
DA:221,3
DA:222,3
DA:223,3
DA:224,3
DA:226,12
DA:227,12
DA:228,12
DA:229,12
DA:230,12
DA:231,12
DA:232,12
DA:233,12
DA:234,12
DA:235,12
DA:236,12
DA:237,12
DA:238,12
DA:239,12
DA:240,12
DA:241,12
DA:242,12
DA:243,12
DA:244,12
DA:245,12
DA:246,12
DA:247,12
DA:249,12
DA:250,12
DA:251,12
DA:252,12
DA:253,12
DA:254,12
DA:255,12
DA:256,12
DA:257,12
DA:258,12
DA:259,12
DA:260,6
DA:261,6
DA:262,12
DA:263,12
DA:264,12
DA:265,12
DA:267,12
DA:268,12
DA:269,12
DA:270,12
DA:271,12
DA:272,12
DA:274,12
DA:275,12
DA:276,12
DA:277,12
DA:278,12
DA:279,12
DA:280,12
DA:281,12
DA:282,12
DA:283,12
DA:284,12
DA:286,33
DA:287,33
DA:288,33
DA:301,33
DA:302,33
DA:303,33
DA:305,33
DA:306,33
DA:307,33
DA:308,33
DA:309,33
DA:310,33
DA:311,33
DA:312,33
DA:313,33
DA:314,33
DA:315,33
DA:316,33
DA:317,33
DA:318,33
DA:319,33
DA:320,33
DA:321,33
DA:323,0
DA:324,33
DA:325,0
DA:326,0
DA:327,0
DA:328,0
DA:329,0
DA:330,0
DA:331,0
DA:332,0
DA:333,0
DA:334,33
DA:335,0
DA:336,0
DA:337,33
DA:339,33
DA:340,33
DA:341,21
DA:342,21
DA:344,12
DA:345,12
DA:346,12
DA:348,36
DA:349,36
DA:350,36
DA:352,33
DA:353,33
DA:354,33
DA:355,33
DA:356,33
DA:357,33
DA:358,33
DA:359,33
DA:360,33
DA:361,33
DA:362,33
DA:363,33
DA:364,33
DA:365,33
DA:366,33
DA:367,33
DA:369,87
DA:370,87
DA:371,57
DA:372,57
DA:374,87
DA:375,0
DA:376,0
DA:378,30
DA:379,30
DA:381,15
DA:382,15
DA:383,9
DA:384,9
DA:386,6
DA:387,6
DA:388,6
DA:390,0
DA:391,0
DA:393,15
DA:394,15
DA:395,9
DA:396,9
DA:398,15
DA:399,0
DA:400,0
DA:402,6
DA:403,6
DA:405,6
DA:406,6
DA:408,6
DA:409,15
DA:410,0
DA:411,0
DA:413,15
DA:414,15
DA:415,15
DA:416,15
DA:418,6
DA:419,6
DA:421,3
DA:422,3
DA:424,3
DA:425,6
DA:426,3
DA:427,3
DA:429,3
DA:430,3
DA:431,3
DA:432,6
DA:433,0
DA:434,0
DA:436,6
DA:437,0
DA:438,0
DA:440,3
DA:441,3
DA:443,0
DA:444,0
DA:446,6
DA:447,6
DA:448,6
DA:449,6
DA:450,24
DA:451,24
DA:452,24
DA:453,24
DA:454,24
DA:455,18
DA:456,18
DA:458,6
DA:460,6
DA:461,6
DA:463,54
DA:464,54
DA:465,54
DA:467,3
DA:468,3
DA:469,3
DA:470,3
DA:471,3
DA:473,0
DA:474,0
DA:476,66
DA:477,66
DA:478,66
DA:480,12
DA:481,12
DA:482,12
DA:484,6
DA:485,6
DA:486,6
DA:488,6
DA:489,6
DA:490,6
LF:341
LH:301
BRDA:92,0,0,3
BRDA:97,1,0,12
BRDA:98,2,0,9
BRDA:98,3,0,9
BRDA:98,4,0,9
BRDA:110,5,0,6
BRDA:113,6,0,15
BRDA:115,7,0,0
BRDA:119,8,0,12
BRDA:121,9,0,0
BRDA:139,10,0,6
BRDA:146,11,0,9
BRDA:149,12,0,0
BRDA:163,13,0,0
BRDA:171,14,0,0
BRDA:176,15,0,0
BRDA:182,16,0,0
BRDA:192,17,0,0
BRDA:111,18,0,9
BRDA:142,19,0,9
BRDA:143,20,0,15
BRDA:169,21,0,6
BRDA:201,22,0,12
BRDA:204,23,0,12
BRDA:205,24,0,12
BRDA:217,25,0,33
BRDA:218,26,0,33
BRDA:219,27,0,33
BRDA:220,28,0,33
BRDA:226,29,0,12
BRDA:255,30,0,3
BRDA:233,31,0,24
BRDA:234,32,0,6
BRDA:238,33,0,24
BRDA:239,34,0,15
BRDA:241,35,0,132
BRDA:241,36,0,99
BRDA:242,37,0,66
BRDA:245,38,0,48
BRDA:246,39,0,9
BRDA:247,40,0,6
BRDA:259,41,0,6
BRDA:261,42,0,3
BRDA:261,43,0,3
BRDA:263,44,0,132
BRDA:263,45,0,99
BRDA:267,46,0,12
BRDA:272,47,0,132
BRDA:272,48,0,99
BRDA:277,49,0,66
BRDA:278,50,0,66
BRDA:279,51,0,24
BRDA:280,52,0,66
BRDA:281,53,0,66
BRDA:282,54,0,66
BRDA:286,55,0,33
BRDA:308,56,0,21
BRDA:308,57,0,12
BRDA:309,58,0,21
BRDA:309,59,0,12
BRDA:314,60,0,24
BRDA:316,61,0,9
BRDA:316,62,0,24
BRDA:318,63,0,30
BRDA:321,64,0,0
BRDA:324,65,0,0
BRDA:334,66,0,0
BRDA:339,67,0,33
BRDA:340,68,0,21
BRDA:342,69,0,12
BRDA:348,70,0,36
BRDA:349,71,0,0
BRDA:352,72,0,33
BRDA:369,73,0,87
BRDA:370,74,0,57
BRDA:372,75,0,30
BRDA:374,76,0,0
BRDA:376,77,0,30
BRDA:381,78,0,15
BRDA:382,79,0,9
BRDA:384,80,0,6
BRDA:388,81,0,0
BRDA:393,82,0,15
BRDA:394,83,0,9
BRDA:396,84,0,6
BRDA:398,85,0,0
BRDA:400,86,0,6
BRDA:405,87,0,6
BRDA:408,88,0,15
BRDA:409,89,0,0
BRDA:421,90,0,3
BRDA:424,91,0,6
BRDA:425,92,0,3
BRDA:432,93,0,0
BRDA:434,94,0,3
BRDA:436,95,0,0
BRDA:438,96,0,3
BRDA:441,97,0,0
BRDA:429,98,0,6
BRDA:446,99,0,6
BRDA:460,100,0,0
BRDA:460,101,0,0
BRDA:449,102,0,24
BRDA:454,103,0,18
BRDA:455,104,0,18
BRDA:456,105,0,0
BRDA:463,106,0,54
BRDA:467,107,0,3
BRDA:471,108,0,0
BRDA:476,109,0,66
BRDA:477,110,0,75
BRDA:477,111,0,33
BRDA:480,112,0,12
BRDA:481,113,0,6
BRDA:484,114,0,6
BRDA:485,115,0,0
BRDA:488,116,0,6
BRDA:489,117,0,0
BRF:118
BRH:93
end_of_record
TN:
SF:src/state/game-state.ts
FN:26,indexById
FN:30,createEmptyGameState
FN:44,hydrateGameState
FN:64,applyServerEvent
FN:155,applyServerEvents
FNF:5
FNH:5
FNDA:26,indexById
FNDA:14,createEmptyGameState
FNDA:13,hydrateGameState
FNDA:24,applyServerEvent
FNDA:9,applyServerEvents
DA:26,26
DA:27,26
DA:28,26
DA:30,1
DA:31,14
DA:32,14
DA:33,14
DA:34,14
DA:35,14
DA:36,14
DA:37,14
DA:38,14
DA:39,14
DA:40,14
DA:41,14
DA:42,14
DA:44,1
DA:45,13
DA:46,13
DA:47,13
DA:48,13
DA:49,13
DA:50,13
DA:51,13
DA:52,13
DA:53,1
DA:54,1
DA:55,13
DA:56,13
DA:57,1
DA:58,1
DA:59,13
DA:60,13
DA:61,13
DA:62,13
DA:64,1
DA:65,24
DA:66,4
DA:67,4
DA:69,22
DA:70,13
DA:71,13
DA:73,10
DA:74,1
DA:75,1
DA:76,1
DA:77,1
DA:78,1
DA:79,1
DA:80,1
DA:81,1
DA:82,1
DA:84,8
DA:85,2
DA:86,2
DA:87,2
DA:88,2
DA:89,2
DA:90,1
DA:91,1
DA:92,1
DA:93,1
DA:94,1
DA:95,2
DA:96,2
DA:97,2
DA:98,2
DA:99,2
DA:100,2
DA:102,5
DA:103,2
DA:104,2
DA:105,2
DA:106,2
DA:107,2
DA:108,1
DA:109,1
DA:110,1
DA:111,1
DA:112,1
DA:113,2
DA:114,2
DA:115,2
DA:116,2
DA:117,2
DA:118,2
DA:119,2
DA:120,2
DA:121,2
DA:122,2
DA:123,2
DA:125,2
DA:126,2
DA:127,2
DA:128,2
DA:129,2
DA:130,2
DA:131,1
DA:132,1
DA:133,1
DA:134,1
DA:135,1
DA:136,2
DA:137,2
DA:138,2
DA:139,2
DA:140,2
DA:141,2
DA:142,2
DA:143,2
DA:144,2
DA:145,2
DA:146,2
DA:148,0
DA:149,0
DA:150,0
DA:151,0
DA:152,0
DA:153,0
DA:155,1
DA:156,9
DA:157,9
LF:122
LH:116
BRDA:26,0,0,26
BRDA:27,1,0,23
BRDA:30,2,0,14
BRDA:44,3,0,13
BRDA:48,4,0,0
BRDA:52,5,0,1
BRDA:56,6,0,1
BRDA:64,7,0,24
BRDA:65,8,0,4
BRDA:67,9,0,22
BRDA:67,10,0,20
BRDA:69,11,0,13
BRDA:71,12,0,10
BRDA:71,13,0,7
BRDA:73,14,0,1
BRDA:82,15,0,9
BRDA:82,16,0,8
BRDA:82,17,0,6
BRDA:84,18,0,2
BRDA:89,19,0,1
BRDA:90,20,0,1
BRDA:100,21,0,6
BRDA:100,22,0,5
BRDA:100,23,0,4
BRDA:102,24,0,2
BRDA:107,25,0,1
BRDA:108,26,0,1
BRDA:119,27,0,1
BRDA:119,28,0,1
BRDA:123,29,0,3
BRDA:123,30,0,2
BRDA:130,31,0,1
BRDA:131,32,0,1
BRDA:142,33,0,1
BRDA:142,34,0,1
BRDA:146,35,0,0
BRDA:155,36,0,9
BRF:37
BRH:35
end_of_record
TN:
SF:src/state/session-view.ts
FN:86,createSessionView
FN:132,createSessionDiff
FN:161,createSessionRecord
FN:208,deriveSessionTitle
FN:226,deriveSessionStatus
FN:242,compareSessionRecords
FN:254,compareSessionEntriesDescending
FN:262,toSessionDiffSide
FN:272,listToolNames
FN:280,listDecisionTitles
FN:284,uniqueStrings
FN:290,intersect
FN:295,subtract
FNF:13
FNH:13
FNDA:6,createSessionView
FNDA:1,createSessionDiff
FNDA:12,createSessionRecord
FNDA:12,deriveSessionTitle
FNDA:12,deriveSessionStatus
FNDA:6,compareSessionRecords
FNDA:60,compareSessionEntriesDescending
FNDA:2,toSessionDiffSide
FNDA:6,listToolNames
FNDA:6,listDecisionTitles
FNDA:48,uniqueStrings
FNDA:4,intersect
FNDA:8,subtract
DA:1,1
DA:5,1
DA:80,1
DA:81,1
DA:82,1
DA:83,1
DA:84,1
DA:86,1
DA:87,6
DA:88,6
DA:89,6
DA:90,6
DA:92,6
DA:93,75
DA:94,3
DA:95,3
DA:96,3
DA:98,75
DA:99,75
DA:100,75
DA:101,75
DA:103,6
DA:104,30
DA:105,0
DA:106,0
DA:108,30
DA:109,30
DA:110,30
DA:111,30
DA:113,6
DA:114,6
DA:115,6
DA:117,6
DA:118,6
DA:119,6
DA:120,6
DA:121,6
DA:122,6
DA:123,6
DA:124,6
DA:125,6
DA:126,6
DA:127,6
DA:128,6
DA:129,6
DA:130,6
DA:132,1
DA:133,1
DA:134,1
DA:135,1
DA:137,1
DA:138,0
DA:139,0
DA:141,1
DA:142,1
DA:143,1
DA:144,1
DA:145,1
DA:146,1
DA:147,1
DA:148,1
DA:149,1
DA:150,1
DA:151,1
DA:152,1
DA:153,1
DA:154,1
DA:155,1
DA:156,1
DA:157,1
DA:158,1
DA:159,1
DA:161,12
DA:162,12
DA:163,12
DA:164,12
DA:165,12
DA:166,12
DA:167,12
DA:168,12
DA:169,12
DA:170,12
DA:171,12
DA:172,12
DA:173,12
DA:174,12
DA:175,12
DA:176,12
DA:177,12
DA:178,12
DA:179,12
DA:180,12
DA:181,12
DA:182,12
DA:183,12
DA:184,12
DA:185,12
DA:186,12
DA:187,12
DA:188,12
DA:189,12
DA:190,12
DA:191,12
DA:192,12
DA:193,12
DA:194,12
DA:195,12
DA:196,12
DA:197,12
DA:198,12
DA:199,12
DA:201,12
DA:202,12
DA:203,12
DA:204,12
DA:205,12
DA:206,12
DA:208,12
DA:209,12
DA:210,12
DA:211,12
DA:212,12
DA:213,12
DA:214,12
DA:215,12
DA:216,12
DA:218,0
DA:219,0
DA:220,0
DA:221,0
DA:223,0
DA:224,0
DA:226,12
DA:227,12
DA:228,0
DA:229,0
DA:231,12
DA:232,6
DA:233,6
DA:235,9
DA:236,3
DA:237,3
DA:239,12
DA:240,12
DA:242,6
DA:243,6
DA:244,6
DA:245,6
DA:247,0
DA:248,0
DA:249,0
DA:251,0
DA:252,0
DA:254,60
DA:255,60
DA:256,30
DA:257,30
DA:259,30
DA:260,30
DA:262,2
DA:263,2
DA:264,2
DA:265,2
DA:266,2
DA:267,2
DA:268,2
DA:269,2
DA:270,2
DA:272,6
DA:273,6
DA:274,6
DA:275,6
DA:276,6
DA:277,6
DA:278,6
DA:280,6
DA:281,6
DA:282,6
DA:284,48
DA:285,48
DA:286,54
DA:287,48
DA:288,48
DA:290,4
DA:291,4
DA:292,4
DA:293,4
DA:295,8
DA:296,8
DA:297,8
DA:298,8
LF:191
LH:174
BRDA:86,0,0,6
BRDA:92,1,0,75
BRDA:93,2,0,3
BRDA:96,3,0,72
BRDA:98,4,0,12
BRDA:103,5,0,30
BRDA:104,6,0,0
BRDA:108,7,0,12
BRDA:114,8,0,12
BRDA:114,9,0,0
BRDA:124,10,0,12
BRDA:125,11,0,12
BRDA:126,12,0,12
BRDA:132,13,0,1
BRDA:137,14,0,0
BRDA:144,15,0,0
BRDA:134,16,0,2
BRDA:135,17,0,1
BRDA:161,18,0,12
BRDA:168,19,0,0
BRDA:169,20,0,0
BRDA:183,21,0,0
BRDA:184,22,0,0
BRDA:185,23,0,0
BRDA:186,24,0,0
BRDA:197,25,0,0
BRDA:198,26,0,0
BRDA:170,27,0,72
BRDA:171,28,0,12
BRDA:173,29,0,6
BRDA:173,30,0,6
BRDA:175,31,0,12
BRDA:177,32,0,6
BRDA:177,33,0,6
BRDA:187,34,0,72
BRDA:188,35,0,72
BRDA:191,36,0,72
BRDA:192,37,0,72
BRDA:193,38,0,72
BRDA:194,39,0,72
BRDA:204,40,0,18
BRDA:208,41,0,12
BRDA:215,42,0,0
BRDA:216,43,0,0
BRDA:213,44,0,60
BRDA:226,45,0,12
BRDA:227,46,0,0
BRDA:231,47,0,9
BRDA:231,48,0,6
BRDA:235,49,0,3
BRDA:237,50,0,3
BRDA:239,51,0,0
BRDA:227,52,0,72
BRDA:235,53,0,24
BRDA:239,54,0,3
BRDA:239,55,0,0
BRDA:242,56,0,6
BRDA:245,57,0,0
BRDA:254,58,0,60
BRDA:255,59,0,30
BRDA:262,60,0,2
BRDA:272,61,0,6
BRDA:275,62,0,36
BRDA:276,63,0,6
BRDA:280,64,0,6
BRDA:281,65,0,15
BRDA:284,66,0,48
BRDA:285,67,0,237
BRDA:285,68,0,228
BRDA:285,69,0,54
BRDA:290,70,0,4
BRDA:292,71,0,7
BRDA:292,72,0,2
BRDA:295,73,0,8
BRDA:297,74,0,14
BRF:75
BRH:57
end_of_record
TN:
SF:src/state/task-view.ts
FN:60,createTaskView
FN:80,createTaskInspection
FN:85,createTaskInspectionInternal
FN:117,createTaskAlerts
FN:161,toTaskStatusCategory
FN:173,compareTaskInspections
FN:191,uniqueStrings
FN:197,readStringValue
FNF:8
FNH:8
FNDA:10,createTaskView
FNDA:1,createTaskInspection
FNDA:27,createTaskInspectionInternal
FNDA:27,createTaskAlerts
FNDA:27,toTaskStatusCategory
FNDA:23,compareTaskInspections
FNDA:54,uniqueStrings
FNDA:42,readStringValue
DA:3,1
DA:52,1
DA:53,1
DA:54,1
DA:55,1
DA:56,1
DA:57,1
DA:58,1
DA:60,1
DA:61,10
DA:62,10
DA:63,10
DA:64,10
DA:66,10
DA:67,10
DA:68,10
DA:69,10
DA:70,10
DA:71,10
DA:72,10
DA:73,10
DA:74,10
DA:75,10
DA:76,10
DA:77,10
DA:78,10
DA:80,1
DA:81,1
DA:82,1
DA:83,1
DA:85,27
DA:86,27
DA:87,27
DA:88,27
DA:89,27
DA:90,27
DA:91,27
DA:92,27
DA:93,27
DA:94,27
DA:95,27
DA:96,27
DA:97,27
DA:98,27
DA:100,27
DA:101,27
DA:102,27
DA:103,27
DA:104,27
DA:105,27
DA:106,27
DA:107,27
DA:108,27
DA:109,27
DA:110,27
DA:111,27
DA:112,27
DA:113,27
DA:114,27
DA:115,27
DA:117,27
DA:118,27
DA:119,27
DA:120,27
DA:121,27
DA:122,27
DA:123,27
DA:124,27
DA:126,27
DA:127,7
DA:128,7
DA:129,7
DA:130,7
DA:131,7
DA:132,7
DA:134,27
DA:135,7
DA:136,7
DA:137,7
DA:138,7
DA:139,7
DA:140,7
DA:142,27
DA:143,3
DA:144,3
DA:145,3
DA:146,3
DA:147,3
DA:148,3
DA:150,27
DA:151,7
DA:152,7
DA:153,7
DA:154,7
DA:155,7
DA:156,7
DA:158,27
DA:159,27
DA:161,27
DA:162,27
DA:163,27
DA:164,10
DA:165,27
DA:166,27
DA:167,17
DA:168,27
DA:169,0
DA:170,27
DA:171,27
DA:173,23
DA:174,23
DA:175,14
DA:176,14
DA:178,9
DA:179,9
DA:180,9
DA:182,23
DA:183,23
DA:184,23
DA:185,0
DA:186,0
DA:188,0
DA:189,0
DA:191,54
DA:192,54
DA:193,22
DA:194,54
DA:195,54
DA:197,42
DA:198,42
DA:199,42
LF:131
LH:126
BRDA:60,0,0,10
BRDA:63,1,0,27
BRDA:72,2,0,27
BRDA:73,3,0,27
BRDA:74,4,0,27
BRDA:75,5,0,27
BRDA:80,6,0,1
BRDA:82,7,0,0
BRDA:82,8,0,3
BRDA:85,9,0,27
BRDA:86,10,0,20
BRDA:86,11,0,7
BRDA:86,12,0,20
BRDA:98,13,0,14
BRDA:98,14,0,13
BRDA:103,15,0,13
BRDA:103,16,0,14
BRDA:104,17,0,13
BRDA:104,18,0,14
BRDA:105,19,0,13
BRDA:105,20,0,14
BRDA:108,21,0,20
BRDA:108,22,0,7
BRDA:87,23,0,246
BRDA:89,24,0,42
BRDA:90,25,0,3
BRDA:92,26,0,102
BRDA:93,27,0,19
BRDA:95,28,0,102
BRDA:96,29,0,19
BRDA:97,30,0,91
BRDA:107,31,0,91
BRDA:117,32,0,27
BRDA:126,33,0,20
BRDA:126,34,0,20
BRDA:126,35,0,7
BRDA:134,36,0,7
BRDA:134,37,0,7
BRDA:142,38,0,3
BRDA:150,39,0,10
BRDA:150,40,0,7
BRDA:150,41,0,7
BRDA:161,42,0,27
BRDA:163,43,0,10
BRDA:165,44,0,3
BRDA:166,45,0,17
BRDA:168,46,0,0
BRDA:173,47,0,23
BRDA:174,48,0,17
BRDA:174,49,0,14
BRDA:176,50,0,9
BRDA:180,51,0,0
BRDA:182,52,0,0
BRDA:183,53,0,0
BRDA:183,54,0,0
BRDA:184,55,0,0
BRDA:191,56,0,54
BRDA:192,57,0,182
BRDA:192,58,0,22
BRDA:197,59,0,42
BRDA:198,60,0,36
BRDA:198,61,0,6
BRF:62
BRH:55
end_of_record
TN:
SF:src/state/verification-view.ts
FN:46,createVerificationView
FN:65,evaluateTaskVerificationGate
FN:71,createTaskVerificationGate
FN:123,compareTaskVerificationGates
FNF:4
FNH:4
FNDA:1,createVerificationView
FNDA:3,evaluateTaskVerificationGate
FNDA:6,createTaskVerificationGate
FNDA:2,compareTaskVerificationGates
DA:3,1
DA:6,1
DA:7,1
DA:8,1
DA:9,1
DA:10,1
DA:11,1
DA:46,1
DA:47,1
DA:48,1
DA:50,1
DA:51,1
DA:52,1
DA:53,1
DA:54,1
DA:55,1
DA:56,1
DA:57,1
DA:58,1
DA:59,1
DA:60,1
DA:61,1
DA:62,1
DA:63,1
DA:65,1
DA:66,3
DA:67,3
DA:68,3
DA:69,3
DA:71,6
DA:72,6
DA:73,6
DA:74,6
DA:75,6
DA:76,6
DA:77,6
DA:78,6
DA:79,6
DA:80,6
DA:81,2
DA:82,4
DA:83,6
DA:84,6
DA:85,6
DA:86,6
DA:87,6
DA:88,6
DA:89,4
DA:90,2
DA:91,6
DA:92,6
DA:93,6
DA:94,6
DA:95,6
DA:96,6
DA:97,4
DA:98,2
DA:99,6
DA:100,6
DA:101,6
DA:102,6
DA:103,6
DA:104,6
DA:105,2
DA:106,4
DA:107,6
DA:108,6
DA:109,6
DA:111,6
DA:112,6
DA:113,6
DA:114,6
DA:115,6
DA:116,6
DA:117,6
DA:118,6
DA:119,6
DA:120,6
DA:121,6
DA:123,2
DA:124,2
DA:125,1
DA:126,1
DA:128,1
DA:129,1
DA:130,1
DA:132,0
DA:133,0
DA:134,0
DA:136,0
DA:137,0
LF:91
LH:86
BRDA:46,0,0,1
BRDA:56,1,0,3
BRDA:57,2,0,3
BRDA:59,3,0,3
BRDA:59,4,0,1
BRDA:65,5,0,3
BRDA:68,6,0,0
BRDA:67,7,0,6
BRDA:71,8,0,6
BRDA:74,9,0,4
BRDA:80,10,0,2
BRDA:81,11,0,0
BRDA:81,12,0,4
BRDA:88,13,0,4
BRDA:89,14,0,2
BRDA:96,15,0,4
BRDA:97,16,0,2
BRDA:104,17,0,2
BRDA:105,18,0,4
BRDA:74,19,0,2
BRDA:109,20,0,24
BRDA:109,21,0,12
BRDA:123,22,0,2
BRDA:124,23,0,1
BRDA:125,24,0,0
BRDA:130,25,0,0
BRF:26
BRH:22
end_of_record
