{"total": {"lines":{"total":3804,"covered":3343,"skipped":0,"pct":87.88},"statements":{"total":3804,"covered":3343,"skipped":0,"pct":87.88},"functions":{"total":197,"covered":192,"skipped":0,"pct":97.46},"branches":{"total":1042,"covered":833,"skipped":0,"pct":79.94},"branchesTrue":{"total":0,"covered":0,"skipped":0,"pct":100}}
,"/mnt/Travail/Projets/Dev/bmad-custom/grimoire-kit/apps/grimoire-game/src/bridge/adapter-grimoire.ts": {"lines":{"total":657,"covered":528,"skipped":0,"pct":80.36},"functions":{"total":21,"covered":21,"skipped":0,"pct":100},"statements":{"total":657,"covered":528,"skipped":0,"pct":80.36},"branches":{"total":118,"covered":88,"skipped":0,"pct":74.57}}
,"/mnt/Travail/Projets/Dev/bmad-custom/grimoire-kit/apps/grimoire-game/src/bridge/agent-adapter.ts": {"lines":{"total":363,"covered":295,"skipped":0,"pct":81.26},"functions":{"total":19,"covered":19,"skipped":0,"pct":100},"statements":{"total":363,"covered":295,"skipped":0,"pct":81.26},"branches":{"total":65,"covered":47,"skipped":0,"pct":72.3}}
,"/mnt/Travail/Projets/Dev/bmad-custom/grimoire-kit/apps/grimoire-game/src/bridge/runtime-source-fs.ts": {"lines":{"total":613,"covered":498,"skipped":0,"pct":81.23},"functions":{"total":28,"covered":26,"skipped":0,"pct":92.85},"statements":{"total":613,"covered":498,"skipped":0,"pct":81.23},"branches":{"total":153,"covered":111,"skipped":0,"pct":72.54}}
,"/mnt/Travail/Projets/Dev/bmad-custom/grimoire-kit/apps/grimoire-game/src/contracts/events.ts": {"lines":{"total":189,"covered":179,"skipped":0,"pct":94.7},"functions":{"total":17,"covered":14,"skipped":0,"pct":82.35},"statements":{"total":189,"covered":179,"skipped":0,"pct":94.7},"branches":{"total":26,"covered":25,"skipped":0,"pct":96.15}}
,"/mnt/Travail/Projets/Dev/bmad-custom/grimoire-kit/apps/grimoire-game/src/contracts/schemas.ts": {"lines":{"total":178,"covered":178,"skipped":0,"pct":100},"functions":{"total":0,"covered":0,"skipped":0,"pct":100},"statements":{"total":178,"covered":178,"skipped":0,"pct":100},"branches":{"total":1,"covered":1,"skipped":0,"pct":100}}
,"/mnt/Travail/Projets/Dev/bmad-custom/grimoire-kit/apps/grimoire-game/src/server/auth/rbac.ts": {"lines":{"total":55,"covered":55,"skipped":0,"pct":100},"functions":{"total":6,"covered":6,"skipped":0,"pct":100},"statements":{"total":55,"covered":55,"skipped":0,"pct":100},"branches":{"total":18,"covered":17,"skipped":0,"pct":94.44}}
,"/mnt/Travail/Projets/Dev/bmad-custom/grimoire-kit/apps/grimoire-game/src/server/auth/token-registry.ts": {"lines":{"total":96,"covered":96,"skipped":0,"pct":100},"functions":{"total":9,"covered":9,"skipped":0,"pct":100},"statements":{"total":96,"covered":96,"skipped":0,"pct":100},"branches":{"total":25,"covered":25,"skipped":0,"pct":100}}
,"/mnt/Travail/Projets/Dev/bmad-custom/grimoire-kit/apps/grimoire-game/src/state/audit-view.ts": {"lines":{"total":298,"covered":281,"skipped":0,"pct":94.29},"functions":{"total":23,"covered":23,"skipped":0,"pct":100},"statements":{"total":298,"covered":281,"skipped":0,"pct":94.29},"branches":{"total":137,"covered":108,"skipped":0,"pct":78.83}}
,"/mnt/Travail/Projets/Dev/bmad-custom/grimoire-kit/apps/grimoire-game/src/state/board-view.ts": {"lines":{"total":479,"covered":430,"skipped":0,"pct":89.77},"functions":{"total":25,"covered":25,"skipped":0,"pct":100},"statements":{"total":479,"covered":430,"skipped":0,"pct":89.77},"branches":{"total":181,"covered":149,"skipped":0,"pct":82.32}}
,"/mnt/Travail/Projets/Dev/bmad-custom/grimoire-kit/apps/grimoire-game/src/state/collaboration-view.ts": {"lines":{"total":341,"covered":301,"skipped":0,"pct":88.26},"functions":{"total":19,"covered":19,"skipped":0,"pct":100},"statements":{"total":341,"covered":301,"skipped":0,"pct":88.26},"branches":{"total":118,"covered":93,"skipped":0,"pct":78.81}}
,"/mnt/Travail/Projets/Dev/bmad-custom/grimoire-kit/apps/grimoire-game/src/state/game-state.ts": {"lines":{"total":122,"covered":116,"skipped":0,"pct":95.08},"functions":{"total":5,"covered":5,"skipped":0,"pct":100},"statements":{"total":122,"covered":116,"skipped":0,"pct":95.08},"branches":{"total":37,"covered":35,"skipped":0,"pct":94.59}}
,"/mnt/Travail/Projets/Dev/bmad-custom/grimoire-kit/apps/grimoire-game/src/state/session-view.ts": {"lines":{"total":191,"covered":174,"skipped":0,"pct":91.09},"functions":{"total":13,"covered":13,"skipped":0,"pct":100},"statements":{"total":191,"covered":174,"skipped":0,"pct":91.09},"branches":{"total":75,"covered":57,"skipped":0,"pct":76}}
,"/mnt/Travail/Projets/Dev/bmad-custom/grimoire-kit/apps/grimoire-game/src/state/task-view.ts": {"lines":{"total":131,"covered":126,"skipped":0,"pct":96.18},"functions":{"total":8,"covered":8,"skipped":0,"pct":100},"statements":{"total":131,"covered":126,"skipped":0,"pct":96.18},"branches":{"total":62,"covered":55,"skipped":0,"pct":88.7}}
,"/mnt/Travail/Projets/Dev/bmad-custom/grimoire-kit/apps/grimoire-game/src/state/verification-view.ts": {"lines":{"total":91,"covered":86,"skipped":0,"pct":94.5},"functions":{"total":4,"covered":4,"skipped":0,"pct":100},"statements":{"total":91,"covered":86,"skipped":0,"pct":94.5},"branches":{"total":26,"covered":22,"skipped":0,"pct":84.61}}
}
