TN:
SF:src/bridge/adapter-grimoire.ts
FN:113,<instance_members_initializer>
FN:119,AdapterGrimoire
FN:121,getInitialSnapshot
FN:136,reconnect
FN:177,handleClientEvent
FN:212,buildSnapshot
FN:276,applyConfigUpdate
FN:377,applyTaskTransition
FN:506,applyTaskAssign
FN:609,applyAgentStatusUpdate
FN:738,getAuditLog
FN:742,createRuntimeError
FN:767,allocateSequenceId
FN:773,syncMaxSequenceId
FN:777,recordAudit
FN:782,isAllowedConfigMutationKey
FN:786,mutationCacheKey
FN:790,isAllowedTaskTransitionStatus
FN:794,isAllowedTaskStatusTransition
FN:798,isAllowedAgentStatusUpdateStatus
FN:802,isAllowedAgentStatusTransition
FNF:21
FNH:21
FNDA:27,<instance_members_initializer>
FNDA:27,AdapterGrimoire
FNDA:3,getInitialSnapshot
FNDA:9,reconnect
FNDA:26,handleClientEvent
FNDA:29,buildSnapshot
FNDA:8,applyConfigUpdate
FNDA:7,applyTaskTransition
FNDA:5,applyTaskAssign
FNDA:5,applyAgentStatusUpdate
FNDA:14,getAuditLog
FNDA:12,createRuntimeError
FNDA:12,allocateSequenceId
FNDA:62,syncMaxSequenceId
FNDA:43,recordAudit
FNDA:8,isAllowedConfigMutationKey
FNDA:33,mutationCacheKey
FNDA:7,isAllowedTaskTransitionStatus
FNDA:4,isAllowedTaskStatusTransition
FNDA:5,isAllowedAgentStatusUpdateStatus
FNDA:3,isAllowedAgentStatusTransition
DA:1,1
DA:13,1
DA:84,1
DA:85,1
DA:86,1
DA:87,1
DA:88,1
DA:89,1
DA:90,1
DA:91,1
DA:92,1
DA:94,1
DA:96,1
DA:98,1
DA:99,1
DA:100,1
DA:101,1
DA:102,1
DA:103,1
DA:104,1
DA:106,1
DA:107,1
DA:108,1
DA:109,1
DA:110,1
DA:111,1
DA:113,1
DA:114,27
DA:115,27
DA:116,27
DA:117,27
DA:119,27
DA:121,27
DA:122,3
DA:123,3
DA:124,3
DA:125,3
DA:126,3
DA:127,3
DA:128,3
DA:129,3
DA:130,3
DA:131,3
DA:132,3
DA:133,3
DA:134,3
DA:136,27
DA:137,9
DA:138,9
DA:140,9
DA:141,8
DA:142,8
DA:143,8
DA:144,8
DA:145,8
DA:146,8
DA:147,8
DA:148,8
DA:149,8
DA:150,8
DA:151,8
DA:152,8
DA:153,8
DA:154,8
DA:156,1
DA:157,9
DA:158,0
DA:159,0
DA:160,0
DA:161,0
DA:162,0
DA:163,0
DA:164,0
DA:165,0
DA:166,0
DA:167,0
DA:168,0
DA:169,0
DA:171,1
DA:172,1
DA:174,0
DA:175,9
DA:177,27
DA:178,26
DA:180,26
DA:181,1
DA:182,1
DA:183,1
DA:184,1
DA:185,1
DA:186,1
DA:187,1
DA:188,1
DA:189,1
DA:190,1
DA:191,1
DA:193,26
DA:194,0
DA:195,0
DA:197,26
DA:198,8
DA:199,8
DA:201,26
DA:202,7
DA:203,7
DA:205,26
DA:206,5
DA:207,5
DA:209,5
DA:210,26
DA:212,27
DA:213,29
DA:214,28
DA:215,28
DA:216,28
DA:217,28
DA:218,28
DA:219,28
DA:220,32
DA:221,32
DA:222,32
DA:223,32
DA:224,32
DA:225,32
DA:226,32
DA:227,32
DA:228,28
DA:229,28
DA:230,28
DA:231,28
DA:232,28
DA:233,2
DA:234,2
DA:235,28
DA:236,28
DA:237,28
DA:238,8
DA:239,8
DA:240,28
DA:241,28
DA:242,28
DA:243,28
DA:244,28
DA:246,24
DA:247,0
DA:248,0
DA:250,1
DA:251,29
DA:253,0
DA:254,0
DA:255,0
DA:256,0
DA:257,0
DA:258,1
DA:259,1
DA:260,1
DA:261,1
DA:262,1
DA:263,1
DA:264,1
DA:265,1
DA:266,0
DA:267,0
DA:268,0
DA:269,0
DA:270,0
DA:271,0
DA:272,0
DA:273,0
DA:274,29
DA:276,27
DA:277,8
DA:278,8
DA:279,8
DA:280,8
DA:281,1
DA:282,1
DA:283,1
DA:284,1
DA:285,1
DA:286,1
DA:287,1
DA:288,1
DA:289,1
DA:290,1
DA:291,1
DA:292,1
DA:293,1
DA:294,1
DA:295,1
DA:296,1
DA:297,1
DA:299,7
DA:300,8
DA:301,1
DA:302,1
DA:303,1
DA:304,1
DA:305,1
DA:306,1
DA:307,1
DA:308,1
DA:309,1
DA:310,1
DA:311,1
DA:312,1
DA:313,1
DA:315,8
DA:316,2
DA:317,2
DA:318,2
DA:319,2
DA:320,2
DA:321,2
DA:322,2
DA:323,2
DA:324,2
DA:326,4
DA:327,4
DA:328,4
DA:329,4
DA:330,4
DA:331,4
DA:332,4
DA:333,4
DA:334,4
DA:335,8
DA:336,1
DA:337,1
DA:338,1
DA:339,1
DA:340,1
DA:341,1
DA:342,1
DA:343,1
DA:344,1
DA:345,1
DA:346,1
DA:347,1
DA:348,1
DA:349,1
DA:350,1
DA:351,1
DA:352,1
DA:353,1
DA:355,3
DA:357,3
DA:358,3
DA:359,3
DA:360,3
DA:361,3
DA:362,3
DA:363,3
DA:364,3
DA:365,3
DA:366,3
DA:367,3
DA:368,3
DA:369,3
DA:370,3
DA:371,3
DA:372,3
DA:373,3
DA:374,3
DA:375,8
DA:377,27
DA:378,7
DA:379,7
DA:380,7
DA:381,7
DA:382,1
DA:383,1
DA:384,1
DA:385,1
DA:386,1
DA:387,1
DA:388,1
DA:389,1
DA:390,1
DA:391,1
DA:392,1
DA:393,1
DA:394,1
DA:395,1
DA:396,1
DA:397,1
DA:398,1
DA:400,6
DA:401,7
DA:402,1
DA:403,1
DA:404,1
DA:405,1
DA:406,1
DA:407,1
DA:408,1
DA:409,1
DA:410,1
DA:411,1
DA:412,1
DA:413,1
DA:414,1
DA:416,5
DA:417,5
DA:419,7
DA:420,1
DA:421,1
DA:422,1
DA:423,1
DA:425,7
DA:426,1
DA:427,1
DA:428,1
DA:429,1
DA:430,1
DA:431,1
DA:432,1
DA:433,1
DA:434,1
DA:435,1
DA:436,1
DA:437,1
DA:438,1
DA:439,1
DA:440,1
DA:441,1
DA:442,1
DA:444,7
DA:445,0
DA:446,0
DA:447,0
DA:448,0
DA:449,0
DA:450,0
DA:451,0
DA:452,0
DA:453,0
DA:455,3
DA:456,3
DA:457,3
DA:458,3
DA:459,3
DA:460,3
DA:461,3
DA:462,3
DA:463,3
DA:464,7
DA:465,0
DA:466,0
DA:467,0
DA:468,0
DA:469,0
DA:470,0
DA:471,0
DA:472,0
DA:473,0
DA:474,0
DA:475,0
DA:476,0
DA:477,0
DA:478,0
DA:479,0
DA:480,0
DA:481,0
DA:482,0
DA:484,3
DA:486,3
DA:487,3
DA:488,3
DA:489,3
DA:490,3
DA:491,3
DA:492,3
DA:493,3
DA:494,3
DA:495,3
DA:496,3
DA:497,3
DA:498,3
DA:499,3
DA:500,3
DA:501,3
DA:502,3
DA:503,3
DA:504,7
DA:506,27
DA:507,5
DA:508,5
DA:509,5
DA:510,5
DA:511,5
DA:512,1
DA:513,1
DA:514,1
DA:515,1
DA:516,1
DA:517,1
DA:518,1
DA:519,1
DA:520,1
DA:521,1
DA:522,1
DA:523,1
DA:524,1
DA:526,4
DA:527,4
DA:529,5
DA:530,1
DA:531,1
DA:532,1
DA:533,1
DA:535,3
DA:536,5
DA:537,1
DA:538,1
DA:539,1
DA:540,1
DA:541,1
DA:542,1
DA:543,1
DA:544,1
DA:545,1
DA:547,5
DA:548,0
DA:549,0
DA:550,0
DA:551,0
DA:552,0
DA:553,0
DA:554,0
DA:555,0
DA:556,0
DA:558,2
DA:559,2
DA:560,2
DA:561,2
DA:562,2
DA:563,2
DA:564,2
DA:565,2
DA:566,2
DA:567,5
DA:568,0
DA:569,0
DA:570,0
DA:571,0
DA:572,0
DA:573,0
DA:574,0
DA:575,0
DA:576,0
DA:577,0
DA:578,0
DA:579,0
DA:580,0
DA:581,0
DA:582,0
DA:583,0
DA:584,0
DA:585,0
DA:587,2
DA:589,2
DA:590,2
DA:591,2
DA:592,2
DA:593,2
DA:594,2
DA:595,2
DA:596,2
DA:597,2
DA:598,2
DA:599,2
DA:600,2
DA:601,2
DA:602,2
DA:603,2
DA:604,2
DA:605,2
DA:606,2
DA:607,5
DA:609,27
DA:610,5
DA:611,5
DA:612,5
DA:613,5
DA:614,0
DA:615,0
DA:616,0
DA:617,0
DA:618,0
DA:619,0
DA:620,0
DA:621,0
DA:622,0
DA:623,0
DA:624,0
DA:625,0
DA:626,0
DA:627,0
DA:628,0
DA:629,0
DA:630,0
DA:632,5
DA:633,5
DA:634,1
DA:635,1
DA:636,1
DA:637,1
DA:638,1
DA:639,1
DA:640,1
DA:641,1
DA:642,1
DA:643,1
DA:644,1
DA:645,1
DA:646,1
DA:648,4
DA:649,4
DA:651,5
DA:652,1
DA:653,1
DA:654,1
DA:655,1
DA:657,5
DA:658,1
DA:659,1
DA:660,1
DA:661,1
DA:662,1
DA:663,1
DA:664,1
DA:665,1
DA:666,1
DA:667,1
DA:668,1
DA:669,1
DA:670,1
DA:671,1
DA:672,1
DA:673,1
DA:674,1
DA:676,5
DA:677,0
DA:678,0
DA:679,0
DA:680,0
DA:681,0
DA:682,0
DA:683,0
DA:684,0
DA:685,0
DA:687,2
DA:688,2
DA:689,2
DA:690,2
DA:691,2
DA:692,2
DA:693,2
DA:694,2
DA:695,2
DA:696,5
DA:697,0
DA:698,0
DA:699,0
DA:700,0
DA:701,0
DA:702,0
DA:703,0
DA:704,0
DA:705,0
DA:706,0
DA:707,0
DA:708,0
DA:709,0
DA:710,0
DA:711,0
DA:712,0
DA:713,0
DA:714,0
DA:716,2
DA:718,2
DA:719,2
DA:720,2
DA:721,2
DA:722,2
DA:723,2
DA:724,2
DA:725,2
DA:726,2
DA:727,2
DA:728,2
DA:729,2
DA:730,2
DA:731,2
DA:732,2
DA:733,2
DA:734,2
DA:735,2
DA:736,5
DA:738,27
DA:739,14
DA:740,14
DA:742,27
DA:743,12
DA:744,12
DA:745,12
DA:746,12
DA:747,12
DA:748,12
DA:749,12
DA:750,12
DA:751,12
DA:752,12
DA:753,12
DA:754,12
DA:755,12
DA:756,0
DA:757,12
DA:758,12
DA:759,12
DA:760,12
DA:761,12
DA:762,12
DA:763,12
DA:764,12
DA:765,12
DA:767,27
DA:768,12
DA:769,12
DA:770,12
DA:771,12
DA:773,27
DA:774,62
DA:775,62
DA:777,27
DA:778,43
DA:779,43
DA:780,27
DA:782,8
DA:783,8
DA:784,8
DA:786,33
DA:787,33
DA:788,33
DA:790,7
DA:791,7
DA:792,7
DA:794,4
DA:795,4
DA:796,4
DA:798,5
DA:799,5
DA:800,5
DA:802,3
DA:803,3
DA:804,3
LF:657
LH:528
BRDA:113,0,0,27
BRDA:119,1,0,27
BRDA:121,2,0,3
BRDA:136,3,0,9
BRDA:140,4,0,8
BRDA:150,5,0,0
BRDA:154,6,0,1
BRDA:157,7,0,2
BRDA:157,8,0,0
BRDA:169,9,0,1
BRDA:172,10,0,0
BRDA:177,11,0,26
BRDA:180,12,0,1
BRDA:188,13,0,0
BRDA:190,14,0,0
BRDA:191,15,0,25
BRDA:193,16,0,0
BRDA:195,17,0,25
BRDA:197,18,0,8
BRDA:199,19,0,17
BRDA:201,20,0,7
BRDA:203,21,0,10
BRDA:205,22,0,5
BRDA:212,23,0,29
BRDA:213,24,0,28
BRDA:217,25,0,0
BRDA:218,26,0,0
BRDA:229,27,0,0
BRDA:230,28,0,0
BRDA:232,29,0,27
BRDA:235,30,0,1
BRDA:237,31,0,27
BRDA:240,32,0,1
BRDA:244,33,0,24
BRDA:244,34,0,1
BRDA:246,35,0,0
BRDA:248,36,0,1
BRDA:251,37,0,0
BRDA:251,38,0,0
BRDA:219,39,0,32
BRDA:226,40,0,0
BRDA:227,41,0,6
BRDA:227,42,0,26
BRDA:229,43,0,11
BRDA:232,44,0,2
BRDA:237,45,0,8
BRDA:257,46,0,1
BRDA:264,47,0,0
BRDA:265,48,0,0
BRDA:276,49,0,8
BRDA:280,50,0,1
BRDA:297,51,0,7
BRDA:300,52,0,1
BRDA:309,53,0,0
BRDA:313,54,0,6
BRDA:315,55,0,2
BRDA:324,56,0,4
BRDA:334,57,0,3
BRDA:335,58,0,1
BRDA:336,59,0,0
BRDA:353,60,0,3
BRDA:377,61,0,7
BRDA:381,62,0,1
BRDA:398,63,0,6
BRDA:401,64,0,1
BRDA:410,65,0,0
BRDA:414,66,0,5
BRDA:419,67,0,1
BRDA:423,68,0,4
BRDA:425,69,0,1
BRDA:442,70,0,3
BRDA:444,71,0,0
BRDA:453,72,0,3
BRDA:464,73,0,0
BRDA:482,74,0,3
BRDA:417,75,0,4
BRDA:506,76,0,5
BRDA:511,77,0,1
BRDA:520,78,0,0
BRDA:524,79,0,4
BRDA:529,80,0,1
BRDA:533,81,0,3
BRDA:536,82,0,2
BRDA:536,83,0,1
BRDA:547,84,0,0
BRDA:556,85,0,2
BRDA:567,86,0,0
BRDA:585,87,0,2
BRDA:527,88,0,3
BRDA:535,89,0,5
BRDA:609,90,0,5
BRDA:613,91,0,0
BRDA:633,92,0,1
BRDA:642,93,0,0
BRDA:646,94,0,4
BRDA:651,95,0,1
BRDA:655,96,0,3
BRDA:657,97,0,2
BRDA:657,98,0,1
BRDA:676,99,0,0
BRDA:685,100,0,2
BRDA:696,101,0,0
BRDA:714,102,0,2
BRDA:649,103,0,4
BRDA:738,104,0,14
BRDA:742,105,0,12
BRDA:754,106,0,0
BRDA:755,107,0,0
BRDA:767,108,0,12
BRDA:773,109,0,62
BRDA:777,110,0,43
BRDA:782,111,0,8
BRDA:783,112,0,15
BRDA:786,113,0,33
BRDA:790,114,0,7
BRDA:794,115,0,4
BRDA:798,116,0,5
BRDA:802,117,0,3
BRF:118
BRH:88
end_of_record
TN:
SF:src/bridge/agent-adapter.ts
FN:44,cloneJsonValue
FN:48,cloneSnapshot
FN:76,<instance_members_initializer>
FN:85,MockAgentAdapter
FN:90,getInitialSnapshot
FN:101,reconnect
FN:126,handleClientEvent
FN:161,getAuditLog
FN:165,emitAgentState
FN:186,applyConfigUpdate
FN:231,applyTaskTransition
FN:285,applyTaskAssign
FN:344,applyAgentStatusUpdate
FN:420,allocateSequenceId
FN:426,recordError
FN:444,recordAudit
FN:449,mutationCacheKey
FN:453,isAllowedAgentStatusUpdateStatus
FN:457,isAllowedAgentStatusTransition
FNF:19
FNH:19
FNDA:8,cloneJsonValue
FNDA:26,cloneSnapshot
FNDA:12,<instance_members_initializer>
FNDA:12,MockAgentAdapter
FNDA:3,getInitialSnapshot
FNDA:2,reconnect
FNDA:15,handleClientEvent
FNDA:13,getAuditLog
FNDA:1,emitAgentState
FNDA:4,applyConfigUpdate
FNDA:2,applyTaskTransition
FNDA:1,applyTaskAssign
FNDA:1,applyAgentStatusUpdate
FNDA:13,allocateSequenceId
FNDA:5,recordError
FNDA:22,recordAudit
FNDA:15,mutationCacheKey
FNDA:1,isAllowedAgentStatusUpdateStatus
FNDA:1,isAllowedAgentStatusTransition
DA:1,1
DA:12,1
DA:44,8
DA:45,8
DA:46,8
DA:48,26
DA:49,26
DA:50,26
DA:51,26
DA:52,26
DA:53,26
DA:54,0
DA:55,0
DA:56,26
DA:57,26
DA:58,0
DA:59,0
DA:60,26
DA:61,26
DA:62,26
DA:63,26
DA:64,26
DA:65,26
DA:67,1
DA:69,1
DA:70,1
DA:71,1
DA:72,1
DA:73,1
DA:74,1
DA:76,1
DA:77,12
DA:79,12
DA:80,12
DA:81,12
DA:82,12
DA:83,12
DA:85,12
DA:86,12
DA:87,12
DA:88,12
DA:90,12
DA:91,3
DA:92,3
DA:93,3
DA:94,3
DA:95,3
DA:96,3
DA:97,3
DA:98,3
DA:99,3
DA:101,12
DA:102,2
DA:103,1
DA:104,1
DA:106,1
DA:108,1
DA:109,1
DA:110,1
DA:111,1
DA:112,1
DA:113,1
DA:114,1
DA:115,1
DA:116,1
DA:117,1
DA:119,0
DA:120,0
DA:121,0
DA:123,0
DA:124,2
DA:126,12
DA:127,15
DA:129,15
DA:130,5
DA:131,5
DA:132,5
DA:133,5
DA:134,5
DA:135,5
DA:136,5
DA:137,5
DA:138,5
DA:139,5
DA:140,5
DA:142,10
DA:143,2
DA:144,2
DA:146,9
DA:147,4
DA:148,4
DA:150,5
DA:151,2
DA:152,2
DA:154,4
DA:155,1
DA:156,1
DA:158,1
DA:159,15
DA:161,12
DA:162,13
DA:163,13
DA:165,12
DA:166,1
DA:167,1
DA:168,1
DA:169,1
DA:170,1
DA:171,1
DA:172,1
DA:173,1
DA:175,1
DA:176,1
DA:177,1
DA:178,1
DA:179,1
DA:180,1
DA:181,1
DA:183,1
DA:184,1
DA:186,12
DA:187,4
DA:189,4
DA:190,1
DA:191,1
DA:192,1
DA:193,1
DA:194,1
DA:195,1
DA:196,1
DA:197,1
DA:198,1
DA:199,1
DA:200,1
DA:202,3
DA:203,3
DA:204,3
DA:205,3
DA:206,3
DA:207,3
DA:208,3
DA:209,3
DA:210,3
DA:211,3
DA:212,3
DA:213,3
DA:214,3
DA:216,3
DA:217,3
DA:218,3
DA:219,3
DA:220,3
DA:221,3
DA:222,3
DA:223,3
DA:224,3
DA:225,3
DA:226,3
DA:228,3
DA:229,4
DA:231,12
DA:232,2
DA:234,2
DA:235,0
DA:236,0
DA:237,0
DA:238,0
DA:239,0
DA:240,0
DA:241,0
DA:242,0
DA:243,0
DA:244,0
DA:245,0
DA:247,2
DA:248,2
DA:249,0
DA:250,0
DA:252,2
DA:253,2
DA:254,2
DA:255,2
DA:256,2
DA:257,2
DA:258,2
DA:259,2
DA:260,2
DA:261,2
DA:262,2
DA:263,2
DA:264,0
DA:265,2
DA:266,2
DA:267,2
DA:268,2
DA:270,2
DA:271,2
DA:272,2
DA:273,2
DA:274,2
DA:275,2
DA:276,2
DA:277,2
DA:278,2
DA:279,2
DA:280,2
DA:282,2
DA:283,2
DA:285,12
DA:286,1
DA:288,1
DA:289,0
DA:290,0
DA:291,0
DA:292,0
DA:293,0
DA:294,0
DA:295,0
DA:296,0
DA:297,0
DA:298,0
DA:299,0
DA:301,1
DA:302,1
DA:303,0
DA:304,0
DA:306,1
DA:307,1
DA:308,0
DA:309,0
DA:311,1
DA:312,1
DA:313,1
DA:314,1
DA:315,1
DA:316,1
DA:317,1
DA:318,1
DA:319,1
DA:320,1
DA:321,1
DA:322,1
DA:323,0
DA:324,1
DA:325,1
DA:326,1
DA:327,1
DA:329,1
DA:330,1
DA:331,1
DA:332,1
DA:333,1
DA:334,1
DA:335,1
DA:336,1
DA:337,1
DA:338,1
DA:339,1
DA:341,1
DA:342,1
DA:344,12
DA:345,1
DA:346,1
DA:347,1
DA:348,0
DA:349,0
DA:350,0
DA:351,0
DA:352,0
DA:353,0
DA:354,0
DA:355,0
DA:357,1
DA:359,1
DA:360,0
DA:361,0
DA:362,0
DA:363,0
DA:364,0
DA:365,0
DA:366,0
DA:367,0
DA:368,0
DA:369,0
DA:370,0
DA:372,1
DA:373,1
DA:374,0
DA:375,0
DA:377,1
DA:378,0
DA:379,0
DA:380,0
DA:381,0
DA:382,0
DA:383,0
DA:384,0
DA:385,0
DA:387,1
DA:388,1
DA:389,1
DA:390,1
DA:391,1
DA:392,1
DA:393,1
DA:394,1
DA:395,1
DA:396,1
DA:397,1
DA:398,1
DA:399,0
DA:400,1
DA:401,1
DA:402,1
DA:403,1
DA:405,1
DA:406,1
DA:407,1
DA:408,1
DA:409,1
DA:410,1
DA:411,1
DA:412,1
DA:413,1
DA:414,1
DA:415,1
DA:417,1
DA:418,1
DA:420,12
DA:421,13
DA:422,13
DA:423,13
DA:424,13
DA:426,12
DA:427,5
DA:428,5
DA:429,5
DA:430,5
DA:431,5
DA:432,5
DA:433,5
DA:434,5
DA:435,5
DA:436,5
DA:437,5
DA:438,5
DA:439,5
DA:440,5
DA:441,5
DA:442,5
DA:444,12
DA:445,22
DA:446,22
DA:447,12
DA:449,15
DA:450,15
DA:451,15
DA:453,1
DA:454,1
DA:455,1
DA:457,1
DA:458,1
DA:459,1
LF:363
LH:295
BRDA:44,0,0,8
BRDA:48,1,0,26
BRDA:51,2,0,15
BRDA:52,3,0,11
BRDA:62,4,0,5
BRDA:76,5,0,12
BRDA:85,6,0,12
BRDA:90,7,0,3
BRDA:101,8,0,2
BRDA:102,9,0,1
BRDA:113,10,0,0
BRDA:117,11,0,0
BRDA:106,12,0,1
BRDA:126,13,0,15
BRDA:129,14,0,10
BRDA:129,15,0,5
BRDA:137,16,0,0
BRDA:139,17,0,0
BRDA:142,18,0,2
BRDA:144,19,0,9
BRDA:144,20,0,8
BRDA:146,21,0,4
BRDA:148,22,0,8
BRDA:148,23,0,5
BRDA:148,24,0,4
BRDA:150,25,0,2
BRDA:152,26,0,4
BRDA:152,27,0,2
BRDA:154,28,0,1
BRDA:161,29,0,13
BRDA:165,30,0,1
BRDA:180,31,0,1
BRDA:186,32,0,4
BRDA:189,33,0,1
BRDA:196,34,0,0
BRDA:200,35,0,3
BRDA:231,36,0,2
BRDA:234,37,0,0
BRDA:248,38,0,0
BRDA:247,39,0,2
BRDA:258,40,0,2
BRDA:263,41,0,0
BRDA:285,42,0,1
BRDA:288,43,0,0
BRDA:302,44,0,0
BRDA:307,45,0,0
BRDA:301,46,0,1
BRDA:306,47,0,2
BRDA:317,48,0,1
BRDA:322,49,0,0
BRDA:344,50,0,1
BRDA:347,51,0,0
BRDA:359,52,0,0
BRDA:373,53,0,0
BRDA:377,54,0,0
BRDA:372,55,0,1
BRDA:393,56,0,1
BRDA:398,57,0,0
BRDA:420,58,0,13
BRDA:426,59,0,5
BRDA:437,60,0,0
BRDA:444,61,0,22
BRDA:449,62,0,15
BRDA:453,63,0,1
BRDA:457,64,0,1
BRF:65
BRH:47
end_of_record
TN:
SF:src/bridge/runtime-source-fs.ts
FN:84,<instance_members_initializer>
FN:90,FileSystemGrimoireRuntimeSource
FN:95,readAgents
FN:103,readConfig
FN:110,readSnapshot
FN:141,readEventsSince
FN:227,applyConfigUpdate
FN:254,applyTaskTransition
FN:291,applyTaskAssign
FN:333,applyAgentStatusUpdate
FN:379,ensureRuntimeSnapshot
FN:409,buildProjection
FN:420,readEventLogEntries
FN:432,createEmptyProjection
FN:444,parseEventLogEntry
FN:454,applyEntryToProjection
FN:513,appendRecent
FN:517,cloneJsonValue
FN:521,cloneSnapshot
FN:543,parseAgentIdentity
FN:559,normalizeKind
FN:567,ensureAgentRecord
FN:588,applyTaskUpdate
FN:615,inferToolCall
FN:647,inferWorkflowStep
FN:731,toJsonPayload
FN:735,toAgentPresence
FN:755,isAllowedAgentStatusTransition
FNF:28
FNH:26
FNDA:9,<instance_members_initializer>
FNDA:9,FileSystemGrimoireRuntimeSource
FNDA:0,readAgents
FNDA:0,readConfig
FNDA:9,readSnapshot
FNDA:7,readEventsSince
FNDA:1,applyConfigUpdate
FNDA:1,applyTaskTransition
FNDA:1,applyTaskAssign
FNDA:1,applyAgentStatusUpdate
FNDA:4,ensureRuntimeSnapshot
FNDA:9,buildProjection
FNDA:16,readEventLogEntries
FNDA:16,createEmptyProjection
FNDA:25,parseEventLogEntry
FNDA:25,applyEntryToProjection
FNDA:25,appendRecent
FNDA:5,cloneJsonValue
FNDA:12,cloneSnapshot
FNDA:25,parseAgentIdentity
FNDA:25,normalizeKind
FNDA:25,ensureAgentRecord
FNDA:25,applyTaskUpdate
FNDA:25,inferToolCall
FNDA:25,inferWorkflowStep
FNDA:25,toJsonPayload
FNDA:4,toAgentPresence
FNDA:1,isAllowedAgentStatusTransition
DA:1,1
DA:3,1
DA:58,1
DA:59,1
DA:60,1
DA:61,1
DA:62,1
DA:63,1
DA:64,1
DA:65,1
DA:66,1
DA:67,1
DA:69,1
DA:70,1
DA:71,1
DA:72,1
DA:73,1
DA:74,1
DA:75,1
DA:76,1
DA:77,1
DA:78,1
DA:80,1
DA:81,1
DA:82,1
DA:84,1
DA:85,9
DA:86,9
DA:87,9
DA:88,9
DA:90,9
DA:91,9
DA:92,9
DA:93,9
DA:95,9
DA:96,0
DA:97,0
DA:98,0
DA:99,0
DA:100,0
DA:101,0
DA:103,9
DA:104,0
DA:105,0
DA:106,0
DA:107,0
DA:108,0
DA:110,9
DA:118,9
DA:119,9
DA:120,0
DA:121,0
DA:123,9
DA:124,9
DA:125,9
DA:126,9
DA:127,9
DA:128,9
DA:129,9
DA:130,9
DA:131,2
DA:132,2
DA:133,9
DA:134,9
DA:135,13
DA:136,13
DA:137,9
DA:138,9
DA:139,9
DA:141,9
DA:142,7
DA:143,7
DA:144,7
DA:145,7
DA:147,7
DA:148,10
DA:150,10
DA:151,6
DA:152,6
DA:154,10
DA:155,2
DA:156,2
DA:157,2
DA:158,2
DA:159,2
DA:160,2
DA:161,2
DA:162,2
DA:164,10
DA:165,1
DA:166,1
DA:167,1
DA:168,1
DA:169,1
DA:170,1
DA:171,1
DA:172,1
DA:174,1
DA:175,1
DA:176,1
DA:177,1
DA:178,1
DA:179,1
DA:180,1
DA:181,1
DA:182,1
DA:184,0
DA:185,0
DA:186,0
DA:187,0
DA:189,0
DA:190,0
DA:192,7
DA:194,7
DA:195,0
DA:196,0
DA:197,0
DA:198,0
DA:199,0
DA:200,0
DA:201,0
DA:202,0
DA:203,0
DA:204,0
DA:205,0
DA:206,0
DA:207,0
DA:208,0
DA:209,0
DA:210,0
DA:211,0
DA:212,0
DA:213,0
DA:214,0
DA:215,0
DA:216,0
DA:217,0
DA:219,7
DA:220,7
DA:221,3
DA:222,3
DA:224,4
DA:225,7
DA:227,9
DA:228,1
DA:229,1
DA:230,1
DA:231,1
DA:232,1
DA:233,1
DA:234,1
DA:235,1
DA:236,1
DA:237,1
DA:238,1
DA:239,1
DA:240,1
DA:241,1
DA:242,1
DA:244,1
DA:245,1
DA:247,1
DA:248,1
DA:249,1
DA:250,1
DA:251,1
DA:252,1
DA:254,9
DA:255,1
DA:256,1
DA:257,1
DA:258,1
DA:260,1
DA:261,0
DA:262,0
DA:264,1
DA:265,1
DA:266,1
DA:267,1
DA:268,1
DA:269,1
DA:270,1
DA:271,1
DA:272,1
DA:273,1
DA:274,1
DA:275,1
DA:276,0
DA:277,1
DA:278,1
DA:279,1
DA:281,1
DA:282,1
DA:284,1
DA:285,1
DA:286,1
DA:287,1
DA:288,1
DA:289,1
DA:291,9
DA:292,1
DA:293,1
DA:294,1
DA:295,1
DA:297,1
DA:298,0
DA:299,0
DA:301,1
DA:302,1
DA:303,0
DA:304,0
DA:306,1
DA:307,1
DA:308,1
DA:309,1
DA:310,1
DA:311,1
DA:312,1
DA:313,1
DA:314,1
DA:315,1
DA:316,1
DA:317,1
DA:318,0
DA:319,1
DA:320,1
DA:321,1
DA:323,1
DA:324,1
DA:326,1
DA:327,1
DA:328,1
DA:329,1
DA:330,1
DA:331,1
DA:333,9
DA:334,1
DA:335,1
DA:336,1
DA:337,1
DA:339,1
DA:340,0
DA:341,0
DA:343,1
DA:344,0
DA:345,0
DA:346,0
DA:347,0
DA:349,1
DA:350,1
DA:351,1
DA:352,1
DA:353,1
DA:354,1
DA:355,1
DA:356,1
DA:357,1
DA:358,1
DA:359,1
DA:360,1
DA:361,0
DA:362,0
DA:363,0
DA:364,0
DA:365,1
DA:366,1
DA:367,1
DA:369,1
DA:370,1
DA:372,1
DA:373,1
DA:374,1
DA:375,1
DA:376,1
DA:377,1
DA:379,9
DA:380,4
DA:381,0
DA:382,0
DA:384,4
DA:385,4
DA:386,4
DA:387,4
DA:388,4
DA:389,4
DA:390,5
DA:391,5
DA:392,4
DA:393,4
DA:394,4
DA:395,4
DA:396,4
DA:397,4
DA:398,0
DA:399,0
DA:400,4
DA:401,4
DA:402,5
DA:403,5
DA:404,4
DA:405,4
DA:406,4
DA:407,4
DA:409,9
DA:410,9
DA:411,9
DA:413,9
DA:414,15
DA:415,15
DA:417,9
DA:418,9
DA:420,9
DA:421,16
DA:423,16
DA:424,16
DA:425,16
DA:426,16
DA:427,16
DA:428,16
DA:429,16
DA:430,9
DA:432,16
DA:433,16
DA:434,16
DA:435,16
DA:436,16
DA:437,16
DA:438,16
DA:439,16
DA:440,16
DA:441,16
DA:442,16
DA:444,25
DA:445,25
DA:447,25
DA:448,0
DA:449,0
DA:451,25
DA:452,25
DA:454,25
DA:455,25
DA:456,25
DA:462,25
DA:463,25
DA:464,25
DA:466,25
DA:467,25
DA:468,25
DA:469,25
DA:470,25
DA:471,25
DA:472,25
DA:473,25
DA:474,25
DA:476,25
DA:477,25
DA:479,25
DA:480,3
DA:481,3
DA:482,3
DA:483,3
DA:484,3
DA:485,3
DA:486,3
DA:487,3
DA:488,3
DA:489,3
DA:490,3
DA:492,25
DA:493,22
DA:494,22
DA:495,22
DA:496,22
DA:497,22
DA:498,22
DA:499,22
DA:500,22
DA:501,22
DA:502,22
DA:503,22
DA:505,25
DA:506,25
DA:507,25
DA:508,25
DA:509,25
DA:510,25
DA:511,25
DA:513,25
DA:514,25
DA:515,25
DA:517,5
DA:518,5
DA:519,5
DA:521,12
DA:522,12
DA:523,12
DA:524,12
DA:525,15
DA:526,15
DA:527,12
DA:528,12
DA:529,12
DA:530,0
DA:531,0
DA:532,12
DA:533,12
DA:534,15
DA:535,15
DA:536,12
DA:537,12
DA:538,12
DA:539,12
DA:540,12
DA:541,12
DA:543,25
DA:544,25
DA:545,25
DA:546,25
DA:547,25
DA:548,25
DA:550,25
DA:551,25
DA:552,25
DA:553,25
DA:554,25
DA:555,25
DA:556,25
DA:557,25
DA:559,25
DA:560,25
DA:561,25
DA:562,4
DA:563,4
DA:564,25
DA:565,25
DA:567,25
DA:568,25
DA:569,25
DA:570,25
DA:571,25
DA:572,25
DA:573,3
DA:574,3
DA:576,22
DA:577,22
DA:578,22
DA:579,25
DA:580,25
DA:581,25
DA:582,25
DA:583,25
DA:584,25
DA:585,25
DA:586,25
DA:588,25
DA:589,25
DA:590,25
DA:591,25
DA:592,25
DA:593,25
DA:594,15
DA:595,15
DA:597,25
DA:598,25
DA:599,0
DA:600,0
DA:602,25
DA:603,25
DA:604,25
DA:605,25
DA:606,25
DA:607,25
DA:608,25
DA:609,25
DA:611,25
DA:612,25
DA:613,25
DA:615,25
DA:616,25
DA:617,25
DA:618,25
DA:619,0
DA:620,0
DA:621,0
DA:622,0
DA:623,0
DA:624,0
DA:625,0
DA:627,25
DA:628,25
DA:629,3
DA:630,3
DA:631,3
DA:632,3
DA:633,3
DA:634,3
DA:635,25
DA:636,0
DA:637,0
DA:638,0
DA:639,0
DA:640,0
DA:641,0
DA:642,25
DA:643,22
DA:644,25
DA:645,25
DA:647,25
DA:648,25
DA:649,25
DA:651,25
DA:652,25
DA:653,10
DA:654,10
DA:655,10
DA:656,10
DA:657,10
DA:658,10
DA:659,10
DA:660,10
DA:661,10
DA:662,25
DA:663,2
DA:664,2
DA:665,2
DA:666,2
DA:667,2
DA:668,2
DA:669,2
DA:670,2
DA:671,2
DA:672,2
DA:673,25
DA:674,0
DA:675,0
DA:676,0
DA:677,0
DA:678,0
DA:679,0
DA:680,0
DA:681,0
DA:682,0
DA:683,0
DA:684,0
DA:685,25
DA:686,0
DA:687,0
DA:688,0
DA:689,0
DA:690,0
DA:691,0
DA:692,0
DA:693,0
DA:694,0
DA:695,25
DA:696,0
DA:697,0
DA:698,0
DA:699,0
DA:700,0
DA:701,0
DA:702,0
DA:703,0
DA:704,0
DA:705,0
DA:706,25
DA:707,0
DA:708,0
DA:709,0
DA:710,0
DA:711,0
DA:712,0
DA:713,0
DA:714,0
DA:715,0
DA:716,0
DA:717,25
DA:718,13
DA:719,3
DA:720,10
DA:721,10
DA:722,10
DA:723,10
DA:724,10
DA:725,10
DA:726,10
DA:727,10
DA:728,25
DA:729,25
DA:731,25
DA:732,25
DA:733,25
DA:735,4
DA:736,4
DA:737,4
DA:738,4
DA:739,4
DA:740,4
DA:741,4
DA:742,4
DA:743,4
DA:744,4
DA:745,4
DA:746,4
DA:748,1
DA:749,1
DA:750,1
DA:751,1
DA:752,1
DA:753,1
DA:755,1
DA:756,1
DA:757,1
LF:613
LH:490
BRDA:84,0,0,9
BRDA:90,1,0,9
BRDA:92,2,0,7
BRDA:110,3,0,9
BRDA:119,4,0,0
BRDA:130,5,0,2
BRDA:134,6,0,13
BRDA:141,7,0,7
BRDA:147,8,0,10
BRDA:150,9,0,6
BRDA:152,10,0,4
BRDA:154,11,0,2
BRDA:158,12,0,0
BRDA:164,13,0,1
BRDA:168,14,0,0
BRDA:178,15,0,0
BRDA:182,16,0,0
BRDA:194,17,0,0
BRDA:194,18,0,0
BRDA:220,19,0,3
BRDA:222,20,0,4
BRDA:219,21,0,4
BRDA:227,22,0,1
BRDA:254,23,0,1
BRDA:260,24,0,0
BRDA:258,25,0,1
BRDA:270,26,0,1
BRDA:275,27,0,0
BRDA:291,28,0,1
BRDA:297,29,0,0
BRDA:302,30,0,0
BRDA:295,31,0,1
BRDA:301,32,0,2
BRDA:312,33,0,1
BRDA:317,34,0,0
BRDA:333,35,0,1
BRDA:339,36,0,0
BRDA:343,37,0,0
BRDA:337,38,0,1
BRDA:355,39,0,1
BRDA:360,40,0,0
BRDA:379,41,0,4
BRDA:380,42,0,0
BRDA:387,43,0,0
BRDA:388,44,0,0
BRDA:393,45,0,0
BRDA:395,46,0,0
BRDA:397,47,0,0
BRDA:401,48,0,0
BRDA:389,49,0,5
BRDA:393,50,0,2
BRDA:395,51,0,1
BRDA:401,52,0,5
BRDA:409,53,0,9
BRDA:413,54,0,15
BRDA:420,55,0,16
BRDA:425,56,0,41
BRDA:426,57,0,41
BRDA:428,58,0,9
BRDA:432,59,0,16
BRDA:444,60,0,25
BRDA:447,61,0,0
BRDA:454,62,0,25
BRDA:472,63,0,23
BRDA:472,64,0,2
BRDA:473,65,0,22
BRDA:473,66,0,3
BRDA:479,67,0,3
BRDA:492,68,0,22
BRDA:507,69,0,15
BRDA:507,70,0,10
BRDA:508,71,0,22
BRDA:508,72,0,3
BRDA:509,73,0,3
BRDA:509,74,0,22
BRDA:513,75,0,25
BRDA:517,76,0,5
BRDA:521,77,0,12
BRDA:524,78,0,15
BRDA:528,79,0,6
BRDA:533,80,0,15
BRDA:538,81,0,3
BRDA:543,82,0,25
BRDA:544,83,0,21
BRDA:544,84,0,4
BRDA:545,85,0,0
BRDA:546,86,0,0
BRDA:546,87,0,0
BRDA:548,88,0,0
BRDA:559,89,0,25
BRDA:561,90,0,4
BRDA:563,91,0,21
BRDA:564,92,0,0
BRDA:564,93,0,21
BRDA:567,94,0,25
BRDA:572,95,0,3
BRDA:574,96,0,22
BRDA:579,97,0,4
BRDA:579,98,0,18
BRDA:588,99,0,25
BRDA:593,100,0,15
BRDA:595,101,0,10
BRDA:597,102,0,10
BRDA:597,103,0,0
BRDA:598,104,0,0
BRDA:600,105,0,10
BRDA:602,106,0,10
BRDA:602,107,0,0
BRDA:603,108,0,2
BRDA:603,109,0,8
BRDA:615,110,0,25
BRDA:616,111,0,9
BRDA:616,112,0,16
BRDA:617,113,0,0
BRDA:618,114,0,0
BRDA:628,115,0,3
BRDA:633,116,0,0
BRDA:635,117,0,0
BRDA:642,118,0,22
BRDA:647,119,0,25
BRDA:648,120,0,10
BRDA:648,121,0,15
BRDA:649,122,0,9
BRDA:649,123,0,16
BRDA:652,124,0,10
BRDA:653,125,0,0
BRDA:658,126,0,8
BRDA:658,127,0,2
BRDA:662,128,0,2
BRDA:663,129,0,0
BRDA:664,130,0,0
BRDA:669,131,0,0
BRDA:673,132,0,0
BRDA:685,133,0,0
BRDA:695,134,0,0
BRDA:706,135,0,0
BRDA:717,136,0,13
BRDA:718,137,0,3
BRDA:719,138,0,10
BRDA:724,139,0,8
BRDA:724,140,0,2
BRDA:731,141,0,25
BRDA:732,142,0,0
BRDA:732,143,0,37
BRDA:735,144,0,4
BRDA:743,145,0,0
BRDA:744,146,0,3
BRDA:744,147,0,1
BRDA:755,148,0,1
BRF:149
BRH:104
end_of_record
TN:
SF:src/contracts/events.ts
FN:77,createProtocolTimestamp
FN:81,parseClientEvent
FN:85,parseServerEvent
FN:89,safeParseClientEvent
FN:93,safeParseServerEvent
FN:97,createReconnectHandshake
FN:106,createConfigUpdate
FN:122,createTaskTransition
FN:138,createTaskAssign
FN:154,createAgentStatusUpdate
FN:170,createStateSnapshotEvent
FN:187,createAgentStateEvent
FN:201,createTaskUpdateEvent
FN:216,createToolCallEvent
FN:231,createWorkflowStepEvent
FN:246,createErrorEvent
FN:266,isMutatingClientEvent
FNF:17
FNH:14
FNDA:38,createProtocolTimestamp
FNDA:9,parseClientEvent
FNDA:73,parseServerEvent
FNDA:0,safeParseClientEvent
FNDA:0,safeParseServerEvent
FNDA:4,createReconnectHandshake
FNDA:20,createConfigUpdate
FNDA:14,createTaskTransition
FNDA:12,createTaskAssign
FNDA:11,createAgentStatusUpdate
FNDA:28,createStateSnapshotEvent
FNDA:1,createAgentStateEvent
FNDA:6,createTaskUpdateEvent
FNDA:5,createToolCallEvent
FNDA:5,createWorkflowStepEvent
FNDA:24,createErrorEvent
FNDA:0,isMutatingClientEvent
DA:1,1
DA:3,1
DA:35,1
DA:70,1
DA:71,1
DA:72,1
DA:73,1
DA:74,1
DA:75,1
DA:77,1
DA:78,38
DA:79,38
DA:81,1
DA:82,9
DA:83,9
DA:85,1
DA:86,73
DA:87,73
DA:89,1
DA:90,0
DA:91,0
DA:93,1
DA:94,0
DA:95,0
DA:97,1
DA:98,4
DA:99,4
DA:100,4
DA:101,4
DA:102,4
DA:103,4
DA:104,4
DA:106,1
DA:107,20
DA:108,20
DA:109,20
DA:110,20
DA:111,20
DA:112,20
DA:113,20
DA:114,20
DA:115,20
DA:116,20
DA:117,20
DA:118,20
DA:119,20
DA:120,20
DA:122,1
DA:123,14
DA:124,14
DA:125,14
DA:126,14
DA:127,14
DA:128,14
DA:129,14
DA:130,14
DA:131,14
DA:132,14
DA:133,14
DA:134,14
DA:135,14
DA:136,14
DA:138,1
DA:139,12
DA:140,12
DA:141,12
DA:142,12
DA:143,12
DA:144,12
DA:145,12
DA:146,12
DA:147,12
DA:148,12
DA:149,12
DA:150,12
DA:151,12
DA:152,12
DA:154,1
DA:155,11
DA:156,11
DA:157,11
DA:158,11
DA:159,11
DA:160,11
DA:161,11
DA:162,11
DA:163,11
DA:164,11
DA:165,11
DA:166,11
DA:167,11
DA:168,11
DA:170,1
DA:171,28
DA:172,28
DA:173,28
DA:174,28
DA:175,28
DA:176,28
DA:177,28
DA:178,28
DA:179,28
DA:180,28
DA:181,28
DA:182,28
DA:183,28
DA:184,28
DA:185,28
DA:187,1
DA:188,1
DA:189,1
DA:190,1
DA:191,1
DA:192,1
DA:193,1
DA:194,1
DA:195,1
DA:196,1
DA:197,1
DA:198,1
DA:199,1
DA:201,1
DA:202,6
DA:203,6
DA:204,6
DA:205,6
DA:206,6
DA:207,6
DA:208,6
DA:209,6
DA:210,6
DA:211,6
DA:212,6
DA:213,6
DA:214,6
DA:216,1
DA:217,5
DA:218,5
DA:219,5
DA:220,5
DA:221,5
DA:222,5
DA:223,5
DA:224,5
DA:225,5
DA:226,5
DA:227,5
DA:228,5
DA:229,5
DA:231,1
DA:232,5
DA:233,5
DA:234,5
DA:235,5
DA:236,5
DA:237,5
DA:238,5
DA:239,5
DA:240,5
DA:241,5
DA:242,5
DA:243,5
DA:244,5
DA:246,1
DA:247,24
DA:248,24
DA:249,24
DA:250,24
DA:251,24
DA:252,24
DA:253,24
DA:254,24
DA:255,24
DA:256,24
DA:257,24
DA:258,24
DA:259,24
DA:260,24
DA:261,24
DA:262,24
DA:263,24
DA:264,24
DA:266,1
DA:267,0
DA:268,0
DA:269,0
DA:270,0
DA:271,0
DA:273,0
LF:189
LH:179
BRDA:77,0,0,38
BRDA:81,1,0,9
BRDA:85,2,0,73
BRDA:97,3,0,4
BRDA:102,4,0,1
BRDA:102,5,0,3
BRDA:106,6,0,20
BRDA:122,7,0,14
BRDA:138,8,0,12
BRDA:154,9,0,11
BRDA:170,10,0,28
BRDA:187,11,0,1
BRDA:201,12,0,6
BRDA:210,13,0,2
BRDA:212,14,0,2
BRDA:212,15,0,4
BRDA:216,16,0,5
BRDA:225,17,0,2
BRDA:227,18,0,2
BRDA:227,19,0,3
BRDA:231,20,0,5
BRDA:240,21,0,2
BRDA:242,22,0,2
BRDA:242,23,0,3
BRDA:246,24,0,24
BRDA:262,25,0,0
BRF:26
BRH:25
end_of_record
TN:
SF:src/contracts/schemas.ts
FNF:0
FNH:0
DA:1,1
DA:3,1
DA:5,1
DA:6,1
DA:7,1
DA:8,1
DA:9,1
DA:10,1
DA:11,1
DA:12,1
DA:19,1
DA:20,1
DA:22,1
DA:23,83
DA:24,83
DA:25,83
DA:26,83
DA:27,83
DA:28,83
DA:29,83
DA:30,83
DA:31,1
DA:33,1
DA:35,1
DA:36,1
DA:37,1
DA:38,1
DA:39,1
DA:40,1
DA:42,1
DA:43,1
DA:44,1
DA:46,1
DA:47,1
DA:48,1
DA:49,1
DA:50,1
DA:51,1
DA:52,1
DA:53,1
DA:54,1
DA:55,1
DA:56,1
DA:57,1
DA:59,1
DA:60,1
DA:61,1
DA:62,1
DA:63,1
DA:64,1
DA:65,1
DA:66,1
DA:68,1
DA:69,1
DA:70,1
DA:71,1
DA:72,1
DA:73,1
DA:74,1
DA:75,1
DA:77,1
DA:78,1
DA:79,1
DA:80,1
DA:81,1
DA:83,1
DA:84,1
DA:85,1
DA:86,1
DA:87,1
DA:88,1
DA:89,1
DA:90,1
DA:91,1
DA:92,1
DA:94,1
DA:95,1
DA:96,1
DA:97,1
DA:98,1
DA:100,1
DA:101,1
DA:102,1
DA:103,1
DA:104,1
DA:105,1
DA:106,1
DA:107,1
DA:108,1
DA:109,1
DA:110,1
DA:111,1
DA:113,1
DA:114,1
DA:115,1
DA:116,1
DA:117,1
DA:118,1
DA:120,1
DA:121,1
DA:122,1
DA:123,1
DA:125,1
DA:126,1
DA:127,1
DA:128,1
DA:129,1
DA:130,1
DA:132,1
DA:133,1
DA:134,1
DA:135,1
DA:136,1
DA:137,1
DA:139,1
DA:140,1
DA:141,1
DA:142,1
DA:143,1
DA:144,1
DA:146,1
DA:147,1
DA:148,1
DA:149,1
DA:150,1
DA:151,1
DA:153,1
DA:154,1
DA:155,1
DA:156,1
DA:157,1
DA:158,1
DA:159,1
DA:161,1
DA:162,1
DA:163,1
DA:164,1
DA:165,1
DA:166,1
DA:167,1
DA:169,1
DA:170,1
DA:171,1
DA:172,1
DA:174,1
DA:175,1
DA:176,1
DA:177,1
DA:179,1
DA:180,1
DA:181,1
DA:182,1
DA:183,1
DA:185,1
DA:186,1
DA:187,1
DA:188,1
DA:189,1
DA:191,1
DA:192,1
DA:193,1
DA:194,1
DA:195,1
DA:197,1
DA:198,1
DA:199,1
DA:200,1
DA:201,1
DA:202,1
DA:203,1
DA:205,1
DA:206,1
DA:207,1
DA:208,1
DA:209,1
DA:210,1
DA:211,1
DA:212,1
LF:178
LH:178
BRDA:22,0,0,83
BRF:1
BRH:1
end_of_record
TN:
SF:src/server/auth/rbac.ts
FN:24,<instance_members_initializer>
FN:27,AuthorizationError
FN:41,isReadOnlyRole
FN:45,authorizeClientEvent
FN:65,requireAuthorizedClientEvent
FN:73,createAuthorizationAuditEntry
FNF:6
FNH:6
FNDA:4,<instance_members_initializer>
FNDA:4,AuthorizationError
FNDA:26,isReadOnlyRole
FNDA:66,authorizeClientEvent
FNDA:8,requireAuthorizedClientEvent
FNDA:8,createAuthorizationAuditEntry
DA:24,1
DA:25,4
DA:27,4
DA:28,4
DA:29,4
DA:30,4
DA:31,4
DA:33,1
DA:34,1
DA:35,1
DA:36,1
DA:37,1
DA:38,1
DA:39,1
DA:41,1
DA:42,26
DA:43,26
DA:45,1
DA:46,66
DA:48,66
DA:49,47
DA:50,47
DA:52,33
DA:53,9
DA:54,9
DA:55,9
DA:56,9
DA:57,9
DA:59,10
DA:60,10
DA:61,10
DA:62,10
DA:63,10
DA:65,1
DA:66,8
DA:68,8
DA:69,4
DA:70,4
DA:71,8
DA:73,1
DA:74,8
DA:75,8
DA:76,8
DA:77,8
DA:78,8
DA:79,8
DA:80,8
DA:81,8
DA:82,8
DA:83,8
DA:84,8
DA:85,8
DA:86,8
DA:87,8
DA:88,8
LF:55
LH:55
BRDA:24,0,0,4
BRDA:27,1,0,4
BRDA:41,2,0,26
BRDA:45,3,0,66
BRDA:48,4,0,47
BRDA:50,5,0,57
BRDA:50,6,0,33
BRDA:50,7,0,19
BRDA:52,8,0,9
BRDA:57,9,0,10
BRDA:65,10,0,8
BRDA:68,11,0,4
BRDA:69,12,0,0
BRDA:73,13,0,8
BRDA:83,14,0,3
BRDA:83,15,0,5
BRDA:86,16,0,1
BRDA:86,17,0,7
BRF:18
BRH:17
end_of_record
TN:
SF:src/server/auth/token-registry.ts
FN:29,<instance_members_initializer>
FN:32,AuthenticationError
FN:38,<instance_members_initializer>
FN:43,issueToken
FN:68,authenticate
FN:100,revoke
FN:117,getAuditLog
FN:121,reject
FN:138,recordAudit
FNF:9
FNH:9
FNDA:4,<instance_members_initializer>
FNDA:4,AuthenticationError
FNDA:8,<instance_members_initializer>
FNDA:7,issueToken
FNDA:9,authenticate
FNDA:2,revoke
FNDA:3,getAuditLog
FNDA:4,reject
FNDA:17,recordAudit
DA:3,1
DA:29,1
DA:30,4
DA:32,4
DA:33,4
DA:34,4
DA:35,4
DA:36,4
DA:38,1
DA:39,8
DA:40,8
DA:41,8
DA:43,8
DA:44,7
DA:45,7
DA:47,7
DA:48,7
DA:49,7
DA:50,7
DA:51,7
DA:52,7
DA:53,7
DA:54,7
DA:56,7
DA:57,7
DA:58,7
DA:59,7
DA:60,7
DA:61,7
DA:62,7
DA:63,7
DA:65,7
DA:66,7
DA:68,8
DA:69,9
DA:71,9
DA:72,1
DA:73,1
DA:75,8
DA:77,9
DA:78,2
DA:79,2
DA:81,9
DA:82,1
DA:83,1
DA:85,5
DA:86,5
DA:87,5
DA:88,5
DA:89,5
DA:90,5
DA:91,5
DA:93,5
DA:94,5
DA:95,5
DA:96,5
DA:97,5
DA:98,9
DA:100,8
DA:101,2
DA:102,2
DA:103,1
DA:104,1
DA:106,1
DA:107,1
DA:108,1
DA:109,1
DA:110,1
DA:111,1
DA:112,1
DA:113,1
DA:114,1
DA:115,2
DA:117,8
DA:118,3
DA:119,3
DA:121,8
DA:122,4
DA:123,4
DA:124,4
DA:125,4
DA:126,4
DA:127,4
DA:128,4
DA:129,4
DA:130,4
DA:131,4
DA:132,4
DA:133,4
DA:134,4
DA:135,4
DA:136,4
DA:138,8
DA:139,17
DA:140,17
DA:141,8
LF:96
LH:96
BRDA:29,0,0,4
BRDA:32,1,0,4
BRDA:38,2,0,8
BRDA:43,3,0,7
BRDA:52,4,0,6
BRDA:52,5,0,1
BRDA:68,6,0,9
BRDA:71,7,0,1
BRDA:73,8,0,8
BRDA:77,9,0,2
BRDA:79,10,0,6
BRDA:81,11,0,1
BRDA:81,12,0,1
BRDA:83,13,0,5
BRDA:100,14,0,2
BRDA:102,15,0,1
BRDA:117,16,0,3
BRDA:121,17,0,4
BRDA:130,18,0,1
BRDA:130,19,0,3
BRDA:131,20,0,3
BRDA:131,21,0,1
BRDA:132,22,0,3
BRDA:132,23,0,1
BRDA:138,24,0,17
BRF:25
BRH:25
end_of_record
TN:
SF:src/state/audit-view.ts
FN:96,createAuditView
FN:122,createDecisionCardRecords
FN:131,createDecisionCardEntry
FN:156,createWorkflowStepEntry
FN:179,createToolCallEntry
FN:203,createRuntimeErrorEntry
FN:226,normalizeAuditFilter
FN:238,isAuditFilterActive
FN:242,matchesAuditFilter
FN:274,buildAuditSearchText
FN:295,createAuditMetrics
FN:309,createAuditFacets
FN:311,agents
FN:313,tasks
FN:320,createFacetCounts
FN:347,createFixedFacetCounts
FN:364,compareFacetCounts
FN:374,compareAuditEntries
FN:390,countEntriesByKind
FN:394,countEntriesByLevel
FN:398,cloneJsonRecord
FN:402,readStringValue
FN:406,formatToolCallDetail
FNF:23
FNH:23
FNDA:19,createAuditView
FNDA:19,createDecisionCardRecords
FNDA:75,createDecisionCardEntry
FNDA:75,createWorkflowStepEntry
FNDA:34,createToolCallEntry
FNDA:6,createRuntimeErrorEntry
FNDA:19,normalizeAuditFilter
FNDA:19,isAuditFilterActive
FNDA:265,matchesAuditFilter
FNDA:3,buildAuditSearchText
FNDA:19,createAuditMetrics
FNDA:19,createAuditFacets
FNDA:185,agents
FNDA:185,tasks
FNDA:76,createFacetCounts
FNDA:38,createFixedFacetCounts
FNDA:131,compareFacetCounts
FNDA:403,compareAuditEntries
FNDA:76,countEntriesByKind
FNDA:57,countEntriesByLevel
FNDA:109,cloneJsonRecord
FNDA:89,readStringValue
FNDA:34,formatToolCallDetail
DA:3,1
DA:6,1
DA:7,1
DA:78,1
DA:79,1
DA:80,1
DA:81,1
DA:82,1
DA:83,1
DA:85,1
DA:86,1
DA:87,1
DA:88,1
DA:89,1
DA:96,1
DA:97,19
DA:98,19
DA:99,19
DA:100,19
DA:101,19
DA:102,19
DA:103,19
DA:104,19
DA:105,19
DA:106,19
DA:107,19
DA:108,19
DA:110,19
DA:111,19
DA:112,19
DA:113,19
DA:114,19
DA:115,19
DA:116,19
DA:117,19
DA:118,19
DA:119,19
DA:120,19
DA:122,19
DA:123,19
DA:125,19
DA:126,75
DA:127,75
DA:128,19
DA:129,19
DA:131,75
DA:132,75
DA:134,75
DA:135,75
DA:136,75
DA:137,75
DA:138,75
DA:139,75
DA:140,75
DA:141,75
DA:142,75
DA:143,75
DA:144,75
DA:145,75
DA:146,75
DA:147,75
DA:148,75
DA:149,75
DA:150,75
DA:151,75
DA:152,75
DA:153,75
DA:154,75
DA:156,75
DA:157,75
DA:158,75
DA:160,75
DA:161,75
DA:162,75
DA:163,75
DA:164,75
DA:165,75
DA:166,75
DA:167,75
DA:168,75
DA:169,75
DA:170,75
DA:171,75
DA:172,75
DA:173,75
DA:174,75
DA:175,75
DA:176,75
DA:177,75
DA:179,34
DA:180,34
DA:181,34
DA:182,34
DA:184,34
DA:185,34
DA:186,34
DA:187,34
DA:188,34
DA:189,34
DA:190,34
DA:191,34
DA:192,34
DA:193,34
DA:194,34
DA:195,34
DA:196,34
DA:197,34
DA:198,34
DA:199,34
DA:200,34
DA:201,34
DA:203,6
DA:204,6
DA:205,6
DA:206,6
DA:207,6
DA:208,6
DA:209,6
DA:210,6
DA:211,6
DA:212,6
DA:213,6
DA:214,6
DA:215,6
DA:216,6
DA:217,6
DA:218,6
DA:219,6
DA:220,6
DA:221,6
DA:222,6
DA:223,6
DA:224,6
DA:226,19
DA:227,19
DA:228,19
DA:229,19
DA:230,19
DA:231,19
DA:232,19
DA:233,19
DA:234,19
DA:235,19
DA:236,19
DA:238,19
DA:239,19
DA:240,19
DA:242,265
DA:243,265
DA:244,4
DA:245,4
DA:247,265
DA:248,0
DA:249,0
DA:251,265
DA:252,0
DA:253,0
DA:255,265
DA:256,2
DA:257,2
DA:259,265
DA:260,0
DA:261,0
DA:263,265
DA:264,0
DA:265,0
DA:267,265
DA:268,0
DA:269,0
DA:271,259
DA:272,259
DA:274,3
DA:275,3
DA:276,3
DA:277,3
DA:278,3
DA:279,3
DA:280,3
DA:281,3
DA:282,3
DA:283,3
DA:284,3
DA:285,3
DA:286,3
DA:287,3
DA:288,3
DA:289,3
DA:290,3
DA:291,3
DA:292,3
DA:293,3
DA:295,19
DA:296,19
DA:297,19
DA:298,19
DA:299,19
DA:300,19
DA:301,19
DA:302,19
DA:303,19
DA:304,19
DA:305,19
DA:306,19
DA:307,19
DA:309,19
DA:310,19
DA:311,19
DA:312,19
DA:313,19
DA:314,19
DA:315,19
DA:316,19
DA:317,19
DA:318,19
DA:320,76
DA:321,76
DA:322,76
DA:323,76
DA:324,76
DA:325,76
DA:327,76
DA:328,740
DA:329,740
DA:330,36
DA:331,36
DA:333,704
DA:334,740
DA:335,740
DA:336,740
DA:337,740
DA:338,740
DA:339,740
DA:340,740
DA:342,76
DA:343,76
DA:344,76
DA:345,76
DA:347,38
DA:348,38
DA:349,38
DA:350,38
DA:351,38
DA:352,38
DA:354,38
DA:355,370
DA:356,370
DA:357,370
DA:359,38
DA:360,38
DA:361,38
DA:362,38
DA:364,131
DA:365,131
DA:366,104
DA:367,104
DA:369,96
DA:370,131
DA:371,131
DA:372,131
DA:374,403
DA:375,403
DA:376,328
DA:377,328
DA:379,75
DA:380,75
DA:381,75
DA:383,0
DA:384,0
DA:385,0
DA:387,0
DA:388,0
DA:390,76
DA:391,76
DA:392,76
DA:394,57
DA:395,57
DA:396,57
DA:398,109
DA:399,109
DA:400,109
DA:402,89
DA:403,89
DA:404,89
DA:406,34
DA:407,34
DA:408,34
DA:409,19
DA:410,19
DA:412,15
DA:413,25
DA:414,9
DA:415,9
DA:417,6
DA:418,12
DA:419,0
DA:420,0
DA:422,6
DA:423,6
LF:298
LH:281
BRDA:96,0,0,19
BRDA:100,1,0,75
BRDA:101,2,0,75
BRDA:102,3,0,34
BRDA:105,4,0,190
BRDA:107,5,0,75
BRDA:108,6,0,74
BRDA:122,7,0,19
BRDA:125,8,0,75
BRDA:131,9,0,75
BRDA:132,10,0,0
BRDA:144,11,0,0
BRDA:151,12,0,16
BRDA:156,13,0,75
BRDA:157,14,0,0
BRDA:158,15,0,3
BRDA:158,16,0,72
BRDA:169,17,0,0
BRDA:170,18,0,0
BRDA:171,19,0,0
BRDA:172,20,0,3
BRDA:173,21,0,72
BRDA:173,22,0,3
BRDA:174,23,0,0
BRDA:179,24,0,34
BRDA:180,25,0,0
BRDA:181,26,0,6
BRDA:182,27,0,6
BRDA:182,28,0,28
BRDA:193,29,0,0
BRDA:194,30,0,0
BRDA:195,31,0,0
BRDA:197,32,0,28
BRDA:197,33,0,6
BRDA:198,34,0,6
BRDA:203,35,0,6
BRDA:221,36,0,0
BRDA:226,37,0,19
BRDA:228,38,0,18
BRDA:228,39,0,1
BRDA:229,40,0,0
BRDA:230,41,0,0
BRDA:231,42,0,18
BRDA:231,43,0,1
BRDA:232,44,0,1
BRDA:232,45,0,18
BRDA:232,46,0,1
BRDA:233,47,0,0
BRDA:233,48,0,0
BRDA:234,49,0,1
BRDA:234,50,0,18
BRDA:234,51,0,1
BRDA:238,52,0,19
BRDA:242,53,0,265
BRDA:243,54,0,9
BRDA:243,55,0,4
BRDA:245,56,0,261
BRDA:247,57,0,0
BRDA:247,58,0,0
BRDA:249,59,0,261
BRDA:251,60,0,0
BRDA:251,61,0,0
BRDA:253,62,0,261
BRDA:255,63,0,5
BRDA:255,64,0,2
BRDA:257,65,0,259
BRDA:259,66,0,3
BRDA:259,67,0,0
BRDA:261,68,0,259
BRDA:263,69,0,0
BRDA:263,70,0,0
BRDA:265,71,0,259
BRDA:267,72,0,3
BRDA:267,73,0,0
BRDA:269,74,0,259
BRDA:274,75,0,3
BRDA:290,76,0,39
BRDA:295,77,0,19
BRDA:309,78,0,19
BRDA:311,79,0,185
BRDA:311,80,0,180
BRDA:311,81,0,0
BRDA:312,82,0,185
BRDA:313,83,0,185
BRDA:313,84,0,168
BRDA:313,85,0,0
BRDA:314,86,0,185
BRDA:315,87,0,185
BRDA:316,88,0,185
BRDA:320,89,0,76
BRDA:327,90,0,740
BRDA:329,91,0,36
BRDA:331,92,0,704
BRDA:334,93,0,348
BRDA:335,94,0,527
BRDA:335,95,0,443
BRDA:337,96,0,527
BRDA:337,97,0,177
BRDA:338,98,0,356
BRDA:338,99,0,348
BRDA:343,100,0,177
BRDA:343,101,0,90
BRDA:343,102,0,87
BRDA:347,103,0,38
BRDA:354,104,0,370
BRDA:356,105,0,85
BRDA:360,106,0,133
BRDA:360,107,0,48
BRDA:361,108,0,85
BRDA:361,109,0,0
BRDA:364,110,0,131
BRDA:365,111,0,104
BRDA:367,112,0,96
BRDA:367,113,0,27
BRDA:369,114,0,18
BRDA:370,115,0,18
BRDA:374,116,0,403
BRDA:375,117,0,328
BRDA:377,118,0,75
BRDA:381,119,0,0
BRDA:390,120,0,76
BRDA:391,121,0,740
BRDA:394,122,0,57
BRDA:395,123,0,555
BRDA:398,124,0,109
BRDA:402,125,0,89
BRDA:403,126,0,56
BRDA:403,127,0,33
BRDA:406,128,0,34
BRDA:408,129,0,25
BRDA:408,130,0,19
BRDA:410,131,0,15
BRDA:413,132,0,9
BRDA:415,133,0,12
BRDA:415,134,0,6
BRDA:418,135,0,0
BRDA:420,136,0,6
BRF:137
BRH:108
end_of_record
TN:
SF:src/state/board-view.ts
FN:147,createBoardView
FN:219,createAgentInspection
FN:224,createRoomSummaries
FN:268,createBoardAlerts
FN:322,createInspectionView
FN:362,createDecisionCards
FN:372,createDecisionCard
FN:412,collectCausalWorkflowSteps
FN:428,isRelatedWorkflowStep
FN:444,isRelatedToolCall
FN:461,toWorkflowEvidence
FN:473,toToolEvidence
FN:485,formatToolCallDetail
FN:504,compareExplainabilityEntries
FN:516,readStringValue
FN:520,createRuntimeErrorAlerts
FN:532,indexChildAgentIds
FN:548,indexTaskIdsByAssignee
FN:564,isActiveTask
FN:568,compareBoardAlerts
FN:583,compareTaskSnapshots
FN:597,compareAgentPresence
FN:621,compareBoardAgents
FN:652,compareAgentsById
FN:671,countAgentsByStatus
FNF:25
FNH:25
FNDA:23,createBoardView
FNDA:2,createAgentInspection
FNDA:23,createRoomSummaries
FNDA:23,createBoardAlerts
FNDA:66,createInspectionView
FNDA:23,createDecisionCards
FNDA:83,createDecisionCard
FNDA:83,collectCausalWorkflowSteps
FNDA:337,isRelatedWorkflowStep
FNDA:154,isRelatedToolCall
FNDA:133,toWorkflowEvidence
FNDA:24,toToolEvidence
FNDA:24,formatToolCallDetail
FNDA:112,compareExplainabilityEntries
FNDA:81,readStringValue
FNDA:23,createRuntimeErrorAlerts
FNDA:23,indexChildAgentIds
FNDA:23,indexTaskIdsByAssignee
FNDA:192,isActiveTask
FNDA:17,compareBoardAlerts
FNDA:49,compareTaskSnapshots
FNDA:88,compareAgentPresence
FNDA:1,compareBoardAgents
FNDA:25,compareAgentsById
FNDA:260,countAgentsByStatus
DA:5,1
DA:6,1
DA:118,1
DA:119,1
DA:120,1
DA:121,1
DA:122,1
DA:123,1
DA:124,1
DA:126,1
DA:127,1
DA:128,1
DA:129,1
DA:130,1
DA:131,1
DA:133,1
DA:134,1
DA:135,1
DA:136,1
DA:137,1
DA:139,1
DA:140,1
DA:141,1
DA:142,1
DA:143,1
DA:144,1
DA:145,1
DA:147,1
DA:148,23
DA:149,23
DA:150,23
DA:151,23
DA:153,23
DA:154,23
DA:155,23
DA:156,66
DA:157,66
DA:158,25
DA:159,66
DA:160,66
DA:161,40
DA:162,40
DA:163,66
DA:165,66
DA:166,66
DA:167,66
DA:168,66
DA:169,66
DA:170,66
DA:171,66
DA:172,66
DA:173,66
DA:174,66
DA:175,66
DA:176,66
DA:177,66
DA:178,23
DA:180,23
DA:181,23
DA:182,23
DA:183,23
DA:184,23
DA:185,23
DA:186,23
DA:187,66
DA:188,66
DA:189,23
DA:190,23
DA:192,23
DA:193,23
DA:194,23
DA:195,23
DA:196,23
DA:197,23
DA:198,115
DA:199,115
DA:200,115
DA:201,115
DA:202,115
DA:203,115
DA:204,23
DA:205,23
DA:206,23
DA:207,23
DA:208,23
DA:209,23
DA:210,23
DA:211,23
DA:212,23
DA:213,23
DA:214,23
DA:215,23
DA:216,23
DA:217,23
DA:219,1
DA:220,2
DA:221,2
DA:222,2
DA:224,23
DA:225,23
DA:226,23
DA:227,23
DA:228,23
DA:229,23
DA:231,23
DA:232,66
DA:233,66
DA:234,66
DA:235,66
DA:237,23
DA:238,23
DA:239,23
DA:240,65
DA:241,65
DA:242,65
DA:243,65
DA:244,42
DA:245,15
DA:246,0
DA:248,65
DA:249,65
DA:250,65
DA:251,65
DA:252,65
DA:253,65
DA:254,65
DA:255,65
DA:256,65
DA:257,65
DA:258,65
DA:259,65
DA:260,65
DA:261,23
DA:262,23
DA:263,65
DA:264,65
DA:265,23
DA:266,23
DA:268,23
DA:269,23
DA:270,23
DA:271,23
DA:272,23
DA:273,23
DA:274,23
DA:276,23
DA:277,60
DA:278,8
DA:279,8
DA:280,8
DA:281,8
DA:282,8
DA:283,8
DA:284,8
DA:285,8
DA:287,60
DA:288,1
DA:289,1
DA:290,1
DA:291,1
DA:292,1
DA:293,1
DA:294,1
DA:295,60
DA:297,23
DA:298,66
DA:299,1
DA:300,1
DA:301,1
DA:302,1
DA:303,1
DA:304,1
DA:305,1
DA:306,1
DA:308,66
DA:309,16
DA:310,16
DA:311,16
DA:312,16
DA:313,16
DA:314,16
DA:315,16
DA:316,16
DA:317,66
DA:319,23
DA:320,23
DA:322,66
DA:323,66
DA:324,66
DA:325,66
DA:326,66
DA:327,66
DA:328,66
DA:329,66
DA:330,66
DA:331,66
DA:332,66
DA:333,66
DA:334,66
DA:336,66
DA:337,66
DA:338,66
DA:339,66
DA:340,66
DA:341,66
DA:342,66
DA:343,66
DA:344,66
DA:345,66
DA:346,66
DA:347,66
DA:348,66
DA:349,66
DA:350,66
DA:351,251
DA:352,168
DA:353,66
DA:354,66
DA:355,66
DA:356,66
DA:357,106
DA:358,66
DA:359,66
DA:360,66
DA:362,23
DA:363,23
DA:364,23
DA:365,23
DA:366,23
DA:367,23
DA:368,23
DA:369,23
DA:370,23
DA:372,83
DA:373,83
DA:374,83
DA:375,83
DA:376,83
DA:377,83
DA:378,83
DA:379,83
DA:380,83
DA:381,83
DA:382,83
DA:383,154
DA:384,47
DA:385,47
DA:386,83
DA:387,83
DA:388,83
DA:389,83
DA:390,83
DA:391,83
DA:392,83
DA:393,83
DA:395,83
DA:396,83
DA:397,83
DA:398,83
DA:399,83
DA:400,83
DA:401,83
DA:402,83
DA:403,83
DA:404,83
DA:405,83
DA:406,83
DA:407,83
DA:408,83
DA:409,83
DA:410,83
DA:412,83
DA:413,83
DA:414,83
DA:415,83
DA:416,83
DA:417,83
DA:418,83
DA:419,83
DA:421,83
DA:422,0
DA:423,0
DA:425,83
DA:426,83
DA:428,337
DA:429,337
DA:430,337
DA:431,337
DA:433,0
DA:434,0
DA:435,0
DA:437,0
DA:438,0
DA:439,0
DA:441,0
DA:442,0
DA:444,154
DA:445,154
DA:446,61
DA:447,61
DA:449,154
DA:450,46
DA:451,46
DA:453,47
DA:454,154
DA:455,0
DA:456,0
DA:458,47
DA:459,47
DA:461,133
DA:462,133
DA:463,133
DA:464,133
DA:465,133
DA:466,133
DA:467,133
DA:468,133
DA:469,133
DA:470,133
DA:471,133
DA:473,24
DA:474,24
DA:475,24
DA:476,24
DA:477,24
DA:478,24
DA:479,24
DA:480,24
DA:481,24
DA:482,24
DA:483,24
DA:485,24
DA:486,24
DA:487,24
DA:488,14
DA:489,14
DA:491,10
DA:492,10
DA:493,10
DA:494,10
DA:496,0
DA:497,0
DA:498,0
DA:499,0
DA:501,0
DA:502,0
DA:504,112
DA:505,112
DA:506,112
DA:507,112
DA:509,0
DA:510,0
DA:511,0
DA:513,0
DA:514,0
DA:516,81
DA:517,81
DA:518,81
DA:520,23
DA:521,23
DA:522,7
DA:523,7
DA:524,7
DA:525,7
DA:526,0
DA:527,7
DA:528,7
DA:529,23
DA:530,23
DA:532,23
DA:533,23
DA:535,23
DA:536,66
DA:537,23
DA:538,23
DA:540,56
DA:541,66
DA:542,66
DA:543,66
DA:545,23
DA:546,23
DA:548,23
DA:549,23
DA:551,23
DA:552,60
DA:553,12
DA:554,12
DA:556,53
DA:557,60
DA:558,60
DA:559,60
DA:561,23
DA:562,23
DA:564,192
DA:565,192
DA:566,192
DA:568,17
DA:569,17
DA:570,17
DA:571,11
DA:572,11
DA:574,6
DA:575,17
DA:576,17
DA:577,0
DA:578,0
DA:580,6
DA:581,6
DA:583,49
DA:584,49
DA:585,49
DA:586,44
DA:587,44
DA:589,5
DA:590,5
DA:591,5
DA:592,5
DA:594,0
DA:595,0
DA:597,88
DA:598,88
DA:599,88
DA:600,29
DA:601,29
DA:603,59
DA:604,75
DA:605,40
DA:606,40
DA:608,19
DA:609,33
DA:610,18
DA:611,18
DA:613,1
DA:614,1
DA:615,1
DA:616,1
DA:618,0
DA:619,0
DA:621,1
DA:622,1
DA:623,0
DA:624,0
DA:626,1
DA:627,0
DA:628,0
DA:630,1
DA:631,0
DA:632,0
DA:634,1
DA:635,1
DA:636,0
DA:637,0
DA:639,1
DA:640,1
DA:641,0
DA:642,0
DA:644,1
DA:645,1
DA:646,1
DA:647,1
DA:649,0
DA:650,0
DA:652,25
DA:653,25
DA:654,25
DA:656,25
DA:657,0
DA:658,0
DA:660,25
DA:661,0
DA:662,0
DA:664,25
DA:665,0
DA:666,0
DA:668,25
DA:669,25
DA:671,260
DA:672,260
DA:673,260
LF:479
LH:430
BRDA:147,0,0,23
BRDA:149,1,0,60
BRDA:155,2,0,66
BRDA:156,3,0,30
BRDA:157,4,0,43
BRDA:171,5,0,23
BRDA:176,6,0,24
BRDA:157,7,0,25
BRDA:160,8,0,40
BRDA:162,9,0,27
BRDA:162,10,0,13
BRDA:180,11,0,66
BRDA:184,12,0,65
BRDA:186,13,0,66
BRDA:197,14,0,115
BRDA:198,15,0,300
BRDA:210,16,0,66
BRDA:219,17,0,2
BRDA:221,18,0,0
BRDA:224,19,0,23
BRDA:231,20,0,66
BRDA:232,21,0,65
BRDA:238,22,0,74
BRDA:239,23,0,65
BRDA:243,24,0,42
BRDA:244,25,0,15
BRDA:245,26,0,0
BRDA:252,27,0,0
BRDA:240,28,0,66
BRDA:241,29,0,168
BRDA:241,30,0,139
BRDA:241,31,0,139
BRDA:243,32,0,66
BRDA:244,33,0,42
BRDA:245,34,0,15
BRDA:250,35,0,66
BRDA:251,36,0,40
BRDA:262,37,0,65
BRDA:264,38,0,1
BRDA:268,39,0,23
BRDA:276,40,0,60
BRDA:277,41,0,48
BRDA:277,42,0,48
BRDA:277,43,0,8
BRDA:285,44,0,52
BRDA:287,45,0,28
BRDA:287,46,0,27
BRDA:287,47,0,1
BRDA:297,48,0,66
BRDA:298,49,0,43
BRDA:298,50,0,1
BRDA:308,51,0,30
BRDA:308,52,0,16
BRDA:274,53,0,66
BRDA:322,54,0,66
BRDA:338,55,0,23
BRDA:338,56,0,43
BRDA:338,57,0,1
BRDA:354,58,0,0
BRDA:332,59,0,40
BRDA:333,60,0,40
BRDA:340,61,0,42
BRDA:341,62,0,42
BRDA:344,63,0,124
BRDA:345,64,0,13
BRDA:347,65,0,251
BRDA:348,66,0,32
BRDA:350,67,0,251
BRDA:351,68,0,168
BRDA:352,69,0,162
BRDA:356,70,0,106
BRDA:357,71,0,89
BRDA:357,72,0,22
BRDA:362,73,0,23
BRDA:368,74,0,70
BRDA:369,75,0,83
BRDA:372,76,0,83
BRDA:379,77,0,0
BRDA:392,78,0,0
BRDA:393,79,0,3
BRDA:402,80,0,0
BRDA:403,81,0,0
BRDA:404,82,0,0
BRDA:406,83,0,3
BRDA:406,84,0,80
BRDA:406,85,0,0
BRDA:382,86,0,154
BRDA:383,87,0,47
BRDA:384,88,0,47
BRDA:387,89,0,10
BRDA:412,90,0,83
BRDA:421,91,0,0
BRDA:417,92,0,337
BRDA:417,93,0,183
BRDA:418,94,0,50
BRDA:419,95,0,133
BRDA:428,96,0,337
BRDA:431,97,0,0
BRDA:444,98,0,154
BRDA:445,99,0,126
BRDA:445,100,0,97
BRDA:445,101,0,61
BRDA:447,102,0,93
BRDA:449,103,0,122
BRDA:449,104,0,46
BRDA:451,105,0,47
BRDA:454,106,0,41
BRDA:454,107,0,0
BRDA:456,108,0,47
BRDA:461,109,0,133
BRDA:469,110,0,0
BRDA:473,111,0,24
BRDA:481,112,0,0
BRDA:485,113,0,24
BRDA:487,114,0,14
BRDA:489,115,0,10
BRDA:494,116,0,0
BRDA:504,117,0,112
BRDA:507,118,0,0
BRDA:516,119,0,81
BRDA:517,120,0,65
BRDA:517,121,0,16
BRDA:520,122,0,23
BRDA:521,123,0,7
BRDA:525,124,0,0
BRDA:532,125,0,23
BRDA:535,126,0,66
BRDA:536,127,0,43
BRDA:536,128,0,56
BRDA:536,129,0,23
BRDA:538,130,0,43
BRDA:540,131,0,24
BRDA:548,132,0,23
BRDA:551,133,0,60
BRDA:552,134,0,48
BRDA:552,135,0,12
BRDA:554,136,0,53
BRDA:554,137,0,48
BRDA:556,138,0,44
BRDA:564,139,0,192
BRDA:565,140,0,190
BRDA:565,141,0,138
BRDA:568,142,0,17
BRDA:570,143,0,11
BRDA:572,144,0,6
BRDA:575,145,0,6
BRDA:576,146,0,6
BRDA:576,147,0,0
BRDA:583,148,0,49
BRDA:585,149,0,44
BRDA:587,150,0,34
BRDA:587,151,0,5
BRDA:592,152,0,0
BRDA:597,153,0,88
BRDA:599,154,0,29
BRDA:601,155,0,78
BRDA:601,156,0,75
BRDA:601,157,0,59
BRDA:604,158,0,40
BRDA:606,159,0,69
BRDA:606,160,0,33
BRDA:606,161,0,19
BRDA:609,162,0,18
BRDA:611,163,0,15
BRDA:611,164,0,1
BRDA:616,165,0,0
BRDA:621,166,0,1
BRDA:622,167,0,0
BRDA:622,168,0,0
BRDA:626,169,0,0
BRDA:630,170,0,0
BRDA:635,171,0,0
BRDA:640,172,0,0
BRDA:647,173,0,0
BRDA:652,174,0,25
BRDA:656,175,0,0
BRDA:656,176,0,0
BRDA:660,177,0,0
BRDA:664,178,0,0
BRDA:671,179,0,260
BRDA:672,180,0,264
BRF:181
BRH:149
end_of_record
TN:
SF:src/state/collaboration-view.ts
FN:92,createCollaborationView
FN:226,createCollaborationNode
FN:267,createHotspot
FN:286,upsertEdge
FN:339,buildEdgeKey
FN:348,sortPair
FN:352,toCollaborationEdge
FN:369,compareCollaborationEdges
FN:381,compareCollaborationNodes
FN:393,compareHotspots
FN:405,uniqueConsecutiveAgentIds
FN:421,parseGraphUpdateEdge
FN:446,resolveAgentReference
FN:463,normalizeReference
FN:467,createGraphUpdateLabel
FN:476,compactStrings
FN:480,uniqueStrings
FN:484,readStringValue
FN:488,readNumberValue
FNF:19
FNH:19
FNDA:3,createCollaborationView
FNDA:12,createCollaborationNode
FNDA:12,createHotspot
FNDA:33,upsertEdge
FNDA:33,buildEdgeKey
FNDA:36,sortPair
FNDA:33,toCollaborationEdge
FNDA:87,compareCollaborationEdges
FNDA:15,compareCollaborationNodes
FNDA:15,compareHotspots
FNDA:6,uniqueConsecutiveAgentIds
FNDA:3,parseGraphUpdateEdge
FNDA:6,resolveAgentReference
FNDA:54,normalizeReference
FNDA:3,createGraphUpdateLabel
FNDA:66,compactStrings
FNDA:12,uniqueStrings
FNDA:6,readStringValue
FNDA:6,readNumberValue
DA:3,1
DA:4,1
DA:7,1
DA:85,1
DA:86,1
DA:87,1
DA:88,1
DA:89,1
DA:90,1
DA:92,1
DA:93,3
DA:94,3
DA:95,3
DA:97,3
DA:98,12
DA:99,9
DA:100,9
DA:101,9
DA:102,9
DA:103,9
DA:104,9
DA:105,9
DA:106,9
DA:107,9
DA:108,12
DA:110,3
DA:111,6
DA:113,6
DA:114,15
DA:115,15
DA:116,0
DA:117,0
DA:119,15
DA:120,12
DA:121,12
DA:122,0
DA:123,0
DA:125,12
DA:126,12
DA:127,12
DA:128,12
DA:129,12
DA:130,12
DA:131,12
DA:132,12
DA:133,12
DA:134,12
DA:135,12
DA:136,15
DA:137,6
DA:139,3
DA:140,6
DA:141,6
DA:142,6
DA:143,6
DA:144,6
DA:146,6
DA:147,9
DA:148,9
DA:149,9
DA:150,0
DA:151,0
DA:153,9
DA:155,9
DA:156,9
DA:157,9
DA:158,9
DA:159,9
DA:160,9
DA:161,9
DA:162,9
DA:163,9
DA:164,9
DA:165,9
DA:166,9
DA:167,6
DA:169,3
DA:170,3
DA:171,3
DA:172,0
DA:173,0
DA:175,3
DA:176,3
DA:177,0
DA:178,0
DA:180,3
DA:181,3
DA:182,3
DA:183,0
DA:184,0
DA:186,3
DA:187,3
DA:188,3
DA:189,3
DA:190,3
DA:191,3
DA:192,3
DA:193,3
DA:194,3
DA:195,3
DA:196,3
DA:197,3
DA:199,3
DA:200,3
DA:201,3
DA:202,3
DA:203,3
DA:204,3
DA:205,3
DA:206,3
DA:208,3
DA:209,3
DA:210,3
DA:211,3
DA:212,3
DA:213,3
DA:214,3
DA:215,3
DA:216,3
DA:217,3
DA:218,3
DA:219,3
DA:220,3
DA:221,3
DA:222,3
DA:223,3
DA:224,3
DA:226,12
DA:227,12
DA:228,12
DA:229,12
DA:230,12
DA:231,12
DA:232,12
DA:233,12
DA:234,12
DA:235,12
DA:236,12
DA:237,12
DA:238,12
DA:239,12
DA:240,12
DA:241,12
DA:242,12
DA:243,12
DA:244,12
DA:245,12
DA:246,12
DA:247,12
DA:249,12
DA:250,12
DA:251,12
DA:252,12
DA:253,12
DA:254,12
DA:255,12
DA:256,12
DA:257,12
DA:258,12
DA:259,12
DA:260,6
DA:261,6
DA:262,12
DA:263,12
DA:264,12
DA:265,12
DA:267,12
DA:268,12
DA:269,12
DA:270,12
DA:271,12
DA:272,12
DA:274,12
DA:275,12
DA:276,12
DA:277,12
DA:278,12
DA:279,12
DA:280,12
DA:281,12
DA:282,12
DA:283,12
DA:284,12
DA:286,33
DA:287,33
DA:288,33
DA:301,33
DA:302,33
DA:303,33
DA:305,33
DA:306,33
DA:307,33
DA:308,33
DA:309,33
DA:310,33
DA:311,33
DA:312,33
DA:313,33
DA:314,33
DA:315,33
DA:316,33
DA:317,33
DA:318,33
DA:319,33
DA:320,33
DA:321,33
DA:323,0
DA:324,33
DA:325,0
DA:326,0
DA:327,0
DA:328,0
DA:329,0
DA:330,0
DA:331,0
DA:332,0
DA:333,0
DA:334,33
DA:335,0
DA:336,0
DA:337,33
DA:339,33
DA:340,33
DA:341,21
DA:342,21
DA:344,12
DA:345,12
DA:346,12
DA:348,36
DA:349,36
DA:350,36
DA:352,33
DA:353,33
DA:354,33
DA:355,33
DA:356,33
DA:357,33
DA:358,33
DA:359,33
DA:360,33
DA:361,33
DA:362,33
DA:363,33
DA:364,33
DA:365,33
DA:366,33
DA:367,33
DA:369,87
DA:370,87
DA:371,57
DA:372,57
DA:374,87
DA:375,0
DA:376,0
DA:378,30
DA:379,30
DA:381,15
DA:382,15
DA:383,9
DA:384,9
DA:386,6
DA:387,6
DA:388,6
DA:390,0
DA:391,0
DA:393,15
DA:394,15
DA:395,9
DA:396,9
DA:398,15
DA:399,0
DA:400,0
DA:402,6
DA:403,6
DA:405,6
DA:406,6
DA:408,6
DA:409,15
DA:410,0
DA:411,0
DA:413,15
DA:414,15
DA:415,15
DA:416,15
DA:418,6
DA:419,6
DA:421,3
DA:422,3
DA:424,3
DA:425,6
DA:426,3
DA:427,3
DA:429,3
DA:430,3
DA:431,3
DA:432,6
DA:433,0
DA:434,0
DA:436,6
DA:437,0
DA:438,0
DA:440,3
DA:441,3
DA:443,0
DA:444,0
DA:446,6
DA:447,6
DA:448,6
DA:449,6
DA:450,24
DA:451,24
DA:452,24
DA:453,24
DA:454,24
DA:455,18
DA:456,18
DA:458,6
DA:460,6
DA:461,6
DA:463,54
DA:464,54
DA:465,54
DA:467,3
DA:468,3
DA:469,3
DA:470,3
DA:471,3
DA:473,0
DA:474,0
DA:476,66
DA:477,66
DA:478,66
DA:480,12
DA:481,12
DA:482,12
DA:484,6
DA:485,6
DA:486,6
DA:488,6
DA:489,6
DA:490,6
LF:341
LH:301
BRDA:92,0,0,3
BRDA:97,1,0,12
BRDA:98,2,0,9
BRDA:98,3,0,9
BRDA:98,4,0,9
BRDA:110,5,0,6
BRDA:113,6,0,15
BRDA:115,7,0,0
BRDA:119,8,0,12
BRDA:121,9,0,0
BRDA:139,10,0,6
BRDA:146,11,0,9
BRDA:149,12,0,0
BRDA:163,13,0,0
BRDA:171,14,0,0
BRDA:176,15,0,0
BRDA:182,16,0,0
BRDA:192,17,0,0
BRDA:111,18,0,9
BRDA:142,19,0,9
BRDA:143,20,0,15
BRDA:169,21,0,6
BRDA:201,22,0,12
BRDA:204,23,0,12
BRDA:205,24,0,12
BRDA:217,25,0,33
BRDA:218,26,0,33
BRDA:219,27,0,33
BRDA:220,28,0,33
BRDA:226,29,0,12
BRDA:255,30,0,3
BRDA:233,31,0,24
BRDA:234,32,0,6
BRDA:238,33,0,24
BRDA:239,34,0,15
BRDA:241,35,0,132
BRDA:241,36,0,99
BRDA:242,37,0,66
BRDA:245,38,0,48
BRDA:246,39,0,9
BRDA:247,40,0,6
BRDA:259,41,0,6
BRDA:261,42,0,3
BRDA:261,43,0,3
BRDA:263,44,0,132
BRDA:263,45,0,99
BRDA:267,46,0,12
BRDA:272,47,0,132
BRDA:272,48,0,99
BRDA:277,49,0,66
BRDA:278,50,0,66
BRDA:279,51,0,24
BRDA:280,52,0,66
BRDA:281,53,0,66
BRDA:282,54,0,66
BRDA:286,55,0,33
BRDA:308,56,0,21
BRDA:308,57,0,12
BRDA:309,58,0,21
BRDA:309,59,0,12
BRDA:314,60,0,24
BRDA:316,61,0,9
BRDA:316,62,0,24
BRDA:318,63,0,30
BRDA:321,64,0,0
BRDA:324,65,0,0
BRDA:334,66,0,0
BRDA:339,67,0,33
BRDA:340,68,0,21
BRDA:342,69,0,12
BRDA:348,70,0,36
BRDA:349,71,0,0
BRDA:352,72,0,33
BRDA:369,73,0,87
BRDA:370,74,0,57
BRDA:372,75,0,30
BRDA:374,76,0,0
BRDA:376,77,0,30
BRDA:381,78,0,15
BRDA:382,79,0,9
BRDA:384,80,0,6
BRDA:388,81,0,0
BRDA:393,82,0,15
BRDA:394,83,0,9
BRDA:396,84,0,6
BRDA:398,85,0,0
BRDA:400,86,0,6
BRDA:405,87,0,6
BRDA:408,88,0,15
BRDA:409,89,0,0
BRDA:421,90,0,3
BRDA:424,91,0,6
BRDA:425,92,0,3
BRDA:432,93,0,0
BRDA:434,94,0,3
BRDA:436,95,0,0
BRDA:438,96,0,3
BRDA:441,97,0,0
BRDA:429,98,0,6
BRDA:446,99,0,6
BRDA:460,100,0,0
BRDA:460,101,0,0
BRDA:449,102,0,24
BRDA:454,103,0,18
BRDA:455,104,0,18
BRDA:456,105,0,0
BRDA:463,106,0,54
BRDA:467,107,0,3
BRDA:471,108,0,0
BRDA:476,109,0,66
BRDA:477,110,0,75
BRDA:477,111,0,33
BRDA:480,112,0,12
BRDA:481,113,0,6
BRDA:484,114,0,6
BRDA:485,115,0,0
BRDA:488,116,0,6
BRDA:489,117,0,0
BRF:118
BRH:93
end_of_record
TN:
SF:src/state/game-state.ts
FN:26,indexById
FN:30,createEmptyGameState
FN:44,hydrateGameState
FN:64,applyServerEvent
FN:155,applyServerEvents
FNF:5
FNH:5
FNDA:10,indexById
FNDA:10,createEmptyGameState
FNDA:5,hydrateGameState
FNDA:16,applyServerEvent
FNDA:5,applyServerEvents
DA:26,10
DA:27,10
DA:28,10
DA:30,1
DA:31,10
DA:32,10
DA:33,10
DA:34,10
DA:35,10
DA:36,10
DA:37,10
DA:38,10
DA:39,10
DA:40,10
DA:41,10
DA:42,10
DA:44,1
DA:45,5
DA:46,5
DA:47,5
DA:48,5
DA:49,5
DA:50,5
DA:51,5
DA:52,5
DA:53,1
DA:54,1
DA:55,5
DA:56,5
DA:57,1
DA:58,1
DA:59,5
DA:60,5
DA:61,5
DA:62,5
DA:64,1
DA:65,16
DA:66,4
DA:67,4
DA:69,16
DA:70,5
DA:71,5
DA:73,10
DA:74,1
DA:75,1
DA:76,1
DA:77,1
DA:78,1
DA:79,1
DA:80,1
DA:81,1
DA:82,1
DA:84,8
DA:85,2
DA:86,2
DA:87,2
DA:88,2
DA:89,2
DA:90,1
DA:91,1
DA:92,1
DA:93,1
DA:94,1
DA:95,2
DA:96,2
DA:97,2
DA:98,2
DA:99,2
DA:100,2
DA:102,5
DA:103,2
DA:104,2
DA:105,2
DA:106,2
DA:107,2
DA:108,1
DA:109,1
DA:110,1
DA:111,1
DA:112,1
DA:113,2
DA:114,2
DA:115,2
DA:116,2
DA:117,2
DA:118,2
DA:119,2
DA:120,2
DA:121,2
DA:122,2
DA:123,2
DA:125,2
DA:126,2
DA:127,2
DA:128,2
DA:129,2
DA:130,2
DA:131,1
DA:132,1
DA:133,1
DA:134,1
DA:135,1
DA:136,2
DA:137,2
DA:138,2
DA:139,2
DA:140,2
DA:141,2
DA:142,2
DA:143,2
DA:144,2
DA:145,2
DA:146,2
DA:148,0
DA:149,0
DA:150,0
DA:151,0
DA:152,0
DA:153,0
DA:155,1
DA:156,5
DA:157,5
LF:122
LH:116
BRDA:26,0,0,10
BRDA:27,1,0,5
BRDA:30,2,0,10
BRDA:44,3,0,5
BRDA:48,4,0,0
BRDA:52,5,0,1
BRDA:56,6,0,1
BRDA:64,7,0,16
BRDA:65,8,0,4
BRDA:67,9,0,12
BRDA:69,10,0,14
BRDA:69,11,0,5
BRDA:71,12,0,10
BRDA:71,13,0,7
BRDA:73,14,0,1
BRDA:82,15,0,9
BRDA:82,16,0,8
BRDA:82,17,0,6
BRDA:84,18,0,2
BRDA:89,19,0,1
BRDA:90,20,0,1
BRDA:100,21,0,6
BRDA:100,22,0,5
BRDA:100,23,0,4
BRDA:102,24,0,2
BRDA:107,25,0,1
BRDA:108,26,0,1
BRDA:119,27,0,1
BRDA:119,28,0,1
BRDA:123,29,0,3
BRDA:123,30,0,2
BRDA:130,31,0,1
BRDA:131,32,0,1
BRDA:142,33,0,1
BRDA:142,34,0,1
BRDA:146,35,0,0
BRDA:155,36,0,5
BRF:37
BRH:35
end_of_record
TN:
SF:src/state/session-view.ts
FN:86,createSessionView
FN:132,createSessionDiff
FN:161,createSessionRecord
FN:208,deriveSessionTitle
FN:226,deriveSessionStatus
FN:242,compareSessionRecords
FN:254,compareSessionEntriesDescending
FN:262,toSessionDiffSide
FN:272,listToolNames
FN:280,listDecisionTitles
FN:284,uniqueStrings
FN:290,intersect
FN:295,subtract
FNF:13
FNH:13
FNDA:6,createSessionView
FNDA:1,createSessionDiff
FNDA:12,createSessionRecord
FNDA:12,deriveSessionTitle
FNDA:12,deriveSessionStatus
FNDA:6,compareSessionRecords
FNDA:60,compareSessionEntriesDescending
FNDA:2,toSessionDiffSide
FNDA:6,listToolNames
FNDA:6,listDecisionTitles
FNDA:48,uniqueStrings
FNDA:4,intersect
FNDA:8,subtract
DA:1,1
DA:5,1
DA:80,1
DA:81,1
DA:82,1
DA:83,1
DA:84,1
DA:86,1
DA:87,6
DA:88,6
DA:89,6
DA:90,6
DA:92,6
DA:93,75
DA:94,3
DA:95,3
DA:96,3
DA:98,75
DA:99,75
DA:100,75
DA:101,75
DA:103,6
DA:104,30
DA:105,0
DA:106,0
DA:108,30
DA:109,30
DA:110,30
DA:111,30
DA:113,6
DA:114,6
DA:115,6
DA:117,6
DA:118,6
DA:119,6
DA:120,6
DA:121,6
DA:122,6
DA:123,6
DA:124,6
DA:125,6
DA:126,6
DA:127,6
DA:128,6
DA:129,6
DA:130,6
DA:132,1
DA:133,1
DA:134,1
DA:135,1
DA:137,1
DA:138,0
DA:139,0
DA:141,1
DA:142,1
DA:143,1
DA:144,1
DA:145,1
DA:146,1
DA:147,1
DA:148,1
DA:149,1
DA:150,1
DA:151,1
DA:152,1
DA:153,1
DA:154,1
DA:155,1
DA:156,1
DA:157,1
DA:158,1
DA:159,1
DA:161,12
DA:162,12
DA:163,12
DA:164,12
DA:165,12
DA:166,12
DA:167,12
DA:168,12
DA:169,12
DA:170,12
DA:171,12
DA:172,12
DA:173,12
DA:174,12
DA:175,12
DA:176,12
DA:177,12
DA:178,12
DA:179,12
DA:180,12
DA:181,12
DA:182,12
DA:183,12
DA:184,12
DA:185,12
DA:186,12
DA:187,12
DA:188,12
DA:189,12
DA:190,12
DA:191,12
DA:192,12
DA:193,12
DA:194,12
DA:195,12
DA:196,12
DA:197,12
DA:198,12
DA:199,12
DA:201,12
DA:202,12
DA:203,12
DA:204,12
DA:205,12
DA:206,12
DA:208,12
DA:209,12
DA:210,12
DA:211,12
DA:212,12
DA:213,12
DA:214,12
DA:215,12
DA:216,12
DA:218,0
DA:219,0
DA:220,0
DA:221,0
DA:223,0
DA:224,0
DA:226,12
DA:227,12
DA:228,0
DA:229,0
DA:231,12
DA:232,6
DA:233,6
DA:235,9
DA:236,3
DA:237,3
DA:239,12
DA:240,12
DA:242,6
DA:243,6
DA:244,6
DA:245,6
DA:247,0
DA:248,0
DA:249,0
DA:251,0
DA:252,0
DA:254,60
DA:255,60
DA:256,30
DA:257,30
DA:259,30
DA:260,30
DA:262,2
DA:263,2
DA:264,2
DA:265,2
DA:266,2
DA:267,2
DA:268,2
DA:269,2
DA:270,2
DA:272,6
DA:273,6
DA:274,6
DA:275,6
DA:276,6
DA:277,6
DA:278,6
DA:280,6
DA:281,6
DA:282,6
DA:284,48
DA:285,48
DA:286,54
DA:287,48
DA:288,48
DA:290,4
DA:291,4
DA:292,4
DA:293,4
DA:295,8
DA:296,8
DA:297,8
DA:298,8
LF:191
LH:174
BRDA:86,0,0,6
BRDA:92,1,0,75
BRDA:93,2,0,3
BRDA:96,3,0,72
BRDA:98,4,0,12
BRDA:103,5,0,30
BRDA:104,6,0,0
BRDA:108,7,0,12
BRDA:114,8,0,12
BRDA:114,9,0,0
BRDA:124,10,0,12
BRDA:125,11,0,12
BRDA:126,12,0,12
BRDA:132,13,0,1
BRDA:137,14,0,0
BRDA:144,15,0,0
BRDA:134,16,0,2
BRDA:135,17,0,1
BRDA:161,18,0,12
BRDA:168,19,0,0
BRDA:169,20,0,0
BRDA:183,21,0,0
BRDA:184,22,0,0
BRDA:185,23,0,0
BRDA:186,24,0,0
BRDA:197,25,0,0
BRDA:198,26,0,0
BRDA:170,27,0,72
BRDA:171,28,0,12
BRDA:173,29,0,6
BRDA:173,30,0,6
BRDA:175,31,0,12
BRDA:177,32,0,6
BRDA:177,33,0,6
BRDA:187,34,0,72
BRDA:188,35,0,72
BRDA:191,36,0,72
BRDA:192,37,0,72
BRDA:193,38,0,72
BRDA:194,39,0,72
BRDA:204,40,0,18
BRDA:208,41,0,12
BRDA:215,42,0,0
BRDA:216,43,0,0
BRDA:213,44,0,60
BRDA:226,45,0,12
BRDA:227,46,0,0
BRDA:231,47,0,9
BRDA:231,48,0,6
BRDA:235,49,0,3
BRDA:237,50,0,3
BRDA:239,51,0,0
BRDA:227,52,0,72
BRDA:235,53,0,24
BRDA:239,54,0,3
BRDA:239,55,0,0
BRDA:242,56,0,6
BRDA:245,57,0,0
BRDA:254,58,0,60
BRDA:255,59,0,30
BRDA:262,60,0,2
BRDA:272,61,0,6
BRDA:275,62,0,36
BRDA:276,63,0,6
BRDA:280,64,0,6
BRDA:281,65,0,15
BRDA:284,66,0,48
BRDA:285,67,0,237
BRDA:285,68,0,228
BRDA:285,69,0,54
BRDA:290,70,0,4
BRDA:292,71,0,7
BRDA:292,72,0,2
BRDA:295,73,0,8
BRDA:297,74,0,14
BRF:75
BRH:57
end_of_record
TN:
SF:src/state/task-view.ts
FN:60,createTaskView
FN:80,createTaskInspection
FN:85,createTaskInspectionInternal
FN:117,createTaskAlerts
FN:161,toTaskStatusCategory
FN:173,compareTaskInspections
FN:191,uniqueStrings
FN:197,readStringValue
FNF:8
FNH:8
FNDA:10,createTaskView
FNDA:1,createTaskInspection
FNDA:27,createTaskInspectionInternal
FNDA:27,createTaskAlerts
FNDA:27,toTaskStatusCategory
FNDA:23,compareTaskInspections
FNDA:54,uniqueStrings
FNDA:42,readStringValue
DA:3,1
DA:52,1
DA:53,1
DA:54,1
DA:55,1
DA:56,1
DA:57,1
DA:58,1
DA:60,1
DA:61,10
DA:62,10
DA:63,10
DA:64,10
DA:66,10
DA:67,10
DA:68,10
DA:69,10
DA:70,10
DA:71,10
DA:72,10
DA:73,10
DA:74,10
DA:75,10
DA:76,10
DA:77,10
DA:78,10
DA:80,1
DA:81,1
DA:82,1
DA:83,1
DA:85,27
DA:86,27
DA:87,27
DA:88,27
DA:89,27
DA:90,27
DA:91,27
DA:92,27
DA:93,27
DA:94,27
DA:95,27
DA:96,27
DA:97,27
DA:98,27
DA:100,27
DA:101,27
DA:102,27
DA:103,27
DA:104,27
DA:105,27
DA:106,27
DA:107,27
DA:108,27
DA:109,27
DA:110,27
DA:111,27
DA:112,27
DA:113,27
DA:114,27
DA:115,27
DA:117,27
DA:118,27
DA:119,27
DA:120,27
DA:121,27
DA:122,27
DA:123,27
DA:124,27
DA:126,27
DA:127,7
DA:128,7
DA:129,7
DA:130,7
DA:131,7
DA:132,7
DA:134,27
DA:135,7
DA:136,7
DA:137,7
DA:138,7
DA:139,7
DA:140,7
DA:142,27
DA:143,3
DA:144,3
DA:145,3
DA:146,3
DA:147,3
DA:148,3
DA:150,27
DA:151,7
DA:152,7
DA:153,7
DA:154,7
DA:155,7
DA:156,7
DA:158,27
DA:159,27
DA:161,27
DA:162,27
DA:163,27
DA:164,10
DA:165,27
DA:166,27
DA:167,17
DA:168,27
DA:169,0
DA:170,27
DA:171,27
DA:173,23
DA:174,23
DA:175,14
DA:176,14
DA:178,9
DA:179,9
DA:180,9
DA:182,23
DA:183,23
DA:184,23
DA:185,0
DA:186,0
DA:188,0
DA:189,0
DA:191,54
DA:192,54
DA:193,22
DA:194,54
DA:195,54
DA:197,42
DA:198,42
DA:199,42
LF:131
LH:126
BRDA:60,0,0,10
BRDA:63,1,0,27
BRDA:72,2,0,27
BRDA:73,3,0,27
BRDA:74,4,0,27
BRDA:75,5,0,27
BRDA:80,6,0,1
BRDA:82,7,0,0
BRDA:82,8,0,3
BRDA:85,9,0,27
BRDA:86,10,0,20
BRDA:86,11,0,7
BRDA:86,12,0,20
BRDA:98,13,0,14
BRDA:98,14,0,13
BRDA:103,15,0,13
BRDA:103,16,0,14
BRDA:104,17,0,13
BRDA:104,18,0,14
BRDA:105,19,0,13
BRDA:105,20,0,14
BRDA:108,21,0,20
BRDA:108,22,0,7
BRDA:87,23,0,246
BRDA:89,24,0,42
BRDA:90,25,0,3
BRDA:92,26,0,102
BRDA:93,27,0,19
BRDA:95,28,0,102
BRDA:96,29,0,19
BRDA:97,30,0,91
BRDA:107,31,0,91
BRDA:117,32,0,27
BRDA:126,33,0,20
BRDA:126,34,0,20
BRDA:126,35,0,7
BRDA:134,36,0,7
BRDA:134,37,0,7
BRDA:142,38,0,3
BRDA:150,39,0,10
BRDA:150,40,0,7
BRDA:150,41,0,7
BRDA:161,42,0,27
BRDA:163,43,0,10
BRDA:165,44,0,3
BRDA:166,45,0,17
BRDA:168,46,0,0
BRDA:173,47,0,23
BRDA:174,48,0,17
BRDA:174,49,0,14
BRDA:176,50,0,9
BRDA:180,51,0,0
BRDA:182,52,0,0
BRDA:183,53,0,0
BRDA:183,54,0,0
BRDA:184,55,0,0
BRDA:191,56,0,54
BRDA:192,57,0,182
BRDA:192,58,0,22
BRDA:197,59,0,42
BRDA:198,60,0,36
BRDA:198,61,0,6
BRF:62
BRH:55
end_of_record
TN:
SF:src/state/verification-view.ts
FN:46,createVerificationView
FN:65,evaluateTaskVerificationGate
FN:71,createTaskVerificationGate
FN:123,compareTaskVerificationGates
FNF:4
FNH:4
FNDA:1,createVerificationView
FNDA:3,evaluateTaskVerificationGate
FNDA:6,createTaskVerificationGate
FNDA:2,compareTaskVerificationGates
DA:3,1
DA:6,1
DA:7,1
DA:8,1
DA:9,1
DA:10,1
DA:11,1
DA:46,1
DA:47,1
DA:48,1
DA:50,1
DA:51,1
DA:52,1
DA:53,1
DA:54,1
DA:55,1
DA:56,1
DA:57,1
DA:58,1
DA:59,1
DA:60,1
DA:61,1
DA:62,1
DA:63,1
DA:65,1
DA:66,3
DA:67,3
DA:68,3
DA:69,3
DA:71,6
DA:72,6
DA:73,6
DA:74,6
DA:75,6
DA:76,6
DA:77,6
DA:78,6
DA:79,6
DA:80,6
DA:81,2
DA:82,4
DA:83,6
DA:84,6
DA:85,6
DA:86,6
DA:87,6
DA:88,6
DA:89,4
DA:90,2
DA:91,6
DA:92,6
DA:93,6
DA:94,6
DA:95,6
DA:96,6
DA:97,4
DA:98,2
DA:99,6
DA:100,6
DA:101,6
DA:102,6
DA:103,6
DA:104,6
DA:105,2
DA:106,4
DA:107,6
DA:108,6
DA:109,6
DA:111,6
DA:112,6
DA:113,6
DA:114,6
DA:115,6
DA:116,6
DA:117,6
DA:118,6
DA:119,6
DA:120,6
DA:121,6
DA:123,2
DA:124,2
DA:125,1
DA:126,1
DA:128,1
DA:129,1
DA:130,1
DA:132,0
DA:133,0
DA:134,0
DA:136,0
DA:137,0
LF:91
LH:86
BRDA:46,0,0,1
BRDA:56,1,0,3
BRDA:57,2,0,3
BRDA:59,3,0,3
BRDA:59,4,0,1
BRDA:65,5,0,3
BRDA:68,6,0,0
BRDA:67,7,0,6
BRDA:71,8,0,6
BRDA:74,9,0,4
BRDA:80,10,0,2
BRDA:81,11,0,0
BRDA:81,12,0,4
BRDA:88,13,0,4
BRDA:89,14,0,2
BRDA:96,15,0,4
BRDA:97,16,0,2
BRDA:104,17,0,2
BRDA:105,18,0,4
BRDA:74,19,0,2
BRDA:109,20,0,24
BRDA:109,21,0,12
BRDA:123,22,0,2
BRDA:124,23,0,1
BRDA:125,24,0,0
BRDA:130,25,0,0
BRF:26
BRH:22
end_of_record
