{"total": {"lines":{"total":26505,"covered":23557,"skipped":0,"pct":88.87},"statements":{"total":26505,"covered":23557,"skipped":0,"pct":88.87},"functions":{"total":1341,"covered":1281,"skipped":0,"pct":95.52},"branches":{"total":8856,"covered":7049,"skipped":0,"pct":79.59},"branchesTrue":{"total":0,"covered":0,"skipped":0,"pct":100}}
,"/mnt/Travail/Projets/Dev/bmad-custom/grimoire-kit/apps/grimoire-game/src/bridge/adapter-grimoire.ts": {"lines":{"total":735,"covered":607,"skipped":0,"pct":82.58},"functions":{"total":18,"covered":18,"skipped":0,"pct":100},"statements":{"total":735,"covered":607,"skipped":0,"pct":82.58},"branches":{"total":140,"covered":103,"skipped":0,"pct":73.57}}
,"/mnt/Travail/Projets/Dev/bmad-custom/grimoire-kit/apps/grimoire-game/src/bridge/agent-adapter.ts": {"lines":{"total":577,"covered":469,"skipped":0,"pct":81.28},"functions":{"total":23,"covered":22,"skipped":0,"pct":95.65},"statements":{"total":577,"covered":469,"skipped":0,"pct":81.28},"branches":{"total":120,"covered":86,"skipped":0,"pct":71.66}}
,"/mnt/Travail/Projets/Dev/bmad-custom/grimoire-kit/apps/grimoire-game/src/bridge/agent-connection-health.ts": {"lines":{"total":114,"covered":109,"skipped":0,"pct":95.61},"functions":{"total":4,"covered":4,"skipped":0,"pct":100},"statements":{"total":114,"covered":109,"skipped":0,"pct":95.61},"branches":{"total":26,"covered":19,"skipped":0,"pct":73.07}}
,"/mnt/Travail/Projets/Dev/bmad-custom/grimoire-kit/apps/grimoire-game/src/bridge/host-invocation-policy.ts": {"lines":{"total":145,"covered":108,"skipped":0,"pct":74.48},"functions":{"total":3,"covered":3,"skipped":0,"pct":100},"statements":{"total":145,"covered":108,"skipped":0,"pct":74.48},"branches":{"total":50,"covered":31,"skipped":0,"pct":62}}
,"/mnt/Travail/Projets/Dev/bmad-custom/grimoire-kit/apps/grimoire-game/src/bridge/idempotency-cache.ts": {"lines":{"total":32,"covered":24,"skipped":0,"pct":75},"functions":{"total":2,"covered":2,"skipped":0,"pct":100},"statements":{"total":32,"covered":24,"skipped":0,"pct":75},"branches":{"total":12,"covered":8,"skipped":0,"pct":66.66}}
,"/mnt/Travail/Projets/Dev/bmad-custom/grimoire-kit/apps/grimoire-game/src/bridge/mammouth-host-adapter.ts": {"lines":{"total":235,"covered":212,"skipped":0,"pct":90.21},"functions":{"total":11,"covered":11,"skipped":0,"pct":100},"statements":{"total":235,"covered":212,"skipped":0,"pct":90.21},"branches":{"total":49,"covered":19,"skipped":0,"pct":38.77}}
,"/mnt/Travail/Projets/Dev/bmad-custom/grimoire-kit/apps/grimoire-game/src/bridge/runtime-dashboard-session.ts": {"lines":{"total":51,"covered":47,"skipped":0,"pct":92.15},"functions":{"total":11,"covered":9,"skipped":0,"pct":81.81},"statements":{"total":51,"covered":47,"skipped":0,"pct":92.15},"branches":{"total":13,"covered":13,"skipped":0,"pct":100}}
,"/mnt/Travail/Projets/Dev/bmad-custom/grimoire-kit/apps/grimoire-game/src/bridge/runtime-mutation-guards.ts": {"lines":{"total":66,"covered":66,"skipped":0,"pct":100},"functions":{"total":6,"covered":6,"skipped":0,"pct":100},"statements":{"total":66,"covered":66,"skipped":0,"pct":100},"branches":{"total":14,"covered":14,"skipped":0,"pct":100}}
,"/mnt/Travail/Projets/Dev/bmad-custom/grimoire-kit/apps/grimoire-game/src/bridge/runtime-source-fs.ts": {"lines":{"total":997,"covered":813,"skipped":0,"pct":81.54},"functions":{"total":41,"covered":38,"skipped":0,"pct":92.68},"statements":{"total":997,"covered":813,"skipped":0,"pct":81.54},"branches":{"total":266,"covered":190,"skipped":0,"pct":71.42}}
,"/mnt/Travail/Projets/Dev/bmad-custom/grimoire-kit/apps/grimoire-game/src/bridge/vscode-webview-bridge.ts": {"lines":{"total":138,"covered":121,"skipped":0,"pct":87.68},"functions":{"total":8,"covered":5,"skipped":0,"pct":62.5},"statements":{"total":138,"covered":121,"skipped":0,"pct":87.68},"branches":{"total":10,"covered":8,"skipped":0,"pct":80}}
,"/mnt/Travail/Projets/Dev/bmad-custom/grimoire-kit/apps/grimoire-game/src/contracts/events.ts": {"lines":{"total":453,"covered":442,"skipped":0,"pct":97.57},"functions":{"total":32,"covered":29,"skipped":0,"pct":90.62},"statements":{"total":453,"covered":442,"skipped":0,"pct":97.57},"branches":{"total":138,"covered":118,"skipped":0,"pct":85.5}}
,"/mnt/Travail/Projets/Dev/bmad-custom/grimoire-kit/apps/grimoire-game/src/contracts/mammouth-host.ts": {"lines":{"total":70,"covered":70,"skipped":0,"pct":100},"functions":{"total":2,"covered":2,"skipped":0,"pct":100},"statements":{"total":70,"covered":70,"skipped":0,"pct":100},"branches":{"total":2,"covered":2,"skipped":0,"pct":100}}
,"/mnt/Travail/Projets/Dev/bmad-custom/grimoire-kit/apps/grimoire-game/src/contracts/schemas.ts": {"lines":{"total":805,"covered":805,"skipped":0,"pct":100},"functions":{"total":22,"covered":22,"skipped":0,"pct":100},"statements":{"total":805,"covered":805,"skipped":0,"pct":100},"branches":{"total":33,"covered":33,"skipped":0,"pct":100}}
,"/mnt/Travail/Projets/Dev/bmad-custom/grimoire-kit/apps/grimoire-game/src/server/auth/rbac.ts": {"lines":{"total":317,"covered":268,"skipped":0,"pct":84.54},"functions":{"total":20,"covered":20,"skipped":0,"pct":100},"statements":{"total":317,"covered":268,"skipped":0,"pct":84.54},"branches":{"total":141,"covered":123,"skipped":0,"pct":87.23}}
,"/mnt/Travail/Projets/Dev/bmad-custom/grimoire-kit/apps/grimoire-game/src/server/auth/token-registry.ts": {"lines":{"total":106,"covered":106,"skipped":0,"pct":100},"functions":{"total":9,"covered":9,"skipped":0,"pct":100},"statements":{"total":106,"covered":106,"skipped":0,"pct":100},"branches":{"total":32,"covered":32,"skipped":0,"pct":100}}
,"/mnt/Travail/Projets/Dev/bmad-custom/grimoire-kit/apps/grimoire-game/src/server/control-plane/command-gateway.ts": {"lines":{"total":237,"covered":203,"skipped":0,"pct":85.65},"functions":{"total":13,"covered":13,"skipped":0,"pct":100},"statements":{"total":237,"covered":203,"skipped":0,"pct":85.65},"branches":{"total":75,"covered":61,"skipped":0,"pct":81.33}}
,"/mnt/Travail/Projets/Dev/bmad-custom/grimoire-kit/apps/grimoire-game/src/server/control-plane/lease-store.ts": {"lines":{"total":406,"covered":336,"skipped":0,"pct":82.75},"functions":{"total":22,"covered":21,"skipped":0,"pct":95.45},"statements":{"total":406,"covered":336,"skipped":0,"pct":82.75},"branches":{"total":128,"covered":81,"skipped":0,"pct":63.28}}
,"/mnt/Travail/Projets/Dev/bmad-custom/grimoire-kit/apps/grimoire-game/src/server/control-plane/node-registry.ts": {"lines":{"total":255,"covered":225,"skipped":0,"pct":88.23},"functions":{"total":17,"covered":16,"skipped":0,"pct":94.11},"statements":{"total":255,"covered":225,"skipped":0,"pct":88.23},"branches":{"total":75,"covered":58,"skipped":0,"pct":77.33}}
,"/mnt/Travail/Projets/Dev/bmad-custom/grimoire-kit/apps/grimoire-game/src/server/control-plane/project-registry.ts": {"lines":{"total":140,"covered":124,"skipped":0,"pct":88.57},"functions":{"total":9,"covered":9,"skipped":0,"pct":100},"statements":{"total":140,"covered":124,"skipped":0,"pct":88.57},"branches":{"total":45,"covered":34,"skipped":0,"pct":75.55}}
,"/mnt/Travail/Projets/Dev/bmad-custom/grimoire-kit/apps/grimoire-game/src/state/agent-factory-view.ts": {"lines":{"total":284,"covered":265,"skipped":0,"pct":93.3},"functions":{"total":18,"covered":18,"skipped":0,"pct":100},"statements":{"total":284,"covered":265,"skipped":0,"pct":93.3},"branches":{"total":128,"covered":111,"skipped":0,"pct":86.71}}
,"/mnt/Travail/Projets/Dev/bmad-custom/grimoire-kit/apps/grimoire-game/src/state/audio-room-view.ts": {"lines":{"total":176,"covered":162,"skipped":0,"pct":92.04},"functions":{"total":12,"covered":12,"skipped":0,"pct":100},"statements":{"total":176,"covered":162,"skipped":0,"pct":92.04},"branches":{"total":61,"covered":52,"skipped":0,"pct":85.24}}
,"/mnt/Travail/Projets/Dev/bmad-custom/grimoire-kit/apps/grimoire-game/src/state/audit-view.ts": {"lines":{"total":594,"covered":580,"skipped":0,"pct":97.64},"functions":{"total":34,"covered":34,"skipped":0,"pct":100},"statements":{"total":594,"covered":580,"skipped":0,"pct":97.64},"branches":{"total":270,"covered":224,"skipped":0,"pct":82.96}}
,"/mnt/Travail/Projets/Dev/bmad-custom/grimoire-kit/apps/grimoire-game/src/state/board-view.ts": {"lines":{"total":620,"covered":580,"skipped":0,"pct":93.54},"functions":{"total":31,"covered":31,"skipped":0,"pct":100},"statements":{"total":620,"covered":580,"skipped":0,"pct":93.54},"branches":{"total":246,"covered":215,"skipped":0,"pct":87.39}}
,"/mnt/Travail/Projets/Dev/bmad-custom/grimoire-kit/apps/grimoire-game/src/state/branch-finisher-view.ts": {"lines":{"total":624,"covered":558,"skipped":0,"pct":89.42},"functions":{"total":32,"covered":30,"skipped":0,"pct":93.75},"statements":{"total":624,"covered":558,"skipped":0,"pct":89.42},"branches":{"total":206,"covered":167,"skipped":0,"pct":81.06}}
,"/mnt/Travail/Projets/Dev/bmad-custom/grimoire-kit/apps/grimoire-game/src/state/canonical-envelope-pilot.ts": {"lines":{"total":394,"covered":358,"skipped":0,"pct":90.86},"functions":{"total":12,"covered":12,"skipped":0,"pct":100},"statements":{"total":394,"covered":358,"skipped":0,"pct":90.86},"branches":{"total":135,"covered":77,"skipped":0,"pct":57.03}}
,"/mnt/Travail/Projets/Dev/bmad-custom/grimoire-kit/apps/grimoire-game/src/state/challenge-room-view.ts": {"lines":{"total":937,"covered":754,"skipped":0,"pct":80.46},"functions":{"total":51,"covered":43,"skipped":0,"pct":84.31},"statements":{"total":937,"covered":754,"skipped":0,"pct":80.46},"branches":{"total":353,"covered":261,"skipped":0,"pct":73.93}}
,"/mnt/Travail/Projets/Dev/bmad-custom/grimoire-kit/apps/grimoire-game/src/state/collaboration-view.ts": {"lines":{"total":341,"covered":311,"skipped":0,"pct":91.2},"functions":{"total":19,"covered":19,"skipped":0,"pct":100},"statements":{"total":341,"covered":311,"skipped":0,"pct":91.2},"branches":{"total":133,"covered":114,"skipped":0,"pct":85.71}}
,"/mnt/Travail/Projets/Dev/bmad-custom/grimoire-kit/apps/grimoire-game/src/state/communication-view.ts": {"lines":{"total":431,"covered":283,"skipped":0,"pct":65.66},"functions":{"total":25,"covered":19,"skipped":0,"pct":76},"statements":{"total":431,"covered":283,"skipped":0,"pct":65.66},"branches":{"total":141,"covered":104,"skipped":0,"pct":73.75}}
,"/mnt/Travail/Projets/Dev/bmad-custom/grimoire-kit/apps/grimoire-game/src/state/configuration-skill-tree-view.ts": {"lines":{"total":362,"covered":321,"skipped":0,"pct":88.67},"functions":{"total":18,"covered":17,"skipped":0,"pct":94.44},"statements":{"total":362,"covered":321,"skipped":0,"pct":88.67},"branches":{"total":120,"covered":96,"skipped":0,"pct":80}}
,"/mnt/Travail/Projets/Dev/bmad-custom/grimoire-kit/apps/grimoire-game/src/state/counter-review-view.ts": {"lines":{"total":176,"covered":173,"skipped":0,"pct":98.29},"functions":{"total":10,"covered":10,"skipped":0,"pct":100},"statements":{"total":176,"covered":173,"skipped":0,"pct":98.29},"branches":{"total":85,"covered":80,"skipped":0,"pct":94.11}}
,"/mnt/Travail/Projets/Dev/bmad-custom/grimoire-kit/apps/grimoire-game/src/state/coverage-slots-view.ts": {"lines":{"total":803,"covered":694,"skipped":0,"pct":86.42},"functions":{"total":41,"covered":41,"skipped":0,"pct":100},"statements":{"total":803,"covered":694,"skipped":0,"pct":86.42},"branches":{"total":239,"covered":189,"skipped":0,"pct":79.07}}
,"/mnt/Travail/Projets/Dev/bmad-custom/grimoire-kit/apps/grimoire-game/src/state/decision-card-view.ts": {"lines":{"total":106,"covered":98,"skipped":0,"pct":92.45},"functions":{"total":6,"covered":6,"skipped":0,"pct":100},"statements":{"total":106,"covered":98,"skipped":0,"pct":92.45},"branches":{"total":43,"covered":36,"skipped":0,"pct":83.72}}
,"/mnt/Travail/Projets/Dev/bmad-custom/grimoire-kit/apps/grimoire-game/src/state/deep-inspection-view.ts": {"lines":{"total":363,"covered":343,"skipped":0,"pct":94.49},"functions":{"total":20,"covered":19,"skipped":0,"pct":95},"statements":{"total":363,"covered":343,"skipped":0,"pct":94.49},"branches":{"total":123,"covered":102,"skipped":0,"pct":82.92}}
,"/mnt/Travail/Projets/Dev/bmad-custom/grimoire-kit/apps/grimoire-game/src/state/experiment-view.ts": {"lines":{"total":260,"covered":227,"skipped":0,"pct":87.3},"functions":{"total":16,"covered":15,"skipped":0,"pct":93.75},"statements":{"total":260,"covered":227,"skipped":0,"pct":87.3},"branches":{"total":108,"covered":92,"skipped":0,"pct":85.18}}
,"/mnt/Travail/Projets/Dev/bmad-custom/grimoire-kit/apps/grimoire-game/src/state/expert-cockpit-view.ts": {"lines":{"total":285,"covered":232,"skipped":0,"pct":81.4},"functions":{"total":13,"covered":12,"skipped":0,"pct":92.3},"statements":{"total":285,"covered":232,"skipped":0,"pct":81.4},"branches":{"total":104,"covered":59,"skipped":0,"pct":56.73}}
,"/mnt/Travail/Projets/Dev/bmad-custom/grimoire-kit/apps/grimoire-game/src/state/finops-view.ts": {"lines":{"total":623,"covered":579,"skipped":0,"pct":92.93},"functions":{"total":41,"covered":40,"skipped":0,"pct":97.56},"statements":{"total":623,"covered":579,"skipped":0,"pct":92.93},"branches":{"total":280,"covered":258,"skipped":0,"pct":92.14}}
,"/mnt/Travail/Projets/Dev/bmad-custom/grimoire-kit/apps/grimoire-game/src/state/game-state.ts": {"lines":{"total":235,"covered":235,"skipped":0,"pct":100},"functions":{"total":7,"covered":7,"skipped":0,"pct":100},"statements":{"total":235,"covered":235,"skipped":0,"pct":100},"branches":{"total":76,"covered":67,"skipped":0,"pct":88.15}}
,"/mnt/Travail/Projets/Dev/bmad-custom/grimoire-kit/apps/grimoire-game/src/state/generic-host-bridge-view.ts": {"lines":{"total":207,"covered":192,"skipped":0,"pct":92.75},"functions":{"total":12,"covered":12,"skipped":0,"pct":100},"statements":{"total":207,"covered":192,"skipped":0,"pct":92.75},"branches":{"total":93,"covered":73,"skipped":0,"pct":78.49}}
,"/mnt/Travail/Projets/Dev/bmad-custom/grimoire-kit/apps/grimoire-game/src/state/governance-drift-view.ts": {"lines":{"total":642,"covered":532,"skipped":0,"pct":82.86},"functions":{"total":34,"covered":32,"skipped":0,"pct":94.11},"statements":{"total":642,"covered":532,"skipped":0,"pct":82.86},"branches":{"total":188,"covered":137,"skipped":0,"pct":72.87}}
,"/mnt/Travail/Projets/Dev/bmad-custom/grimoire-kit/apps/grimoire-game/src/state/host-bridge-view.ts": {"lines":{"total":93,"covered":89,"skipped":0,"pct":95.69},"functions":{"total":8,"covered":8,"skipped":0,"pct":100},"statements":{"total":93,"covered":89,"skipped":0,"pct":95.69},"branches":{"total":20,"covered":18,"skipped":0,"pct":90}}
,"/mnt/Travail/Projets/Dev/bmad-custom/grimoire-kit/apps/grimoire-game/src/state/host-handoff-view.ts": {"lines":{"total":298,"covered":277,"skipped":0,"pct":92.95},"functions":{"total":15,"covered":15,"skipped":0,"pct":100},"statements":{"total":298,"covered":277,"skipped":0,"pct":92.95},"branches":{"total":144,"covered":111,"skipped":0,"pct":77.08}}
,"/mnt/Travail/Projets/Dev/bmad-custom/grimoire-kit/apps/grimoire-game/src/state/incident-recovery-view.ts": {"lines":{"total":365,"covered":318,"skipped":0,"pct":87.12},"functions":{"total":20,"covered":16,"skipped":0,"pct":80},"statements":{"total":365,"covered":318,"skipped":0,"pct":87.12},"branches":{"total":121,"covered":96,"skipped":0,"pct":79.33}}
,"/mnt/Travail/Projets/Dev/bmad-custom/grimoire-kit/apps/grimoire-game/src/state/investigation-lab-view.ts": {"lines":{"total":299,"covered":283,"skipped":0,"pct":94.64},"functions":{"total":22,"covered":22,"skipped":0,"pct":100},"statements":{"total":299,"covered":283,"skipped":0,"pct":94.64},"branches":{"total":151,"covered":140,"skipped":0,"pct":92.71}}
,"/mnt/Travail/Projets/Dev/bmad-custom/grimoire-kit/apps/grimoire-game/src/state/kanban-view.ts": {"lines":{"total":343,"covered":264,"skipped":0,"pct":76.96},"functions":{"total":10,"covered":9,"skipped":0,"pct":90},"statements":{"total":343,"covered":264,"skipped":0,"pct":76.96},"branches":{"total":100,"covered":80,"skipped":0,"pct":80}}
,"/mnt/Travail/Projets/Dev/bmad-custom/grimoire-kit/apps/grimoire-game/src/state/lease-view.ts": {"lines":{"total":135,"covered":120,"skipped":0,"pct":88.88},"functions":{"total":5,"covered":5,"skipped":0,"pct":100},"statements":{"total":135,"covered":120,"skipped":0,"pct":88.88},"branches":{"total":49,"covered":39,"skipped":0,"pct":79.59}}
,"/mnt/Travail/Projets/Dev/bmad-custom/grimoire-kit/apps/grimoire-game/src/state/library-memory-view.ts": {"lines":{"total":724,"covered":602,"skipped":0,"pct":83.14},"functions":{"total":37,"covered":34,"skipped":0,"pct":91.89},"statements":{"total":724,"covered":602,"skipped":0,"pct":83.14},"branches":{"total":289,"covered":199,"skipped":0,"pct":68.85}}
,"/mnt/Travail/Projets/Dev/bmad-custom/grimoire-kit/apps/grimoire-game/src/state/library-view.ts": {"lines":{"total":330,"covered":291,"skipped":0,"pct":88.18},"functions":{"total":20,"covered":19,"skipped":0,"pct":95},"statements":{"total":330,"covered":291,"skipped":0,"pct":88.18},"branches":{"total":125,"covered":95,"skipped":0,"pct":76}}
,"/mnt/Travail/Projets/Dev/bmad-custom/grimoire-kit/apps/grimoire-game/src/state/memory-recall-view.ts": {"lines":{"total":372,"covered":331,"skipped":0,"pct":88.97},"functions":{"total":26,"covered":26,"skipped":0,"pct":100},"statements":{"total":372,"covered":331,"skipped":0,"pct":88.97},"branches":{"total":132,"covered":106,"skipped":0,"pct":80.3}}
,"/mnt/Travail/Projets/Dev/bmad-custom/grimoire-kit/apps/grimoire-game/src/state/mission-ledger-view.ts": {"lines":{"total":744,"covered":727,"skipped":0,"pct":97.71},"functions":{"total":36,"covered":36,"skipped":0,"pct":100},"statements":{"total":744,"covered":727,"skipped":0,"pct":97.71},"branches":{"total":308,"covered":287,"skipped":0,"pct":93.18}}
,"/mnt/Travail/Projets/Dev/bmad-custom/grimoire-kit/apps/grimoire-game/src/state/mission-pack.ts": {"lines":{"total":139,"covered":125,"skipped":0,"pct":89.92},"functions":{"total":9,"covered":9,"skipped":0,"pct":100},"statements":{"total":139,"covered":125,"skipped":0,"pct":89.92},"branches":{"total":49,"covered":38,"skipped":0,"pct":77.55}}
,"/mnt/Travail/Projets/Dev/bmad-custom/grimoire-kit/apps/grimoire-game/src/state/node-fleet-view.ts": {"lines":{"total":70,"covered":70,"skipped":0,"pct":100},"functions":{"total":3,"covered":3,"skipped":0,"pct":100},"statements":{"total":70,"covered":70,"skipped":0,"pct":100},"branches":{"total":11,"covered":11,"skipped":0,"pct":100}}
,"/mnt/Travail/Projets/Dev/bmad-custom/grimoire-kit/apps/grimoire-game/src/state/observability-panel-view.ts": {"lines":{"total":243,"covered":240,"skipped":0,"pct":98.76},"functions":{"total":12,"covered":12,"skipped":0,"pct":100},"statements":{"total":243,"covered":240,"skipped":0,"pct":98.76},"branches":{"total":70,"covered":59,"skipped":0,"pct":84.28}}
,"/mnt/Travail/Projets/Dev/bmad-custom/grimoire-kit/apps/grimoire-game/src/state/observability-view.ts": {"lines":{"total":442,"covered":374,"skipped":0,"pct":84.61},"functions":{"total":27,"covered":25,"skipped":0,"pct":92.59},"statements":{"total":442,"covered":374,"skipped":0,"pct":84.61},"branches":{"total":198,"covered":159,"skipped":0,"pct":80.3}}
,"/mnt/Travail/Projets/Dev/bmad-custom/grimoire-kit/apps/grimoire-game/src/state/onboarding-view.ts": {"lines":{"total":168,"covered":151,"skipped":0,"pct":89.88},"functions":{"total":8,"covered":8,"skipped":0,"pct":100},"statements":{"total":168,"covered":151,"skipped":0,"pct":89.88},"branches":{"total":56,"covered":45,"skipped":0,"pct":80.35}}
,"/mnt/Travail/Projets/Dev/bmad-custom/grimoire-kit/apps/grimoire-game/src/state/power-cards-view.ts": {"lines":{"total":322,"covered":268,"skipped":0,"pct":83.22},"functions":{"total":18,"covered":17,"skipped":0,"pct":94.44},"statements":{"total":322,"covered":268,"skipped":0,"pct":83.22},"branches":{"total":96,"covered":70,"skipped":0,"pct":72.91}}
,"/mnt/Travail/Projets/Dev/bmad-custom/grimoire-kit/apps/grimoire-game/src/state/progression-view.ts": {"lines":{"total":207,"covered":189,"skipped":0,"pct":91.3},"functions":{"total":10,"covered":10,"skipped":0,"pct":100},"statements":{"total":207,"covered":189,"skipped":0,"pct":91.3},"branches":{"total":67,"covered":48,"skipped":0,"pct":71.64}}
,"/mnt/Travail/Projets/Dev/bmad-custom/grimoire-kit/apps/grimoire-game/src/state/provenance-compliance-view.ts": {"lines":{"total":128,"covered":120,"skipped":0,"pct":93.75},"functions":{"total":10,"covered":10,"skipped":0,"pct":100},"statements":{"total":128,"covered":120,"skipped":0,"pct":93.75},"branches":{"total":53,"covered":48,"skipped":0,"pct":90.56}}
,"/mnt/Travail/Projets/Dev/bmad-custom/grimoire-kit/apps/grimoire-game/src/state/retro-room-view.ts": {"lines":{"total":892,"covered":729,"skipped":0,"pct":81.72},"functions":{"total":41,"covered":38,"skipped":0,"pct":92.68},"statements":{"total":892,"covered":729,"skipped":0,"pct":81.72},"branches":{"total":226,"covered":158,"skipped":0,"pct":69.91}}
,"/mnt/Travail/Projets/Dev/bmad-custom/grimoire-kit/apps/grimoire-game/src/state/runtime-cockpit-view.ts": {"lines":{"total":111,"covered":111,"skipped":0,"pct":100},"functions":{"total":3,"covered":3,"skipped":0,"pct":100},"statements":{"total":111,"covered":111,"skipped":0,"pct":100},"branches":{"total":38,"covered":30,"skipped":0,"pct":78.94}}
,"/mnt/Travail/Projets/Dev/bmad-custom/grimoire-kit/apps/grimoire-game/src/state/runtime-dashboard-store.ts": {"lines":{"total":88,"covered":88,"skipped":0,"pct":100},"functions":{"total":11,"covered":11,"skipped":0,"pct":100},"statements":{"total":88,"covered":88,"skipped":0,"pct":100},"branches":{"total":19,"covered":19,"skipped":0,"pct":100}}
,"/mnt/Travail/Projets/Dev/bmad-custom/grimoire-kit/apps/grimoire-game/src/state/runtime-dashboard-ui-view.ts": {"lines":{"total":503,"covered":477,"skipped":0,"pct":94.83},"functions":{"total":19,"covered":19,"skipped":0,"pct":100},"statements":{"total":503,"covered":477,"skipped":0,"pct":94.83},"branches":{"total":180,"covered":160,"skipped":0,"pct":88.88}}
,"/mnt/Travail/Projets/Dev/bmad-custom/grimoire-kit/apps/grimoire-game/src/state/runtime-dashboard-view.ts": {"lines":{"total":177,"covered":175,"skipped":0,"pct":98.87},"functions":{"total":5,"covered":5,"skipped":0,"pct":100},"statements":{"total":177,"covered":175,"skipped":0,"pct":98.87},"branches":{"total":16,"covered":15,"skipped":0,"pct":93.75}}
,"/mnt/Travail/Projets/Dev/bmad-custom/grimoire-kit/apps/grimoire-game/src/state/runtime-game-ui-view.ts": {"lines":{"total":173,"covered":148,"skipped":0,"pct":85.54},"functions":{"total":8,"covered":7,"skipped":0,"pct":87.5},"statements":{"total":173,"covered":148,"skipped":0,"pct":85.54},"branches":{"total":50,"covered":39,"skipped":0,"pct":78}}
,"/mnt/Travail/Projets/Dev/bmad-custom/grimoire-kit/apps/grimoire-game/src/state/runtime-observability-surface-view.ts": {"lines":{"total":114,"covered":81,"skipped":0,"pct":71.05},"functions":{"total":5,"covered":4,"skipped":0,"pct":80},"statements":{"total":114,"covered":81,"skipped":0,"pct":71.05},"branches":{"total":23,"covered":19,"skipped":0,"pct":82.6}}
,"/mnt/Travail/Projets/Dev/bmad-custom/grimoire-kit/apps/grimoire-game/src/state/runtime-observer-view.ts": {"lines":{"total":177,"covered":171,"skipped":0,"pct":96.61},"functions":{"total":9,"covered":9,"skipped":0,"pct":100},"statements":{"total":177,"covered":171,"skipped":0,"pct":96.61},"branches":{"total":74,"covered":61,"skipped":0,"pct":82.43}}
,"/mnt/Travail/Projets/Dev/bmad-custom/grimoire-kit/apps/grimoire-game/src/state/session-lineage-view.ts": {"lines":{"total":325,"covered":303,"skipped":0,"pct":93.23},"functions":{"total":18,"covered":18,"skipped":0,"pct":100},"statements":{"total":325,"covered":303,"skipped":0,"pct":93.23},"branches":{"total":128,"covered":111,"skipped":0,"pct":86.71}}
,"/mnt/Travail/Projets/Dev/bmad-custom/grimoire-kit/apps/grimoire-game/src/state/session-view.ts": {"lines":{"total":705,"covered":621,"skipped":0,"pct":88.08},"functions":{"total":30,"covered":28,"skipped":0,"pct":93.33},"statements":{"total":705,"covered":621,"skipped":0,"pct":88.08},"branches":{"total":263,"covered":191,"skipped":0,"pct":72.62}}
,"/mnt/Travail/Projets/Dev/bmad-custom/grimoire-kit/apps/grimoire-game/src/state/spectator-surface-view.ts": {"lines":{"total":133,"covered":130,"skipped":0,"pct":97.74},"functions":{"total":4,"covered":4,"skipped":0,"pct":100},"statements":{"total":133,"covered":130,"skipped":0,"pct":97.74},"branches":{"total":31,"covered":19,"skipped":0,"pct":61.29}}
,"/mnt/Travail/Projets/Dev/bmad-custom/grimoire-kit/apps/grimoire-game/src/state/supervision-view.ts": {"lines":{"total":172,"covered":163,"skipped":0,"pct":94.76},"functions":{"total":8,"covered":8,"skipped":0,"pct":100},"statements":{"total":172,"covered":163,"skipped":0,"pct":94.76},"branches":{"total":39,"covered":35,"skipped":0,"pct":89.74}}
,"/mnt/Travail/Projets/Dev/bmad-custom/grimoire-kit/apps/grimoire-game/src/state/surface-governance-view.ts": {"lines":{"total":416,"covered":340,"skipped":0,"pct":81.73},"functions":{"total":17,"covered":17,"skipped":0,"pct":100},"statements":{"total":416,"covered":340,"skipped":0,"pct":81.73},"branches":{"total":126,"covered":102,"skipped":0,"pct":80.95}}
,"/mnt/Travail/Projets/Dev/bmad-custom/grimoire-kit/apps/grimoire-game/src/state/task-view.ts": {"lines":{"total":131,"covered":129,"skipped":0,"pct":98.47},"functions":{"total":8,"covered":8,"skipped":0,"pct":100},"statements":{"total":131,"covered":129,"skipped":0,"pct":98.47},"branches":{"total":66,"covered":62,"skipped":0,"pct":93.93}}
,"/mnt/Travail/Projets/Dev/bmad-custom/grimoire-kit/apps/grimoire-game/src/state/timeline-view.ts": {"lines":{"total":153,"covered":146,"skipped":0,"pct":95.42},"functions":{"total":13,"covered":13,"skipped":0,"pct":100},"statements":{"total":153,"covered":146,"skipped":0,"pct":95.42},"branches":{"total":87,"covered":77,"skipped":0,"pct":88.5}}
,"/mnt/Travail/Projets/Dev/bmad-custom/grimoire-kit/apps/grimoire-game/src/state/verification-evidence-pack-view.ts": {"lines":{"total":334,"covered":300,"skipped":0,"pct":89.82},"functions":{"total":19,"covered":18,"skipped":0,"pct":94.73},"statements":{"total":334,"covered":300,"skipped":0,"pct":89.82},"branches":{"total":154,"covered":111,"skipped":0,"pct":72.07}}
,"/mnt/Travail/Projets/Dev/bmad-custom/grimoire-kit/apps/grimoire-game/src/state/verification-queue-view.ts": {"lines":{"total":134,"covered":127,"skipped":0,"pct":94.77},"functions":{"total":6,"covered":6,"skipped":0,"pct":100},"statements":{"total":134,"covered":127,"skipped":0,"pct":94.77},"branches":{"total":72,"covered":57,"skipped":0,"pct":79.16}}
,"/mnt/Travail/Projets/Dev/bmad-custom/grimoire-kit/apps/grimoire-game/src/state/verification-view.ts": {"lines":{"total":1064,"covered":1005,"skipped":0,"pct":94.45},"functions":{"total":51,"covered":50,"skipped":0,"pct":98.03},"statements":{"total":1064,"covered":1005,"skipped":0,"pct":94.45},"branches":{"total":409,"covered":357,"skipped":0,"pct":87.28}}
,"/mnt/Travail/Projets/Dev/bmad-custom/grimoire-kit/apps/grimoire-game/src/state/vscode-panel-view.ts": {"lines":{"total":96,"covered":94,"skipped":0,"pct":97.91},"functions":{"total":2,"covered":2,"skipped":0,"pct":100},"statements":{"total":96,"covered":94,"skipped":0,"pct":97.91},"branches":{"total":18,"covered":13,"skipped":0,"pct":72.22}}
,"/mnt/Travail/Projets/Dev/bmad-custom/grimoire-kit/apps/grimoire-game/src/state/workflow-visualization-view.ts": {"lines":{"total":268,"covered":231,"skipped":0,"pct":86.19},"functions":{"total":13,"covered":12,"skipped":0,"pct":92.3},"statements":{"total":268,"covered":231,"skipped":0,"pct":86.19},"branches":{"total":103,"covered":73,"skipped":0,"pct":70.87}}
,"/mnt/Travail/Projets/Dev/bmad-custom/grimoire-kit/apps/grimoire-game/src/state/worktree-room-view.ts": {"lines":{"total":575,"covered":517,"skipped":0,"pct":89.91},"functions":{"total":30,"covered":29,"skipped":0,"pct":96.66},"statements":{"total":575,"covered":517,"skipped":0,"pct":89.91},"branches":{"total":194,"covered":144,"skipped":0,"pct":74.22}}
}
