TN:
SF:src/bridge/adapter-grimoire.ts
FN:124,cloneSerializable
FN:128,<instance_members_initializer>
FN:136,AdapterGrimoire
FN:146,getInitialSnapshot
FN:161,reconnect
FN:202,handleClientEvent
FN:268,buildSnapshot
FN:346,applyConfigUpdate
FN:448,applyTaskTransition
FN:626,applyTaskAssign
FN:731,applyAgentStatusUpdate
FN:861,getAuditLog
FN:865,createRuntimeError
FN:890,allocateSequenceId
FN:896,syncMaxSequenceId
FN:900,recordAudit
FN:904,storeProcessedMutation
FN:918,mutationCacheKey
FNF:18
FNH:18
FNDA:4,cloneSerializable
FNDA:75,<instance_members_initializer>
FNDA:75,AdapterGrimoire
FNDA:3,getInitialSnapshot
FNDA:26,reconnect
FNDA:97,handleClientEvent
FNDA:98,buildSnapshot
FNDA:23,applyConfigUpdate
FNDA:33,applyTaskTransition
FNDA:20,applyTaskAssign
FNDA:18,applyAgentStatusUpdate
FNDA:108,getAuditLog
FNDA:27,createRuntimeError
FNDA:27,allocateSequenceId
FNDA:219,syncMaxSequenceId
FNDA:146,recordAudit
FNDA:66,storeProcessedMutation
FNDA:158,mutationCacheKey
DA:1,1
DA:12,1
DA:13,1
DA:15,1
DA:17,1
DA:25,1
DA:124,4
DA:125,4
DA:126,4
DA:128,1
DA:129,75
DA:130,75
DA:131,75
DA:132,75
DA:133,75
DA:134,75
DA:136,75
DA:137,75
DA:138,75
DA:139,75
DA:140,75
DA:141,75
DA:142,75
DA:143,75
DA:144,75
DA:146,75
DA:147,3
DA:148,3
DA:149,3
DA:150,3
DA:151,3
DA:152,3
DA:153,3
DA:154,3
DA:155,3
DA:156,3
DA:157,3
DA:158,3
DA:159,3
DA:161,75
DA:162,26
DA:163,26
DA:165,26
DA:166,25
DA:167,25
DA:168,25
DA:169,25
DA:170,25
DA:171,25
DA:172,25
DA:173,25
DA:174,25
DA:175,25
DA:176,25
DA:177,25
DA:178,25
DA:179,25
DA:181,1
DA:182,26
DA:183,0
DA:184,0
DA:185,0
DA:186,0
DA:187,0
DA:188,0
DA:189,0
DA:190,0
DA:191,0
DA:192,0
DA:193,0
DA:194,0
DA:196,1
DA:197,1
DA:199,0
DA:200,26
DA:202,75
DA:203,97
DA:204,0
DA:206,0
DA:207,0
DA:208,0
DA:209,0
DA:210,0
DA:211,0
DA:212,0
DA:213,0
DA:214,0
DA:215,0
DA:216,0
DA:217,0
DA:219,0
DA:220,0
DA:222,97
DA:223,97
DA:224,97
DA:225,97
DA:226,2
DA:227,2
DA:228,2
DA:229,2
DA:230,2
DA:231,2
DA:232,2
DA:233,2
DA:234,2
DA:235,2
DA:236,2
DA:238,95
DA:240,97
DA:241,1
DA:242,1
DA:243,1
DA:244,1
DA:245,1
DA:246,1
DA:247,1
DA:248,1
DA:249,1
DA:250,1
DA:251,1
DA:253,97
DA:254,23
DA:255,23
DA:257,97
DA:258,33
DA:259,33
DA:261,97
DA:262,20
DA:263,20
DA:265,18
DA:266,97
DA:268,75
DA:269,98
DA:270,97
DA:271,97
DA:272,97
DA:273,97
DA:274,97
DA:275,97
DA:276,133
DA:277,133
DA:278,133
DA:279,133
DA:280,133
DA:281,133
DA:282,133
DA:283,133
DA:284,97
DA:285,97
DA:286,97
DA:287,76
DA:288,76
DA:289,97
DA:290,97
DA:291,97
DA:292,97
DA:293,21
DA:294,21
DA:295,97
DA:296,97
DA:297,97
DA:298,152
DA:299,152
DA:300,97
DA:301,97
DA:302,97
DA:303,97
DA:304,0
DA:305,97
DA:306,95
DA:307,2
DA:308,97
DA:309,97
DA:310,0
DA:311,97
DA:312,97
DA:313,97
DA:314,97
DA:316,72
DA:317,0
DA:318,0
DA:320,1
DA:321,98
DA:323,0
DA:324,0
DA:325,0
DA:326,0
DA:327,0
DA:328,1
DA:329,1
DA:330,1
DA:331,1
DA:332,1
DA:333,1
DA:334,1
DA:335,1
DA:336,0
DA:337,0
DA:338,0
DA:339,0
DA:340,0
DA:341,0
DA:342,0
DA:343,0
DA:344,98
DA:346,75
DA:347,23
DA:348,23
DA:349,23
DA:350,23
DA:351,1
DA:352,1
DA:353,1
DA:354,1
DA:355,1
DA:356,1
DA:357,1
DA:358,1
DA:359,1
DA:360,1
DA:361,1
DA:362,1
DA:363,1
DA:364,1
DA:365,1
DA:366,1
DA:367,1
DA:369,22
DA:370,23
DA:371,1
DA:372,1
DA:373,1
DA:374,1
DA:375,1
DA:376,1
DA:377,1
DA:378,1
DA:379,1
DA:380,1
DA:381,1
DA:382,1
DA:383,1
DA:385,23
DA:386,2
DA:387,2
DA:388,2
DA:389,2
DA:390,2
DA:391,2
DA:392,2
DA:393,2
DA:394,2
DA:396,19
DA:397,19
DA:398,19
DA:399,19
DA:400,19
DA:401,19
DA:402,19
DA:403,19
DA:404,19
DA:405,19
DA:406,23
DA:407,1
DA:408,1
DA:409,1
DA:410,1
DA:411,1
DA:412,1
DA:413,1
DA:414,1
DA:415,1
DA:416,1
DA:417,1
DA:418,1
DA:419,1
DA:420,1
DA:421,1
DA:422,1
DA:423,1
DA:424,1
DA:426,18
DA:428,18
DA:429,18
DA:430,18
DA:431,18
DA:432,18
DA:433,18
DA:434,18
DA:435,18
DA:436,18
DA:437,18
DA:438,18
DA:439,18
DA:440,18
DA:441,18
DA:442,18
DA:443,18
DA:444,18
DA:445,18
DA:446,23
DA:448,75
DA:449,33
DA:450,33
DA:451,33
DA:452,33
DA:453,1
DA:454,1
DA:455,1
DA:456,1
DA:457,1
DA:458,1
DA:459,1
DA:460,1
DA:461,1
DA:462,1
DA:463,1
DA:464,1
DA:465,1
DA:466,1
DA:467,1
DA:468,1
DA:469,1
DA:471,32
DA:472,33
DA:473,1
DA:474,1
DA:475,1
DA:476,1
DA:477,1
DA:478,1
DA:479,1
DA:480,1
DA:481,1
DA:482,1
DA:483,1
DA:484,1
DA:485,1
DA:487,31
DA:488,31
DA:490,33
DA:491,1
DA:492,1
DA:493,1
DA:494,1
DA:496,33
DA:497,1
DA:498,1
DA:499,1
DA:500,1
DA:501,1
DA:502,1
DA:503,1
DA:504,1
DA:505,1
DA:506,1
DA:507,1
DA:508,1
DA:509,1
DA:510,1
DA:511,1
DA:512,1
DA:513,1
DA:515,29
DA:517,33
DA:518,15
DA:520,15
DA:521,3
DA:522,3
DA:523,3
DA:524,0
DA:525,3
DA:527,3
DA:528,3
DA:529,3
DA:530,3
DA:531,3
DA:532,3
DA:533,3
DA:534,3
DA:535,3
DA:536,3
DA:537,15
DA:539,33
DA:540,10
DA:542,10
DA:543,9
DA:544,9
DA:545,9
DA:546,0
DA:547,9
DA:549,9
DA:550,9
DA:551,9
DA:552,9
DA:553,9
DA:554,9
DA:555,9
DA:556,9
DA:557,9
DA:558,9
DA:559,10
DA:561,33
DA:562,0
DA:563,0
DA:564,0
DA:565,0
DA:566,0
DA:567,0
DA:568,0
DA:569,0
DA:570,0
DA:572,17
DA:573,17
DA:574,17
DA:575,17
DA:576,17
DA:577,17
DA:578,17
DA:579,17
DA:580,17
DA:581,33
DA:582,33
DA:583,33
DA:584,33
DA:585,0
DA:586,0
DA:587,0
DA:588,0
DA:589,0
DA:590,0
DA:591,0
DA:592,0
DA:593,0
DA:594,0
DA:595,0
DA:596,0
DA:597,0
DA:598,0
DA:599,0
DA:600,0
DA:601,0
DA:602,0
DA:604,17
DA:606,17
DA:607,17
DA:608,17
DA:609,17
DA:610,17
DA:611,17
DA:612,17
DA:613,17
DA:614,17
DA:615,17
DA:616,17
DA:617,17
DA:618,17
DA:619,17
DA:620,17
DA:621,17
DA:622,17
DA:623,17
DA:624,33
DA:626,75
DA:627,20
DA:628,20
DA:629,20
DA:630,20
DA:631,20
DA:632,1
DA:633,1
DA:634,1
DA:635,1
DA:636,1
DA:637,1
DA:638,1
DA:639,1
DA:640,1
DA:641,1
DA:642,1
DA:643,1
DA:644,1
DA:646,19
DA:647,19
DA:649,20
DA:650,1
DA:651,1
DA:652,1
DA:653,1
DA:655,18
DA:656,20
DA:657,1
DA:658,1
DA:659,1
DA:660,1
DA:661,1
DA:662,1
DA:663,1
DA:664,1
DA:665,1
DA:667,20
DA:668,0
DA:669,0
DA:670,0
DA:671,0
DA:672,0
DA:673,0
DA:674,0
DA:675,0
DA:676,0
DA:678,17
DA:679,17
DA:680,17
DA:681,17
DA:682,17
DA:683,17
DA:684,17
DA:685,17
DA:686,20
DA:687,20
DA:688,20
DA:689,20
DA:690,1
DA:691,1
DA:692,1
DA:693,1
DA:694,1
DA:695,1
DA:696,1
DA:697,1
DA:698,1
DA:699,1
DA:700,1
DA:701,1
DA:702,1
DA:703,1
DA:704,1
DA:705,1
DA:706,1
DA:707,1
DA:709,16
DA:711,16
DA:712,16
DA:713,16
DA:714,16
DA:715,16
DA:716,16
DA:717,16
DA:718,16
DA:719,16
DA:720,16
DA:721,16
DA:722,16
DA:723,16
DA:724,16
DA:725,16
DA:726,16
DA:727,16
DA:728,16
DA:729,20
DA:731,75
DA:732,18
DA:733,18
DA:734,18
DA:735,18
DA:736,0
DA:737,0
DA:738,0
DA:739,0
DA:740,0
DA:741,0
DA:742,0
DA:743,0
DA:744,0
DA:745,0
DA:746,0
DA:747,0
DA:748,0
DA:749,0
DA:750,0
DA:751,0
DA:752,0
DA:754,18
DA:755,18
DA:756,1
DA:757,1
DA:758,1
DA:759,1
DA:760,1
DA:761,1
DA:762,1
DA:763,1
DA:764,1
DA:765,1
DA:766,1
DA:767,1
DA:768,1
DA:770,17
DA:771,17
DA:773,18
DA:774,1
DA:775,1
DA:776,1
DA:777,1
DA:779,18
DA:780,1
DA:781,1
DA:782,1
DA:783,1
DA:784,1
DA:785,1
DA:786,1
DA:787,1
DA:788,1
DA:789,1
DA:790,1
DA:791,1
DA:792,1
DA:793,1
DA:794,1
DA:795,1
DA:796,1
DA:798,18
DA:799,0
DA:800,0
DA:801,0
DA:802,0
DA:803,0
DA:804,0
DA:805,0
DA:806,0
DA:807,0
DA:809,15
DA:810,15
DA:811,15
DA:812,15
DA:813,15
DA:814,15
DA:815,15
DA:816,15
DA:817,15
DA:818,15
DA:819,18
DA:820,0
DA:821,0
DA:822,0
DA:823,0
DA:824,0
DA:825,0
DA:826,0
DA:827,0
DA:828,0
DA:829,0
DA:830,0
DA:831,0
DA:832,0
DA:833,0
DA:834,0
DA:835,0
DA:836,0
DA:837,0
DA:839,15
DA:841,15
DA:842,15
DA:843,15
DA:844,15
DA:845,15
DA:846,15
DA:847,15
DA:848,15
DA:849,15
DA:850,15
DA:851,15
DA:852,15
DA:853,15
DA:854,15
DA:855,15
DA:856,15
DA:857,15
DA:858,15
DA:859,18
DA:861,75
DA:862,108
DA:863,108
DA:865,75
DA:866,27
DA:867,27
DA:868,27
DA:869,27
DA:870,27
DA:871,27
DA:872,27
DA:873,27
DA:874,27
DA:875,27
DA:876,27
DA:877,27
DA:878,27
DA:879,0
DA:880,27
DA:881,27
DA:882,27
DA:883,27
DA:884,27
DA:885,27
DA:886,27
DA:887,27
DA:888,27
DA:890,75
DA:891,27
DA:892,27
DA:893,27
DA:894,27
DA:896,75
DA:897,219
DA:898,219
DA:900,75
DA:901,146
DA:902,146
DA:904,75
DA:905,66
DA:906,66
DA:907,66
DA:908,66
DA:909,66
DA:910,66
DA:911,66
DA:912,66
DA:913,66
DA:914,66
DA:915,66
DA:916,75
DA:918,158
DA:919,158
DA:920,158
LF:735
LH:607
BRDA:124,0,0,4
BRDA:128,1,0,75
BRDA:136,2,0,75
BRDA:146,3,0,3
BRDA:161,4,0,26
BRDA:165,5,0,25
BRDA:175,6,0,0
BRDA:179,7,0,1
BRDA:182,8,0,2
BRDA:182,9,0,0
BRDA:194,10,0,1
BRDA:197,11,0,0
BRDA:202,12,0,97
BRDA:203,13,0,0
BRDA:225,14,0,2
BRDA:226,15,0,0
BRDA:236,16,0,95
BRDA:240,17,0,1
BRDA:248,18,0,0
BRDA:250,19,0,0
BRDA:251,20,0,94
BRDA:253,21,0,23
BRDA:255,22,0,71
BRDA:257,23,0,33
BRDA:259,24,0,38
BRDA:261,25,0,41
BRDA:261,26,0,20
BRDA:263,27,0,18
BRDA:268,28,0,98
BRDA:269,29,0,97
BRDA:273,30,0,0
BRDA:274,31,0,0
BRDA:289,32,0,0
BRDA:290,33,0,0
BRDA:292,34,0,96
BRDA:295,35,0,1
BRDA:297,36,0,96
BRDA:300,37,0,1
BRDA:301,38,0,95
BRDA:301,39,0,2
BRDA:303,40,0,0
BRDA:305,41,0,95
BRDA:306,42,0,2
BRDA:309,43,0,0
BRDA:314,44,0,72
BRDA:314,45,0,1
BRDA:316,46,0,0
BRDA:318,47,0,1
BRDA:321,48,0,0
BRDA:321,49,0,0
BRDA:275,50,0,133
BRDA:282,51,0,0
BRDA:283,52,0,46
BRDA:283,53,0,87
BRDA:286,54,0,76
BRDA:288,55,0,0
BRDA:292,56,0,21
BRDA:297,57,0,152
BRDA:327,58,0,1
BRDA:334,59,0,0
BRDA:335,60,0,0
BRDA:346,61,0,23
BRDA:350,62,0,1
BRDA:367,63,0,22
BRDA:370,64,0,1
BRDA:379,65,0,0
BRDA:383,66,0,21
BRDA:385,67,0,2
BRDA:394,68,0,19
BRDA:405,69,0,18
BRDA:406,70,0,1
BRDA:407,71,0,0
BRDA:424,72,0,18
BRDA:448,73,0,33
BRDA:452,74,0,1
BRDA:469,75,0,32
BRDA:472,76,0,1
BRDA:481,77,0,0
BRDA:485,78,0,31
BRDA:490,79,0,1
BRDA:494,80,0,30
BRDA:496,81,0,1
BRDA:513,82,0,29
BRDA:517,83,0,15
BRDA:520,84,0,4
BRDA:520,85,0,3
BRDA:523,86,0,0
BRDA:537,87,0,26
BRDA:539,88,0,17
BRDA:539,89,0,10
BRDA:542,90,0,9
BRDA:545,91,0,0
BRDA:561,92,0,0
BRDA:570,93,0,17
BRDA:581,94,0,0
BRDA:583,95,0,17
BRDA:584,96,0,0
BRDA:602,97,0,17
BRDA:488,98,0,30
BRDA:626,99,0,20
BRDA:631,100,0,1
BRDA:640,101,0,0
BRDA:644,102,0,19
BRDA:649,103,0,1
BRDA:653,104,0,18
BRDA:656,105,0,1
BRDA:665,106,0,17
BRDA:667,107,0,0
BRDA:676,108,0,17
BRDA:686,109,0,15
BRDA:686,110,0,2
BRDA:688,111,0,16
BRDA:689,112,0,1
BRDA:690,113,0,0
BRDA:707,114,0,16
BRDA:647,115,0,18
BRDA:655,116,0,35
BRDA:731,117,0,18
BRDA:735,118,0,0
BRDA:755,119,0,1
BRDA:764,120,0,0
BRDA:768,121,0,17
BRDA:773,122,0,1
BRDA:777,123,0,16
BRDA:779,124,0,1
BRDA:796,125,0,15
BRDA:798,126,0,0
BRDA:807,127,0,15
BRDA:819,128,0,0
BRDA:837,129,0,15
BRDA:771,130,0,17
BRDA:861,131,0,108
BRDA:865,132,0,27
BRDA:877,133,0,0
BRDA:878,134,0,0
BRDA:890,135,0,27
BRDA:896,136,0,219
BRDA:900,137,0,146
BRDA:904,138,0,66
BRDA:918,139,0,158
BRF:140
BRH:103
end_of_record
TN:
SF:src/bridge/agent-adapter.ts
FN:64,cloneJsonValue
FN:68,cloneSerializable
FN:72,cloneSnapshot
FN:104,<instance_members_initializer>
FN:114,MockAgentAdapter
FN:122,getInitialSnapshot
FN:133,reconnect
FN:158,handleClientEvent
FN:224,getAuditLog
FN:228,emitAgentState
FN:249,applyConfigUpdate
FN:304,applyTaskTransition
FN:426,applyTaskAssign
FN:488,applyAgentStatusUpdate
FN:564,allocateSequenceId
FN:570,createTaskTransitionVerificationGateEvent
FN:605,appendVerificationGateToSnapshot
FN:643,recordError
FN:661,recordAudit
FN:665,storeProcessedMutation
FN:679,mutationCacheKey
FN:683,toVerificationEvidenceRef
FN:690,inferVerificationEvidenceKind
FNF:23
FNH:22
FNDA:56,cloneJsonValue
FNDA:0,cloneSerializable
FNDA:141,cloneSnapshot
FNDA:46,<instance_members_initializer>
FNDA:46,MockAgentAdapter
FNDA:12,getInitialSnapshot
FNDA:7,reconnect
FNDA:66,handleClientEvent
FNDA:59,getAuditLog
FNDA:2,emitAgentState
FNDA:17,applyConfigUpdate
FNDA:17,applyTaskTransition
FNDA:8,applyTaskAssign
FNDA:9,applyAgentStatusUpdate
FNDA:67,allocateSequenceId
FNDA:2,createTaskTransitionVerificationGateEvent
FNDA:2,appendVerificationGateToSnapshot
FNDA:16,recordError
FNDA:93,recordAudit
FNDA:47,storeProcessedMutation
FNDA:97,mutationCacheKey
FNDA:2,toVerificationEvidenceRef
FNDA:2,inferVerificationEvidenceKind
DA:1,1
DA:13,1
DA:14,1
DA:16,1
DA:17,1
DA:25,1
DA:64,56
DA:65,56
DA:66,56
DA:68,0
DA:69,0
DA:70,0
DA:72,141
DA:73,141
DA:74,141
DA:75,141
DA:76,141
DA:77,91
DA:78,91
DA:79,141
DA:80,141
DA:81,3
DA:82,3
DA:83,141
DA:84,141
DA:85,4
DA:86,4
DA:87,141
DA:88,141
DA:89,141
DA:90,141
DA:91,0
DA:92,141
DA:93,141
DA:94,0
DA:95,141
DA:96,141
DA:97,0
DA:98,141
DA:99,141
DA:100,141
DA:101,141
DA:102,141
DA:104,1
DA:105,46
DA:107,46
DA:108,46
DA:109,46
DA:110,46
DA:111,46
DA:112,46
DA:114,46
DA:115,46
DA:116,46
DA:117,46
DA:118,46
DA:119,46
DA:120,46
DA:122,46
DA:123,12
DA:124,12
DA:125,12
DA:126,12
DA:127,12
DA:128,12
DA:129,12
DA:130,12
DA:131,12
DA:133,46
DA:134,7
DA:135,2
DA:136,2
DA:138,5
DA:140,6
DA:141,4
DA:142,4
DA:143,4
DA:144,4
DA:145,4
DA:146,4
DA:147,4
DA:148,4
DA:149,4
DA:151,4
DA:152,0
DA:153,0
DA:155,1
DA:156,7
DA:158,46
DA:159,66
DA:160,2
DA:162,2
DA:163,0
DA:164,0
DA:165,0
DA:166,0
DA:167,0
DA:168,0
DA:169,0
DA:170,0
DA:171,0
DA:172,0
DA:173,0
DA:175,2
DA:176,2
DA:178,64
DA:179,64
DA:180,64
DA:181,65
DA:182,1
DA:183,1
DA:184,1
DA:185,1
DA:186,1
DA:187,1
DA:188,1
DA:189,1
DA:190,1
DA:191,1
DA:192,1
DA:194,63
DA:196,65
DA:197,12
DA:198,12
DA:199,12
DA:200,12
DA:201,12
DA:202,12
DA:203,12
DA:204,12
DA:205,12
DA:206,12
DA:207,12
DA:209,54
DA:210,17
DA:211,17
DA:213,48
DA:214,17
DA:215,17
DA:217,45
DA:218,8
DA:219,8
DA:221,9
DA:222,66
DA:224,46
DA:225,59
DA:226,59
DA:228,46
DA:229,2
DA:230,2
DA:231,2
DA:232,2
DA:233,2
DA:234,2
DA:235,2
DA:236,2
DA:238,2
DA:239,2
DA:240,2
DA:241,2
DA:242,2
DA:243,2
DA:244,2
DA:246,2
DA:247,2
DA:249,46
DA:250,17
DA:251,1
DA:252,1
DA:253,1
DA:254,1
DA:255,1
DA:256,1
DA:257,1
DA:258,1
DA:260,16
DA:262,17
DA:263,1
DA:264,1
DA:265,1
DA:266,1
DA:267,1
DA:268,1
DA:269,1
DA:270,1
DA:271,1
DA:272,1
DA:273,1
DA:275,15
DA:276,15
DA:277,15
DA:278,15
DA:279,15
DA:280,15
DA:281,15
DA:282,15
DA:283,15
DA:284,15
DA:285,15
DA:286,15
DA:287,15
DA:289,15
DA:290,15
DA:291,15
DA:292,15
DA:293,15
DA:294,15
DA:295,15
DA:296,15
DA:297,15
DA:298,15
DA:299,15
DA:301,15
DA:302,17
DA:304,46
DA:305,17
DA:306,17
DA:307,17
DA:308,17
DA:310,17
DA:311,0
DA:312,0
DA:313,0
DA:314,0
DA:315,0
DA:316,0
DA:317,0
DA:318,0
DA:319,0
DA:320,0
DA:321,0
DA:323,17
DA:324,17
DA:325,0
DA:326,0
DA:328,17
DA:329,0
DA:330,0
DA:331,0
DA:332,0
DA:333,0
DA:334,0
DA:335,0
DA:336,0
DA:338,17
DA:339,1
DA:340,1
DA:341,1
DA:342,1
DA:343,1
DA:344,1
DA:345,1
DA:346,1
DA:348,17
DA:349,2
DA:350,2
DA:351,2
DA:352,2
DA:354,2
DA:355,1
DA:356,1
DA:357,1
DA:358,0
DA:359,1
DA:361,1
DA:362,1
DA:363,1
DA:364,1
DA:365,1
DA:366,1
DA:367,1
DA:368,1
DA:370,1
DA:371,0
DA:372,0
DA:374,1
DA:375,1
DA:377,1
DA:378,1
DA:379,1
DA:380,2
DA:382,15
DA:383,15
DA:384,15
DA:385,1
DA:386,14
DA:387,17
DA:388,17
DA:389,17
DA:390,17
DA:391,17
DA:392,17
DA:393,17
DA:394,15
DA:395,15
DA:396,15
DA:397,15
DA:398,15
DA:399,0
DA:400,0
DA:401,0
DA:402,0
DA:403,17
DA:404,17
DA:405,17
DA:406,17
DA:408,17
DA:409,1
DA:410,1
DA:411,15
DA:412,15
DA:413,15
DA:414,15
DA:415,15
DA:416,15
DA:417,15
DA:418,15
DA:419,15
DA:420,15
DA:421,15
DA:423,15
DA:424,17
DA:426,46
DA:427,8
DA:429,8
DA:430,0
DA:431,0
DA:432,0
DA:433,0
DA:434,0
DA:435,0
DA:436,0
DA:437,0
DA:438,0
DA:439,0
DA:440,0
DA:442,8
DA:443,8
DA:444,0
DA:445,0
DA:447,8
DA:448,8
DA:449,0
DA:450,0
DA:452,8
DA:453,8
DA:454,8
DA:455,8
DA:456,8
DA:457,8
DA:458,8
DA:459,8
DA:460,8
DA:461,8
DA:462,8
DA:463,8
DA:464,0
DA:465,0
DA:466,0
DA:467,0
DA:468,8
DA:469,8
DA:470,8
DA:471,8
DA:473,8
DA:474,8
DA:475,8
DA:476,8
DA:477,8
DA:478,8
DA:479,8
DA:480,8
DA:481,8
DA:482,8
DA:483,8
DA:485,8
DA:486,8
DA:488,46
DA:489,9
DA:490,9
DA:491,9
DA:492,0
DA:493,0
DA:494,0
DA:495,0
DA:496,0
DA:497,0
DA:498,0
DA:499,0
DA:501,9
DA:503,9
DA:504,0
DA:505,0
DA:506,0
DA:507,0
DA:508,0
DA:509,0
DA:510,0
DA:511,0
DA:512,0
DA:513,0
DA:514,0
DA:516,9
DA:517,9
DA:518,0
DA:519,0
DA:521,9
DA:522,0
DA:523,0
DA:524,0
DA:525,0
DA:526,0
DA:527,0
DA:528,0
DA:529,0
DA:531,9
DA:532,9
DA:533,9
DA:534,9
DA:535,9
DA:536,9
DA:537,9
DA:538,13
DA:539,9
DA:540,9
DA:541,9
DA:542,9
DA:543,4
DA:544,9
DA:545,9
DA:546,9
DA:547,9
DA:549,9
DA:550,9
DA:551,9
DA:552,9
DA:553,9
DA:554,9
DA:555,9
DA:556,9
DA:557,9
DA:558,9
DA:559,9
DA:561,9
DA:562,9
DA:564,46
DA:565,67
DA:566,67
DA:567,67
DA:568,67
DA:570,46
DA:571,2
DA:572,2
DA:573,2
DA:574,2
DA:575,2
DA:576,2
DA:577,2
DA:578,0
DA:579,0
DA:581,2
DA:582,2
DA:583,2
DA:584,2
DA:585,2
DA:586,2
DA:587,2
DA:588,2
DA:589,2
DA:590,2
DA:591,2
DA:592,2
DA:593,2
DA:594,2
DA:595,2
DA:596,2
DA:597,2
DA:598,2
DA:599,2
DA:600,2
DA:601,2
DA:602,2
DA:603,2
DA:605,46
DA:606,2
DA:607,2
DA:608,2
DA:609,2
DA:611,2
DA:612,2
DA:613,2
DA:614,2
DA:615,2
DA:616,2
DA:617,2
DA:618,2
DA:619,2
DA:620,2
DA:621,2
DA:622,2
DA:623,2
DA:624,2
DA:625,2
DA:626,2
DA:627,2
DA:628,2
DA:629,2
DA:630,2
DA:631,2
DA:632,2
DA:633,2
DA:634,2
DA:635,2
DA:636,2
DA:637,2
DA:638,2
DA:639,2
DA:640,2
DA:641,2
DA:643,46
DA:644,16
DA:645,16
DA:646,16
DA:647,16
DA:648,16
DA:649,16
DA:650,16
DA:651,16
DA:652,16
DA:653,16
DA:654,16
DA:655,16
DA:656,16
DA:657,16
DA:658,16
DA:659,16
DA:661,46
DA:662,93
DA:663,93
DA:665,46
DA:666,47
DA:667,47
DA:668,47
DA:669,47
DA:670,47
DA:671,47
DA:672,47
DA:673,47
DA:674,47
DA:675,47
DA:676,47
DA:677,46
DA:679,97
DA:680,97
DA:681,97
DA:683,2
DA:684,2
DA:685,2
DA:686,2
DA:687,2
DA:688,2
DA:690,2
DA:691,2
DA:693,2
DA:694,2
DA:695,2
DA:697,0
DA:698,0
DA:699,0
DA:701,0
DA:702,0
DA:703,0
DA:705,0
DA:706,0
DA:707,0
DA:709,0
DA:710,0
LF:577
LH:469
BRDA:64,0,0,56
BRDA:72,1,0,141
BRDA:88,2,0,0
BRDA:90,3,0,0
BRDA:93,4,0,0
BRDA:96,5,0,0
BRDA:75,6,0,180
BRDA:76,7,0,91
BRDA:78,8,0,0
BRDA:80,9,0,3
BRDA:84,10,0,4
BRDA:99,11,0,41
BRDA:104,12,0,46
BRDA:114,13,0,46
BRDA:122,14,0,12
BRDA:133,15,0,7
BRDA:134,16,0,2
BRDA:136,17,0,6
BRDA:136,18,0,5
BRDA:140,19,0,4
BRDA:145,20,0,0
BRDA:149,21,0,1
BRDA:151,22,0,0
BRDA:153,23,0,1
BRDA:138,24,0,6
BRDA:158,25,0,66
BRDA:159,26,0,2
BRDA:162,27,0,0
BRDA:176,28,0,65
BRDA:176,29,0,64
BRDA:181,30,0,1
BRDA:182,31,0,0
BRDA:192,32,0,63
BRDA:196,33,0,12
BRDA:204,34,0,0
BRDA:206,35,0,0
BRDA:207,36,0,62
BRDA:207,37,0,54
BRDA:207,38,0,51
BRDA:209,39,0,17
BRDA:211,40,0,49
BRDA:211,41,0,48
BRDA:211,42,0,34
BRDA:213,43,0,17
BRDA:215,44,0,46
BRDA:215,45,0,45
BRDA:215,46,0,17
BRDA:217,47,0,8
BRDA:219,48,0,9
BRDA:224,49,0,59
BRDA:228,50,0,2
BRDA:243,51,0,3
BRDA:249,52,0,17
BRDA:250,53,0,1
BRDA:258,54,0,16
BRDA:262,55,0,1
BRDA:269,56,0,0
BRDA:273,57,0,15
BRDA:304,58,0,17
BRDA:310,59,0,0
BRDA:324,60,0,0
BRDA:328,61,0,0
BRDA:338,62,0,1
BRDA:346,63,0,16
BRDA:348,64,0,2
BRDA:354,65,0,1
BRDA:357,66,0,0
BRDA:370,67,0,0
BRDA:380,68,0,15
BRDA:384,69,0,1
BRDA:385,70,0,14
BRDA:388,71,0,14
BRDA:388,72,0,1
BRDA:406,73,0,14
BRDA:406,74,0,1
BRDA:408,75,0,1
BRDA:410,76,0,15
BRDA:323,77,0,17
BRDA:393,78,0,15
BRDA:398,79,0,0
BRDA:426,80,0,8
BRDA:429,81,0,0
BRDA:443,82,0,0
BRDA:448,83,0,0
BRDA:442,84,0,8
BRDA:447,85,0,17
BRDA:458,86,0,8
BRDA:463,87,0,0
BRDA:488,88,0,9
BRDA:491,89,0,0
BRDA:503,90,0,0
BRDA:517,91,0,0
BRDA:521,92,0,0
BRDA:516,93,0,11
BRDA:537,94,0,13
BRDA:538,95,0,9
BRDA:542,96,0,4
BRDA:564,97,0,67
BRDA:570,98,0,2
BRDA:577,99,0,0
BRDA:589,100,0,1
BRDA:589,101,0,1
BRDA:590,102,0,0
BRDA:596,103,0,0
BRDA:597,104,0,0
BRDA:605,105,0,2
BRDA:621,106,0,0
BRDA:622,107,0,0
BRDA:634,108,0,1
BRDA:634,109,0,1
BRDA:628,110,0,2
BRDA:629,111,0,2
BRDA:643,112,0,16
BRDA:654,113,0,0
BRDA:661,114,0,93
BRDA:665,115,0,47
BRDA:679,116,0,97
BRDA:683,117,0,2
BRDA:690,118,0,2
BRDA:695,119,0,0
BRF:120
BRH:86
end_of_record
TN:
SF:src/bridge/agent-connection-health.ts
FN:44,createAgentConnectionHealthSnapshot
FN:109,serializeAgentConnectionHealthToConfig
FN:140,inferStatus
FN:163,compareIsoTimestamp
FNF:4
FNH:4
FNDA:79,createAgentConnectionHealthSnapshot
FNDA:79,serializeAgentConnectionHealthToConfig
FNDA:204,inferStatus
FNDA:72,compareIsoTimestamp
DA:42,1
DA:44,1
DA:45,79
DA:46,79
DA:47,79
DA:48,79
DA:49,79
DA:50,79
DA:56,79
DA:58,79
DA:59,137
DA:60,137
DA:61,137
DA:62,137
DA:63,137
DA:64,0
DA:65,137
DA:66,137
DA:67,137
DA:68,137
DA:69,137
DA:71,79
DA:72,137
DA:73,77
DA:74,77
DA:75,137
DA:76,79
DA:77,79
DA:79,79
DA:80,79
DA:81,125
DA:82,125
DA:83,125
DA:84,125
DA:85,125
DA:86,125
DA:87,125
DA:88,125
DA:89,125
DA:90,125
DA:91,125
DA:92,125
DA:93,125
DA:94,125
DA:96,79
DA:97,79
DA:98,79
DA:99,79
DA:100,79
DA:101,79
DA:102,79
DA:103,79
DA:104,79
DA:105,79
DA:106,79
DA:107,79
DA:109,1
DA:110,79
DA:111,79
DA:112,79
DA:113,79
DA:114,79
DA:115,79
DA:116,79
DA:117,79
DA:118,79
DA:119,79
DA:120,79
DA:121,79
DA:122,79
DA:123,125
DA:124,125
DA:125,125
DA:126,125
DA:127,125
DA:128,125
DA:129,125
DA:130,125
DA:131,125
DA:132,125
DA:133,125
DA:134,125
DA:135,79
DA:136,79
DA:137,79
DA:138,79
DA:140,204
DA:141,204
DA:142,204
DA:143,204
DA:144,204
DA:145,204
DA:146,204
DA:147,2
DA:148,2
DA:150,202
DA:151,202
DA:152,204
DA:153,0
DA:154,0
DA:156,202
DA:157,202
DA:158,204
DA:159,204
DA:160,204
DA:161,204
DA:163,72
DA:164,72
DA:165,72
DA:167,72
DA:168,72
DA:169,72
DA:171,0
DA:172,0
LF:114
LH:109
BRDA:44,0,0,79
BRDA:48,1,0,0
BRDA:49,2,0,0
BRDA:58,3,0,137
BRDA:60,4,0,125
BRDA:62,5,0,12
BRDA:63,6,0,0
BRDA:80,7,0,125
BRDA:81,8,0,0
BRDA:71,9,0,137
BRDA:72,10,0,77
BRDA:74,11,0,60
BRDA:75,12,0,0
BRDA:80,13,0,48
BRDA:109,14,0,79
BRDA:122,15,0,125
BRDA:140,16,0,204
BRDA:146,17,0,202
BRDA:146,18,0,2
BRDA:148,19,0,202
BRDA:152,20,0,0
BRDA:154,21,0,202
BRDA:158,22,0,198
BRDA:158,23,0,4
BRDA:163,24,0,72
BRDA:169,25,0,0
BRF:26
BRH:19
end_of_record
TN:
SF:src/bridge/host-invocation-policy.ts
FN:25,evaluateHostInvocationPolicy
FN:139,requiresStrictEvidence
FN:151,buildDecision
FNF:3
FNH:3
FNDA:15,evaluateHostInvocationPolicy
FNDA:11,requiresStrictEvidence
FNDA:15,buildDecision
DA:1,1
DA:17,1
DA:25,1
DA:26,15
DA:27,15
DA:28,15
DA:29,15
DA:30,15
DA:31,15
DA:32,15
DA:33,15
DA:35,15
DA:36,0
DA:37,0
DA:39,15
DA:40,0
DA:41,0
DA:43,15
DA:44,0
DA:45,0
DA:47,15
DA:48,0
DA:49,0
DA:51,15
DA:52,0
DA:53,0
DA:55,15
DA:56,0
DA:57,0
DA:59,15
DA:60,0
DA:61,0
DA:63,15
DA:64,3
DA:65,3
DA:67,12
DA:68,15
DA:69,1
DA:70,1
DA:71,1
DA:72,1
DA:73,1
DA:74,1
DA:75,1
DA:76,1
DA:77,1
DA:79,15
DA:80,0
DA:81,0
DA:82,0
DA:83,0
DA:84,0
DA:85,0
DA:86,0
DA:87,0
DA:88,0
DA:90,15
DA:91,0
DA:92,0
DA:93,0
DA:94,0
DA:96,15
DA:97,1
DA:98,1
DA:99,1
DA:100,1
DA:101,1
DA:102,1
DA:103,1
DA:104,1
DA:105,1
DA:106,1
DA:107,1
DA:108,1
DA:110,15
DA:111,1
DA:112,1
DA:113,1
DA:114,1
DA:116,9
DA:117,9
DA:118,0
DA:119,0
DA:120,15
DA:121,0
DA:122,0
DA:123,0
DA:124,0
DA:126,15
DA:127,3
DA:128,3
DA:129,3
DA:130,3
DA:132,15
DA:133,1
DA:134,1
DA:136,5
DA:137,5
DA:139,11
DA:140,11
DA:141,11
DA:142,11
DA:144,0
DA:145,0
DA:146,0
DA:147,0
DA:149,11
DA:151,15
DA:152,15
DA:153,15
DA:154,15
DA:155,15
DA:156,15
DA:157,15
DA:158,15
DA:159,15
DA:160,15
DA:161,15
DA:162,15
DA:163,15
DA:164,15
DA:165,15
DA:166,15
DA:167,15
DA:168,15
DA:169,15
DA:170,15
DA:171,15
DA:172,15
DA:173,15
DA:175,15
DA:176,15
DA:177,15
DA:178,15
DA:179,15
DA:180,15
DA:181,15
DA:182,15
DA:183,15
DA:184,15
DA:185,15
DA:186,15
DA:187,15
DA:188,15
DA:189,15
LF:145
LH:108
BRDA:25,0,0,15
BRDA:35,1,0,0
BRDA:39,2,0,0
BRDA:43,3,0,0
BRDA:47,4,0,0
BRDA:47,5,0,0
BRDA:51,6,0,5
BRDA:51,7,0,0
BRDA:55,8,0,0
BRDA:55,9,0,0
BRDA:59,10,0,3
BRDA:59,11,0,0
BRDA:63,12,0,5
BRDA:63,13,0,10
BRDA:63,14,0,3
BRDA:65,15,0,12
BRDA:68,16,0,1
BRDA:77,17,0,11
BRDA:79,18,0,0
BRDA:79,19,0,0
BRDA:88,20,0,11
BRDA:90,21,0,0
BRDA:94,22,0,13
BRDA:94,23,0,11
BRDA:96,24,0,10
BRDA:96,25,0,1
BRDA:108,26,0,10
BRDA:110,27,0,1
BRDA:110,28,0,1
BRDA:114,29,0,9
BRDA:117,30,0,0
BRDA:118,31,0,0
BRDA:120,32,0,0
BRDA:124,33,0,9
BRDA:126,34,0,3
BRDA:126,35,0,3
BRDA:130,36,0,12
BRDA:130,37,0,6
BRDA:132,38,0,1
BRDA:132,39,0,7
BRDA:132,40,0,1
BRDA:134,41,0,5
BRDA:67,42,0,10
BRDA:139,43,0,11
BRDA:142,44,0,0
BRDA:146,45,0,0
BRDA:151,46,0,15
BRDA:171,47,0,12
BRDA:179,48,0,0
BRDA:180,49,0,0
BRF:50
BRH:31
end_of_record
TN:
SF:src/bridge/idempotency-cache.ts
FN:3,normalizeProcessedMutationCacheMaxEntries
FN:20,setBoundedMutationCacheEntry
FNF:2
FNH:2
FNDA:176,normalizeProcessedMutationCacheMaxEntries
FNDA:157,setBoundedMutationCacheEntry
DA:1,1
DA:3,1
DA:4,176
DA:5,173
DA:6,173
DA:8,141
DA:9,0
DA:10,0
DA:12,3
DA:13,141
DA:14,0
DA:15,0
DA:17,3
DA:18,3
DA:20,1
DA:21,157
DA:22,157
DA:23,157
DA:24,157
DA:25,157
DA:26,157
DA:27,0
DA:28,0
DA:30,157
DA:32,157
DA:33,6
DA:34,6
DA:35,0
DA:36,0
DA:38,6
DA:39,6
DA:40,157
LF:32
LH:24
BRDA:3,0,0,176
BRDA:4,1,0,173
BRDA:6,2,0,141
BRDA:6,3,0,3
BRDA:8,4,0,0
BRDA:10,5,0,3
BRDA:13,6,0,0
BRDA:15,7,0,3
BRDA:20,8,0,157
BRDA:26,9,0,0
BRDA:32,10,0,6
BRDA:34,11,0,0
BRF:12
BRH:8
end_of_record
TN:
SF:src/bridge/mammouth-host-adapter.ts
FN:42,createMammouthReviewImportEnvelope
FN:66,buildMammouthHandoffRequest
FN:114,prepareMammouthReviewImport
FN:141,invokeMammouthReviewImport
FN:202,shouldExecutePolicyDecision
FN:214,assertDispatchablePacket
FN:232,toHostBindingInput
FN:248,toCapabilityManifestInput
FN:264,projectReviewArtifactFromEnvelope
FN:281,projectContextLedgerEntryFromEnvelope
FN:298,asRecord
FNF:11
FNH:11
FNDA:3,createMammouthReviewImportEnvelope
FNDA:4,buildMammouthHandoffRequest
FNDA:3,prepareMammouthReviewImport
FNDA:2,invokeMammouthReviewImport
FNDA:2,shouldExecutePolicyDecision
FNDA:4,assertDispatchablePacket
FNDA:3,toHostBindingInput
FNDA:3,toCapabilityManifestInput
FNDA:4,projectReviewArtifactFromEnvelope
FNDA:4,projectContextLedgerEntryFromEnvelope
FNDA:8,asRecord
DA:1,1
DA:10,1
DA:19,1
DA:40,1
DA:42,1
DA:43,3
DA:44,3
DA:45,3
DA:46,3
DA:47,3
DA:48,3
DA:49,3
DA:50,3
DA:51,3
DA:52,3
DA:53,3
DA:54,3
DA:55,3
DA:56,3
DA:57,3
DA:58,3
DA:59,3
DA:60,3
DA:61,3
DA:62,3
DA:63,3
DA:64,3
DA:66,1
DA:67,4
DA:68,4
DA:69,4
DA:70,4
DA:72,4
DA:73,4
DA:74,4
DA:75,4
DA:76,4
DA:77,4
DA:79,4
DA:80,4
DA:81,4
DA:82,4
DA:83,4
DA:84,4
DA:85,4
DA:86,4
DA:87,4
DA:88,4
DA:89,4
DA:90,4
DA:91,4
DA:92,4
DA:93,4
DA:94,4
DA:95,4
DA:96,4
DA:97,4
DA:98,4
DA:99,4
DA:100,4
DA:101,4
DA:102,4
DA:103,4
DA:104,4
DA:105,4
DA:106,4
DA:107,4
DA:108,4
DA:109,4
DA:110,4
DA:111,4
DA:112,4
DA:114,1
DA:115,3
DA:116,3
DA:117,3
DA:118,3
DA:119,3
DA:120,3
DA:121,3
DA:122,3
DA:123,3
DA:124,3
DA:125,3
DA:126,3
DA:127,3
DA:128,3
DA:129,3
DA:130,3
DA:131,3
DA:132,3
DA:134,3
DA:135,3
DA:136,3
DA:137,3
DA:138,3
DA:139,3
DA:141,2
DA:142,2
DA:143,2
DA:144,2
DA:145,2
DA:146,2
DA:147,2
DA:149,2
DA:150,0
DA:151,0
DA:153,2
DA:154,0
DA:155,0
DA:157,2
DA:158,1
DA:159,1
DA:160,1
DA:161,1
DA:162,1
DA:164,1
DA:165,2
DA:167,2
DA:168,2
DA:169,2
DA:170,2
DA:171,2
DA:172,2
DA:173,2
DA:174,2
DA:175,2
DA:176,2
DA:177,2
DA:179,2
DA:180,0
DA:181,0
DA:183,1
DA:185,2
DA:186,0
DA:187,0
DA:189,2
DA:190,0
DA:191,0
DA:193,1
DA:194,1
DA:195,1
DA:196,1
DA:197,1
DA:198,1
DA:199,1
DA:200,2
DA:202,2
DA:203,2
DA:204,0
DA:205,0
DA:207,2
DA:208,2
DA:209,2
DA:211,0
DA:212,0
DA:214,4
DA:215,4
DA:216,0
DA:217,0
DA:219,4
DA:220,0
DA:221,0
DA:223,4
DA:224,0
DA:225,0
DA:227,4
DA:228,0
DA:229,0
DA:230,4
DA:232,3
DA:233,3
DA:234,3
DA:235,3
DA:236,3
DA:237,3
DA:238,3
DA:239,3
DA:240,3
DA:241,3
DA:242,3
DA:243,3
DA:244,3
DA:245,3
DA:246,3
DA:248,3
DA:249,3
DA:250,3
DA:251,3
DA:252,3
DA:253,3
DA:254,3
DA:255,3
DA:256,3
DA:257,3
DA:258,3
DA:259,3
DA:260,3
DA:261,3
DA:262,3
DA:264,4
DA:265,4
DA:267,4
DA:268,4
DA:269,4
DA:270,4
DA:271,4
DA:272,4
DA:273,4
DA:274,4
DA:275,4
DA:276,4
DA:277,4
DA:278,4
DA:279,4
DA:281,4
DA:282,4
DA:284,4
DA:285,4
DA:286,4
DA:287,4
DA:288,4
DA:289,4
DA:290,4
DA:291,4
DA:292,4
DA:293,4
DA:294,4
DA:295,4
DA:296,4
DA:298,8
DA:299,8
DA:300,8
DA:301,0
DA:302,8
LF:235
LH:212
BRDA:42,0,0,3
BRDA:51,1,0,0
BRDA:53,2,0,0
BRDA:59,3,0,0
BRDA:66,4,0,4
BRDA:96,5,0,0
BRDA:97,6,0,0
BRDA:98,7,0,0
BRDA:99,8,0,0
BRDA:100,9,0,0
BRDA:101,10,0,0
BRDA:73,11,0,16
BRDA:76,12,0,16
BRDA:114,13,0,3
BRDA:141,14,0,2
BRDA:147,15,0,0
BRDA:149,16,0,0
BRDA:153,17,0,0
BRDA:157,18,0,1
BRDA:165,19,0,0
BRDA:172,20,0,0
BRDA:172,21,0,1
BRDA:173,22,0,0
BRDA:177,23,0,1
BRDA:179,24,0,0
BRDA:181,25,0,1
BRDA:185,26,0,0
BRDA:187,27,0,1
BRDA:189,28,0,0
BRDA:191,29,0,1
BRDA:202,30,0,2
BRDA:203,31,0,0
BRDA:209,32,0,0
BRDA:214,33,0,4
BRDA:215,34,0,0
BRDA:219,35,0,0
BRDA:223,36,0,0
BRDA:227,37,0,0
BRDA:232,38,0,3
BRDA:243,39,0,0
BRDA:244,40,0,0
BRDA:248,41,0,3
BRDA:264,42,0,4
BRDA:276,43,0,0
BRDA:277,44,0,0
BRDA:281,45,0,4
BRDA:294,46,0,0
BRDA:298,47,0,8
BRDA:300,48,0,0
BRF:49
BRH:19
end_of_record
TN:
SF:src/bridge/runtime-dashboard-session.ts
FN:22,<instance_members_initializer>
FN:27,RuntimeDashboardSession
FN:36,getDashboard
FN:40,getLastSequenceId
FN:44,configureDashboard
FN:48,subscribe
FN:52,bootstrap
FN:57,reconnect
FN:62,sync
FN:66,dispatch
FN:71,applyAndBuild
FNF:11
FNH:9
FNDA:12,<instance_members_initializer>
FNDA:12,RuntimeDashboardSession
FNDA:0,getDashboard
FNDA:6,getLastSequenceId
FNDA:0,configureDashboard
FNDA:1,subscribe
FNDA:9,bootstrap
FNDA:5,reconnect
FNDA:3,sync
FNDA:8,dispatch
FNDA:22,applyAndBuild
DA:1,1
DA:3,1
DA:22,1
DA:23,12
DA:24,12
DA:25,12
DA:27,12
DA:28,12
DA:29,12
DA:30,12
DA:31,12
DA:32,12
DA:33,12
DA:34,12
DA:36,12
DA:37,0
DA:38,0
DA:40,12
DA:41,6
DA:42,6
DA:44,12
DA:45,0
DA:46,0
DA:48,12
DA:49,1
DA:50,1
DA:52,12
DA:53,9
DA:54,9
DA:55,9
DA:57,12
DA:58,5
DA:59,5
DA:60,5
DA:62,12
DA:63,3
DA:64,3
DA:66,12
DA:67,8
DA:68,8
DA:69,8
DA:71,12
DA:72,22
DA:73,22
DA:74,22
DA:75,22
DA:76,22
DA:77,22
DA:78,22
DA:79,22
DA:80,12
LF:51
LH:47
BRDA:22,0,0,12
BRDA:27,1,0,12
BRDA:33,2,0,11
BRDA:33,3,0,1
BRDA:40,4,0,6
BRDA:48,5,0,1
BRDA:52,6,0,9
BRDA:57,7,0,5
BRDA:62,8,0,3
BRDA:66,9,0,8
BRDA:71,10,0,22
BRDA:73,11,0,1
BRDA:73,12,0,21
BRF:13
BRH:13
end_of_record
TN:
SF:src/bridge/runtime-mutation-guards.ts
FN:38,isAllowedConfigMutationKey
FN:42,isAllowedTaskTransitionStatus
FN:46,isAllowedTaskStatusTransition
FN:50,isAllowedAgentStatusUpdateStatus
FN:54,isAllowedAgentStatusTransition
FN:58,assertCanonicalMutationIdentity
FNF:6
FNH:6
FNDA:55,isAllowedConfigMutationKey
FNDA:106,isAllowedTaskTransitionStatus
FNDA:96,isAllowedTaskStatusTransition
FNDA:37,isAllowedAgentStatusUpdateStatus
FNDA:33,isAllowedAgentStatusTransition
FNDA:447,assertCanonicalMutationIdentity
DA:3,1
DA:4,1
DA:6,1
DA:7,1
DA:8,1
DA:9,1
DA:10,1
DA:11,1
DA:12,1
DA:13,1
DA:14,1
DA:15,1
DA:16,1
DA:17,1
DA:19,1
DA:21,1
DA:23,1
DA:24,1
DA:25,1
DA:26,1
DA:27,1
DA:28,1
DA:29,1
DA:31,1
DA:32,1
DA:33,1
DA:34,1
DA:35,1
DA:36,1
DA:38,1
DA:39,55
DA:40,55
DA:42,1
DA:43,106
DA:44,106
DA:46,1
DA:47,96
DA:48,96
DA:50,1
DA:51,37
DA:52,37
DA:54,1
DA:55,33
DA:56,33
DA:58,1
DA:59,447
DA:60,447
DA:61,447
DA:62,447
DA:63,447
DA:64,2
DA:65,2
DA:67,447
DA:68,1
DA:69,1
DA:70,1
DA:71,1
DA:73,447
DA:74,3
DA:75,3
DA:77,447
DA:78,2
DA:79,2
DA:80,2
DA:81,2
DA:82,447
LF:66
LH:66
BRDA:38,0,0,55
BRDA:39,1,0,112
BRDA:42,2,0,106
BRDA:46,3,0,96
BRDA:50,4,0,37
BRDA:54,5,0,33
BRDA:58,6,0,447
BRDA:63,7,0,2
BRDA:65,8,0,445
BRDA:67,9,0,1
BRDA:71,10,0,444
BRDA:73,11,0,3
BRDA:75,12,0,441
BRDA:77,13,0,2
BRF:14
BRH:14
end_of_record
TN:
SF:src/bridge/runtime-source-fs.ts
FN:128,<instance_members_initializer>
FN:139,FileSystemGrimoireRuntimeSource
FN:155,readAgents
FN:163,readConfig
FN:170,readSnapshot
FN:228,readEventsSince
FN:314,applyConfigUpdate
FN:360,applyTaskTransition
FN:456,applyTaskAssign
FN:513,applyAgentStatusUpdate
FN:576,readCachedMutationResult
FN:592,cacheMutationResult
FN:609,ensureRuntimeSnapshot
FN:652,readConnectionHealthConfig
FN:661,toConnectionHealthConfig
FN:682,readEventLog
FN:715,buildProjectionFromEntries
FN:728,createEmptyProjection
FN:740,parseEventLogEntry
FN:750,applyEntryToProjection
FN:809,appendRecent
FN:813,cloneJsonValue
FN:817,cloneSerializable
FN:821,isFileNotFoundError
FN:830,normalizePositiveNumber
FN:839,cloneSnapshot
FN:874,parseAgentIdentity
FN:890,normalizeKind
FN:898,ensureAgentRecord
FN:919,applyTaskUpdate
FN:946,inferToolCall
FN:978,inferWorkflowStep
FN:1156,readTraceIdentifier
FN:1168,readOptionalNonEmptyString
FN:1177,readTaskIdentifier
FN:1181,ensureOrchestratorWriteRole
FN:1187,ensureMutationIdentity
FN:1196,assertTaskLeaseOwnership
FN:1209,mutationCacheKey
FN:1213,toJsonPayload
FN:1217,toAgentPresence
FNF:41
FNH:38
FNDA:55,<instance_members_initializer>
FNDA:55,FileSystemGrimoireRuntimeSource
FNDA:0,readAgents
FNDA:0,readConfig
FNDA:66,readSnapshot
FNDA:24,readEventsSince
FNDA:21,applyConfigUpdate
FNDA:23,applyTaskTransition
FNDA:14,applyTaskAssign
FNDA:11,applyAgentStatusUpdate
FNDA:57,readCachedMutationResult
FNDA:44,cacheMutationResult
FNDA:53,ensureRuntimeSnapshot
FNDA:23,readConnectionHealthConfig
FNDA:79,toConnectionHealthConfig
FNDA:103,readEventLog
FNDA:80,buildProjectionFromEntries
FNDA:80,createEmptyProjection
FNDA:177,parseEventLogEntry
FNDA:180,applyEntryToProjection
FNDA:182,appendRecent
FNDA:2113,cloneJsonValue
FNDA:0,cloneSerializable
FNDA:2,isFileNotFoundError
FNDA:55,normalizePositiveNumber
FNDA:190,cloneSnapshot
FNDA:317,parseAgentIdentity
FNDA:317,normalizeKind
FNDA:180,ensureAgentRecord
FNDA:180,applyTaskUpdate
FNDA:180,inferToolCall
FNDA:180,inferWorkflowStep
FNDA:360,readTraceIdentifier
FNDA:2461,readOptionalNonEmptyString
FNDA:264,readTaskIdentifier
FNDA:69,ensureOrchestratorWriteRole
FNDA:65,ensureMutationIdentity
FNDA:32,assertTaskLeaseOwnership
FNDA:101,mutationCacheKey
FNDA:182,toJsonPayload
FNDA:7,toAgentPresence
DA:1,1
DA:3,1
DA:21,1
DA:22,1
DA:23,1
DA:34,1
DA:39,1
DA:47,1
DA:98,1
DA:99,1
DA:100,1
DA:101,1
DA:102,1
DA:103,1
DA:104,1
DA:105,1
DA:106,1
DA:107,1
DA:109,1
DA:110,1
DA:111,1
DA:112,1
DA:113,1
DA:114,1
DA:115,1
DA:116,1
DA:117,1
DA:118,1
DA:119,1
DA:120,1
DA:121,1
DA:122,1
DA:124,1
DA:125,1
DA:126,1
DA:128,1
DA:129,55
DA:130,55
DA:131,55
DA:132,55
DA:133,55
DA:134,55
DA:135,55
DA:136,55
DA:137,55
DA:139,55
DA:140,55
DA:141,55
DA:142,55
DA:143,55
DA:144,55
DA:145,55
DA:146,55
DA:147,55
DA:148,55
DA:149,55
DA:150,55
DA:151,3
DA:152,3
DA:153,55
DA:155,55
DA:156,0
DA:157,0
DA:158,0
DA:159,0
DA:160,0
DA:161,0
DA:163,55
DA:164,0
DA:165,0
DA:166,0
DA:167,0
DA:168,0
DA:170,55
DA:182,66
DA:183,66
DA:184,10
DA:185,10
DA:186,0
DA:187,0
DA:189,10
DA:190,10
DA:191,10
DA:192,10
DA:193,10
DA:194,10
DA:195,10
DA:196,10
DA:197,10
DA:198,10
DA:199,10
DA:201,56
DA:202,56
DA:203,56
DA:204,56
DA:205,56
DA:206,0
DA:208,66
DA:209,66
DA:210,66
DA:211,66
DA:212,66
DA:213,66
DA:214,66
DA:215,66
DA:216,66
DA:217,66
DA:218,5
DA:219,5
DA:220,66
DA:221,66
DA:222,97
DA:223,97
DA:224,66
DA:225,66
DA:226,66
DA:228,55
DA:229,24
DA:230,24
DA:231,24
DA:232,24
DA:234,24
DA:235,40
DA:237,40
DA:238,33
DA:239,33
DA:241,40
DA:242,2
DA:243,2
DA:244,2
DA:245,2
DA:246,2
DA:247,2
DA:248,2
DA:249,2
DA:251,40
DA:252,4
DA:253,4
DA:254,4
DA:255,4
DA:256,4
DA:257,4
DA:258,4
DA:259,4
DA:261,1
DA:262,1
DA:263,1
DA:264,1
DA:265,1
DA:266,1
DA:267,1
DA:268,1
DA:269,1
DA:271,0
DA:272,0
DA:273,0
DA:274,0
DA:276,0
DA:277,0
DA:279,24
DA:281,24
DA:282,0
DA:283,0
DA:284,0
DA:285,0
DA:286,0
DA:287,0
DA:288,0
DA:289,0
DA:290,0
DA:291,0
DA:292,0
DA:293,0
DA:294,0
DA:295,0
DA:296,0
DA:297,0
DA:298,0
DA:299,0
DA:300,0
DA:301,0
DA:302,0
DA:303,0
DA:304,0
DA:306,24
DA:307,24
DA:308,4
DA:309,4
DA:311,20
DA:312,24
DA:314,55
DA:315,21
DA:316,21
DA:317,21
DA:318,21
DA:320,21
DA:321,1
DA:322,1
DA:324,14
DA:325,21
DA:326,1
DA:327,1
DA:329,13
DA:330,13
DA:331,13
DA:332,13
DA:333,13
DA:334,13
DA:335,13
DA:336,13
DA:337,13
DA:338,13
DA:339,13
DA:340,13
DA:341,13
DA:342,13
DA:343,13
DA:344,13
DA:345,13
DA:347,13
DA:348,13
DA:350,13
DA:351,13
DA:352,13
DA:353,13
DA:354,13
DA:356,13
DA:357,13
DA:358,21
DA:360,55
DA:361,23
DA:362,23
DA:363,23
DA:364,23
DA:366,23
DA:367,1
DA:368,1
DA:370,21
DA:371,23
DA:372,1
DA:373,1
DA:375,20
DA:376,20
DA:377,20
DA:378,20
DA:380,23
DA:381,0
DA:382,0
DA:384,23
DA:385,1
DA:386,1
DA:387,1
DA:388,1
DA:390,19
DA:392,23
DA:393,16
DA:395,16
DA:396,3
DA:397,3
DA:398,3
DA:399,3
DA:400,3
DA:401,3
DA:403,0
DA:404,0
DA:405,0
DA:406,0
DA:407,16
DA:409,23
DA:410,3
DA:412,3
DA:413,2
DA:414,2
DA:415,2
DA:416,2
DA:417,2
DA:418,2
DA:420,0
DA:421,0
DA:422,3
DA:424,14
DA:425,14
DA:426,14
DA:427,14
DA:428,14
DA:429,14
DA:430,14
DA:431,14
DA:432,14
DA:433,14
DA:434,14
DA:435,0
DA:436,0
DA:437,0
DA:438,0
DA:439,14
DA:440,14
DA:441,14
DA:443,14
DA:444,14
DA:446,14
DA:447,14
DA:448,14
DA:449,14
DA:450,14
DA:452,14
DA:453,14
DA:454,23
DA:456,55
DA:457,14
DA:458,14
DA:459,14
DA:460,14
DA:462,14
DA:463,14
DA:464,1
DA:465,1
DA:467,12
DA:468,12
DA:469,12
DA:470,12
DA:472,14
DA:473,0
DA:474,0
DA:476,9
DA:477,14
DA:478,0
DA:479,0
DA:481,9
DA:482,9
DA:483,9
DA:484,9
DA:485,9
DA:486,9
DA:487,9
DA:488,9
DA:489,9
DA:490,9
DA:491,9
DA:492,0
DA:493,0
DA:494,0
DA:495,0
DA:496,9
DA:497,9
DA:498,9
DA:500,9
DA:501,9
DA:503,9
DA:504,9
DA:505,9
DA:506,9
DA:507,9
DA:509,9
DA:510,9
DA:511,14
DA:513,55
DA:514,11
DA:515,11
DA:516,11
DA:517,11
DA:519,11
DA:520,1
DA:521,1
DA:522,1
DA:523,1
DA:525,9
DA:526,11
DA:527,1
DA:528,1
DA:530,8
DA:531,8
DA:533,11
DA:534,0
DA:535,0
DA:537,11
DA:538,0
DA:539,0
DA:540,0
DA:541,0
DA:543,8
DA:544,8
DA:545,8
DA:546,8
DA:547,8
DA:548,8
DA:549,8
DA:550,14
DA:551,8
DA:552,8
DA:553,8
DA:554,8
DA:555,6
DA:556,6
DA:557,6
DA:558,6
DA:559,8
DA:560,8
DA:561,8
DA:563,8
DA:564,8
DA:566,8
DA:567,8
DA:568,8
DA:569,8
DA:570,8
DA:572,8
DA:573,8
DA:574,11
DA:576,55
DA:577,57
DA:578,57
DA:579,57
DA:580,57
DA:581,57
DA:582,53
DA:583,53
DA:585,4
DA:586,4
DA:587,4
DA:588,57
DA:589,57
DA:590,57
DA:592,55
DA:593,44
DA:594,44
DA:595,44
DA:596,44
DA:597,44
DA:598,44
DA:599,44
DA:600,44
DA:601,44
DA:602,44
DA:603,44
DA:604,44
DA:605,44
DA:606,44
DA:607,44
DA:609,55
DA:610,53
DA:611,20
DA:612,20
DA:614,33
DA:615,33
DA:616,33
DA:617,53
DA:618,53
DA:619,53
DA:620,51
DA:621,51
DA:622,53
DA:623,53
DA:624,28
DA:625,28
DA:626,53
DA:627,53
DA:628,53
DA:629,53
DA:630,53
DA:631,2
DA:632,2
DA:633,53
DA:634,53
DA:635,60
DA:636,60
DA:637,53
DA:638,53
DA:639,53
DA:640,33
DA:641,0
DA:642,53
DA:643,33
DA:644,0
DA:645,53
DA:646,33
DA:647,0
DA:648,53
DA:649,53
DA:650,53
DA:652,55
DA:653,23
DA:654,0
DA:655,0
DA:657,23
DA:658,23
DA:659,23
DA:661,55
DA:662,79
DA:663,79
DA:664,79
DA:665,79
DA:666,79
DA:667,137
DA:668,137
DA:669,79
DA:670,79
DA:671,79
DA:672,79
DA:673,79
DA:674,79
DA:675,79
DA:676,79
DA:677,79
DA:679,79
DA:680,79
DA:682,55
DA:683,103
DA:684,103
DA:686,103
DA:687,103
DA:688,103
DA:689,2
DA:690,2
DA:691,2
DA:692,2
DA:693,2
DA:694,2
DA:695,2
DA:697,0
DA:698,0
DA:700,101
DA:701,101
DA:702,101
DA:703,101
DA:704,101
DA:705,101
DA:707,101
DA:708,101
DA:709,101
DA:710,101
DA:711,101
DA:712,103
DA:713,55
DA:715,80
DA:716,80
DA:717,80
DA:718,80
DA:719,80
DA:721,80
DA:722,140
DA:723,140
DA:725,80
DA:726,80
DA:728,80
DA:729,80
DA:730,80
DA:731,80
DA:732,80
DA:733,80
DA:734,80
DA:735,80
DA:736,80
DA:737,80
DA:738,80
DA:740,177
DA:741,177
DA:743,177
DA:744,0
DA:745,0
DA:747,177
DA:748,177
DA:750,180
DA:751,180
DA:752,180
DA:758,180
DA:759,180
DA:760,180
DA:762,180
DA:763,180
DA:764,180
DA:765,180
DA:766,180
DA:767,180
DA:768,180
DA:769,180
DA:770,180
DA:772,180
DA:773,180
DA:775,180
DA:776,7
DA:777,7
DA:778,7
DA:779,7
DA:780,7
DA:781,7
DA:782,7
DA:783,7
DA:784,7
DA:785,7
DA:786,7
DA:788,180
DA:789,175
DA:790,175
DA:791,175
DA:792,175
DA:793,175
DA:794,175
DA:795,175
DA:796,175
DA:797,175
DA:798,175
DA:799,175
DA:801,180
DA:802,180
DA:803,180
DA:804,180
DA:805,180
DA:806,180
DA:807,180
DA:809,182
DA:810,182
DA:811,182
DA:813,2113
DA:814,2113
DA:815,2113
DA:817,0
DA:818,0
DA:819,0
DA:821,2
DA:822,2
DA:823,2
DA:824,2
DA:825,2
DA:826,2
DA:828,2
DA:830,55
DA:831,55
DA:832,51
DA:833,51
DA:835,4
DA:836,55
DA:837,55
DA:839,190
DA:840,190
DA:841,190
DA:842,190
DA:843,300
DA:844,300
DA:845,190
DA:846,190
DA:847,160
DA:848,160
DA:849,190
DA:850,190
DA:851,4
DA:852,4
DA:853,190
DA:854,190
DA:855,332
DA:856,332
DA:857,190
DA:858,190
DA:859,190
DA:860,190
DA:861,0
DA:862,190
DA:863,190
DA:864,0
DA:865,190
DA:866,190
DA:867,0
DA:868,190
DA:869,190
DA:870,190
DA:871,190
DA:872,190
DA:874,317
DA:875,317
DA:876,317
DA:877,317
DA:878,317
DA:879,317
DA:881,317
DA:882,317
DA:883,317
DA:884,317
DA:885,317
DA:886,317
DA:887,317
DA:888,317
DA:890,317
DA:891,317
DA:892,317
DA:893,25
DA:894,25
DA:895,317
DA:896,317
DA:898,180
DA:899,180
DA:900,180
DA:901,180
DA:902,180
DA:903,180
DA:904,54
DA:905,54
DA:907,126
DA:908,126
DA:909,126
DA:910,180
DA:911,180
DA:912,180
DA:913,180
DA:914,180
DA:915,180
DA:916,180
DA:917,180
DA:919,180
DA:920,180
DA:921,180
DA:922,180
DA:923,180
DA:924,180
DA:925,96
DA:926,96
DA:928,84
DA:929,180
DA:930,0
DA:931,0
DA:933,180
DA:934,180
DA:935,180
DA:936,180
DA:937,180
DA:938,180
DA:939,180
DA:940,180
DA:942,180
DA:943,180
DA:944,180
DA:946,180
DA:947,180
DA:948,180
DA:949,180
DA:950,0
DA:951,0
DA:952,0
DA:953,0
DA:954,0
DA:955,0
DA:956,0
DA:958,180
DA:959,180
DA:960,7
DA:961,7
DA:962,7
DA:963,7
DA:964,7
DA:965,7
DA:966,180
DA:967,0
DA:968,0
DA:969,0
DA:970,0
DA:971,0
DA:972,0
DA:973,180
DA:974,173
DA:975,180
DA:976,180
DA:978,180
DA:979,180
DA:980,180
DA:982,180
DA:983,180
DA:984,70
DA:985,70
DA:986,70
DA:987,70
DA:988,70
DA:989,70
DA:990,70
DA:991,70
DA:992,70
DA:993,180
DA:994,12
DA:995,12
DA:996,12
DA:997,12
DA:998,12
DA:999,12
DA:1000,12
DA:1001,12
DA:1002,12
DA:1003,12
DA:1004,12
DA:1005,180
DA:1006,3
DA:1007,3
DA:1008,0
DA:1009,0
DA:1010,3
DA:1011,3
DA:1012,3
DA:1013,1
DA:1014,1
DA:1015,3
DA:1016,3
DA:1017,3
DA:1018,3
DA:1019,3
DA:1020,3
DA:1021,3
DA:1022,3
DA:1023,3
DA:1024,180
DA:1025,2
DA:1026,2
DA:1027,0
DA:1028,0
DA:1029,2
DA:1030,2
DA:1031,0
DA:1032,2
DA:1033,2
DA:1034,0
DA:1035,2
DA:1036,2
DA:1037,2
DA:1038,2
DA:1039,2
DA:1040,2
DA:1041,2
DA:1042,2
DA:1043,180
DA:1044,2
DA:1045,2
DA:1046,0
DA:1047,0
DA:1048,2
DA:1049,2
DA:1050,0
DA:1051,0
DA:1052,2
DA:1053,2
DA:1054,2
DA:1055,2
DA:1056,2
DA:1057,2
DA:1058,2
DA:1059,2
DA:1060,180
DA:1061,0
DA:1062,0
DA:1063,0
DA:1064,0
DA:1065,0
DA:1066,0
DA:1067,0
DA:1068,0
DA:1069,0
DA:1070,0
DA:1071,0
DA:1072,0
DA:1073,0
DA:1074,180
DA:1075,0
DA:1076,0
DA:1077,0
DA:1078,0
DA:1079,0
DA:1080,0
DA:1081,0
DA:1082,0
DA:1083,0
DA:1084,0
DA:1085,0
DA:1086,180
DA:1087,0
DA:1088,0
DA:1089,0
DA:1090,0
DA:1091,0
DA:1092,0
DA:1093,0
DA:1094,0
DA:1095,0
DA:1096,180
DA:1097,0
DA:1098,0
DA:1099,0
DA:1100,0
DA:1101,0
DA:1102,0
DA:1103,0
DA:1104,0
DA:1105,0
DA:1106,0
DA:1107,180
DA:1108,0
DA:1109,0
DA:1110,0
DA:1111,0
DA:1112,0
DA:1113,0
DA:1114,0
DA:1115,0
DA:1116,0
DA:1117,0
DA:1118,0
DA:1119,0
DA:1120,0
DA:1122,0
DA:1123,0
DA:1124,0
DA:1125,0
DA:1126,0
DA:1127,0
DA:1128,0
DA:1129,0
DA:1130,0
DA:1131,180
DA:1132,0
DA:1133,0
DA:1134,0
DA:1135,0
DA:1136,0
DA:1137,0
DA:1138,0
DA:1139,0
DA:1140,0
DA:1141,0
DA:1142,180
DA:1143,91
DA:1144,5
DA:1145,86
DA:1146,86
DA:1147,86
DA:1148,86
DA:1149,86
DA:1150,86
DA:1151,86
DA:1152,86
DA:1153,180
DA:1154,180
DA:1156,360
DA:1157,360
DA:1158,360
DA:1159,292
DA:1160,292
DA:1161,290
DA:1162,290
DA:1163,288
DA:1164,286
DA:1166,360
DA:1168,2461
DA:1169,2461
DA:1170,2192
DA:1171,2192
DA:1173,269
DA:1174,2461
DA:1175,2461
DA:1177,264
DA:1178,264
DA:1179,264
DA:1181,69
DA:1182,69
DA:1183,4
DA:1184,4
DA:1185,69
DA:1187,65
DA:1188,65
DA:1189,65
DA:1190,65
DA:1191,65
DA:1192,65
DA:1193,65
DA:1194,65
DA:1196,32
DA:1197,32
DA:1198,32
DA:1199,32
DA:1200,32
DA:1201,32
DA:1202,32
DA:1203,28
DA:1204,28
DA:1206,4
DA:1207,4
DA:1209,101
DA:1210,101
DA:1211,101
DA:1213,182
DA:1214,182
DA:1215,182
DA:1217,7
DA:1218,7
DA:1219,7
DA:1220,7
DA:1221,7
DA:1222,7
DA:1223,7
DA:1224,7
DA:1225,7
DA:1226,7
DA:1227,7
DA:1228,7
LF:997
LH:813
BRDA:128,0,0,55
BRDA:139,1,0,55
BRDA:141,2,0,44
BRDA:142,3,0,4
BRDA:142,4,0,51
BRDA:144,5,0,4
BRDA:150,6,0,3
BRDA:170,7,0,66
BRDA:183,8,0,10
BRDA:185,9,0,0
BRDA:199,10,0,56
BRDA:205,11,0,0
BRDA:190,12,0,19
BRDA:217,13,0,5
BRDA:221,14,0,97
BRDA:228,15,0,24
BRDA:234,16,0,40
BRDA:237,17,0,33
BRDA:239,18,0,7
BRDA:241,19,0,2
BRDA:245,20,0,0
BRDA:249,21,0,5
BRDA:251,22,0,4
BRDA:255,23,0,0
BRDA:259,24,0,1
BRDA:265,25,0,0
BRDA:269,26,0,0
BRDA:281,27,0,0
BRDA:281,28,0,0
BRDA:307,29,0,4
BRDA:309,30,0,20
BRDA:306,31,0,32
BRDA:311,32,0,12
BRDA:314,33,0,21
BRDA:320,34,0,1
BRDA:322,35,0,14
BRDA:325,36,0,1
BRDA:327,37,0,13
BRDA:331,38,0,18
BRDA:360,39,0,23
BRDA:366,40,0,1
BRDA:368,41,0,21
BRDA:371,42,0,1
BRDA:373,43,0,20
BRDA:380,44,0,0
BRDA:382,45,0,20
BRDA:384,46,0,1
BRDA:388,47,0,19
BRDA:392,48,0,16
BRDA:395,49,0,4
BRDA:395,50,0,3
BRDA:401,51,0,0
BRDA:409,52,0,3
BRDA:412,53,0,2
BRDA:418,54,0,0
BRDA:422,55,0,14
BRDA:378,56,0,20
BRDA:429,57,0,14
BRDA:434,58,0,0
BRDA:456,59,0,14
BRDA:463,60,0,1
BRDA:465,61,0,12
BRDA:472,62,0,0
BRDA:474,63,0,9
BRDA:477,64,0,0
BRDA:479,65,0,9
BRDA:470,66,0,9
BRDA:476,67,0,18
BRDA:486,68,0,9
BRDA:491,69,0,0
BRDA:513,70,0,11
BRDA:519,71,0,1
BRDA:523,72,0,9
BRDA:526,73,0,1
BRDA:528,74,0,8
BRDA:533,75,0,0
BRDA:535,76,0,8
BRDA:537,77,0,0
BRDA:541,78,0,8
BRDA:531,79,0,8
BRDA:549,80,0,14
BRDA:550,81,0,8
BRDA:554,82,0,6
BRDA:576,83,0,57
BRDA:581,84,0,53
BRDA:583,85,0,4
BRDA:588,86,0,0
BRDA:588,87,0,4
BRDA:592,88,0,44
BRDA:603,89,0,0
BRDA:609,90,0,53
BRDA:610,91,0,20
BRDA:612,92,0,33
BRDA:617,93,0,0
BRDA:618,94,0,0
BRDA:623,95,0,0
BRDA:628,96,0,0
BRDA:630,97,0,0
BRDA:634,98,0,0
BRDA:638,99,0,33
BRDA:638,100,0,0
BRDA:639,101,0,33
BRDA:640,102,0,0
BRDA:642,103,0,33
BRDA:643,104,0,0
BRDA:645,105,0,33
BRDA:646,106,0,0
BRDA:619,107,0,51
BRDA:623,108,0,28
BRDA:625,109,0,0
BRDA:628,110,0,307
BRDA:630,111,0,2
BRDA:634,112,0,60
BRDA:652,113,0,23
BRDA:653,114,0,0
BRDA:661,115,0,79
BRDA:666,116,0,137
BRDA:682,117,0,103
BRDA:687,118,0,101
BRDA:688,119,0,2
BRDA:695,120,0,0
BRDA:698,121,0,101
BRDA:702,122,0,278
BRDA:703,123,0,278
BRDA:705,124,0,76
BRDA:715,125,0,80
BRDA:721,126,0,140
BRDA:728,127,0,80
BRDA:740,128,0,177
BRDA:743,129,0,0
BRDA:750,130,0,180
BRDA:768,131,0,176
BRDA:768,132,0,4
BRDA:769,133,0,173
BRDA:769,134,0,7
BRDA:775,135,0,7
BRDA:788,136,0,175
BRDA:803,137,0,96
BRDA:803,138,0,84
BRDA:804,139,0,173
BRDA:804,140,0,7
BRDA:805,141,0,5
BRDA:805,142,0,175
BRDA:809,143,0,182
BRDA:813,144,0,2113
BRDA:821,145,0,2
BRDA:830,146,0,55
BRDA:831,147,0,4
BRDA:831,148,0,51
BRDA:833,149,0,4
BRDA:836,150,0,0
BRDA:839,151,0,190
BRDA:858,152,0,0
BRDA:860,153,0,0
BRDA:863,154,0,0
BRDA:866,155,0,0
BRDA:842,156,0,300
BRDA:846,157,0,160
BRDA:848,158,0,0
BRDA:850,159,0,4
BRDA:854,160,0,332
BRDA:869,161,0,1793
BRDA:874,162,0,317
BRDA:875,163,0,292
BRDA:875,164,0,25
BRDA:876,165,0,0
BRDA:877,166,0,0
BRDA:877,167,0,0
BRDA:879,168,0,0
BRDA:890,169,0,317
BRDA:892,170,0,25
BRDA:894,171,0,292
BRDA:895,172,0,0
BRDA:895,173,0,292
BRDA:898,174,0,180
BRDA:903,175,0,54
BRDA:905,176,0,126
BRDA:910,177,0,9
BRDA:910,178,0,117
BRDA:919,179,0,180
BRDA:924,180,0,96
BRDA:926,181,0,84
BRDA:929,182,0,0
BRDA:931,183,0,84
BRDA:933,184,0,84
BRDA:933,185,0,0
BRDA:934,186,0,4
BRDA:934,187,0,80
BRDA:946,188,0,180
BRDA:948,189,0,0
BRDA:949,190,0,0
BRDA:959,191,0,7
BRDA:964,192,0,0
BRDA:966,193,0,0
BRDA:973,194,0,173
BRDA:978,195,0,180
BRDA:983,196,0,70
BRDA:984,197,0,0
BRDA:989,198,0,66
BRDA:989,199,0,4
BRDA:993,200,0,12
BRDA:994,201,0,0
BRDA:995,202,0,4
BRDA:995,203,0,8
BRDA:1000,204,0,0
BRDA:1001,205,0,2
BRDA:1001,206,0,10
BRDA:1005,207,0,3
BRDA:1007,208,0,0
BRDA:1008,209,0,0
BRDA:1010,210,0,0
BRDA:1012,211,0,1
BRDA:1013,212,0,1
BRDA:1019,213,0,0
BRDA:1020,214,0,2
BRDA:1020,215,0,1
BRDA:1024,216,0,2
BRDA:1026,217,0,0
BRDA:1027,218,0,0
BRDA:1030,219,0,0
BRDA:1033,220,0,0
BRDA:1039,221,0,0
BRDA:1043,222,0,2
BRDA:1045,223,0,0
BRDA:1046,224,0,0
BRDA:1049,225,0,0
BRDA:1050,226,0,0
BRDA:1056,227,0,0
BRDA:1060,228,0,0
BRDA:1074,229,0,0
BRDA:1086,230,0,0
BRDA:1096,231,0,0
BRDA:1107,232,0,0
BRDA:1131,233,0,0
BRDA:1142,234,0,91
BRDA:1143,235,0,5
BRDA:1144,236,0,86
BRDA:1149,237,0,77
BRDA:1149,238,0,9
BRDA:1156,239,0,360
BRDA:1158,240,0,292
BRDA:1159,241,0,292
BRDA:1160,242,0,290
BRDA:1161,243,0,290
BRDA:1162,244,0,288
BRDA:1163,245,0,286
BRDA:1168,246,0,2461
BRDA:1169,247,0,2192
BRDA:1171,248,0,269
BRDA:1174,249,0,0
BRDA:1177,250,0,264
BRDA:1178,251,0,83
BRDA:1181,252,0,69
BRDA:1182,253,0,4
BRDA:1187,254,0,65
BRDA:1196,255,0,32
BRDA:1202,256,0,28
BRDA:1204,257,0,4
BRDA:1209,258,0,101
BRDA:1213,259,0,182
BRDA:1214,260,0,0
BRDA:1214,261,0,340
BRDA:1217,262,0,7
BRDA:1225,263,0,0
BRDA:1226,264,0,6
BRDA:1226,265,0,1
BRF:266
BRH:190
end_of_record
TN:
SF:src/bridge/vscode-webview-bridge.ts
FN:116,createVsCodePanelReadyMessage
FN:128,createVsCodePanelCommandMessage
FN:138,createVsCodePanelBridge
FN:146,postReady
FN:154,postCommand
FN:162,persistState
FN:169,restoreState
FN:180,resolveVsCodeWebviewApi
FNF:8
FNH:5
FNDA:3,createVsCodePanelReadyMessage
FNDA:2,createVsCodePanelCommandMessage
FNDA:2,createVsCodePanelBridge
FNDA:0,postReady
FNDA:2,postCommand
FNDA:0,persistState
FNDA:1,restoreState
FNDA:0,resolveVsCodeWebviewApi
DA:1,1
DA:3,1
DA:4,1
DA:5,1
DA:6,1
DA:7,1
DA:8,1
DA:9,1
DA:10,1
DA:11,1
DA:12,1
DA:13,1
DA:14,1
DA:15,1
DA:16,1
DA:17,1
DA:18,1
DA:19,1
DA:21,1
DA:23,1
DA:24,1
DA:25,1
DA:26,1
DA:27,1
DA:28,1
DA:29,1
DA:30,1
DA:31,1
DA:32,1
DA:33,1
DA:35,1
DA:36,1
DA:37,1
DA:38,1
DA:39,1
DA:40,1
DA:42,1
DA:43,1
DA:44,1
DA:45,1
DA:46,1
DA:47,1
DA:49,1
DA:50,1
DA:51,1
DA:52,1
DA:53,1
DA:54,1
DA:56,1
DA:57,1
DA:58,1
DA:59,1
DA:60,1
DA:62,1
DA:63,1
DA:64,1
DA:65,1
DA:66,1
DA:67,1
DA:69,1
DA:70,1
DA:71,1
DA:72,1
DA:73,1
DA:74,1
DA:75,1
DA:76,1
DA:78,1
DA:79,1
DA:80,1
DA:81,1
DA:82,1
DA:83,1
DA:84,1
DA:86,1
DA:87,1
DA:88,1
DA:89,1
DA:116,1
DA:117,3
DA:118,3
DA:119,3
DA:120,3
DA:121,3
DA:122,3
DA:123,3
DA:124,3
DA:125,3
DA:126,3
DA:128,1
DA:129,2
DA:130,2
DA:131,2
DA:132,2
DA:133,2
DA:134,2
DA:135,2
DA:136,2
DA:138,1
DA:139,2
DA:140,2
DA:141,2
DA:143,2
DA:144,2
DA:145,2
DA:146,2
DA:147,0
DA:148,0
DA:149,0
DA:151,0
DA:152,0
DA:153,0
DA:154,2
DA:155,2
DA:156,1
DA:157,1
DA:159,1
DA:160,1
DA:161,2
DA:162,2
DA:163,0
DA:164,0
DA:165,0
DA:167,0
DA:168,0
DA:169,2
DA:170,1
DA:171,0
DA:172,0
DA:174,1
DA:175,1
DA:176,1
DA:177,2
DA:178,2
DA:180,0
DA:181,0
DA:185,0
DA:186,0
LF:138
LH:121
BRDA:116,0,0,3
BRDA:128,1,0,2
BRDA:138,2,0,2
BRDA:141,3,0,1
BRDA:141,4,0,1
BRDA:154,5,0,2
BRDA:155,6,0,1
BRDA:169,7,0,1
BRDA:170,8,0,0
BRDA:175,9,0,0
BRF:10
BRH:8
end_of_record
TN:
SF:src/contracts/events.ts
FN:361,createSurfaceExecutionRegistry
FN:384,createProtocolTimestamp
FN:388,createCanonicalVerificationMetadata
FN:408,createMutationGuardrail
FN:423,resolveMutationGuardrail
FN:441,parseClientEvent
FN:445,parseServerEvent
FN:449,safeParseClientEvent
FN:453,safeParseServerEvent
FN:457,createReconnectHandshake
FN:466,createConfigUpdate
FN:491,createTaskTransition
FN:525,createTaskAssign
FN:543,createAgentStatusUpdate
FN:561,createStateSnapshotEvent
FN:578,createAgentStateEvent
FN:592,createTaskUpdateEvent
FN:607,createToolCallEvent
FN:622,createWorkflowStepEvent
FN:784,createVerificationGateEvent
FN:806,createEventMeta
FN:819,createHostBindingStateEvent
FN:835,createHostInvocationDecisionEvent
FN:852,createHostReviewArtifactEvent
FN:867,createHostContextLedgerUpdateEvent
FN:882,createControlPlaneRunContext
FN:894,createCanonicalEnvelopePilot
FN:923,createSecurityFindingPayload
FN:927,createBranchFinishOptionsPayload
FN:940,createBranchFinishDecisionPayload
FN:950,createErrorEvent
FN:970,isMutatingClientEvent
FNF:32
FNH:29
FNDA:93,createSurfaceExecutionRegistry
FNDA:105,createProtocolTimestamp
FNDA:95,createCanonicalVerificationMetadata
FNDA:230,createMutationGuardrail
FNDA:229,resolveMutationGuardrail
FNDA:16,parseClientEvent
FNDA:415,parseServerEvent
FNDA:0,safeParseClientEvent
FNDA:0,safeParseServerEvent
FNDA:4,createReconnectHandshake
FNDA:69,createConfigUpdate
FNDA:92,createTaskTransition
FNDA:36,createTaskAssign
FNDA:32,createAgentStatusUpdate
FNDA:184,createStateSnapshotEvent
FNDA:2,createAgentStateEvent
FNDA:22,createTaskUpdateEvent
FNDA:20,createToolCallEvent
FNDA:54,createWorkflowStepEvent
FNDA:8,createVerificationGateEvent
FNDA:2107,createEventMeta
FNDA:9,createHostBindingStateEvent
FNDA:9,createHostInvocationDecisionEvent
FNDA:5,createHostReviewArtifactEvent
FNDA:12,createHostContextLedgerUpdateEvent
FNDA:15,createControlPlaneRunContext
FNDA:6425,createCanonicalEnvelopePilot
FNDA:1,createSecurityFindingPayload
FNDA:1,createBranchFinishOptionsPayload
FNDA:1,createBranchFinishDecisionPayload
FNDA:80,createErrorEvent
FNDA:0,isMutatingClientEvent
DA:1,1
DA:3,1
DA:127,1
DA:327,1
DA:328,1
DA:329,1
DA:330,1
DA:331,1
DA:332,1
DA:334,1
DA:335,1
DA:336,1
DA:337,1
DA:338,1
DA:339,1
DA:340,1
DA:341,1
DA:342,1
DA:343,1
DA:344,1
DA:345,1
DA:346,1
DA:347,1
DA:348,1
DA:349,1
DA:350,1
DA:351,1
DA:352,1
DA:353,1
DA:354,1
DA:355,1
DA:356,1
DA:357,1
DA:358,1
DA:359,1
DA:361,1
DA:362,93
DA:363,93
DA:384,1
DA:385,105
DA:386,105
DA:388,95
DA:389,95
DA:390,95
DA:391,95
DA:392,95
DA:393,95
DA:394,95
DA:395,95
DA:396,95
DA:397,95
DA:398,95
DA:399,95
DA:400,95
DA:401,95
DA:402,95
DA:403,95
DA:404,95
DA:405,95
DA:406,95
DA:408,1
DA:409,230
DA:410,230
DA:411,230
DA:412,230
DA:413,230
DA:414,230
DA:415,230
DA:416,230
DA:417,230
DA:418,230
DA:419,230
DA:420,230
DA:421,230
DA:423,229
DA:424,229
DA:425,229
DA:426,229
DA:427,229
DA:428,229
DA:429,229
DA:430,229
DA:431,229
DA:432,229
DA:434,229
DA:435,229
DA:436,229
DA:437,229
DA:438,229
DA:439,229
DA:441,1
DA:442,16
DA:443,16
DA:445,1
DA:446,415
DA:447,415
DA:449,1
DA:450,0
DA:451,0
DA:453,1
DA:454,0
DA:455,0
DA:457,1
DA:458,4
DA:459,4
DA:460,4
DA:461,4
DA:462,4
DA:463,4
DA:464,4
DA:466,1
DA:467,69
DA:468,69
DA:469,69
DA:470,69
DA:471,69
DA:472,69
DA:473,69
DA:474,69
DA:475,69
DA:476,69
DA:477,69
DA:478,69
DA:479,69
DA:480,69
DA:481,69
DA:482,69
DA:483,69
DA:484,69
DA:485,69
DA:486,69
DA:487,69
DA:488,69
DA:489,69
DA:491,1
DA:492,92
DA:493,92
DA:494,92
DA:495,92
DA:496,92
DA:497,92
DA:498,92
DA:499,92
DA:500,92
DA:501,92
DA:502,92
DA:503,92
DA:504,92
DA:505,92
DA:506,92
DA:507,66
DA:508,26
DA:509,26
DA:510,26
DA:511,26
DA:512,26
DA:513,26
DA:514,26
DA:515,26
DA:516,92
DA:517,92
DA:518,92
DA:519,92
DA:520,92
DA:521,92
DA:522,92
DA:523,92
DA:525,1
DA:526,36
DA:527,36
DA:528,36
DA:529,36
DA:530,36
DA:531,36
DA:532,36
DA:533,36
DA:534,36
DA:535,36
DA:536,36
DA:537,36
DA:538,36
DA:539,36
DA:540,36
DA:541,36
DA:543,1
DA:544,32
DA:545,32
DA:546,32
DA:547,32
DA:548,32
DA:549,32
DA:550,32
DA:551,32
DA:552,32
DA:553,32
DA:554,32
DA:555,32
DA:556,32
DA:557,32
DA:558,32
DA:559,32
DA:561,1
DA:562,184
DA:563,184
DA:564,184
DA:565,184
DA:566,184
DA:567,184
DA:568,184
DA:569,184
DA:570,184
DA:571,184
DA:572,184
DA:573,184
DA:574,184
DA:575,184
DA:576,184
DA:578,1
DA:579,2
DA:580,2
DA:581,2
DA:582,2
DA:583,2
DA:584,2
DA:585,2
DA:586,2
DA:587,2
DA:588,2
DA:589,2
DA:590,2
DA:592,1
DA:593,22
DA:594,22
DA:595,22
DA:596,22
DA:597,22
DA:598,22
DA:599,22
DA:600,22
DA:601,22
DA:602,22
DA:603,22
DA:604,22
DA:605,22
DA:607,1
DA:608,20
DA:609,20
DA:610,20
DA:611,20
DA:612,20
DA:613,20
DA:614,20
DA:615,20
DA:616,20
DA:617,20
DA:618,20
DA:619,20
DA:620,20
DA:622,1
DA:623,54
DA:624,54
DA:625,54
DA:626,54
DA:627,54
DA:628,54
DA:629,54
DA:630,54
DA:631,54
DA:632,54
DA:633,54
DA:634,54
DA:635,54
DA:784,1
DA:785,8
DA:786,8
DA:787,8
DA:788,8
DA:789,8
DA:790,8
DA:791,8
DA:792,8
DA:793,8
DA:794,8
DA:795,8
DA:796,8
DA:797,8
DA:798,8
DA:799,8
DA:800,8
DA:801,8
DA:802,8
DA:803,8
DA:804,8
DA:806,1
DA:807,2107
DA:808,2107
DA:809,2107
DA:810,2107
DA:811,2107
DA:812,2107
DA:813,2107
DA:814,2107
DA:815,2107
DA:816,2107
DA:817,2107
DA:819,1
DA:820,9
DA:821,9
DA:822,9
DA:823,9
DA:824,9
DA:825,9
DA:826,9
DA:827,9
DA:828,9
DA:829,9
DA:830,9
DA:831,9
DA:832,9
DA:833,9
DA:835,1
DA:836,9
DA:837,9
DA:838,9
DA:839,9
DA:840,9
DA:841,9
DA:842,9
DA:843,9
DA:844,9
DA:845,9
DA:846,9
DA:847,9
DA:848,9
DA:849,9
DA:850,9
DA:852,1
DA:853,5
DA:854,5
DA:855,5
DA:856,5
DA:857,5
DA:858,5
DA:859,5
DA:860,5
DA:861,5
DA:862,5
DA:863,5
DA:864,5
DA:865,5
DA:867,1
DA:868,12
DA:869,12
DA:870,12
DA:871,12
DA:872,12
DA:873,12
DA:874,12
DA:875,12
DA:876,12
DA:877,12
DA:878,12
DA:879,12
DA:880,12
DA:882,1
DA:883,15
DA:884,15
DA:885,15
DA:886,15
DA:887,15
DA:888,15
DA:889,15
DA:890,15
DA:891,15
DA:892,15
DA:894,1
DA:895,6425
DA:896,6425
DA:897,6425
DA:898,6425
DA:899,6425
DA:900,6425
DA:901,6425
DA:902,6425
DA:903,6425
DA:904,6425
DA:905,6425
DA:906,6425
DA:907,6425
DA:908,6425
DA:909,6425
DA:910,6425
DA:911,6425
DA:912,6425
DA:913,6425
DA:914,6425
DA:915,6425
DA:916,6425
DA:917,6425
DA:918,6425
DA:919,6425
DA:920,6425
DA:921,6425
DA:923,1
DA:924,1
DA:925,1
DA:927,1
DA:928,1
DA:929,1
DA:930,1
DA:931,1
DA:932,1
DA:933,1
DA:934,1
DA:935,1
DA:936,0
DA:937,1
DA:938,1
DA:940,1
DA:941,1
DA:942,1
DA:943,1
DA:944,1
DA:945,1
DA:946,1
DA:947,1
DA:948,1
DA:950,1
DA:951,80
DA:952,80
DA:953,80
DA:954,80
DA:955,80
DA:956,80
DA:957,80
DA:958,80
DA:959,80
DA:960,80
DA:961,80
DA:962,80
DA:963,80
DA:964,80
DA:965,80
DA:966,80
DA:967,80
DA:968,80
DA:970,1
DA:971,0
DA:972,0
DA:973,0
DA:974,0
DA:975,0
DA:977,0
LF:453
LH:442
BRDA:361,0,0,93
BRDA:362,1,0,372
BRDA:384,2,0,105
BRDA:388,3,0,95
BRDA:395,4,0,93
BRDA:396,5,0,91
BRDA:397,6,0,91
BRDA:398,7,0,91
BRDA:399,8,0,91
BRDA:400,9,0,94
BRDA:401,10,0,94
BRDA:402,11,0,0
BRDA:403,12,0,94
BRDA:403,13,0,1
BRDA:404,14,0,94
BRDA:404,15,0,1
BRDA:408,16,0,230
BRDA:414,17,0,0
BRDA:415,18,0,226
BRDA:417,19,0,228
BRDA:418,20,0,0
BRDA:423,21,0,229
BRDA:430,22,0,19
BRDA:430,23,0,3
BRDA:430,24,0,1
BRDA:430,25,0,228
BRDA:430,26,0,1
BRDA:431,27,0,19
BRDA:431,28,0,3
BRDA:431,29,0,1
BRDA:431,30,0,228
BRDA:435,31,0,3
BRDA:436,32,0,3
BRDA:436,33,0,226
BRDA:436,34,0,3
BRDA:441,35,0,16
BRDA:445,36,0,415
BRDA:457,37,0,4
BRDA:462,38,0,1
BRDA:462,39,0,3
BRDA:466,40,0,69
BRDA:491,41,0,92
BRDA:506,42,0,88
BRDA:506,43,0,66
BRDA:507,44,0,26
BRDA:518,45,0,26
BRDA:518,46,0,66
BRDA:525,47,0,36
BRDA:543,48,0,32
BRDA:561,49,0,184
BRDA:578,50,0,2
BRDA:592,51,0,22
BRDA:601,52,0,2
BRDA:603,53,0,6
BRDA:603,54,0,16
BRDA:607,55,0,20
BRDA:616,56,0,2
BRDA:618,57,0,2
BRDA:618,58,0,18
BRDA:622,59,0,54
BRDA:631,60,0,2
BRDA:633,61,0,2
BRDA:633,62,0,52
BRDA:784,63,0,8
BRDA:793,64,0,0
BRDA:799,65,0,6
BRDA:799,66,0,2
BRDA:800,67,0,0
BRDA:801,68,0,0
BRDA:802,69,0,4
BRDA:802,70,0,4
BRDA:806,71,0,2107
BRDA:808,72,0,0
BRDA:809,73,0,0
BRDA:810,74,0,0
BRDA:811,75,0,0
BRDA:812,76,0,1239
BRDA:812,77,0,868
BRDA:813,78,0,2090
BRDA:813,79,0,17
BRDA:814,80,0,2106
BRDA:814,81,0,1
BRDA:815,82,0,2086
BRDA:815,83,0,21
BRDA:819,84,0,9
BRDA:828,85,0,0
BRDA:831,86,0,3
BRDA:831,87,0,6
BRDA:835,88,0,9
BRDA:844,89,0,0
BRDA:852,90,0,5
BRDA:861,91,0,0
BRDA:867,92,0,12
BRDA:876,93,0,0
BRDA:882,94,0,15
BRDA:886,95,0,0
BRDA:887,96,0,4
BRDA:887,97,0,11
BRDA:888,98,0,9
BRDA:888,99,0,6
BRDA:889,100,0,7
BRDA:889,101,0,8
BRDA:890,102,0,9
BRDA:890,103,0,6
BRDA:894,104,0,6425
BRDA:902,105,0,6406
BRDA:902,106,0,19
BRDA:906,107,0,0
BRDA:907,108,0,12
BRDA:907,109,0,6413
BRDA:908,110,0,8
BRDA:908,111,0,6417
BRDA:909,112,0,2
BRDA:909,113,0,6423
BRDA:910,114,0,6141
BRDA:910,115,0,284
BRDA:911,116,0,6410
BRDA:911,117,0,15
BRDA:912,118,0,6410
BRDA:912,119,0,15
BRDA:913,120,0,6410
BRDA:913,121,0,15
BRDA:914,122,0,6414
BRDA:914,123,0,11
BRDA:915,124,0,6420
BRDA:915,125,0,5
BRDA:916,126,0,6417
BRDA:916,127,0,8
BRDA:917,128,0,6419
BRDA:917,129,0,6
BRDA:923,130,0,1
BRDA:927,131,0,1
BRDA:933,132,0,0
BRDA:935,133,0,0
BRDA:940,134,0,1
BRDA:946,135,0,0
BRDA:950,136,0,80
BRDA:966,137,0,0
BRF:138
BRH:118
end_of_record
TN:
SF:src/contracts/mammouth-host.ts
FN:87,parseMammouthHandoffRequest
FN:91,parseMammouthReviewResponse
FNF:2
FNH:2
FNDA:4,parseMammouthHandoffRequest
FNDA:1,parseMammouthReviewResponse
DA:1,1
DA:3,1
DA:10,1
DA:12,1
DA:14,1
DA:15,1
DA:16,1
DA:17,1
DA:18,1
DA:19,1
DA:20,1
DA:21,1
DA:22,1
DA:23,1
DA:25,1
DA:26,1
DA:27,1
DA:28,1
DA:29,1
DA:30,1
DA:31,1
DA:32,1
DA:33,1
DA:34,1
DA:35,1
DA:37,1
DA:38,1
DA:39,1
DA:40,1
DA:41,1
DA:42,1
DA:43,1
DA:45,1
DA:46,1
DA:47,1
DA:48,1
DA:49,1
DA:50,1
DA:51,1
DA:52,1
DA:53,1
DA:54,1
DA:55,1
DA:56,1
DA:57,1
DA:58,1
DA:59,1
DA:60,1
DA:62,1
DA:63,1
DA:64,1
DA:65,1
DA:66,1
DA:67,1
DA:68,1
DA:70,1
DA:71,1
DA:72,1
DA:73,1
DA:74,1
DA:75,1
DA:76,1
DA:77,1
DA:78,1
DA:87,1
DA:88,4
DA:89,4
DA:91,1
DA:92,1
DA:93,1
LF:70
LH:70
BRDA:87,0,0,4
BRDA:91,1,0,1
BRF:2
BRH:2
end_of_record
TN:
SF:src/contracts/schemas.ts
FN:92,__vite_ssr_import_0__.z.string.min.max.regex.refine.message
FN:217,__vite_ssr_import_0__.z.object.strict.refine.message
FN:237,__vite_ssr_import_0__.z.object.strict.refine.message
FN:241,__vite_ssr_import_0__.z.object.strict.refine.refine.message
FN:249,__vite_ssr_import_0__.z.object.strict.refine.refine.refine.message
FN:257,__vite_ssr_import_0__.z.object.strict.refine.refine.refine.refine.message
FN:265,__vite_ssr_import_0__.z.object.strict.refine.refine.refine.refine.refine.message
FN:316,__vite_ssr_import_0__.z.object.strict.refine.message
FN:319,__vite_ssr_import_0__.z.object.strict.refine.refine.message
FN:322,__vite_ssr_import_0__.z.object.strict.refine.refine.refine.message
FN:325,__vite_ssr_import_0__.z.object.strict.refine.refine.refine.refine.message
FN:328,__vite_ssr_import_0__.z.object.strict.refine.refine.refine.refine.refine.message
FN:354,__vite_ssr_import_0__.z.object.strict.refine.message
FN:383,__vite_ssr_import_0__.z.object.strict.refine.message
FN:386,__vite_ssr_import_0__.z.object.strict.refine.refine.message
FN:389,__vite_ssr_import_0__.z.object.strict.refine.refine.refine.message
FN:393,__vite_ssr_import_0__.z.object.strict.refine.refine.refine.refine.message
FN:407,__vite_ssr_import_0__.z.object.strict.refine.message
FN:420,__vite_ssr_import_0__.z.object.strict.refine.message
FN:424,__vite_ssr_import_0__.z.object.strict.refine.refine.message
FN:465,__vite_ssr_import_0__.z.object.strict.refine.message
FN:479,__vite_ssr_import_0__.z.object.strict.refine.message
FNF:22
FNH:22
FNDA:876,__vite_ssr_import_0__.z.string.min.max.regex.refine.message
FNDA:15,__vite_ssr_import_0__.z.object.strict.refine.message
FNDA:6443,__vite_ssr_import_0__.z.object.strict.refine.message
FNDA:6443,__vite_ssr_import_0__.z.object.strict.refine.refine.message
FNDA:6443,__vite_ssr_import_0__.z.object.strict.refine.refine.refine.message
FNDA:6443,__vite_ssr_import_0__.z.object.strict.refine.refine.refine.refine.message
FNDA:6443,__vite_ssr_import_0__.z.object.strict.refine.refine.refine.refine.refine.message
FNDA:16,__vite_ssr_import_0__.z.object.strict.refine.message
FNDA:16,__vite_ssr_import_0__.z.object.strict.refine.refine.message
FNDA:16,__vite_ssr_import_0__.z.object.strict.refine.refine.refine.message
FNDA:16,__vite_ssr_import_0__.z.object.strict.refine.refine.refine.refine.message
FNDA:16,__vite_ssr_import_0__.z.object.strict.refine.refine.refine.refine.refine.message
FNDA:13,__vite_ssr_import_0__.z.object.strict.refine.message
FNDA:13,__vite_ssr_import_0__.z.object.strict.refine.message
FNDA:13,__vite_ssr_import_0__.z.object.strict.refine.refine.message
FNDA:13,__vite_ssr_import_0__.z.object.strict.refine.refine.refine.message
FNDA:13,__vite_ssr_import_0__.z.object.strict.refine.refine.refine.refine.message
FNDA:7,__vite_ssr_import_0__.z.object.strict.refine.message
FNDA:7,__vite_ssr_import_0__.z.object.strict.refine.message
FNDA:7,__vite_ssr_import_0__.z.object.strict.refine.refine.message
FNDA:22,__vite_ssr_import_0__.z.object.strict.refine.message
FNDA:22,__vite_ssr_import_0__.z.object.strict.refine.message
DA:1,1
DA:3,1
DA:4,1
DA:5,1
DA:6,1
DA:8,1
DA:9,1
DA:10,1
DA:11,1
DA:12,1
DA:13,1
DA:14,1
DA:15,1
DA:16,1
DA:17,1
DA:18,1
DA:19,1
DA:20,1
DA:21,1
DA:22,1
DA:23,1
DA:24,1
DA:25,1
DA:26,1
DA:27,1
DA:28,1
DA:29,1
DA:30,1
DA:31,1
DA:32,1
DA:33,1
DA:34,1
DA:35,1
DA:36,1
DA:37,1
DA:38,1
DA:39,1
DA:40,1
DA:41,1
DA:42,1
DA:43,1
DA:44,1
DA:45,1
DA:46,1
DA:47,1
DA:48,1
DA:49,1
DA:50,1
DA:51,1
DA:52,1
DA:53,1
DA:54,1
DA:55,1
DA:56,1
DA:57,1
DA:59,1
DA:60,1
DA:61,1
DA:62,1
DA:63,1
DA:64,1
DA:65,1
DA:66,1
DA:67,1
DA:68,1
DA:69,1
DA:70,1
DA:71,1
DA:72,1
DA:73,1
DA:74,1
DA:75,1
DA:76,1
DA:77,1
DA:78,1
DA:85,1
DA:86,1
DA:87,1
DA:88,1
DA:89,1
DA:90,1
DA:91,1
DA:92,1
DA:93,1
DA:94,1
DA:96,1
DA:97,96297
DA:98,96297
DA:99,96297
DA:100,96297
DA:101,96297
DA:102,96297
DA:103,96297
DA:104,96297
DA:105,1
DA:107,1
DA:109,1
DA:110,1
DA:111,1
DA:112,1
DA:113,1
DA:114,1
DA:116,1
DA:117,1
DA:118,1
DA:119,1
DA:120,1
DA:121,1
DA:122,1
DA:123,1
DA:124,1
DA:125,1
DA:126,1
DA:127,1
DA:128,1
DA:129,1
DA:130,1
DA:131,1
DA:132,1
DA:133,1
DA:134,1
DA:135,1
DA:136,1
DA:137,1
DA:138,1
DA:139,1
DA:140,1
DA:141,1
DA:142,1
DA:143,1
DA:144,1
DA:145,1
DA:146,1
DA:148,1
DA:149,1
DA:150,1
DA:151,1
DA:152,1
DA:153,1
DA:155,1
DA:156,1
DA:157,1
DA:158,1
DA:159,1
DA:160,1
DA:161,1
DA:162,1
DA:163,1
DA:164,1
DA:165,1
DA:166,1
DA:167,1
DA:168,1
DA:170,1
DA:171,1
DA:172,1
DA:173,1
DA:174,1
DA:175,1
DA:176,1
DA:177,1
DA:178,1
DA:179,1
DA:180,1
DA:181,1
DA:182,1
DA:183,1
DA:184,1
DA:185,1
DA:186,1
DA:187,1
DA:189,1
DA:190,1
DA:191,1
DA:192,1
DA:193,1
DA:194,1
DA:195,1
DA:196,1
DA:198,1
DA:199,1
DA:200,1
DA:201,1
DA:202,1
DA:203,1
DA:204,1
DA:206,1
DA:207,1
DA:208,1
DA:209,1
DA:210,1
DA:211,1
DA:212,1
DA:213,1
DA:214,1
DA:215,1
DA:216,1
DA:217,1
DA:218,1
DA:219,1
DA:221,1
DA:222,1
DA:223,1
DA:224,1
DA:225,1
DA:226,1
DA:227,1
DA:228,1
DA:229,1
DA:230,1
DA:231,1
DA:232,1
DA:233,1
DA:234,1
DA:235,1
DA:236,1
DA:237,1
DA:238,1
DA:239,1
DA:240,1
DA:241,1
DA:242,6443
DA:243,11
DA:244,1
DA:245,1
DA:246,1
DA:247,1
DA:248,1
DA:249,1
DA:250,6443
DA:251,5
DA:252,1
DA:253,1
DA:254,1
DA:255,1
DA:256,1
DA:257,1
DA:258,6443
DA:259,8
DA:260,1
DA:261,1
DA:262,1
DA:263,1
DA:264,1
DA:265,1
DA:266,1
DA:267,1
DA:268,1
DA:269,1
DA:271,1
DA:272,1
DA:273,1
DA:274,1
DA:275,1
DA:276,1
DA:277,1
DA:278,1
DA:279,1
DA:280,1
DA:282,1
DA:283,1
DA:284,1
DA:285,1
DA:286,1
DA:287,1
DA:288,1
DA:290,1
DA:291,1
DA:292,1
DA:293,1
DA:294,1
DA:295,1
DA:296,1
DA:297,1
DA:298,1
DA:299,1
DA:300,1
DA:301,1
DA:302,1
DA:303,1
DA:304,1
DA:305,1
DA:306,1
DA:307,1
DA:308,1
DA:309,1
DA:310,1
DA:311,1
DA:312,1
DA:313,1
DA:314,1
DA:315,1
DA:316,1
DA:317,1
DA:318,1
DA:319,1
DA:320,1
DA:321,1
DA:322,1
DA:323,1
DA:324,1
DA:325,1
DA:326,1
DA:327,1
DA:328,1
DA:329,1
DA:330,1
DA:332,1
DA:333,1
DA:334,1
DA:335,1
DA:336,1
DA:337,1
DA:338,1
DA:339,1
DA:340,1
DA:341,1
DA:342,1
DA:343,1
DA:344,1
DA:345,1
DA:346,1
DA:347,1
DA:348,1
DA:349,1
DA:350,1
DA:351,1
DA:352,1
DA:353,1
DA:354,1
DA:355,1
DA:356,1
DA:357,1
DA:358,1
DA:359,1
DA:360,1
DA:361,1
DA:362,1
DA:363,1
DA:364,1
DA:365,1
DA:366,1
DA:367,1
DA:368,1
DA:369,1
DA:370,1
DA:371,1
DA:372,1
DA:373,1
DA:374,1
DA:375,1
DA:376,1
DA:377,1
DA:378,1
DA:379,1
DA:380,1
DA:381,1
DA:382,1
DA:383,1
DA:384,1
DA:385,1
DA:386,1
DA:387,1
DA:388,1
DA:389,1
DA:390,1
DA:391,1
DA:392,1
DA:393,1
DA:394,1
DA:395,1
DA:396,1
DA:397,1
DA:398,1
DA:399,1
DA:400,1
DA:401,1
DA:402,1
DA:403,1
DA:404,1
DA:405,1
DA:406,1
DA:407,1
DA:408,1
DA:409,1
DA:410,1
DA:411,1
DA:412,1
DA:413,1
DA:414,1
DA:415,1
DA:416,1
DA:417,1
DA:418,1
DA:419,1
DA:420,1
DA:421,1
DA:422,1
DA:423,1
DA:424,1
DA:425,7
DA:426,1
DA:427,1
DA:428,1
DA:429,1
DA:431,1
DA:433,1
DA:434,1
DA:435,1
DA:436,1
DA:437,1
DA:438,1
DA:439,1
DA:440,1
DA:441,1
DA:442,1
DA:443,1
DA:444,1
DA:445,1
DA:446,1
DA:447,1
DA:448,1
DA:449,1
DA:450,1
DA:451,1
DA:452,1
DA:453,1
DA:454,1
DA:455,1
DA:456,1
DA:458,1
DA:459,1
DA:460,1
DA:461,1
DA:462,1
DA:463,1
DA:464,1
DA:465,1
DA:466,1
DA:467,1
DA:469,1
DA:470,1
DA:471,1
DA:472,1
DA:473,1
DA:474,1
DA:475,1
DA:476,1
DA:477,1
DA:478,1
DA:479,1
DA:480,1
DA:481,1
DA:483,1
DA:484,1
DA:485,1
DA:486,1
DA:487,1
DA:488,1
DA:490,1
DA:491,1
DA:492,1
DA:493,1
DA:494,1
DA:495,1
DA:496,1
DA:497,1
DA:499,1
DA:500,1
DA:501,1
DA:502,1
DA:503,1
DA:504,1
DA:505,1
DA:506,1
DA:508,1
DA:510,1
DA:511,1
DA:512,1
DA:513,1
DA:514,1
DA:515,1
DA:516,1
DA:517,1
DA:518,1
DA:519,1
DA:520,1
DA:521,1
DA:523,1
DA:524,1
DA:525,1
DA:526,1
DA:527,1
DA:528,1
DA:529,1
DA:530,1
DA:531,1
DA:532,1
DA:533,1
DA:534,1
DA:535,1
DA:536,1
DA:537,1
DA:538,1
DA:540,1
DA:541,1
DA:542,1
DA:543,1
DA:544,1
DA:545,1
DA:546,1
DA:547,1
DA:548,1
DA:549,1
DA:550,1
DA:551,1
DA:552,1
DA:553,1
DA:554,1
DA:556,1
DA:557,1
DA:558,1
DA:559,1
DA:560,1
DA:561,1
DA:562,1
DA:563,1
DA:564,1
DA:565,1
DA:566,1
DA:567,1
DA:568,1
DA:569,1
DA:570,1
DA:572,1
DA:573,1
DA:574,1
DA:575,1
DA:576,1
DA:577,1
DA:578,1
DA:579,1
DA:580,1
DA:581,1
DA:582,1
DA:583,1
DA:584,1
DA:585,1
DA:587,1
DA:588,1
DA:589,1
DA:590,1
DA:591,1
DA:592,1
DA:593,1
DA:594,1
DA:596,1
DA:597,1
DA:598,1
DA:599,1
DA:600,1
DA:601,1
DA:602,1
DA:603,1
DA:604,1
DA:605,1
DA:606,1
DA:607,1
DA:608,1
DA:609,1
DA:611,1
DA:612,1
DA:613,1
DA:614,1
DA:615,1
DA:616,1
DA:617,1
DA:618,1
DA:619,1
DA:621,1
DA:622,1
DA:623,1
DA:624,1
DA:625,1
DA:626,1
DA:627,1
DA:628,1
DA:629,1
DA:630,1
DA:632,1
DA:633,1
DA:634,1
DA:635,1
DA:636,1
DA:637,1
DA:638,1
DA:639,1
DA:641,1
DA:642,1
DA:643,1
DA:644,1
DA:645,1
DA:646,1
DA:647,1
DA:648,1
DA:650,1
DA:651,1
DA:652,1
DA:653,1
DA:654,1
DA:655,1
DA:656,1
DA:657,1
DA:658,1
DA:659,1
DA:660,1
DA:661,1
DA:663,1
DA:664,1
DA:665,1
DA:666,1
DA:667,1
DA:668,1
DA:669,1
DA:670,1
DA:671,1
DA:672,1
DA:673,1
DA:674,1
DA:676,1
DA:677,1
DA:678,1
DA:679,1
DA:680,1
DA:681,1
DA:682,1
DA:683,1
DA:685,1
DA:686,1
DA:687,1
DA:688,1
DA:689,1
DA:691,1
DA:692,1
DA:693,1
DA:694,1
DA:695,1
DA:696,1
DA:697,1
DA:698,1
DA:699,1
DA:700,1
DA:702,1
DA:703,1
DA:704,1
DA:705,1
DA:706,1
DA:708,1
DA:709,1
DA:710,1
DA:711,1
DA:712,1
DA:713,1
DA:714,1
DA:715,1
DA:716,1
DA:717,1
DA:718,1
DA:719,1
DA:720,1
DA:721,1
DA:722,1
DA:723,1
DA:725,1
DA:726,1
DA:727,1
DA:728,1
DA:729,1
DA:730,1
DA:732,1
DA:733,1
DA:734,1
DA:735,1
DA:737,1
DA:738,1
DA:739,1
DA:740,1
DA:741,1
DA:742,1
DA:743,1
DA:744,1
DA:746,1
DA:747,1
DA:748,1
DA:749,1
DA:750,1
DA:751,1
DA:752,1
DA:753,1
DA:755,1
DA:756,1
DA:757,1
DA:758,1
DA:759,1
DA:760,1
DA:761,1
DA:763,1
DA:764,1
DA:765,1
DA:766,1
DA:767,1
DA:768,1
DA:769,1
DA:771,1
DA:772,1
DA:773,1
DA:774,1
DA:775,1
DA:776,1
DA:777,1
DA:779,1
DA:780,1
DA:781,1
DA:782,1
DA:783,1
DA:784,1
DA:785,1
DA:787,1
DA:788,1
DA:789,1
DA:790,1
DA:792,1
DA:793,1
DA:794,1
DA:795,1
DA:797,1
DA:798,1
DA:799,1
DA:800,1
DA:801,1
DA:803,1
DA:804,1
DA:805,1
DA:806,1
DA:807,1
DA:809,1
DA:810,1
DA:811,1
DA:812,1
DA:813,1
DA:815,1
DA:816,1
DA:817,1
DA:818,1
DA:819,1
DA:820,1
DA:821,1
DA:822,1
DA:823,1
DA:824,1
DA:825,1
DA:826,1
DA:828,1
DA:829,1
DA:830,1
DA:831,1
DA:832,1
DA:833,1
DA:834,1
DA:836,1
DA:837,1
DA:838,1
DA:839,1
DA:840,1
DA:841,1
DA:843,1
DA:844,1
DA:845,1
DA:846,1
DA:847,1
DA:848,1
DA:849,1
DA:851,1
DA:852,1
DA:853,1
DA:854,1
DA:855,1
DA:857,1
DA:858,1
DA:859,1
DA:860,1
DA:861,1
DA:863,1
DA:864,1
DA:865,1
DA:866,1
DA:867,1
DA:868,1
DA:869,1
DA:870,1
DA:871,1
DA:872,1
DA:873,1
DA:874,1
DA:875,1
LF:805
LH:805
BRDA:92,0,0,876
BRDA:96,1,0,96297
BRDA:217,2,0,15
BRDA:217,3,0,11
BRDA:237,4,0,6443
BRDA:241,5,0,6443
BRDA:242,6,0,11
BRDA:249,7,0,6443
BRDA:250,8,0,5
BRDA:257,9,0,6443
BRDA:258,10,0,8
BRDA:265,11,0,6443
BRDA:265,12,0,6
BRDA:316,13,0,16
BRDA:319,14,0,16
BRDA:322,15,0,16
BRDA:322,16,0,15
BRDA:325,17,0,16
BRDA:325,18,0,11
BRDA:328,19,0,16
BRDA:328,20,0,11
BRDA:354,21,0,13
BRDA:383,22,0,13
BRDA:386,23,0,13
BRDA:389,24,0,13
BRDA:393,25,0,13
BRDA:393,26,0,13
BRDA:407,27,0,7
BRDA:420,28,0,7
BRDA:424,29,0,7
BRDA:425,30,0,7
BRDA:465,31,0,22
BRDA:479,32,0,22
BRF:33
BRH:33
end_of_record
TN:
SF:src/server/auth/rbac.ts
FN:51,<instance_members_initializer>
FN:54,AuthorizationError
FN:83,isGovernedMutationEvent
FN:95,isMutationSurface
FN:99,isMutationPolicy
FN:103,isMutationTrustLevel
FN:107,isMutationProvenanceSource
FN:111,normalizeNonEmptyString
FN:120,resolveRequiredGuardrailSurface
FN:133,resolveRequiredGuardrailPolicy
FN:145,resolveRequiredVerificationReason
FN:157,extractVerificationMetadata
FN:165,toGuardrailMetadata
FN:192,resolveContextTrustLevel
FN:200,resolveAuthorizedMutationSurfaces
FN:208,isReadOnlyRole
FN:212,previewClientEventAccess
FN:243,authorizeClientEvent
FN:398,requireAuthorizedClientEvent
FN:406,createAuthorizationAuditEntry
FNF:20
FNH:20
FNDA:4,<instance_members_initializer>
FNDA:4,AuthorizationError
FNDA:274,isGovernedMutationEvent
FNDA:229,isMutationSurface
FNDA:229,isMutationPolicy
FNDA:229,isMutationTrustLevel
FNDA:229,isMutationProvenanceSource
FNDA:229,normalizeNonEmptyString
FNDA:194,resolveRequiredGuardrailSurface
FNDA:194,resolveRequiredGuardrailPolicy
FNDA:194,resolveRequiredVerificationReason
FNDA:70,extractVerificationMetadata
FNDA:232,toGuardrailMetadata
FNDA:190,resolveContextTrustLevel
FNDA:192,resolveAuthorizedMutationSurfaces
FNDA:372,isReadOnlyRole
FNDA:18,previewClientEventAccess
FNDA:243,authorizeClientEvent
FNDA:8,requireAuthorizedClientEvent
FNDA:31,createAuthorizationAuditEntry
DA:11,1
DA:51,1
DA:52,4
DA:54,4
DA:55,4
DA:56,4
DA:57,4
DA:58,4
DA:60,1
DA:61,1
DA:62,1
DA:63,1
DA:64,1
DA:65,1
DA:66,1
DA:68,1
DA:69,1
DA:70,1
DA:71,1
DA:72,1
DA:73,1
DA:74,1
DA:83,274
DA:84,274
DA:85,274
DA:89,1
DA:90,1
DA:91,1
DA:92,1
DA:93,1
DA:95,229
DA:96,229
DA:97,229
DA:99,229
DA:100,229
DA:101,229
DA:103,229
DA:104,229
DA:105,229
DA:107,229
DA:108,229
DA:109,229
DA:111,229
DA:112,229
DA:113,1
DA:114,1
DA:116,228
DA:117,229
DA:118,229
DA:120,194
DA:121,194
DA:122,194
DA:123,46
DA:124,194
DA:125,87
DA:126,194
DA:127,32
DA:128,194
DA:129,29
DA:130,194
DA:131,194
DA:133,194
DA:134,194
DA:135,194
DA:136,46
DA:137,194
DA:138,87
DA:139,194
DA:140,194
DA:141,61
DA:142,194
DA:143,194
DA:145,194
DA:146,194
DA:147,194
DA:148,46
DA:149,194
DA:150,87
DA:151,194
DA:152,194
DA:153,61
DA:154,194
DA:155,194
DA:157,70
DA:158,70
DA:159,69
DA:160,69
DA:162,1
DA:163,1
DA:165,232
DA:166,232
DA:167,3
DA:168,3
DA:170,229
DA:171,229
DA:172,0
DA:173,232
DA:174,226
DA:175,3
DA:176,232
DA:177,229
DA:178,0
DA:179,232
DA:180,232
DA:181,232
DA:183,232
DA:184,232
DA:185,232
DA:186,232
DA:187,232
DA:188,232
DA:189,232
DA:190,232
DA:192,190
DA:193,190
DA:194,2
DA:195,2
DA:197,190
DA:198,190
DA:200,192
DA:201,192
DA:202,4
DA:203,4
DA:205,192
DA:206,192
DA:208,1
DA:209,372
DA:210,372
DA:212,1
DA:213,18
DA:214,90
DA:216,90
DA:217,72
DA:218,72
DA:219,72
DA:220,72
DA:221,72
DA:222,72
DA:223,72
DA:225,90
DA:226,0
DA:227,0
DA:228,0
DA:229,0
DA:230,0
DA:231,0
DA:232,0
DA:234,18
DA:235,18
DA:236,18
DA:237,18
DA:238,18
DA:239,18
DA:240,18
DA:241,18
DA:243,1
DA:244,243
DA:246,243
DA:247,5
DA:248,5
DA:249,0
DA:250,0
DA:251,0
DA:252,0
DA:253,5
DA:255,242
DA:256,27
DA:257,27
DA:258,27
DA:259,27
DA:260,27
DA:262,227
DA:263,10
DA:264,10
DA:265,10
DA:266,10
DA:267,10
DA:269,201
DA:270,201
DA:272,227
DA:273,2
DA:274,2
DA:275,2
DA:276,2
DA:277,2
DA:279,243
DA:280,1
DA:281,1
DA:282,1
DA:283,1
DA:284,1
DA:285,1
DA:287,227
DA:288,2
DA:289,2
DA:290,2
DA:291,2
DA:292,2
DA:293,2
DA:295,227
DA:296,0
DA:297,0
DA:298,0
DA:299,0
DA:300,0
DA:301,0
DA:303,227
DA:304,2
DA:305,2
DA:306,2
DA:307,2
DA:308,2
DA:309,2
DA:311,227
DA:312,0
DA:313,0
DA:314,0
DA:315,0
DA:316,0
DA:317,0
DA:319,194
DA:320,227
DA:321,0
DA:322,0
DA:323,0
DA:324,0
DA:325,0
DA:326,0
DA:328,227
DA:329,0
DA:330,0
DA:331,0
DA:332,0
DA:333,0
DA:334,0
DA:336,194
DA:337,227
DA:338,0
DA:339,0
DA:340,0
DA:341,0
DA:342,0
DA:343,0
DA:345,194
DA:346,219
DA:347,70
DA:349,70
DA:350,1
DA:351,1
DA:352,1
DA:353,1
DA:354,1
DA:355,1
DA:357,70
DA:358,0
DA:359,0
DA:360,0
DA:361,0
DA:362,0
DA:363,0
DA:365,70
DA:366,1
DA:367,1
DA:368,1
DA:369,1
DA:370,1
DA:371,1
DA:372,70
DA:374,192
DA:375,224
DA:376,2
DA:377,2
DA:378,2
DA:379,2
DA:380,2
DA:381,2
DA:383,190
DA:384,243
DA:385,1
DA:386,1
DA:387,1
DA:388,1
DA:389,1
DA:390,1
DA:392,189
DA:393,189
DA:394,189
DA:395,189
DA:396,189
DA:398,1
DA:399,8
DA:401,8
DA:402,4
DA:403,4
DA:404,8
DA:406,1
DA:407,31
DA:408,31
DA:409,31
DA:410,31
DA:411,31
DA:412,31
DA:414,31
DA:415,31
DA:416,31
DA:417,31
DA:418,31
DA:419,31
DA:420,31
DA:421,31
DA:422,31
DA:423,31
DA:424,31
DA:425,31
DA:426,31
DA:427,31
DA:428,31
LF:317
LH:268
BRDA:51,0,0,4
BRDA:54,1,0,4
BRDA:83,2,0,274
BRDA:95,3,0,229
BRDA:99,4,0,229
BRDA:100,5,0,226
BRDA:103,6,0,229
BRDA:107,7,0,229
BRDA:108,8,0,228
BRDA:111,9,0,229
BRDA:112,10,0,1
BRDA:114,11,0,228
BRDA:117,12,0,0
BRDA:117,13,0,228
BRDA:120,14,0,194
BRDA:122,15,0,46
BRDA:124,16,0,87
BRDA:126,17,0,32
BRDA:128,18,0,29
BRDA:133,19,0,194
BRDA:135,20,0,46
BRDA:137,21,0,87
BRDA:138,22,0,24
BRDA:138,23,0,63
BRDA:139,24,0,32
BRDA:140,25,0,61
BRDA:145,26,0,194
BRDA:147,27,0,46
BRDA:149,28,0,87
BRDA:150,29,0,24
BRDA:150,30,0,63
BRDA:151,31,0,32
BRDA:152,32,0,61
BRDA:157,33,0,70
BRDA:158,34,0,69
BRDA:160,35,0,1
BRDA:165,36,0,232
BRDA:166,37,0,3
BRDA:168,38,0,229
BRDA:171,39,0,0
BRDA:173,40,0,226
BRDA:174,41,0,3
BRDA:176,42,0,229
BRDA:177,43,0,0
BRDA:180,44,0,228
BRDA:180,45,0,228
BRDA:180,46,0,1
BRDA:181,47,0,228
BRDA:184,48,0,0
BRDA:184,49,0,229
BRDA:185,50,0,3
BRDA:185,51,0,226
BRDA:186,52,0,0
BRDA:186,53,0,229
BRDA:187,54,0,1
BRDA:187,55,0,228
BRDA:188,56,0,1
BRDA:188,57,0,228
BRDA:192,58,0,190
BRDA:193,59,0,2
BRDA:195,60,0,188
BRDA:197,61,0,0
BRDA:200,62,0,192
BRDA:201,63,0,4
BRDA:203,64,0,188
BRDA:205,65,0,0
BRDA:208,66,0,372
BRDA:212,67,0,18
BRDA:213,68,0,90
BRDA:216,69,0,72
BRDA:216,70,0,72
BRDA:223,71,0,18
BRDA:225,72,0,0
BRDA:232,73,0,18
BRDA:243,74,0,243
BRDA:246,75,0,5
BRDA:248,76,0,0
BRDA:253,77,0,242
BRDA:253,78,0,238
BRDA:255,79,0,27
BRDA:260,80,0,227
BRDA:260,81,0,211
BRDA:262,82,0,10
BRDA:267,83,0,201
BRDA:272,84,0,2
BRDA:277,85,0,216
BRDA:277,86,0,199
BRDA:279,87,0,198
BRDA:279,88,0,227
BRDA:279,89,0,1
BRDA:285,90,0,198
BRDA:287,91,0,2
BRDA:293,92,0,196
BRDA:295,93,0,0
BRDA:301,94,0,196
BRDA:303,95,0,2
BRDA:306,96,0,0
BRDA:309,97,0,194
BRDA:311,98,0,0
BRDA:317,99,0,194
BRDA:320,100,0,0
BRDA:326,101,0,194
BRDA:328,102,0,0
BRDA:334,103,0,194
BRDA:337,104,0,0
BRDA:343,105,0,219
BRDA:343,106,0,194
BRDA:346,107,0,70
BRDA:349,108,0,1
BRDA:355,109,0,69
BRDA:357,110,0,69
BRDA:357,111,0,0
BRDA:365,112,0,68
BRDA:365,113,0,1
BRDA:372,114,0,224
BRDA:372,115,0,192
BRDA:375,116,0,216
BRDA:375,117,0,2
BRDA:381,118,0,190
BRDA:384,119,0,224
BRDA:384,120,0,1
BRDA:390,121,0,189
BRDA:398,122,0,8
BRDA:401,123,0,4
BRDA:402,124,0,0
BRDA:406,125,0,31
BRDA:412,126,0,0
BRDA:418,127,0,6
BRDA:418,128,0,25
BRDA:421,129,0,1
BRDA:421,130,0,30
BRDA:422,131,0,1
BRDA:422,132,0,30
BRDA:423,133,0,2
BRDA:423,134,0,29
BRDA:424,135,0,1
BRDA:424,136,0,30
BRDA:425,137,0,1
BRDA:425,138,0,30
BRDA:426,139,0,1
BRDA:426,140,0,30
BRF:141
BRH:123
end_of_record
TN:
SF:src/server/auth/token-registry.ts
FN:33,<instance_members_initializer>
FN:36,AuthenticationError
FN:42,<instance_members_initializer>
FN:47,issueToken
FN:79,authenticate
FN:113,revoke
FN:130,getAuditLog
FN:134,reject
FN:151,recordAudit
FNF:9
FNH:9
FNDA:4,<instance_members_initializer>
FNDA:4,AuthenticationError
FNDA:35,<instance_members_initializer>
FNDA:29,issueToken
FNDA:31,authenticate
FNDA:2,revoke
FNDA:3,getAuditLog
FNDA:4,reject
FNDA:61,recordAudit
DA:1,1
DA:3,1
DA:33,1
DA:34,4
DA:36,4
DA:37,4
DA:38,4
DA:39,4
DA:40,4
DA:42,1
DA:43,35
DA:44,35
DA:45,35
DA:47,35
DA:48,29
DA:49,29
DA:50,29
DA:51,29
DA:52,29
DA:53,21
DA:54,8
DA:56,29
DA:57,29
DA:58,29
DA:59,29
DA:60,29
DA:61,29
DA:62,29
DA:63,29
DA:64,29
DA:65,29
DA:67,29
DA:68,29
DA:69,29
DA:70,29
DA:71,29
DA:72,29
DA:73,29
DA:74,29
DA:76,29
DA:77,29
DA:79,35
DA:80,31
DA:82,31
DA:83,1
DA:84,1
DA:86,30
DA:88,31
DA:89,2
DA:90,2
DA:92,31
DA:93,1
DA:94,1
DA:96,27
DA:97,27
DA:98,27
DA:99,27
DA:100,27
DA:101,27
DA:102,27
DA:104,27
DA:105,27
DA:106,27
DA:107,27
DA:108,27
DA:109,27
DA:110,27
DA:111,31
DA:113,35
DA:114,2
DA:115,2
DA:116,1
DA:117,1
DA:119,1
DA:120,1
DA:121,1
DA:122,1
DA:123,1
DA:124,1
DA:125,1
DA:126,1
DA:127,1
DA:128,2
DA:130,35
DA:131,3
DA:132,3
DA:134,35
DA:135,4
DA:136,4
DA:137,4
DA:138,4
DA:139,4
DA:140,4
DA:141,4
DA:142,4
DA:143,4
DA:144,4
DA:145,4
DA:146,4
DA:147,4
DA:148,4
DA:149,4
DA:151,35
DA:152,61
DA:153,61
DA:154,35
LF:106
LH:106
BRDA:33,0,0,4
BRDA:36,1,0,4
BRDA:42,2,0,35
BRDA:47,3,0,29
BRDA:51,4,0,7
BRDA:51,5,0,22
BRDA:52,6,0,21
BRDA:53,7,0,8
BRDA:54,8,0,7
BRDA:54,9,0,6
BRDA:54,10,0,1
BRDA:61,11,0,28
BRDA:61,12,0,1
BRDA:79,13,0,31
BRDA:82,14,0,1
BRDA:84,15,0,30
BRDA:88,16,0,2
BRDA:90,17,0,28
BRDA:92,18,0,1
BRDA:92,19,0,1
BRDA:94,20,0,27
BRDA:113,21,0,2
BRDA:115,22,0,1
BRDA:130,23,0,3
BRDA:134,24,0,4
BRDA:143,25,0,1
BRDA:143,26,0,3
BRDA:144,27,0,3
BRDA:144,28,0,1
BRDA:145,29,0,3
BRDA:145,30,0,1
BRDA:151,31,0,61
BRF:32
BRH:32
end_of_record
TN:
SF:src/server/control-plane/command-gateway.ts
FN:101,previewCommandGatewayAccess
FN:115,<instance_members_initializer>
FN:121,CommandGateway
FN:125,execute
FN:164,getAuditLog
FN:168,getTokenRegistry
FN:172,fulfill
FN:209,reject
FN:232,recordResult
FN:259,allocateAuditId
FN:266,resolveCommandSurface
FN:284,isMutationCommand
FN:288,validateCommand
FNF:13
FNH:13
FNDA:18,previewCommandGatewayAccess
FNDA:21,<instance_members_initializer>
FNDA:21,CommandGateway
FNDA:39,execute
FNDA:20,getAuditLog
FNDA:15,getTokenRegistry
FNDA:18,fulfill
FNDA:20,reject
FNDA:39,recordResult
FNDA:39,allocateAuditId
FNDA:165,resolveCommandSurface
FNDA:165,isMutationCommand
FNDA:19,validateCommand
DA:3,1
DA:5,1
DA:6,1
DA:7,1
DA:8,1
DA:9,1
DA:10,1
DA:11,1
DA:12,1
DA:13,1
DA:91,1
DA:92,1
DA:93,1
DA:94,1
DA:95,1
DA:96,1
DA:97,1
DA:98,1
DA:99,1
DA:101,1
DA:102,18
DA:103,126
DA:105,126
DA:106,126
DA:107,126
DA:108,126
DA:109,126
DA:110,126
DA:111,126
DA:112,18
DA:113,18
DA:115,1
DA:116,21
DA:117,21
DA:118,21
DA:119,21
DA:121,21
DA:122,21
DA:123,21
DA:125,21
DA:126,39
DA:127,39
DA:129,39
DA:130,19
DA:131,19
DA:133,39
DA:134,0
DA:135,0
DA:137,20
DA:138,39
DA:139,39
DA:140,19
DA:141,19
DA:142,1
DA:143,1
DA:144,1
DA:145,1
DA:146,1
DA:147,1
DA:148,19
DA:150,19
DA:151,38
DA:152,1
DA:153,1
DA:155,18
DA:157,23
DA:158,17
DA:159,17
DA:161,18
DA:162,39
DA:164,21
DA:165,20
DA:166,20
DA:168,21
DA:169,15
DA:170,15
DA:172,21
DA:173,18
DA:174,18
DA:175,18
DA:176,18
DA:177,18
[...]
BRDA:1049,274,0,19
BRDA:1050,275,0,26
BRDA:1056,276,0,19
BRDA:1057,277,0,26
BRDA:1014,278,0,5138
BRDA:1015,279,0,5119
BRDA:1016,280,0,5119
BRDA:1017,281,0,5119
BRDA:1018,282,0,5119
BRDA:1073,283,0,3383
BRDA:1075,284,0,4651
BRDA:1076,285,0,5223
BRDA:1081,286,0,5204
BRDA:1082,287,0,5204
BRDA:1084,288,0,5207
BRDA:1084,289,0,5204
BRDA:1086,290,0,5204
BRDA:1092,291,0,5223
BRDA:1107,292,0,31338
BRDA:1109,293,0,5377
BRDA:1114,294,0,31338
BRDA:1115,295,0,25961
BRDA:1117,296,0,5377
BRDA:1120,297,0,0
BRDA:1122,298,0,5377
BRDA:1127,299,0,45
BRDA:1131,300,0,42
BRDA:1131,301,0,9
BRDA:1133,302,0,36
BRDA:1135,303,0,26
BRDA:1137,304,0,10
BRDA:1128,305,0,156
BRDA:1128,306,0,19
BRDA:1129,307,0,156
BRDA:1129,308,0,36
BRDA:1139,309,0,10
BRDA:1140,310,0,10
BRDA:1144,311,0,45
BRDA:1152,312,0,19
BRDA:1154,313,0,0
BRDA:1159,314,0,0
BRDA:1167,315,0,26
BRDA:1145,316,0,156
BRDA:1145,317,0,19
BRDA:1146,318,0,156
BRDA:1146,319,0,19
BRDA:1147,320,0,156
BRDA:1147,321,0,19
BRDA:1149,322,0,156
BRDA:1150,323,0,19
BRDA:1172,324,0,57
BRDA:1177,325,0,0
BRDA:1182,326,0,14804
BRDA:1183,327,0,14786
BRDA:1183,328,0,13944
BRDA:1185,329,0,2451
BRDA:1185,330,0,1208
BRDA:1185,331,0,860
BRDA:1188,332,0,855
BRDA:1190,333,0,536
BRDA:1190,334,0,5
BRDA:1193,335,0,0
BRDA:1195,336,0,335
BRDA:1195,337,0,5
BRDA:1198,338,0,4
BRDA:1198,339,0,4
BRDA:1198,340,0,536
BRDA:1198,341,0,1
BRDA:1200,342,0,4
BRDA:1205,343,0,14767
BRDA:1206,344,0,14743
BRDA:1208,345,0,685
BRDA:1208,346,0,24
BRDA:1211,347,0,0
BRDA:1213,348,0,24
BRDA:1216,349,0,24
BRDA:1216,350,0,685
BRDA:1216,351,0,0
BRDA:1218,352,0,24
BRDA:1227,353,0,12
BRDA:1227,354,0,358
BRDA:1227,355,0,13
BRDA:1229,356,0,11
BRDA:1244,357,0,5
BRDA:1247,358,0,4
BRDA:1247,359,0,0
BRDA:1247,360,0,0
BRDA:1250,361,0,14767
BRDA:1252,362,0,14743
BRDA:1252,363,0,24
BRDA:1254,364,0,14743
BRDA:1260,365,0,29589
BRDA:1261,366,0,17218
BRDA:1261,367,0,14391
BRDA:1263,368,0,15198
BRDA:1266,369,0,0
BRDA:1266,370,0,15198
BRDA:1269,371,0,46
BRDA:1270,372,0,62
BRDA:1272,373,0,6
BRDA:1275,374,0,40
BRDA:1280,375,0,24
BRDA:1281,376,0,72
BRDA:1283,377,0,12
BRDA:1283,378,0,12
BRDA:1285,379,0,60
BRDA:1287,380,0,0
BRDA:1293,381,0,12
BRDA:1298,382,0,865
BRDA:1299,383,0,855
BRDA:1301,384,0,10
BRDA:1306,385,0,67
BRDA:1307,386,0,6
BRDA:1307,387,0,61
BRDA:1310,388,0,4
BRDA:1314,389,0,1783
BRDA:1315,390,0,341
BRDA:1316,391,0,127
BRDA:1316,392,0,214
BRDA:1317,393,0,1755
BRDA:1317,394,0,1452
BRDA:1317,395,0,1442
BRDA:1319,396,0,1440
BRDA:1321,397,0,20
BRDA:1321,398,0,2
BRDA:1325,399,0,0
BRDA:1330,400,0,312
BRDA:1331,401,0,9
BRDA:1332,402,0,0
BRDA:1333,403,0,303
BRDA:1335,404,0,1
BRDA:1336,405,0,0
BRDA:1337,406,0,302
BRDA:1339,407,0,0
BRDA:1341,408,0,302
BRF:409
BRH:357
end_of_record
TN:
SF:src/state/vscode-panel-view.ts
FN:57,createVsCodePanelView
FN:109,createVsCodePanelCommands
FNF:2
FNH:2
FNDA:16,createVsCodePanelView
FNDA:16,createVsCodePanelCommands
DA:1,1
DA:7,1
DA:57,1
DA:58,16
DA:59,16
DA:60,16
DA:61,16
DA:62,16
DA:63,16
DA:64,16
DA:65,16
DA:66,16
DA:67,16
DA:68,16
DA:69,16
DA:70,16
DA:71,16
DA:72,0
DA:73,0
DA:74,16
DA:75,16
DA:76,16
DA:78,16
DA:79,16
DA:80,16
DA:81,16
DA:82,16
DA:83,16
DA:84,16
DA:85,1
DA:86,15
DA:87,16
DA:88,16
DA:89,16
DA:90,16
DA:91,16
DA:92,16
DA:93,16
DA:94,16
DA:95,1
DA:96,15
DA:97,16
DA:98,16
DA:99,16
DA:100,16
DA:101,16
DA:102,16
DA:103,16
DA:104,16
DA:105,16
DA:106,16
DA:107,16
DA:109,16
DA:110,16
DA:111,16
DA:112,16
DA:113,16
DA:114,16
DA:115,16
DA:116,16
DA:117,16
DA:118,16
DA:119,16
DA:120,16
DA:121,16
DA:122,16
DA:123,16
DA:124,16
DA:125,16
DA:126,16
DA:127,16
DA:128,16
DA:129,16
DA:130,16
DA:131,16
DA:132,16
DA:133,16
DA:134,16
DA:135,16
DA:136,16
DA:137,16
DA:138,16
DA:139,16
DA:140,16
DA:141,16
DA:142,16
DA:143,16
DA:144,16
DA:145,16
DA:146,16
DA:147,16
DA:148,16
DA:149,16
DA:150,16
DA:151,16
DA:152,16
LF:96
LH:94
BRDA:57,0,0,16
BRDA:61,1,0,15
BRDA:71,2,0,0
BRDA:72,3,0,0
BRDA:84,4,0,1
BRDA:85,5,0,15
BRDA:87,6,0,1
BRDA:87,7,0,15
BRDA:94,8,0,1
BRDA:95,9,0,15
BRDA:71,10,0,80
BRDA:71,11,0,16
BRDA:74,12,0,80
BRDA:75,13,0,80
BRDA:109,14,0,16
BRDA:127,15,0,0
BRDA:127,16,0,0
BRDA:136,17,0,0
BRF:18
BRH:13
end_of_record
TN:
SF:src/state/workflow-visualization-view.ts
FN:114,createWorkflowVisualizationView
FN:144,groupWorkflowSteps
FN:157,createWorkflowPath
FN:263,createWorkflowContributors
FN:298,createWorkflowEdges
FN:319,matchesWorkflowOptions
FN:340,belongsToWorkflow
FN:357,createWorkflowGroupKey
FN:373,createWorkflowStepId
FN:377,normalizeAuditEntryLimit
FN:385,isActiveTaskStatus
FN:389,compareWorkflowPaths
FN:405,compareWorkflowContributors
FNF:13
FNH:12
FNDA:18,createWorkflowVisualizationView
FNDA:18,groupWorkflowSteps
FNDA:48,createWorkflowPath
FNDA:18,createWorkflowContributors
FNDA:18,createWorkflowEdges
FNDA:48,matchesWorkflowOptions
FNDA:587,belongsToWorkflow
FNDA:117,createWorkflowGroupKey
FNDA:174,createWorkflowStepId
FNDA:18,normalizeAuditEntryLimit
FNDA:36,isActiveTaskStatus
FNDA:0,compareWorkflowPaths
FNDA:18,compareWorkflowContributors
DA:3,1
DA:4,1
DA:6,1
DA:114,1
DA:115,18
DA:116,18
DA:117,18
DA:118,18
DA:119,18
DA:120,18
DA:121,18
DA:122,18
DA:123,18
DA:124,18
DA:125,48
DA:126,18
DA:127,18
DA:128,18
DA:129,18
DA:131,18
DA:132,18
DA:133,18
DA:134,18
DA:135,18
DA:136,18
DA:137,18
DA:138,18
DA:139,18
DA:140,18
DA:141,18
DA:142,18
DA:144,18
DA:145,18
DA:147,18
DA:148,117
DA:149,117
DA:150,117
DA:151,117
DA:152,117
DA:154,18
DA:155,18
DA:157,48
DA:158,48
DA:159,48
DA:160,48
DA:161,48
DA:162,48
DA:163,48
DA:164,48
DA:165,48
DA:166,48
DA:167,48
DA:168,48
DA:169,48
DA:170,48
DA:172,48
DA:173,30
DA:174,30
DA:176,18
DA:177,18
DA:178,18
DA:179,18
DA:180,48
DA:181,48
DA:182,48
DA:183,87
DA:184,87
DA:185,87
DA:186,87
DA:188,87
DA:189,87
DA:190,87
DA:191,87
DA:192,87
DA:193,87
DA:194,87
DA:195,87
DA:196,87
DA:197,87
DA:198,87
DA:199,87
DA:200,87
DA:201,87
DA:202,87
DA:203,87
DA:204,48
DA:205,48
DA:206,48
DA:207,48
DA:208,87
DA:209,87
DA:210,87
DA:211,87
DA:212,87
DA:213,87
DA:214,87
DA:215,87
DA:216,87
DA:217,87
DA:218,87
DA:219,87
DA:220,87
DA:221,87
DA:222,48
DA:223,48
DA:224,48
DA:225,48
DA:226,48
DA:227,48
DA:228,48
DA:229,150
DA:230,150
DA:231,150
DA:232,150
DA:233,150
DA:234,150
DA:235,150
DA:236,150
DA:237,150
DA:238,150
DA:239,150
DA:240,150
DA:241,150
DA:242,150
DA:243,48
DA:245,48
DA:246,48
DA:247,48
DA:248,48
DA:249,48
DA:250,48
DA:251,48
DA:252,48
DA:253,48
DA:254,48
DA:255,48
DA:256,48
DA:257,48
DA:258,48
DA:259,48
DA:260,48
DA:261,48
DA:263,18
DA:264,18
DA:265,18
DA:266,18
DA:267,18
DA:268,18
DA:269,18
DA:271,18
DA:272,87
DA:273,3
DA:274,3
DA:276,87
DA:277,87
DA:279,18
DA:280,87
DA:281,3
DA:282,3
DA:284,87
DA:285,87
DA:287,18
DA:288,18
DA:289,36
DA:290,36
DA:291,36
DA:292,36
DA:293,36
DA:294,18
DA:295,18
DA:296,18
DA:298,18
DA:299,18
DA:301,18
DA:302,69
DA:303,69
DA:304,69
DA:305,0
DA:306,0
DA:308,69
DA:309,69
DA:310,69
DA:311,69
DA:312,69
DA:313,69
DA:314,69
DA:316,18
DA:317,18
DA:319,48
DA:320,48
DA:321,48
DA:322,48
DA:323,48
DA:324,48
DA:325,48
DA:326,30
DA:327,30
DA:329,48
DA:330,0
DA:331,0
DA:333,48
DA:334,0
DA:335,0
DA:337,18
DA:338,18
DA:340,587
DA:341,587
DA:342,587
DA:343,587
DA:344,587
DA:345,587
DA:346,587
DA:347,587
DA:348,587
DA:350,0
DA:351,0
DA:352,0
DA:354,0
DA:355,0
DA:357,117
DA:358,117
DA:359,117
DA:360,117
DA:362,0
DA:363,0
DA:364,0
DA:366,0
DA:367,0
DA:368,0
DA:370,0
DA:371,0
DA:373,174
DA:374,174
DA:375,174
DA:377,18
DA:378,18
DA:379,3
DA:380,3
DA:382,15
DA:383,15
DA:385,36
DA:386,36
DA:387,36
DA:389,0
DA:390,0
DA:391,0
DA:392,0
DA:394,0
DA:395,0
DA:396,0
DA:397,0
DA:398,0
DA:400,0
DA:401,0
DA:402,0
DA:403,0
DA:405,18
DA:406,18
DA:407,18
DA:408,18
DA:409,18
DA:410,18
DA:411,18
DA:413,0
DA:414,0
DA:415,0
DA:417,0
DA:418,0
LF:268
LH:231
BRDA:114,0,0,18
BRDA:129,1,0,0
BRDA:135,2,0,0
BRDA:136,3,0,0
BRDA:137,4,0,0
BRDA:138,5,0,0
BRDA:121,6,0,48
BRDA:124,7,0,48
BRDA:127,8,0,48
BRDA:144,9,0,18
BRDA:147,10,0,117
BRDA:149,11,0,48
BRDA:147,12,0,164
BRDA:157,13,0,48
BRDA:166,14,0,0
BRDA:167,15,0,0
BRDA:168,16,0,0
BRDA:168,17,0,0
BRDA:169,18,0,0
BRDA:170,19,0,0
BRDA:172,20,0,30
BRDA:174,21,0,18
BRDA:180,22,0,0
BRDA:181,23,0,0
BRDA:181,24,0,18
BRDA:251,25,0,18
BRDA:251,26,0,3
BRDA:251,27,0,15
BRDA:251,28,0,0
BRDA:166,29,0,48
BRDA:167,30,0,48
BRDA:177,31,0,117
BRDA:178,32,0,69
BRDA:179,33,0,87
BRDA:182,34,0,87
BRDA:183,35,0,3
BRDA:183,36,0,84
BRDA:185,37,0,18
BRDA:185,38,0,69
BRDA:195,39,0,3
BRDA:196,40,0,84
BRDA:196,41,0,3
BRDA:197,42,0,84
BRDA:197,43,0,3
BRDA:198,44,0,0
BRDA:199,45,0,0
BRDA:200,46,0,18
BRDA:200,47,0,13
BRDA:200,48,0,74
BRDA:201,49,0,18
BRDA:201,50,0,69
BRDA:202,51,0,0
BRDA:205,52,0,87
BRDA:207,53,0,87
BRDA:215,54,0,3
BRDA:215,55,0,84
BRDA:215,56,0,0
BRDA:219,57,0,0
BRDA:225,58,0,470
BRDA:226,59,0,1158
BRDA:228,60,0,150
BRDA:241,61,0,3
BRDA:242,62,0,3
BRDA:254,63,0,36
BRDA:263,64,0,18
BRDA:271,65,0,87
BRDA:272,66,0,3
BRDA:274,67,0,84
BRDA:276,68,0,36
BRDA:279,69,0,87
BRDA:280,70,0,3
BRDA:282,71,0,84
BRDA:284,72,0,36
BRDA:288,73,0,36
BRDA:290,74,0,0
BRDA:291,75,0,0
BRDA:292,76,0,0
BRDA:293,77,0,0
BRDA:298,78,0,18
BRDA:301,79,0,69
BRDA:304,80,0,0
BRDA:319,81,0,48
BRDA:325,82,0,47
BRDA:325,83,0,30
BRDA:327,84,0,18
BRDA:329,85,0,15
BRDA:329,86,0,0
BRDA:331,87,0,18
BRDA:333,88,0,0
BRDA:333,89,0,0
BRDA:335,90,0,18
BRDA:340,91,0,587
BRDA:348,92,0,0
BRDA:357,93,0,117
BRDA:360,94,0,0
BRDA:373,95,0,174
BRDA:377,96,0,18
BRDA:378,97,0,15
BRDA:378,98,0,3
BRDA:380,99,0,15
BRDA:385,100,0,36
BRDA:405,101,0,18
BRDA:411,102,0,0
BRF:103
BRH:73
end_of_record
TN:
SF:src/state/worktree-room-view.ts
FN:168,createWorktreeRoomView
FN:230,createWorktreeRoom
FN:301,createWorktreeRoomAction
FN:341,createWorktreeRoomActionSurfaces
FN:399,createWorktreeRoomDecision
FN:431,createWorktreeRoomAlerts
FN:464,collectWorktreeRoomAuditTrail
FN:490,isWorktreeRoomAuditStep
FN:502,collectBranchFinishOptionsByBranch
FN:543,collectBranchFinishDecisionsByBranch
FN:584,describeBranchPolicyBlockedReasons
FN:606,describeOwnershipBlockedReasons
FN:624,describeVerificationBlockedReasons
FN:652,describeVerificationReadyDetail
FN:664,deriveWorktreeRoomTone
FN:692,countActiveLeaseOccupancy
FN:714,groupLeaseAlertsByLeaseId
FN:726,compareWorktreeRooms
FN:745,compareWorktreeAlerts
FN:757,compareWorktreeRoomActionSurfaces
FN:767,deriveLatestWorkflowTimestamp
FN:772,normalizeToken
FN:776,isBranchFinishOption
FN:780,isDestructiveBranchOption
FN:784,readBranchFinishOption
FN:792,readMetadataString
FN:806,readMetadataBoolean
FN:820,readMetadataStringArray
FN:834,asRecord
FN:842,uniqueStrings
FNF:30
FNH:29
FNDA:6,createWorktreeRoomView
FNDA:7,createWorktreeRoom
FNDA:28,createWorktreeRoomAction
FNDA:28,createWorktreeRoomActionSurfaces
FNDA:7,createWorktreeRoomDecision
FNDA:7,createWorktreeRoomAlerts
FNDA:7,collectWorktreeRoomAuditTrail
FNDA:21,isWorktreeRoomAuditStep
FNDA:6,collectBranchFinishOptionsByBranch
FNDA:6,collectBranchFinishDecisionsByBranch
FNDA:28,describeBranchPolicyBlockedReasons
FNDA:7,describeOwnershipBlockedReasons
FNDA:7,describeVerificationBlockedReasons
FNDA:15,describeVerificationReadyDetail
FNDA:7,deriveWorktreeRoomTone
FNDA:12,countActiveLeaseOccupancy
FNDA:6,groupLeaseAlertsByLeaseId
FNDA:2,compareWorktreeRooms
FNDA:10,compareWorktreeAlerts
FNDA:98,compareWorktreeRoomActionSurfaces
FNDA:0,deriveLatestWorkflowTimestamp
FNDA:96,normalizeToken
FNDA:37,isBranchFinishOption
FNDA:84,isDestructiveBranchOption
FNDA:9,readBranchFinishOption
FNDA:44,readMetadataString
FNDA:7,readMetadataBoolean
FNDA:7,readMetadataStringArray
FNDA:27,asRecord
FNDA:29,uniqueStrings
DA:1,1
DA:10,1
DA:15,1
DA:22,1
DA:28,1
DA:29,1
DA:30,1
DA:31,1
DA:32,1
DA:33,1
DA:156,1
DA:157,1
DA:158,1
DA:159,1
DA:160,1
DA:161,1
DA:163,1
DA:164,1
DA:165,1
DA:166,1
DA:168,1
DA:169,6
DA:170,6
DA:171,6
DA:172,6
DA:173,6
DA:174,6
DA:175,6
DA:176,6
DA:177,6
DA:178,6
DA:179,6
DA:180,6
DA:181,6
DA:182,6
DA:183,6
DA:184,6
DA:185,7
DA:186,7
DA:187,7
DA:188,7
DA:189,7
DA:190,7
DA:191,7
DA:193,7
DA:194,7
DA:195,7
DA:196,7
DA:197,7
DA:198,7
DA:199,7
DA:200,7
DA:201,7
DA:202,7
DA:203,7
DA:204,7
DA:205,7
DA:206,6
DA:207,6
DA:208,6
DA:210,6
DA:211,6
DA:212,6
DA:213,6
DA:214,6
DA:215,6
DA:216,6
DA:217,6
DA:218,6
DA:219,6
DA:220,6
DA:221,6
DA:222,6
DA:223,6
DA:224,6
DA:225,6
DA:226,6
DA:227,6
DA:228,6
DA:230,7
DA:242,7
DA:243,7
DA:244,7
DA:245,7
DA:246,0
DA:247,0
DA:248,0
DA:249,0
DA:250,7
DA:251,7
DA:252,7
DA:253,7
DA:254,7
DA:255,7
DA:256,7
DA:257,28
DA:258,28
DA:259,28
DA:260,28
DA:261,28
DA:262,28
DA:263,28
DA:264,28
DA:265,28
DA:266,28
DA:267,7
DA:268,7
DA:269,7
DA:270,7
DA:271,7
DA:272,7
DA:273,7
DA:274,7
DA:276,7
DA:277,7
DA:278,7
DA:279,7
DA:280,7
DA:281,7
DA:282,7
DA:283,7
DA:284,7
DA:285,7
DA:286,7
DA:287,7
DA:288,7
DA:289,7
DA:290,7
DA:291,7
DA:292,7
DA:293,7
DA:294,7
DA:295,7
DA:296,7
DA:297,7
DA:298,7
DA:299,7
DA:301,28
DA:310,28
DA:311,28
DA:312,28
DA:313,28
DA:314,28
DA:315,28
DA:316,28
DA:318,28
DA:319,21
DA:320,21
DA:322,28
DA:323,28
DA:324,28
DA:325,28
DA:326,28
DA:327,28
DA:328,28
DA:329,28
DA:330,28
DA:331,28
DA:332,28
DA:333,28
DA:334,28
DA:335,28
DA:336,28
DA:337,28
DA:338,28
DA:339,28
DA:341,28
DA:349,28
DA:350,28
DA:351,28
DA:352,28
DA:353,28
DA:354,28
DA:355,28
DA:356,28
DA:357,28
DA:358,28
DA:360,28
DA:361,21
DA:362,21
DA:363,21
DA:364,21
DA:365,21
DA:366,12
DA:367,21
DA:368,21
DA:369,21
DA:370,21
DA:371,21
DA:372,21
DA:373,15
DA:374,21
DA:375,28
DA:376,7
DA:377,7
DA:378,7
DA:379,7
DA:380,7
DA:381,1
DA:382,6
DA:383,7
DA:384,7
DA:386,28
DA:387,14
DA:388,14
DA:389,14
DA:390,14
DA:391,0
DA:392,14
DA:393,14
DA:394,14
DA:396,28
DA:397,28
DA:399,7
DA:400,7
DA:401,7
DA:402,7
DA:403,7
DA:404,7
DA:405,6
DA:406,6
DA:408,1
DA:409,7
DA:411,7
DA:412,7
DA:413,0
DA:414,7
DA:415,0
DA:416,0
DA:418,1
DA:419,1
DA:420,1
DA:421,1
DA:422,1
DA:423,1
DA:424,1
DA:425,1
DA:426,1
DA:427,1
DA:428,1
DA:429,1
DA:431,7
DA:436,7
DA:437,7
DA:438,3
DA:439,3
DA:440,3
DA:441,3
DA:442,3
DA:443,3
DA:444,3
DA:445,3
DA:446,7
DA:448,7
DA:449,2
DA:450,2
DA:451,2
DA:452,2
DA:453,2
DA:454,2
DA:455,2
DA:456,2
DA:457,2
DA:458,2
DA:459,2
DA:461,7
DA:462,7
DA:464,7
DA:465,7
DA:466,7
DA:467,7
DA:468,7
DA:469,7
DA:470,7
DA:471,7
DA:472,8
DA:473,8
DA:475,8
DA:476,8
DA:477,8
DA:478,8
DA:479,8
DA:480,8
DA:481,8
DA:482,8
DA:483,8
DA:484,8
DA:485,8
DA:486,8
DA:487,7
DA:488,7
DA:490,21
DA:491,21
DA:492,21
DA:493,10
DA:494,10
DA:496,11
DA:497,11
DA:499,21
DA:500,21
DA:502,6
DA:503,6
DA:505,6
DA:506,15
DA:507,8
DA:508,8
DA:510,7
DA:511,7
DA:512,15
DA:513,0
DA:514,0
DA:516,7
DA:517,7
DA:518,7
DA:519,7
DA:520,7
DA:521,15
DA:522,15
DA:523,15
DA:524,15
DA:525,15
DA:527,15
DA:528,0
DA:529,0
DA:531,7
DA:532,7
DA:533,7
DA:534,7
DA:535,15
DA:536,15
DA:537,15
DA:538,15
DA:540,6
DA:541,6
DA:543,6
DA:544,6
DA:546,6
DA:547,15
DA:548,14
DA:549,14
DA:551,1
DA:552,1
DA:553,15
DA:554,0
DA:555,0
DA:557,1
DA:558,15
DA:559,0
DA:560,0
DA:562,1
DA:563,1
DA:564,1
DA:565,1
DA:566,15
DA:568,15
DA:569,0
DA:570,0
DA:572,1
DA:573,1
DA:574,1
DA:575,1
DA:576,15
DA:577,15
DA:578,15
DA:579,15
DA:581,6
DA:582,6
DA:584,28
DA:585,28
DA:586,28
DA:587,28
DA:588,28
DA:589,28
DA:591,28
DA:592,0
DA:593,0
DA:595,28
DA:596,0
DA:597,0
DA:599,28
DA:600,0
DA:601,0
DA:603,28
DA:604,28
DA:606,7
DA:607,7
DA:609,7
DA:610,1
DA:611,1
DA:613,7
DA:614,2
DA:615,2
DA:617,7
DA:618,0
DA:619,0
DA:621,7
DA:622,7
DA:624,7
DA:625,7
DA:626,7
DA:627,7
DA:628,7
DA:629,7
DA:631,7
DA:632,0
DA:633,0
DA:634,0
DA:636,0
DA:637,0
DA:639,7
DA:640,7
DA:641,7
DA:642,5
DA:643,7
DA:644,0
DA:645,7
DA:646,1
DA:647,7
DA:648,1
DA:649,7
DA:650,7
DA:652,15
DA:653,15
DA:654,0
DA:655,0
DA:657,15
DA:658,15
DA:659,15
DA:661,0
DA:662,0
DA:664,7
DA:665,7
DA:666,7
DA:667,7
DA:668,7
DA:669,7
DA:670,2
DA:671,2
DA:673,7
DA:674,1
DA:675,1
DA:677,7
DA:678,0
DA:679,0
DA:681,7
DA:682,2
DA:683,2
DA:685,7
DA:686,0
DA:687,0
DA:689,2
DA:690,2
DA:692,12
DA:693,12
DA:694,12
DA:695,12
DA:696,12
DA:698,12
DA:699,14
DA:700,2
DA:701,2
DA:703,14
DA:704,14
DA:705,0
DA:706,0
DA:708,14
DA:709,14
DA:711,12
DA:712,12
DA:714,6
DA:715,6
DA:717,6
DA:718,3
DA:719,3
DA:720,3
DA:721,3
DA:723,6
DA:724,6
DA:726,2
DA:727,2
DA:728,1
DA:729,1
DA:731,2
DA:732,0
DA:733,0
DA:735,2
DA:736,2
DA:737,2
DA:738,2
DA:739,0
DA:740,0
DA:742,1
DA:743,1
DA:745,10
DA:746,10
DA:747,6
DA:748,6
DA:750,4
DA:751,4
DA:752,4
DA:754,0
DA:755,0
DA:757,98
DA:758,98
DA:759,98
DA:760,98
DA:761,98
DA:762,98
DA:763,98
DA:765,98
DA:767,0
DA:768,0
DA:769,0
DA:770,0
DA:772,96
DA:773,96
DA:774,96
DA:776,37
DA:777,37
DA:778,37
DA:780,84
DA:781,84
DA:782,84
DA:784,9
DA:785,9
DA:786,9
DA:787,9
DA:788,9
DA:789,9
DA:790,9
DA:792,44
DA:793,44
DA:794,44
DA:795,44
DA:796,44
DA:797,57
DA:798,57
DA:799,31
DA:800,31
DA:801,57
DA:803,13
DA:804,13
DA:806,7
DA:807,7
DA:808,7
DA:809,7
DA:810,7
DA:811,7
DA:812,7
DA:813,7
DA:814,7
DA:815,7
DA:817,0
DA:818,0
DA:820,7
DA:821,7
DA:822,7
DA:823,7
DA:824,7
DA:825,7
DA:826,7
DA:827,7
DA:828,7
DA:829,7
DA:831,0
DA:832,0
DA:834,27
DA:835,27
DA:836,0
DA:837,0
DA:839,27
DA:840,27
DA:842,29
DA:843,29
DA:844,29
LF:575
LH:517
BRDA:168,0,0,6
BRDA:182,1,0,0
BRDA:182,2,0,0
BRDA:175,3,0,8
BRDA:184,4,0,7
BRDA:185,5,0,0
BRDA:187,6,0,0
BRDA:187,7,0,0
BRDA:188,8,0,0
BRDA:188,9,0,6
BRDA:189,10,0,0
BRDA:189,11,0,1
BRDA:191,12,0,0
BRDA:191,13,0,1
BRDA:196,14,0,0
BRDA:197,15,0,0
BRDA:202,16,0,4
BRDA:208,17,0,7
BRDA:218,18,0,7
BRDA:219,19,0,7
BRDA:220,20,0,7
BRDA:221,21,0,7
BRDA:222,22,0,7
BRDA:223,23,0,7
BRDA:224,24,0,7
BRDA:224,25,0,5
BRDA:230,26,0,7
BRDA:245,27,0,0
BRDA:292,28,0,0
BRDA:256,29,0,28
BRDA:265,30,0,4
BRDA:265,31,0,24
BRDA:301,32,0,28
BRDA:318,33,0,21
BRDA:327,34,0,7
BRDA:327,35,0,21
BRDA:341,36,0,28
BRDA:353,37,0,0
BRDA:360,38,0,21
BRDA:363,39,0,9
BRDA:363,40,0,12
BRDA:365,41,0,12
BRDA:370,42,0,6
BRDA:370,43,0,15
BRDA:372,44,0,15
BRDA:375,45,0,7
BRDA:378,46,0,6
BRDA:378,47,0,3
BRDA:378,48,0,4
BRDA:380,49,0,1
BRDA:381,50,0,6
BRDA:386,51,0,21
BRDA:386,52,0,14
BRDA:389,53,0,0
BRDA:390,54,0,0
BRDA:399,55,0,7
BRDA:404,56,0,6
BRDA:406,57,0,1
BRDA:409,58,0,0
BRDA:412,59,0,0
BRDA:414,60,0,0
BRDA:416,61,0,1
BRDA:408,62,0,2
BRDA:431,63,0,7
BRDA:448,64,0,2
BRDA:457,65,0,0
BRDA:437,66,0,3
BRDA:464,67,0,7
BRDA:469,68,0,21
BRDA:470,69,0,1
BRDA:471,70,0,8
BRDA:483,71,0,3
BRDA:484,72,0,3
BRDA:490,73,0,21
BRDA:492,74,0,11
BRDA:492,75,0,10
BRDA:494,76,0,11
BRDA:499,77,0,3
BRDA:502,78,0,6
BRDA:505,79,0,15
BRDA:506,80,0,8
BRDA:508,81,0,7
BRDA:512,82,0,0
BRDA:514,83,0,7
BRDA:521,84,0,0
BRDA:522,85,0,0
BRDA:522,86,0,7
BRDA:524,87,0,5
BRDA:527,88,0,0
BRDA:529,89,0,7
BRDA:535,90,0,2
BRDA:536,91,0,2
BRDA:505,92,0,9
BRDA:517,93,0,28
BRDA:518,94,0,28
BRDA:543,95,0,6
BRDA:546,96,0,15
BRDA:547,97,0,14
BRDA:549,98,0,1
BRDA:553,99,0,0
BRDA:555,100,0,1
BRDA:558,101,0,0
BRDA:560,102,0,1
BRDA:568,103,0,0
BRDA:570,104,0,1
BRDA:576,105,0,0
BRDA:577,106,0,0
BRDA:546,107,0,9
BRDA:584,108,0,28
BRDA:591,109,0,0
BRDA:595,110,0,21
BRDA:595,111,0,0
BRDA:599,112,0,21
BRDA:599,113,0,14
BRDA:599,114,0,0
BRDA:606,115,0,7
BRDA:609,116,0,1
BRDA:613,117,0,2
BRDA:617,118,0,0
BRDA:624,119,0,7
BRDA:629,120,0,0
BRDA:631,121,0,0
BRDA:640,122,0,3
BRDA:641,123,0,5
BRDA:643,124,0,0
BRDA:645,125,0,1
BRDA:647,126,0,1
BRDA:652,127,0,15
BRDA:653,128,0,0
BRDA:657,129,0,6
BRDA:659,130,0,0
BRDA:664,131,0,7
BRDA:669,132,0,2
BRDA:671,133,0,5
BRDA:673,134,0,4
BRDA:673,135,0,1
BRDA:675,136,0,4
BRDA:677,137,0,4
BRDA:677,138,0,0
BRDA:679,139,0,4
BRDA:681,140,0,2
BRDA:685,141,0,0
BRDA:687,142,0,2
BRDA:669,143,0,3
BRDA:692,144,0,12
BRDA:698,145,0,14
BRDA:699,146,0,2
BRDA:701,147,0,12
BRDA:703,148,0,6
BRDA:703,149,0,6
BRDA:704,150,0,0
BRDA:706,151,0,12
BRDA:708,152,0,11
BRDA:714,153,0,6
BRDA:717,154,0,3
BRDA:726,155,0,2
BRDA:727,156,0,1
BRDA:731,157,0,0
BRDA:733,158,0,1
BRDA:735,159,0,0
BRDA:735,160,0,0
BRDA:736,161,0,0
BRDA:736,162,0,0
BRDA:738,163,0,0
BRDA:740,164,0,1
BRDA:745,165,0,10
BRDA:746,166,0,6
BRDA:748,167,0,4
BRDA:752,168,0,0
BRDA:757,169,0,98
BRDA:772,170,0,96
BRDA:773,171,0,7
BRDA:776,172,0,37
BRDA:780,173,0,84
BRDA:781,174,0,63
BRDA:781,175,0,42
BRDA:784,176,0,9
BRDA:789,177,0,2
BRDA:789,178,0,7
BRDA:792,179,0,44
BRDA:796,180,0,57
BRDA:798,181,0,32
BRDA:798,182,0,31
BRDA:801,183,0,13
BRDA:806,184,0,7
BRDA:815,185,0,0
BRDA:820,186,0,7
BRDA:829,187,0,0
BRDA:827,188,0,28
BRDA:827,189,0,28
BRDA:834,190,0,27
BRDA:835,191,0,0
BRDA:842,192,0,29
BRDA:843,193,0,15
BRF:194
BRH:144
end_of_record
