{"total": {"lines":{"total":2902,"covered":2590,"skipped":0,"pct":89.24},"statements":{"total":2902,"covered":2590,"skipped":0,"pct":89.24},"functions":{"total":171,"covered":163,"skipped":0,"pct":95.32},"branches":{"total":894,"covered":710,"skipped":0,"pct":79.41},"branchesTrue":{"total":0,"covered":0,"skipped":0,"pct":100}}
,"/mnt/Travail/Projets/Dev/bmad-custom/grimoire-kit/apps/grimoire-game/src/bridge/adapter-grimoire.ts": {"lines":{"total":149,"covered":129,"skipped":0,"pct":86.57},"functions":{"total":9,"covered":9,"skipped":0,"pct":100},"statements":{"total":149,"covered":129,"skipped":0,"pct":86.57},"branches":{"total":49,"covered":35,"skipped":0,"pct":71.42}}
,"/mnt/Travail/Projets/Dev/bmad-custom/grimoire-kit/apps/grimoire-game/src/bridge/agent-adapter.ts": {"lines":{"total":170,"covered":160,"skipped":0,"pct":94.11},"functions":{"total":13,"covered":13,"skipped":0,"pct":100},"statements":{"total":170,"covered":160,"skipped":0,"pct":94.11},"branches":{"total":29,"covered":22,"skipped":0,"pct":75.86}}
,"/mnt/Travail/Projets/Dev/bmad-custom/grimoire-kit/apps/grimoire-game/src/bridge/runtime-source-fs.ts": {"lines":{"total":496,"covered":391,"skipped":0,"pct":78.83},"functions":{"total":24,"covered":22,"skipped":0,"pct":91.66},"statements":{"total":496,"covered":391,"skipped":0,"pct":78.83},"branches":{"total":128,"covered":91,"skipped":0,"pct":71.09}}
,"/mnt/Travail/Projets/Dev/bmad-custom/grimoire-kit/apps/grimoire-game/src/contracts/events.ts": {"lines":{"total":135,"covered":129,"skipped":0,"pct":95.55},"functions":{"total":14,"covered":11,"skipped":0,"pct":78.57},"statements":{"total":135,"covered":129,"skipped":0,"pct":95.55},"branches":{"total":22,"covered":20,"skipped":0,"pct":90.9}}
,"/mnt/Travail/Projets/Dev/bmad-custom/grimoire-kit/apps/grimoire-game/src/contracts/schemas.ts": {"lines":{"total":151,"covered":151,"skipped":0,"pct":100},"functions":{"total":0,"covered":0,"skipped":0,"pct":100},"statements":{"total":151,"covered":151,"skipped":0,"pct":100},"branches":{"total":1,"covered":1,"skipped":0,"pct":100}}
,"/mnt/Travail/Projets/Dev/bmad-custom/grimoire-kit/apps/grimoire-game/src/server/auth/rbac.ts": {"lines":{"total":52,"covered":36,"skipped":0,"pct":69.23},"functions":{"total":5,"covered":3,"skipped":0,"pct":60},"statements":{"total":52,"covered":36,"skipped":0,"pct":69.23},"branches":{"total":9,"covered":7,"skipped":0,"pct":77.77}}
,"/mnt/Travail/Projets/Dev/bmad-custom/grimoire-kit/apps/grimoire-game/src/server/auth/token-registry.ts": {"lines":{"total":96,"covered":80,"skipped":0,"pct":83.33},"functions":{"total":9,"covered":8,"skipped":0,"pct":88.88},"statements":{"total":96,"covered":80,"skipped":0,"pct":83.33},"branches":{"total":20,"covered":15,"skipped":0,"pct":75}}
,"/mnt/Travail/Projets/Dev/bmad-custom/grimoire-kit/apps/grimoire-game/src/state/audit-view.ts": {"lines":{"total":298,"covered":281,"skipped":0,"pct":94.29},"functions":{"total":23,"covered":23,"skipped":0,"pct":100},"statements":{"total":298,"covered":281,"skipped":0,"pct":94.29},"branches":{"total":137,"covered":108,"skipped":0,"pct":78.83}}
,"/mnt/Travail/Projets/Dev/bmad-custom/grimoire-kit/apps/grimoire-game/src/state/board-view.ts": {"lines":{"total":479,"covered":430,"skipped":0,"pct":89.77},"functions":{"total":25,"covered":25,"skipped":0,"pct":100},"statements":{"total":479,"covered":430,"skipped":0,"pct":89.77},"branches":{"total":181,"covered":149,"skipped":0,"pct":82.32}}
,"/mnt/Travail/Projets/Dev/bmad-custom/grimoire-kit/apps/grimoire-game/src/state/collaboration-view.ts": {"lines":{"total":341,"covered":301,"skipped":0,"pct":88.26},"functions":{"total":19,"covered":19,"skipped":0,"pct":100},"statements":{"total":341,"covered":301,"skipped":0,"pct":88.26},"branches":{"total":118,"covered":93,"skipped":0,"pct":78.81}}
,"/mnt/Travail/Projets/Dev/bmad-custom/grimoire-kit/apps/grimoire-game/src/state/game-state.ts": {"lines":{"total":122,"covered":116,"skipped":0,"pct":95.08},"functions":{"total":5,"covered":5,"skipped":0,"pct":100},"statements":{"total":122,"covered":116,"skipped":0,"pct":95.08},"branches":{"total":37,"covered":35,"skipped":0,"pct":94.59}}
,"/mnt/Travail/Projets/Dev/bmad-custom/grimoire-kit/apps/grimoire-game/src/state/session-view.ts": {"lines":{"total":191,"covered":174,"skipped":0,"pct":91.09},"functions":{"total":13,"covered":13,"skipped":0,"pct":100},"statements":{"total":191,"covered":174,"skipped":0,"pct":91.09},"branches":{"total":75,"covered":57,"skipped":0,"pct":76}}
,"/mnt/Travail/Projets/Dev/bmad-custom/grimoire-kit/apps/grimoire-game/src/state/task-view.ts": {"lines":{"total":131,"covered":126,"skipped":0,"pct":96.18},"functions":{"total":8,"covered":8,"skipped":0,"pct":100},"statements":{"total":131,"covered":126,"skipped":0,"pct":96.18},"branches":{"total":62,"covered":55,"skipped":0,"pct":88.7}}
,"/mnt/Travail/Projets/Dev/bmad-custom/grimoire-kit/apps/grimoire-game/src/state/verification-view.ts": {"lines":{"total":91,"covered":86,"skipped":0,"pct":94.5},"functions":{"total":4,"covered":4,"skipped":0,"pct":100},"statements":{"total":91,"covered":86,"skipped":0,"pct":94.5},"branches":{"total":26,"covered":22,"skipped":0,"pct":84.61}}
}
