TN:
SF:src/bridge/adapter-grimoire.ts
FN:65,<instance_members_initializer>
FN:69,AdapterGrimoire
FN:71,getInitialSnapshot
FN:76,reconnect
FN:95,handleClientEvent
FN:109,buildSnapshot
FN:169,applyConfigUpdate
FN:216,createRuntimeError
FN:222,isAllowedConfigMutationKey
FNF:9
FNH:9
FNDA:11,<instance_members_initializer>
FNDA:11,AdapterGrimoire
FNDA:3,getInitialSnapshot
FNDA:6,reconnect
FNDA:5,handleClientEvent
FNDA:6,buildSnapshot
FNDA:5,applyConfigUpdate
FNDA:2,createRuntimeError
FNDA:5,isAllowedConfigMutationKey
DA:1,1
DA:11,1
DA:55,1
DA:56,1
DA:57,1
DA:58,1
DA:59,1
DA:60,1
DA:61,1
DA:62,1
DA:63,1
DA:65,1
DA:66,11
DA:67,11
DA:69,11
DA:71,11
DA:72,3
DA:73,3
DA:74,3
DA:76,11
DA:77,6
DA:78,6
DA:80,6
DA:81,5
DA:82,5
DA:84,1
DA:85,6
DA:86,0
DA:87,0
DA:89,1
DA:90,1
DA:92,0
DA:93,6
DA:95,11
DA:96,5
DA:98,5
DA:99,0
DA:100,0
DA:102,5
DA:103,0
DA:104,0
DA:106,5
DA:107,5
DA:109,11
DA:110,6
DA:111,5
DA:112,5
DA:113,5
DA:114,5
DA:115,5
DA:116,5
DA:117,7
DA:118,7
DA:119,7
DA:120,7
DA:121,7
DA:122,7
DA:123,7
DA:124,7
DA:125,5
DA:126,5
DA:127,5
DA:128,5
DA:129,5
DA:130,2
DA:131,2
DA:132,5
DA:133,5
DA:134,5
DA:135,4
DA:136,4
DA:137,5
DA:138,5
DA:139,5
DA:141,4
DA:142,0
DA:143,0
DA:145,1
DA:146,6
DA:148,0
DA:149,0
DA:150,0
DA:151,0
DA:152,0
DA:153,1
DA:154,1
DA:155,1
DA:156,1
DA:157,1
DA:158,1
DA:159,1
DA:160,1
DA:161,0
DA:162,0
DA:163,0
DA:164,0
DA:165,0
DA:166,0
DA:167,6
DA:169,11
DA:170,5
DA:171,5
DA:172,5
DA:173,5
DA:174,1
DA:175,1
DA:176,1
DA:177,1
DA:178,1
DA:179,1
DA:180,1
DA:181,1
DA:183,4
DA:184,5
DA:185,1
DA:186,1
DA:188,5
DA:189,1
DA:190,1
DA:191,1
DA:192,1
DA:193,1
DA:194,1
DA:195,1
DA:196,1
DA:198,2
DA:199,2
DA:200,2
DA:201,2
DA:202,2
DA:203,2
DA:204,2
DA:206,2
DA:207,2
DA:208,2
DA:209,2
DA:210,2
DA:211,2
DA:212,2
DA:213,2
DA:214,5
DA:216,11
DA:217,2
DA:218,2
DA:219,2
DA:220,11
DA:222,5
DA:223,5
DA:224,5
LF:149
LH:129
BRDA:65,0,0,11
BRDA:69,1,0,11
BRDA:71,2,0,3
BRDA:76,3,0,6
BRDA:80,4,0,5
BRDA:82,5,0,1
BRDA:85,6,0,2
BRDA:85,7,0,0
BRDA:87,8,0,1
BRDA:90,9,0,0
BRDA:95,10,0,5
BRDA:98,11,0,0
BRDA:102,12,0,0
BRDA:109,13,0,6
BRDA:110,14,0,5
BRDA:114,15,0,0
BRDA:115,16,0,0
BRDA:126,17,0,0
BRDA:127,18,0,0
BRDA:129,19,0,4
BRDA:132,20,0,1
BRDA:134,21,0,4
BRDA:137,22,0,1
BRDA:139,23,0,4
BRDA:139,24,0,1
BRDA:141,25,0,0
BRDA:143,26,0,1
BRDA:146,27,0,0
BRDA:146,28,0,0
BRDA:116,29,0,7
BRDA:123,30,0,0
BRDA:124,31,0,2
BRDA:124,32,0,5
BRDA:126,33,0,1
BRDA:129,34,0,2
BRDA:134,35,0,4
BRDA:152,36,0,1
BRDA:159,37,0,0
BRDA:160,38,0,0
BRDA:169,39,0,5
BRDA:173,40,0,1
BRDA:181,41,0,4
BRDA:184,42,0,1
BRDA:186,43,0,3
BRDA:188,44,0,2
BRDA:188,45,0,1
BRDA:216,46,0,2
BRDA:222,47,0,5
BRDA:223,48,0,11
BRF:49
BRH:35
end_of_record
TN:
SF:src/bridge/agent-adapter.ts
FN:37,cloneJsonValue
FN:41,cloneSnapshot
FN:60,<instance_members_initializer>
FN:69,MockAgentAdapter
FN:74,getInitialSnapshot
FN:85,reconnect
FN:110,handleClientEvent
FN:133,getAuditLog
FN:137,emitAgentState
FN:158,applyConfigUpdate
FN:203,allocateSequenceId
FN:209,recordError
FN:227,recordAudit
FNF:13
FNH:13
FNDA:2,cloneJsonValue
FNDA:7,cloneSnapshot
FNDA:5,<instance_members_initializer>
FNDA:5,MockAgentAdapter
FNDA:2,getInitialSnapshot
FNDA:1,reconnect
FNDA:5,handleClientEvent
FNDA:3,getAuditLog
FNDA:1,emitAgentState
FNDA:2,applyConfigUpdate
FNDA:4,allocateSequenceId
FNDA:2,recordError
FNDA:9,recordAudit
DA:1,1
DA:11,1
DA:37,2
DA:38,2
DA:39,2
DA:41,7
DA:42,7
DA:43,7
DA:44,7
DA:45,7
DA:46,7
DA:47,0
DA:48,0
DA:49,7
DA:50,7
DA:51,0
DA:52,0
DA:53,7
DA:54,7
DA:55,7
DA:56,7
DA:57,7
DA:58,7
DA:60,1
DA:61,5
DA:63,5
DA:64,5
DA:65,5
DA:66,5
DA:67,5
DA:69,5
DA:70,5
DA:71,5
DA:72,5
DA:74,5
DA:75,2
DA:76,2
DA:77,2
DA:78,2
DA:79,2
DA:80,2
DA:81,2
DA:82,2
DA:83,2
DA:85,5
DA:86,1
DA:87,0
DA:88,0
DA:90,1
DA:92,1
DA:93,1
DA:94,1
DA:95,1
DA:96,1
DA:97,1
DA:98,1
DA:99,1
DA:100,1
DA:101,1
DA:103,0
DA:104,0
DA:105,0
DA:107,0
DA:108,1
DA:110,5
DA:111,5
DA:113,5
DA:114,2
DA:115,2
DA:116,2
DA:117,2
DA:118,2
DA:119,2
DA:120,2
DA:121,2
DA:122,2
DA:123,2
DA:124,2
DA:126,3
DA:127,1
DA:128,1
DA:130,2
DA:131,5
DA:133,5
DA:134,3
DA:135,3
DA:137,5
DA:138,1
DA:139,1
DA:140,1
DA:141,1
DA:142,1
DA:143,1
DA:144,1
DA:145,1
DA:147,1
DA:148,1
DA:149,1
DA:150,1
DA:151,1
DA:152,1
DA:153,1
DA:155,1
DA:156,1
DA:158,5
DA:159,2
DA:161,2
DA:162,1
DA:163,1
DA:164,1
DA:165,1
DA:166,1
DA:167,1
DA:168,1
DA:169,1
DA:170,1
DA:171,1
DA:172,1
DA:174,1
DA:175,1
DA:176,1
DA:177,1
DA:178,1
DA:179,1
DA:180,1
DA:181,1
DA:182,1
DA:183,1
DA:184,1
DA:185,1
DA:186,1
DA:188,1
DA:189,1
DA:190,1
DA:191,1
DA:192,1
DA:193,1
DA:194,1
DA:195,1
DA:196,1
DA:197,1
DA:198,1
DA:200,1
DA:201,2
DA:203,5
DA:204,4
DA:205,4
DA:206,4
DA:207,4
DA:209,5
DA:210,2
DA:211,2
DA:212,2
DA:213,2
DA:214,2
DA:215,2
DA:216,2
DA:217,2
DA:218,2
DA:219,2
DA:220,2
DA:221,2
DA:222,2
DA:223,2
DA:224,2
DA:225,2
DA:227,5
DA:228,9
DA:229,9
DA:230,5
LF:170
LH:160
BRDA:37,0,0,2
BRDA:41,1,0,7
BRDA:44,2,0,3
BRDA:55,3,0,1
BRDA:60,4,0,5
BRDA:69,5,0,5
BRDA:74,6,0,2
BRDA:85,7,0,1
BRDA:86,8,0,0
BRDA:97,9,0,0
BRDA:101,10,0,0
BRDA:90,11,0,1
BRDA:110,12,0,5
BRDA:113,13,0,2
BRDA:121,14,0,0
BRDA:123,15,0,0
BRDA:124,16,0,3
BRDA:126,17,0,1
BRDA:128,18,0,2
BRDA:133,19,0,3
BRDA:137,20,0,1
BRDA:152,21,0,1
BRDA:158,22,0,2
BRDA:161,23,0,1
BRDA:168,24,0,0
BRDA:203,25,0,4
BRDA:209,26,0,2
BRDA:220,27,0,0
BRDA:227,28,0,9
BRF:29
BRH:22
end_of_record
TN:
SF:src/bridge/runtime-source-fs.ts
FN:80,<instance_members_initializer>
FN:86,FileSystemGrimoireRuntimeSource
FN:91,readAgents
FN:99,readConfig
FN:106,readSnapshot
FN:137,readEventsSince
FN:223,applyConfigUpdate
FN:250,ensureRuntimeSnapshot
FN:280,buildProjection
FN:291,readEventLogEntries
FN:303,createEmptyProjection
FN:315,parseEventLogEntry
FN:325,applyEntryToProjection
FN:384,appendRecent
FN:388,cloneJsonValue
FN:392,cloneSnapshot
FN:414,parseAgentIdentity
FN:430,normalizeKind
FN:438,ensureAgentRecord
FN:459,applyTaskUpdate
FN:486,inferToolCall
FN:518,inferWorkflowStep
FN:602,toJsonPayload
FN:606,toAgentPresence
FNF:24
FNH:22
FNDA:6,<instance_members_initializer>
FNDA:6,FileSystemGrimoireRuntimeSource
FNDA:0,readAgents
FNDA:0,readConfig
FNDA:3,readSnapshot
FNDA:4,readEventsSince
FNDA:1,applyConfigUpdate
FNDA:1,ensureRuntimeSnapshot
FNDA:3,buildProjection
FNDA:7,readEventLogEntries
FNDA:7,createEmptyProjection
FNDA:13,parseEventLogEntry
FNDA:13,applyEntryToProjection
FNDA:13,appendRecent
FNDA:5,cloneJsonValue
FNDA:3,cloneSnapshot
FNDA:13,parseAgentIdentity
FNDA:13,normalizeKind
FNDA:13,ensureAgentRecord
FNDA:13,applyTaskUpdate
FNDA:13,inferToolCall
FNDA:13,inferWorkflowStep
FNDA:13,toJsonPayload
FNDA:4,toAgentPresence
DA:1,1
DA:3,1
DA:54,1
DA:55,1
DA:56,1
DA:57,1
DA:58,1
DA:59,1
DA:60,1
DA:61,1
DA:62,1
DA:63,1
DA:65,1
DA:66,1
DA:67,1
DA:68,1
DA:69,1
DA:70,1
DA:71,1
DA:72,1
DA:73,1
DA:74,1
DA:76,1
DA:77,1
DA:78,1
DA:80,1
DA:81,6
DA:82,6
DA:83,6
DA:84,6
DA:86,6
DA:87,6
DA:88,6
DA:89,6
DA:91,6
DA:92,0
DA:93,0
DA:94,0
DA:95,0
DA:96,0
DA:97,0
DA:99,6
DA:100,0
DA:101,0
DA:102,0
DA:103,0
DA:104,0
DA:106,6
DA:114,3
DA:115,3
DA:116,0
DA:117,0
DA:119,3
DA:120,3
DA:121,3
DA:122,3
DA:123,3
DA:124,3
DA:125,3
DA:126,3
DA:127,2
DA:128,2
DA:129,3
DA:130,3
DA:131,5
DA:132,5
DA:133,3
DA:134,3
DA:135,3
DA:137,6
DA:138,4
DA:139,4
DA:140,4
DA:141,4
DA:143,4
DA:144,6
DA:146,6
DA:147,2
DA:148,2
DA:150,6
DA:151,2
DA:152,2
DA:153,2
DA:154,2
DA:155,2
DA:156,2
DA:157,2
DA:158,2
DA:160,6
DA:161,1
DA:162,1
DA:163,1
DA:164,1
DA:165,1
DA:166,1
DA:167,1
DA:168,1
DA:170,1
DA:171,1
DA:172,1
DA:173,1
DA:174,1
DA:175,1
DA:176,1
DA:177,1
DA:178,1
DA:180,0
DA:181,0
DA:182,0
DA:183,0
DA:185,0
DA:186,0
DA:188,4
DA:190,4
DA:191,0
DA:192,0
DA:193,0
DA:194,0
DA:195,0
DA:196,0
DA:197,0
DA:198,0
DA:199,0
DA:200,0
DA:201,0
DA:202,0
DA:203,0
DA:204,0
DA:205,0
DA:206,0
DA:207,0
DA:208,0
DA:209,0
DA:210,0
DA:211,0
DA:212,0
DA:213,0
DA:215,4
DA:216,4
DA:217,3
DA:218,3
DA:220,1
DA:221,4
DA:223,6
DA:224,1
DA:225,1
DA:226,1
DA:227,1
DA:228,1
DA:229,1
DA:230,1
DA:231,1
DA:232,1
DA:233,1
DA:234,1
DA:235,1
DA:236,1
DA:237,1
DA:238,1
DA:240,1
DA:241,1
DA:243,1
DA:244,1
DA:245,1
DA:246,1
DA:247,1
DA:248,1
DA:250,6
DA:251,1
DA:252,0
DA:253,0
DA:255,1
DA:256,1
DA:257,1
DA:258,1
DA:259,1
DA:260,1
DA:261,1
DA:262,1
DA:263,1
DA:264,1
DA:265,1
DA:266,1
DA:267,1
DA:268,1
DA:269,0
DA:270,0
DA:271,1
DA:272,1
DA:273,1
DA:274,1
DA:275,1
DA:276,1
DA:277,1
DA:278,1
DA:280,6
DA:281,3
DA:282,3
DA:284,3
DA:285,7
DA:286,7
DA:288,3
DA:289,3
DA:291,6
DA:292,7
DA:294,7
DA:295,7
DA:296,7
DA:297,7
DA:298,7
DA:299,7
DA:300,7
DA:301,6
DA:303,7
DA:304,7
DA:305,7
DA:306,7
DA:307,7
DA:308,7
DA:309,7
DA:310,7
DA:311,7
DA:312,7
DA:313,7
DA:315,13
DA:316,13
DA:318,13
DA:319,0
DA:320,0
DA:322,13
DA:323,13
DA:325,13
DA:326,13
DA:327,13
DA:333,13
DA:334,13
DA:335,13
DA:337,13
DA:338,13
DA:339,13
DA:340,13
DA:341,13
DA:342,13
DA:343,13
DA:344,13
DA:345,13
DA:347,13
DA:348,13
DA:350,13
DA:351,3
DA:352,3
DA:353,3
DA:354,3
DA:355,3
DA:356,3
DA:357,3
DA:358,3
DA:359,3
DA:360,3
DA:361,3
DA:363,13
DA:364,10
DA:365,10
DA:366,10
DA:367,10
DA:368,10
DA:369,10
DA:370,10
DA:371,10
DA:372,10
DA:373,10
DA:374,10
DA:376,13
DA:377,13
DA:378,13
DA:379,13
DA:380,13
DA:381,13
DA:382,13
DA:384,13
DA:385,13
DA:386,13
DA:388,5
DA:389,5
DA:390,5
DA:392,3
DA:393,3
DA:394,3
DA:395,3
DA:396,3
DA:397,3
DA:398,3
DA:399,3
DA:400,3
DA:401,0
DA:402,0
DA:403,3
DA:404,3
DA:405,3
DA:406,3
DA:407,3
DA:408,3
DA:409,3
DA:410,3
DA:411,3
DA:412,3
DA:414,13
DA:415,13
DA:416,13
DA:417,13
DA:418,13
DA:419,13
DA:421,13
DA:422,13
DA:423,13
DA:424,13
DA:425,13
DA:426,13
DA:427,13
DA:428,13
DA:430,13
DA:431,13
DA:432,13
DA:433,4
DA:434,4
DA:435,13
DA:436,13
DA:438,13
DA:439,13
DA:440,13
DA:441,13
DA:442,13
DA:443,13
DA:444,3
DA:445,3
DA:447,10
DA:448,10
DA:449,10
DA:450,13
DA:451,13
DA:452,13
DA:453,13
DA:454,13
DA:455,13
DA:456,13
DA:457,13
DA:459,13
DA:460,13
DA:461,13
DA:462,13
DA:463,13
DA:464,13
DA:465,9
DA:466,9
DA:468,13
DA:469,13
DA:470,0
DA:471,0
DA:473,13
DA:474,13
DA:475,13
DA:476,13
DA:477,13
DA:478,13
DA:479,13
DA:480,13
DA:482,13
DA:483,13
DA:484,13
DA:486,13
DA:487,13
DA:488,13
DA:489,13
DA:490,0
DA:491,0
DA:492,0
DA:493,0
DA:494,0
DA:495,0
DA:496,0
DA:498,13
DA:499,13
DA:500,3
DA:501,3
DA:502,3
DA:503,3
DA:504,3
DA:505,3
DA:506,13
DA:507,0
DA:508,0
DA:509,0
DA:510,0
DA:511,0
DA:512,0
DA:513,13
DA:514,10
DA:515,13
DA:516,13
DA:518,13
DA:519,13
DA:520,13
DA:522,13
DA:523,13
DA:524,4
DA:525,4
DA:526,4
DA:527,4
DA:528,4
DA:529,4
DA:530,4
DA:531,4
DA:532,4
DA:533,13
DA:534,2
DA:535,2
DA:536,2
DA:537,2
DA:538,2
DA:539,2
DA:540,2
DA:541,2
DA:542,2
DA:543,2
DA:544,13
DA:545,0
DA:546,0
DA:547,0
DA:548,0
DA:549,0
DA:550,0
DA:551,0
DA:552,0
DA:553,0
DA:554,0
DA:555,0
DA:556,13
DA:557,0
DA:558,0
DA:559,0
DA:560,0
DA:561,0
DA:562,0
DA:563,0
DA:564,0
DA:565,0
DA:566,13
DA:567,0
DA:568,0
DA:569,0
DA:570,0
DA:571,0
DA:572,0
DA:573,0
DA:574,0
DA:575,0
DA:576,0
DA:577,13
DA:578,0
DA:579,0
DA:580,0
DA:581,0
DA:582,0
DA:583,0
DA:584,0
DA:585,0
DA:586,0
DA:587,0
DA:588,13
DA:589,7
DA:590,3
DA:591,4
DA:592,4
DA:593,4
DA:594,4
DA:595,4
DA:596,4
DA:597,4
DA:598,4
DA:599,13
DA:600,13
DA:602,13
DA:603,13
DA:604,13
DA:606,4
DA:607,4
DA:608,4
DA:609,4
DA:610,4
DA:611,4
DA:612,4
DA:613,4
DA:614,4
DA:615,4
DA:616,4
DA:617,4
LF:496
LH:391
BRDA:80,0,0,6
BRDA:86,1,0,6
BRDA:88,2,0,4
BRDA:106,3,0,3
BRDA:115,4,0,0
BRDA:126,5,0,2
BRDA:130,6,0,5
BRDA:137,7,0,4
BRDA:143,8,0,6
BRDA:146,9,0,2
BRDA:148,10,0,4
BRDA:150,11,0,2
BRDA:154,12,0,0
BRDA:160,13,0,1
BRDA:164,14,0,0
BRDA:174,15,0,0
BRDA:178,16,0,0
BRDA:190,17,0,0
BRDA:190,18,0,0
BRDA:216,19,0,3
BRDA:218,20,0,1
BRDA:215,21,0,1
BRDA:223,22,0,1
BRDA:250,23,0,1
BRDA:251,24,0,0
BRDA:258,25,0,0
BRDA:259,26,0,0
BRDA:264,27,0,0
BRDA:266,28,0,0
BRDA:268,29,0,0
BRDA:272,30,0,0
BRDA:260,31,0,1
BRDA:266,32,0,1
BRDA:272,33,0,1
BRDA:280,34,0,3
BRDA:284,35,0,7
BRDA:291,36,0,7
BRDA:296,37,0,20
BRDA:297,38,0,20
BRDA:299,39,0,6
BRDA:303,40,0,7
BRDA:315,41,0,13
BRDA:318,42,0,0
BRDA:325,43,0,13
BRDA:343,44,0,11
BRDA:343,45,0,2
BRDA:344,46,0,10
BRDA:344,47,0,3
BRDA:350,48,0,3
BRDA:363,49,0,10
BRDA:378,50,0,9
BRDA:378,51,0,4
BRDA:379,52,0,10
BRDA:379,53,0,3
BRDA:380,54,0,3
BRDA:380,55,0,10
BRDA:384,56,0,13
BRDA:388,57,0,5
BRDA:392,58,0,3
BRDA:395,59,0,3
BRDA:404,60,0,3
BRDA:409,61,0,3
BRDA:414,62,0,13
BRDA:415,63,0,9
BRDA:415,64,0,4
BRDA:416,65,0,0
BRDA:417,66,0,0
BRDA:417,67,0,0
BRDA:419,68,0,0
BRDA:430,69,0,13
BRDA:432,70,0,4
BRDA:434,71,0,9
BRDA:435,72,0,0
BRDA:435,73,0,9
BRDA:438,74,0,13
BRDA:443,75,0,3
BRDA:445,76,0,10
BRDA:450,77,0,4
BRDA:450,78,0,6
BRDA:459,79,0,13
BRDA:464,80,0,9
BRDA:466,81,0,4
BRDA:468,82,0,4
BRDA:468,83,0,0
BRDA:469,84,0,0
BRDA:471,85,0,4
BRDA:473,86,0,4
BRDA:473,87,0,0
BRDA:474,88,0,2
BRDA:474,89,0,2
BRDA:486,90,0,13
BRDA:487,91,0,9
BRDA:487,92,0,4
BRDA:488,93,0,0
BRDA:489,94,0,0
BRDA:499,95,0,3
BRDA:504,96,0,0
BRDA:506,97,0,0
BRDA:513,98,0,10
BRDA:518,99,0,13
BRDA:519,100,0,4
BRDA:519,101,0,9
BRDA:520,102,0,9
BRDA:520,103,0,4
BRDA:523,104,0,4
BRDA:524,105,0,0
BRDA:529,106,0,2
BRDA:529,107,0,2
BRDA:533,108,0,2
BRDA:534,109,0,0
BRDA:535,110,0,0
BRDA:540,111,0,0
BRDA:544,112,0,0
BRDA:556,113,0,0
BRDA:566,114,0,0
BRDA:577,115,0,0
BRDA:588,116,0,7
BRDA:589,117,0,3
BRDA:590,118,0,4
BRDA:595,119,0,2
BRDA:595,120,0,2
BRDA:602,121,0,13
BRDA:603,122,0,0
BRDA:603,123,0,19
BRDA:606,124,0,4
BRDA:614,125,0,0
BRDA:615,126,0,3
BRDA:615,127,0,1
BRF:128
BRH:91
end_of_record
TN:
SF:src/contracts/events.ts
FN:66,createProtocolTimestamp
FN:70,parseClientEvent
FN:74,parseServerEvent
FN:78,safeParseClientEvent
FN:82,safeParseServerEvent
FN:86,createReconnectHandshake
FN:95,createConfigUpdate
FN:111,createStateSnapshotEvent
FN:128,createAgentStateEvent
FN:142,createTaskUpdateEvent
FN:157,createToolCallEvent
FN:172,createWorkflowStepEvent
FN:187,createErrorEvent
FN:207,isMutatingClientEvent
FNF:14
FNH:11
FNDA:19,createProtocolTimestamp
FNDA:3,parseClientEvent
FNDA:42,parseServerEvent
FNDA:0,safeParseClientEvent
FNDA:0,safeParseServerEvent
FNDA:2,createReconnectHandshake
FNDA:10,createConfigUpdate
FNDA:10,createStateSnapshotEvent
FNDA:1,createAgentStateEvent
FNDA:6,createTaskUpdateEvent
FNDA:5,createToolCallEvent
FNDA:5,createWorkflowStepEvent
FNDA:11,createErrorEvent
FNDA:0,isMutatingClientEvent
DA:1,1
DA:3,1
DA:32,1
DA:64,1
DA:66,1
DA:67,19
DA:68,19
DA:70,1
DA:71,3
DA:72,3
DA:74,1
DA:75,42
DA:76,42
DA:78,1
DA:79,0
DA:80,0
DA:82,1
DA:83,0
DA:84,0
DA:86,1
DA:87,2
DA:88,2
DA:89,2
DA:90,2
DA:91,2
DA:92,2
DA:93,2
DA:95,1
DA:96,10
DA:97,10
DA:98,10
DA:99,10
DA:100,10
DA:101,10
DA:102,10
DA:103,10
DA:104,10
DA:105,10
DA:106,10
DA:107,10
DA:108,10
DA:109,10
DA:111,1
DA:112,10
DA:113,10
DA:114,10
DA:115,10
DA:116,10
DA:117,10
DA:118,10
DA:119,10
DA:120,10
DA:121,10
DA:122,10
DA:123,10
DA:124,10
DA:125,10
DA:126,10
DA:128,1
DA:129,1
DA:130,1
DA:131,1
DA:132,1
DA:133,1
DA:134,1
DA:135,1
DA:136,1
DA:137,1
DA:138,1
DA:139,1
DA:140,1
DA:142,1
DA:143,6
DA:144,6
DA:145,6
DA:146,6
DA:147,6
DA:148,6
DA:149,6
DA:150,6
DA:151,6
DA:152,6
DA:153,6
DA:154,6
DA:155,6
DA:157,1
DA:158,5
DA:159,5
DA:160,5
DA:161,5
DA:162,5
DA:163,5
DA:164,5
DA:165,5
DA:166,5
DA:167,5
DA:168,5
DA:169,5
DA:170,5
DA:172,1
DA:173,5
DA:174,5
DA:175,5
DA:176,5
DA:177,5
DA:178,5
DA:179,5
DA:180,5
DA:181,5
DA:182,5
DA:183,5
DA:184,5
DA:185,5
DA:187,1
DA:188,11
DA:189,11
DA:190,11
DA:191,11
DA:192,11
DA:193,11
DA:194,11
DA:195,11
DA:196,11
DA:197,11
DA:198,11
DA:199,11
DA:200,11
DA:201,11
DA:202,11
DA:203,11
DA:204,11
DA:205,11
DA:207,1
DA:208,0
DA:209,0
LF:135
LH:129
BRDA:66,0,0,19
BRDA:70,1,0,3
BRDA:74,2,0,42
BRDA:86,3,0,2
BRDA:91,4,0,0
BRDA:95,5,0,10
BRDA:111,6,0,10
BRDA:128,7,0,1
BRDA:142,8,0,6
BRDA:151,9,0,2
BRDA:153,10,0,2
BRDA:153,11,0,4
BRDA:157,12,0,5
BRDA:166,13,0,2
BRDA:168,14,0,2
BRDA:168,15,0,3
BRDA:172,16,0,5
BRDA:181,17,0,2
BRDA:183,18,0,2
BRDA:183,19,0,3
BRDA:187,20,0,11
BRDA:203,21,0,0
BRF:22
BRH:20
end_of_record
TN:
SF:src/contracts/schemas.ts
FNF:0
FNH:0
DA:1,1
DA:3,1
DA:5,1
DA:6,1
DA:13,1
DA:14,1
DA:16,1
DA:17,53
DA:18,53
DA:19,53
DA:20,53
DA:21,53
DA:22,53
DA:23,53
DA:24,53
DA:25,1
DA:27,1
DA:29,1
DA:30,1
DA:31,1
DA:32,1
DA:33,1
DA:34,1
DA:36,1
DA:37,1
DA:38,1
DA:40,1
DA:41,1
DA:42,1
DA:43,1
DA:44,1
DA:45,1
DA:46,1
DA:47,1
DA:48,1
DA:49,1
DA:50,1
DA:51,1
DA:53,1
DA:54,1
DA:55,1
DA:56,1
DA:57,1
DA:58,1
DA:59,1
DA:60,1
DA:62,1
DA:63,1
DA:64,1
DA:65,1
DA:66,1
DA:67,1
DA:68,1
DA:69,1
DA:71,1
DA:72,1
DA:73,1
DA:74,1
DA:75,1
DA:77,1
DA:78,1
DA:79,1
DA:80,1
DA:81,1
DA:82,1
DA:83,1
DA:84,1
DA:85,1
DA:86,1
DA:88,1
DA:89,1
DA:90,1
DA:91,1
DA:92,1
DA:94,1
DA:95,1
DA:96,1
DA:97,1
DA:98,1
DA:99,1
DA:100,1
DA:101,1
DA:102,1
DA:103,1
DA:104,1
DA:105,1
DA:107,1
DA:108,1
DA:109,1
DA:110,1
DA:111,1
DA:112,1
DA:114,1
DA:115,1
DA:116,1
DA:117,1
DA:119,1
DA:120,1
DA:121,1
DA:122,1
DA:123,1
DA:124,1
DA:126,1
DA:127,1
DA:128,1
DA:129,1
DA:131,1
DA:132,1
DA:133,1
DA:134,1
DA:135,1
DA:136,1
DA:137,1
DA:139,1
DA:140,1
DA:141,1
DA:142,1
DA:144,1
DA:145,1
DA:146,1
DA:147,1
DA:149,1
DA:150,1
DA:151,1
DA:152,1
DA:153,1
DA:155,1
DA:156,1
DA:157,1
DA:158,1
DA:159,1
DA:161,1
DA:162,1
DA:163,1
DA:164,1
DA:165,1
DA:167,1
DA:168,1
DA:169,1
DA:170,1
DA:171,1
DA:172,1
DA:173,1
DA:175,1
DA:176,1
DA:177,1
DA:178,1
DA:179,1
DA:180,1
DA:181,1
DA:182,1
LF:151
LH:151
BRDA:16,0,0,53
BRF:1
BRH:1
end_of_record
TN:
SF:src/server/auth/rbac.ts
FN:24,<instance_members_initializer>
FN:38,isReadOnlyRole
FN:42,authorizeClientEvent
FN:62,requireAuthorizedClientEvent
FN:70,createAuthorizationAuditEntry
FNF:5
FNH:3
FNDA:0,<instance_members_initializer>
FNDA:4,isReadOnlyRole
FNDA:10,authorizeClientEvent
FNDA:0,requireAuthorizedClientEvent
FNDA:2,createAuthorizationAuditEntry
DA:24,1
DA:25,0
DA:27,0
DA:28,0
DA:29,0
DA:30,0
DA:31,0
DA:33,1
DA:34,1
DA:35,1
DA:36,1
DA:38,1
DA:39,4
DA:40,4
DA:42,1
DA:43,10
DA:45,10
DA:46,8
DA:47,8
DA:49,2
DA:50,2
DA:51,2
DA:52,2
DA:53,2
DA:54,2
DA:56,0
DA:57,0
DA:58,0
DA:59,0
DA:60,0
DA:62,1
DA:63,0
DA:65,0
DA:66,0
DA:67,0
DA:68,0
DA:70,1
DA:71,2
DA:72,2
DA:73,2
DA:74,2
DA:75,2
DA:76,2
DA:77,2
DA:78,2
DA:79,2
DA:80,2
DA:81,2
DA:82,2
DA:83,2
DA:84,2
DA:85,2
LF:52
LH:36
BRDA:38,0,0,4
BRDA:42,1,0,10
BRDA:45,2,0,8
BRDA:47,3,0,2
BRDA:54,4,0,0
BRDA:70,5,0,2
BRDA:80,6,0,1
BRDA:80,7,0,1
BRDA:83,8,0,0
BRF:9
BRH:7
end_of_record
TN:
SF:src/server/auth/token-registry.ts
FN:29,<instance_members_initializer>
FN:32,AuthenticationError
FN:38,<instance_members_initializer>
FN:43,issueToken
FN:68,authenticate
FN:100,revoke
FN:117,getAuditLog
FN:121,reject
FN:138,recordAudit
FNF:9
FNH:8
FNDA:2,<instance_members_initializer>
FNDA:2,AuthenticationError
FNDA:3,<instance_members_initializer>
FNDA:2,issueToken
FNDA:4,authenticate
FNDA:0,revoke
FNDA:1,getAuditLog
FNDA:2,reject
FNDA:6,recordAudit
DA:3,1
DA:29,1
DA:30,2
DA:32,2
DA:33,2
DA:34,2
DA:35,2
DA:36,2
DA:38,1
DA:39,3
DA:40,3
DA:41,3
DA:43,3
DA:44,2
DA:45,2
DA:47,2
DA:48,2
DA:49,2
DA:50,2
DA:51,2
DA:52,2
DA:53,2
DA:54,2
DA:56,2
DA:57,2
DA:58,2
DA:59,2
DA:60,2
DA:61,2
DA:62,2
DA:63,2
DA:65,2
DA:66,2
DA:68,3
DA:69,4
DA:71,4
DA:72,1
DA:73,1
DA:75,3
DA:77,4
DA:78,1
DA:79,1
DA:81,4
DA:82,0
DA:83,0
DA:85,2
DA:86,2
DA:87,2
DA:88,2
DA:89,2
DA:90,2
DA:91,2
DA:93,2
DA:94,2
DA:95,2
DA:96,2
DA:97,2
DA:98,4
DA:100,3
DA:101,0
DA:102,0
DA:103,0
DA:104,0
DA:106,0
DA:107,0
DA:108,0
DA:109,0
DA:110,0
DA:111,0
DA:112,0
DA:113,0
DA:114,0
DA:115,0
DA:117,3
DA:118,1
DA:119,1
DA:121,3
DA:122,2
DA:123,2
DA:124,2
DA:125,2
DA:126,2
DA:127,2
DA:128,2
DA:129,2
DA:130,2
DA:131,2
DA:132,2
DA:133,2
DA:134,2
DA:135,2
DA:136,2
DA:138,3
DA:139,6
DA:140,6
DA:141,3
LF:96
LH:80
BRDA:29,0,0,2
BRDA:32,1,0,2
BRDA:38,2,0,3
BRDA:43,3,0,2
BRDA:52,4,0,0
BRDA:68,5,0,4
BRDA:71,6,0,1
BRDA:73,7,0,3
BRDA:77,8,0,1
BRDA:79,9,0,2
BRDA:81,10,0,0
BRDA:81,11,0,0
BRDA:83,12,0,2
BRDA:117,13,0,1
BRDA:121,14,0,2
BRDA:130,15,0,1
BRDA:130,16,0,1
BRDA:131,17,0,0
BRDA:132,18,0,0
BRDA:138,19,0,6
BRF:20
BRH:15
end_of_record
TN:
SF:src/state/audit-view.ts
FN:96,createAuditView
FN:122,createDecisionCardRecords
FN:131,createDecisionCardEntry
FN:156,createWorkflowStepEntry
FN:179,createToolCallEntry
FN:203,createRuntimeErrorEntry
FN:226,normalizeAuditFilter
FN:238,isAuditFilterActive
FN:242,matchesAuditFilter
FN:274,buildAuditSearchText
FN:295,createAuditMetrics
FN:309,createAuditFacets
FN:311,agents
FN:313,tasks
FN:320,createFacetCounts
FN:347,createFixedFacetCounts
FN:364,compareFacetCounts
FN:374,compareAuditEntries
FN:390,countEntriesByKind
FN:394,countEntriesByLevel
FN:398,cloneJsonRecord
FN:402,readStringValue
FN:406,formatToolCallDetail
FNF:23
FNH:23
FNDA:19,createAuditView
FNDA:19,createDecisionCardRecords
FNDA:75,createDecisionCardEntry
FNDA:75,createWorkflowStepEntry
FNDA:34,createToolCallEntry
FNDA:6,createRuntimeErrorEntry
FNDA:19,normalizeAuditFilter
FNDA:19,isAuditFilterActive
FNDA:265,matchesAuditFilter
FNDA:3,buildAuditSearchText
FNDA:19,createAuditMetrics
FNDA:19,createAuditFacets
FNDA:185,agents
FNDA:185,tasks
FNDA:76,createFacetCounts
FNDA:38,createFixedFacetCounts
FNDA:131,compareFacetCounts
FNDA:403,compareAuditEntries
FNDA:76,countEntriesByKind
FNDA:57,countEntriesByLevel
FNDA:109,cloneJsonRecord
FNDA:89,readStringValue
FNDA:34,formatToolCallDetail
DA:3,1
DA:6,1
DA:7,1
DA:78,1
DA:79,1
DA:80,1
DA:81,1
DA:82,1
DA:83,1
DA:85,1
DA:86,1
DA:87,1
DA:88,1
DA:89,1
DA:96,1
DA:97,19
DA:98,19
DA:99,19
DA:100,19
DA:101,19
DA:102,19
DA:103,19
DA:104,19
DA:105,19
DA:106,19
DA:107,19
DA:108,19
DA:110,19
DA:111,19
DA:112,19
DA:113,19
DA:114,19
DA:115,19
DA:116,19
DA:117,19
DA:118,19
DA:119,19
DA:120,19
DA:122,19
DA:123,19
DA:125,19
DA:126,75
DA:127,75
DA:128,19
DA:129,19
DA:131,75
DA:132,75
DA:134,75
DA:135,75
DA:136,75
DA:137,75
DA:138,75
DA:139,75
DA:140,75
DA:141,75
DA:142,75
DA:143,75
DA:144,75
DA:145,75
DA:146,75
DA:147,75
DA:148,75
DA:149,75
DA:150,75
DA:151,75
DA:152,75
DA:153,75
DA:154,75
DA:156,75
DA:157,75
DA:158,75
DA:160,75
DA:161,75
DA:162,75
DA:163,75
DA:164,75
DA:165,75
DA:166,75
DA:167,75
DA:168,75
DA:169,75
DA:170,75
DA:171,75
DA:172,75
DA:173,75
DA:174,75
DA:175,75
DA:176,75
DA:177,75
DA:179,34
DA:180,34
DA:181,34
DA:182,34
DA:184,34
DA:185,34
DA:186,34
DA:187,34
DA:188,34
DA:189,34
DA:190,34
DA:191,34
DA:192,34
DA:193,34
DA:194,34
DA:195,34
DA:196,34
DA:197,34
DA:198,34
DA:199,34
DA:200,34
DA:201,34
DA:203,6
DA:204,6
DA:205,6
DA:206,6
DA:207,6
DA:208,6
DA:209,6
DA:210,6
DA:211,6
DA:212,6
DA:213,6
DA:214,6
DA:215,6
DA:216,6
DA:217,6
DA:218,6
DA:219,6
DA:220,6
DA:221,6
DA:222,6
DA:223,6
DA:224,6
DA:226,19
DA:227,19
DA:228,19
DA:229,19
DA:230,19
DA:231,19
DA:232,19
DA:233,19
DA:234,19
DA:235,19
DA:236,19
DA:238,19
DA:239,19
DA:240,19
DA:242,265
DA:243,265
DA:244,4
DA:245,4
DA:247,265
DA:248,0
DA:249,0
DA:251,265
DA:252,0
DA:253,0
DA:255,265
DA:256,2
DA:257,2
DA:259,265
DA:260,0
DA:261,0
DA:263,265
DA:264,0
DA:265,0
DA:267,265
DA:268,0
DA:269,0
DA:271,259
DA:272,259
DA:274,3
DA:275,3
DA:276,3
DA:277,3
DA:278,3
DA:279,3
DA:280,3
DA:281,3
DA:282,3
DA:283,3
DA:284,3
DA:285,3
DA:286,3
DA:287,3
DA:288,3
DA:289,3
DA:290,3
DA:291,3
DA:292,3
DA:293,3
DA:295,19
DA:296,19
DA:297,19
DA:298,19
DA:299,19
DA:300,19
DA:301,19
DA:302,19
DA:303,19
DA:304,19
DA:305,19
DA:306,19
DA:307,19
DA:309,19
DA:310,19
DA:311,19
DA:312,19
DA:313,19
DA:314,19
DA:315,19
DA:316,19
DA:317,19
DA:318,19
DA:320,76
DA:321,76
DA:322,76
DA:323,76
DA:324,76
DA:325,76
DA:327,76
DA:328,740
DA:329,740
DA:330,36
DA:331,36
DA:333,704
DA:334,740
DA:335,740
DA:336,740
DA:337,740
DA:338,740
DA:339,740
DA:340,740
DA:342,76
DA:343,76
DA:344,76
DA:345,76
DA:347,38
DA:348,38
DA:349,38
DA:350,38
DA:351,38
DA:352,38
DA:354,38
DA:355,370
DA:356,370
DA:357,370
DA:359,38
DA:360,38
DA:361,38
DA:362,38
DA:364,131
DA:365,131
DA:366,104
DA:367,104
DA:369,96
DA:370,131
DA:371,131
DA:372,131
DA:374,403
DA:375,403
DA:376,328
DA:377,328
DA:379,75
DA:380,75
DA:381,75
DA:383,0
DA:384,0
DA:385,0
DA:387,0
DA:388,0
DA:390,76
DA:391,76
DA:392,76
DA:394,57
DA:395,57
DA:396,57
DA:398,109
DA:399,109
DA:400,109
DA:402,89
DA:403,89
DA:404,89
DA:406,34
DA:407,34
DA:408,34
DA:409,19
DA:410,19
DA:412,15
DA:413,25
DA:414,9
DA:415,9
DA:417,6
DA:418,12
DA:419,0
DA:420,0
DA:422,6
DA:423,6
LF:298
LH:281
BRDA:96,0,0,19
BRDA:100,1,0,75
BRDA:101,2,0,75
BRDA:102,3,0,34
BRDA:105,4,0,190
BRDA:107,5,0,75
BRDA:108,6,0,74
BRDA:122,7,0,19
BRDA:125,8,0,75
BRDA:131,9,0,75
BRDA:132,10,0,0
BRDA:144,11,0,0
BRDA:151,12,0,16
BRDA:156,13,0,75
BRDA:157,14,0,0
BRDA:158,15,0,3
BRDA:158,16,0,72
BRDA:169,17,0,0
BRDA:170,18,0,0
BRDA:171,19,0,0
BRDA:172,20,0,3
BRDA:173,21,0,72
BRDA:173,22,0,3
BRDA:174,23,0,0
BRDA:179,24,0,34
BRDA:180,25,0,0
BRDA:181,26,0,6
BRDA:182,27,0,6
BRDA:182,28,0,28
BRDA:193,29,0,0
BRDA:194,30,0,0
BRDA:195,31,0,0
BRDA:197,32,0,28
BRDA:197,33,0,6
BRDA:198,34,0,6
BRDA:203,35,0,6
BRDA:221,36,0,0
BRDA:226,37,0,19
BRDA:228,38,0,18
BRDA:228,39,0,1
BRDA:229,40,0,0
BRDA:230,41,0,0
BRDA:231,42,0,18
BRDA:231,43,0,1
BRDA:232,44,0,1
BRDA:232,45,0,18
BRDA:232,46,0,1
BRDA:233,47,0,0
BRDA:233,48,0,0
BRDA:234,49,0,1
BRDA:234,50,0,18
BRDA:234,51,0,1
BRDA:238,52,0,19
BRDA:242,53,0,265
BRDA:243,54,0,9
BRDA:243,55,0,4
BRDA:245,56,0,261
BRDA:247,57,0,0
BRDA:247,58,0,0
BRDA:249,59,0,261
BRDA:251,60,0,0
BRDA:251,61,0,0
BRDA:253,62,0,261
BRDA:255,63,0,5
BRDA:255,64,0,2
BRDA:257,65,0,259
BRDA:259,66,0,3
BRDA:259,67,0,0
BRDA:261,68,0,259
BRDA:263,69,0,0
BRDA:263,70,0,0
BRDA:265,71,0,259
BRDA:267,72,0,3
BRDA:267,73,0,0
BRDA:269,74,0,259
BRDA:274,75,0,3
BRDA:290,76,0,39
BRDA:295,77,0,19
BRDA:309,78,0,19
BRDA:311,79,0,185
BRDA:311,80,0,180
BRDA:311,81,0,0
BRDA:312,82,0,185
BRDA:313,83,0,185
BRDA:313,84,0,168
BRDA:313,85,0,0
BRDA:314,86,0,185
BRDA:315,87,0,185
BRDA:316,88,0,185
BRDA:320,89,0,76
BRDA:327,90,0,740
BRDA:329,91,0,36
BRDA:331,92,0,704
BRDA:334,93,0,348
BRDA:335,94,0,527
BRDA:335,95,0,443
BRDA:337,96,0,527
BRDA:337,97,0,177
BRDA:338,98,0,356
BRDA:338,99,0,348
BRDA:343,100,0,177
BRDA:343,101,0,90
BRDA:343,102,0,87
BRDA:347,103,0,38
BRDA:354,104,0,370
BRDA:356,105,0,85
BRDA:360,106,0,133
BRDA:360,107,0,48
BRDA:361,108,0,85
BRDA:361,109,0,0
BRDA:364,110,0,131
BRDA:365,111,0,104
BRDA:367,112,0,96
BRDA:367,113,0,27
BRDA:369,114,0,18
BRDA:370,115,0,18
BRDA:374,116,0,403
BRDA:375,117,0,328
BRDA:377,118,0,75
BRDA:381,119,0,0
BRDA:390,120,0,76
BRDA:391,121,0,740
BRDA:394,122,0,57
BRDA:395,123,0,555
BRDA:398,124,0,109
BRDA:402,125,0,89
BRDA:403,126,0,56
BRDA:403,127,0,33
BRDA:406,128,0,34
BRDA:408,129,0,25
BRDA:408,130,0,19
BRDA:410,131,0,15
BRDA:413,132,0,9
BRDA:415,133,0,12
BRDA:415,134,0,6
BRDA:418,135,0,0
BRDA:420,136,0,6
BRF:137
BRH:108
end_of_record
TN:
SF:src/state/board-view.ts
FN:147,createBoardView
FN:219,createAgentInspection
FN:224,createRoomSummaries
FN:268,createBoardAlerts
FN:322,createInspectionView
FN:362,createDecisionCards
FN:372,createDecisionCard
FN:412,collectCausalWorkflowSteps
FN:428,isRelatedWorkflowStep
FN:444,isRelatedToolCall
FN:461,toWorkflowEvidence
FN:473,toToolEvidence
FN:485,formatToolCallDetail
FN:504,compareExplainabilityEntries
FN:516,readStringValue
FN:520,createRuntimeErrorAlerts
FN:532,indexChildAgentIds
FN:548,indexTaskIdsByAssignee
FN:564,isActiveTask
FN:568,compareBoardAlerts
FN:583,compareTaskSnapshots
FN:597,compareAgentPresence
FN:621,compareBoardAgents
FN:652,compareAgentsById
FN:671,countAgentsByStatus
FNF:25
FNH:25
FNDA:23,createBoardView
FNDA:2,createAgentInspection
FNDA:23,createRoomSummaries
FNDA:23,createBoardAlerts
FNDA:66,createInspectionView
FNDA:23,createDecisionCards
FNDA:83,createDecisionCard
FNDA:83,collectCausalWorkflowSteps
FNDA:337,isRelatedWorkflowStep
FNDA:154,isRelatedToolCall
FNDA:133,toWorkflowEvidence
FNDA:24,toToolEvidence
FNDA:24,formatToolCallDetail
FNDA:112,compareExplainabilityEntries
FNDA:81,readStringValue
FNDA:23,createRuntimeErrorAlerts
FNDA:23,indexChildAgentIds
FNDA:23,indexTaskIdsByAssignee
FNDA:192,isActiveTask
FNDA:17,compareBoardAlerts
FNDA:49,compareTaskSnapshots
FNDA:88,compareAgentPresence
FNDA:1,compareBoardAgents
FNDA:25,compareAgentsById
FNDA:260,countAgentsByStatus
DA:5,1
DA:6,1
DA:118,1
DA:119,1
DA:120,1
DA:121,1
DA:122,1
DA:123,1
DA:124,1
DA:126,1
DA:127,1
DA:128,1
DA:129,1
DA:130,1
DA:131,1
DA:133,1
DA:134,1
DA:135,1
DA:136,1
DA:137,1
DA:139,1
DA:140,1
DA:141,1
DA:142,1
DA:143,1
DA:144,1
DA:145,1
DA:147,1
DA:148,23
DA:149,23
DA:150,23
DA:151,23
DA:153,23
DA:154,23
DA:155,23
DA:156,66
DA:157,66
DA:158,25
DA:159,66
DA:160,66
DA:161,40
DA:162,40
DA:163,66
DA:165,66
DA:166,66
DA:167,66
DA:168,66
DA:169,66
DA:170,66
DA:171,66
DA:172,66
DA:173,66
DA:174,66
DA:175,66
DA:176,66
DA:177,66
DA:178,23
DA:180,23
DA:181,23
DA:182,23
DA:183,23
DA:184,23
DA:185,23
DA:186,23
DA:187,66
DA:188,66
DA:189,23
DA:190,23
DA:192,23
DA:193,23
DA:194,23
DA:195,23
DA:196,23
DA:197,23
DA:198,115
DA:199,115
DA:200,115
DA:201,115
DA:202,115
DA:203,115
DA:204,23
DA:205,23
DA:206,23
DA:207,23
DA:208,23
DA:209,23
DA:210,23
DA:211,23
DA:212,23
DA:213,23
DA:214,23
DA:215,23
DA:216,23
DA:217,23
DA:219,1
DA:220,2
DA:221,2
DA:222,2
DA:224,23
DA:225,23
DA:226,23
DA:227,23
DA:228,23
DA:229,23
DA:231,23
DA:232,66
DA:233,66
DA:234,66
DA:235,66
DA:237,23
DA:238,23
DA:239,23
DA:240,65
DA:241,65
DA:242,65
DA:243,65
DA:244,42
DA:245,15
DA:246,0
DA:248,65
DA:249,65
DA:250,65
DA:251,65
DA:252,65
DA:253,65
DA:254,65
DA:255,65
DA:256,65
DA:257,65
DA:258,65
DA:259,65
DA:260,65
DA:261,23
DA:262,23
DA:263,65
DA:264,65
DA:265,23
DA:266,23
DA:268,23
DA:269,23
DA:270,23
DA:271,23
DA:272,23
DA:273,23
DA:274,23
DA:276,23
DA:277,60
DA:278,8
DA:279,8
DA:280,8
DA:281,8
DA:282,8
DA:283,8
DA:284,8
DA:285,8
DA:287,60
DA:288,1
DA:289,1
DA:290,1
DA:291,1
DA:292,1
DA:293,1
DA:294,1
DA:295,60
DA:297,23
DA:298,66
DA:299,1
DA:300,1
DA:301,1
DA:302,1
DA:303,1
DA:304,1
DA:305,1
DA:306,1
DA:308,66
DA:309,16
DA:310,16
DA:311,16
DA:312,16
DA:313,16
DA:314,16
DA:315,16
DA:316,16
DA:317,66
DA:319,23
DA:320,23
DA:322,66
DA:323,66
DA:324,66
DA:325,66
DA:326,66
DA:327,66
DA:328,66
DA:329,66
DA:330,66
DA:331,66
DA:332,66
DA:333,66
DA:334,66
DA:336,66
DA:337,66
DA:338,66
DA:339,66
DA:340,66
DA:341,66
DA:342,66
DA:343,66
DA:344,66
DA:345,66
DA:346,66
DA:347,66
DA:348,66
DA:349,66
DA:350,66
DA:351,251
DA:352,168
DA:353,66
DA:354,66
DA:355,66
DA:356,66
DA:357,106
DA:358,66
DA:359,66
DA:360,66
DA:362,23
DA:363,23
DA:364,23
DA:365,23
DA:366,23
DA:367,23
DA:368,23
DA:369,23
DA:370,23
DA:372,83
DA:373,83
DA:374,83
DA:375,83
DA:376,83
DA:377,83
DA:378,83
DA:379,83
DA:380,83
DA:381,83
DA:382,83
DA:383,154
DA:384,47
DA:385,47
DA:386,83
DA:387,83
DA:388,83
DA:389,83
DA:390,83
DA:391,83
DA:392,83
DA:393,83
DA:395,83
DA:396,83
DA:397,83
DA:398,83
DA:399,83
DA:400,83
DA:401,83
DA:402,83
DA:403,83
DA:404,83
DA:405,83
DA:406,83
DA:407,83
DA:408,83
DA:409,83
DA:410,83
DA:412,83
DA:413,83
DA:414,83
DA:415,83
DA:416,83
DA:417,83
DA:418,83
DA:419,83
DA:421,83
DA:422,0
DA:423,0
DA:425,83
DA:426,83
DA:428,337
DA:429,337
DA:430,337
DA:431,337
DA:433,0
DA:434,0
DA:435,0
DA:437,0
DA:438,0
DA:439,0
DA:441,0
DA:442,0
DA:444,154
DA:445,154
DA:446,61
DA:447,61
DA:449,154
DA:450,46
DA:451,46
DA:453,47
DA:454,154
DA:455,0
DA:456,0
DA:458,47
DA:459,47
DA:461,133
DA:462,133
DA:463,133
DA:464,133
DA:465,133
DA:466,133
DA:467,133
DA:468,133
DA:469,133
DA:470,133
DA:471,133
DA:473,24
DA:474,24
DA:475,24
DA:476,24
DA:477,24
DA:478,24
DA:479,24
DA:480,24
DA:481,24
DA:482,24
DA:483,24
DA:485,24
DA:486,24
DA:487,24
DA:488,14
DA:489,14
DA:491,10
DA:492,10
DA:493,10
DA:494,10
DA:496,0
DA:497,0
DA:498,0
DA:499,0
DA:501,0
DA:502,0
DA:504,112
DA:505,112
DA:506,112
DA:507,112
DA:509,0
DA:510,0
DA:511,0
DA:513,0
DA:514,0
DA:516,81
DA:517,81
DA:518,81
DA:520,23
DA:521,23
DA:522,7
DA:523,7
DA:524,7
DA:525,7
DA:526,0
DA:527,7
DA:528,7
DA:529,23
DA:530,23
DA:532,23
DA:533,23
DA:535,23
DA:536,66
DA:537,23
DA:538,23
DA:540,56
DA:541,66
DA:542,66
DA:543,66
DA:545,23
DA:546,23
DA:548,23
DA:549,23
DA:551,23
DA:552,60
DA:553,12
DA:554,12
DA:556,53
DA:557,60
DA:558,60
DA:559,60
DA:561,23
DA:562,23
DA:564,192
DA:565,192
DA:566,192
DA:568,17
DA:569,17
DA:570,17
DA:571,11
DA:572,11
DA:574,6
DA:575,17
DA:576,17
DA:577,0
DA:578,0
DA:580,6
DA:581,6
DA:583,49
DA:584,49
DA:585,49
DA:586,44
DA:587,44
DA:589,5
DA:590,5
DA:591,5
DA:592,5
DA:594,0
DA:595,0
DA:597,88
DA:598,88
DA:599,88
DA:600,29
DA:601,29
DA:603,59
DA:604,75
DA:605,40
DA:606,40
DA:608,19
DA:609,33
DA:610,18
DA:611,18
DA:613,1
DA:614,1
DA:615,1
DA:616,1
DA:618,0
DA:619,0
DA:621,1
DA:622,1
DA:623,0
DA:624,0
DA:626,1
DA:627,0
DA:628,0
DA:630,1
DA:631,0
DA:632,0
DA:634,1
DA:635,1
DA:636,0
DA:637,0
DA:639,1
DA:640,1
DA:641,0
DA:642,0
DA:644,1
DA:645,1
DA:646,1
DA:647,1
DA:649,0
DA:650,0
DA:652,25
DA:653,25
DA:654,25
DA:656,25
DA:657,0
DA:658,0
DA:660,25
DA:661,0
DA:662,0
DA:664,25
DA:665,0
DA:666,0
DA:668,25
DA:669,25
DA:671,260
DA:672,260
DA:673,260
LF:479
LH:430
BRDA:147,0,0,23
BRDA:149,1,0,60
BRDA:155,2,0,66
BRDA:156,3,0,30
BRDA:157,4,0,43
BRDA:171,5,0,23
BRDA:176,6,0,24
BRDA:157,7,0,25
BRDA:160,8,0,40
BRDA:162,9,0,27
BRDA:162,10,0,13
BRDA:180,11,0,66
BRDA:184,12,0,65
BRDA:186,13,0,66
BRDA:197,14,0,115
BRDA:198,15,0,300
BRDA:210,16,0,66
BRDA:219,17,0,2
BRDA:221,18,0,0
BRDA:224,19,0,23
BRDA:231,20,0,66
BRDA:232,21,0,65
BRDA:238,22,0,74
BRDA:239,23,0,65
BRDA:243,24,0,42
BRDA:244,25,0,15
BRDA:245,26,0,0
BRDA:252,27,0,0
BRDA:240,28,0,66
BRDA:241,29,0,168
BRDA:241,30,0,139
BRDA:241,31,0,139
BRDA:243,32,0,66
BRDA:244,33,0,42
BRDA:245,34,0,15
BRDA:250,35,0,66
BRDA:251,36,0,40
BRDA:262,37,0,65
BRDA:264,38,0,1
BRDA:268,39,0,23
BRDA:276,40,0,60
BRDA:277,41,0,48
BRDA:277,42,0,48
BRDA:277,43,0,8
BRDA:285,44,0,52
BRDA:287,45,0,28
BRDA:287,46,0,27
BRDA:287,47,0,1
BRDA:297,48,0,66
BRDA:298,49,0,43
BRDA:298,50,0,1
BRDA:308,51,0,30
BRDA:308,52,0,16
BRDA:274,53,0,66
BRDA:322,54,0,66
BRDA:338,55,0,23
BRDA:338,56,0,43
BRDA:338,57,0,1
BRDA:354,58,0,0
BRDA:332,59,0,40
BRDA:333,60,0,40
BRDA:340,61,0,42
BRDA:341,62,0,42
BRDA:344,63,0,124
BRDA:345,64,0,13
BRDA:347,65,0,251
BRDA:348,66,0,32
BRDA:350,67,0,251
BRDA:351,68,0,168
BRDA:352,69,0,162
BRDA:356,70,0,106
BRDA:357,71,0,89
BRDA:357,72,0,22
BRDA:362,73,0,23
BRDA:368,74,0,70
BRDA:369,75,0,83
BRDA:372,76,0,83
BRDA:379,77,0,0
BRDA:392,78,0,0
BRDA:393,79,0,3
BRDA:402,80,0,0
BRDA:403,81,0,0
BRDA:404,82,0,0
BRDA:406,83,0,3
BRDA:406,84,0,80
BRDA:406,85,0,0
BRDA:382,86,0,154
BRDA:383,87,0,47
BRDA:384,88,0,47
BRDA:387,89,0,10
BRDA:412,90,0,83
BRDA:421,91,0,0
BRDA:417,92,0,337
BRDA:417,93,0,183
BRDA:418,94,0,50
BRDA:419,95,0,133
BRDA:428,96,0,337
BRDA:431,97,0,0
BRDA:444,98,0,154
BRDA:445,99,0,126
BRDA:445,100,0,97
BRDA:445,101,0,61
BRDA:447,102,0,93
BRDA:449,103,0,122
BRDA:449,104,0,46
BRDA:451,105,0,47
BRDA:454,106,0,41
BRDA:454,107,0,0
BRDA:456,108,0,47
BRDA:461,109,0,133
BRDA:469,110,0,0
BRDA:473,111,0,24
BRDA:481,112,0,0
BRDA:485,113,0,24
BRDA:487,114,0,14
BRDA:489,115,0,10
BRDA:494,116,0,0
BRDA:504,117,0,112
BRDA:507,118,0,0
BRDA:516,119,0,81
BRDA:517,120,0,65
BRDA:517,121,0,16
BRDA:520,122,0,23
BRDA:521,123,0,7
BRDA:525,124,0,0
BRDA:532,125,0,23
BRDA:535,126,0,66
BRDA:536,127,0,43
BRDA:536,128,0,56
BRDA:536,129,0,23
BRDA:538,130,0,43
BRDA:540,131,0,24
BRDA:548,132,0,23
BRDA:551,133,0,60
BRDA:552,134,0,48
BRDA:552,135,0,12
BRDA:554,136,0,53
BRDA:554,137,0,48
BRDA:556,138,0,44
BRDA:564,139,0,192
BRDA:565,140,0,190
BRDA:565,141,0,138
BRDA:568,142,0,17
BRDA:570,143,0,11
BRDA:572,144,0,6
BRDA:575,145,0,6
BRDA:576,146,0,6
BRDA:576,147,0,0
BRDA:583,148,0,49
BRDA:585,149,0,44
BRDA:587,150,0,34
BRDA:587,151,0,5
BRDA:592,152,0,0
BRDA:597,153,0,88
BRDA:599,154,0,29
BRDA:601,155,0,78
BRDA:601,156,0,75
BRDA:601,157,0,59
BRDA:604,158,0,40
BRDA:606,159,0,69
BRDA:606,160,0,33
BRDA:606,161,0,19
BRDA:609,162,0,18
BRDA:611,163,0,15
BRDA:611,164,0,1
BRDA:616,165,0,0
BRDA:621,166,0,1
BRDA:622,167,0,0
BRDA:622,168,0,0
BRDA:626,169,0,0
BRDA:630,170,0,0
BRDA:635,171,0,0
BRDA:640,172,0,0
BRDA:647,173,0,0
BRDA:652,174,0,25
BRDA:656,175,0,0
BRDA:656,176,0,0
BRDA:660,177,0,0
BRDA:664,178,0,0
BRDA:671,179,0,260
BRDA:672,180,0,264
BRF:181
BRH:149
end_of_record
TN:
SF:src/state/collaboration-view.ts
FN:92,createCollaborationView
FN:226,createCollaborationNode
FN:267,createHotspot
FN:286,upsertEdge
FN:339,buildEdgeKey
FN:348,sortPair
FN:352,toCollaborationEdge
FN:369,compareCollaborationEdges
FN:381,compareCollaborationNodes
FN:393,compareHotspots
FN:405,uniqueConsecutiveAgentIds
FN:421,parseGraphUpdateEdge
FN:446,resolveAgentReference
FN:463,normalizeReference
FN:467,createGraphUpdateLabel
FN:476,compactStrings
FN:480,uniqueStrings
FN:484,readStringValue
FN:488,readNumberValue
FNF:19
FNH:19
FNDA:3,createCollaborationView
FNDA:12,createCollaborationNode
FNDA:12,createHotspot
FNDA:33,upsertEdge
FNDA:33,buildEdgeKey
FNDA:36,sortPair
FNDA:33,toCollaborationEdge
FNDA:87,compareCollaborationEdges
FNDA:15,compareCollaborationNodes
FNDA:15,compareHotspots
FNDA:6,uniqueConsecutiveAgentIds
FNDA:3,parseGraphUpdateEdge
FNDA:6,resolveAgentReference
FNDA:54,normalizeReference
FNDA:3,createGraphUpdateLabel
FNDA:66,compactStrings
FNDA:12,uniqueStrings
FNDA:6,readStringValue
FNDA:6,readNumberValue
DA:3,1
DA:4,1
DA:7,1
DA:85,1
DA:86,1
DA:87,1
DA:88,1
DA:89,1
DA:90,1
DA:92,1
DA:93,3
DA:94,3
DA:95,3
DA:97,3
DA:98,12
DA:99,9
DA:100,9
DA:101,9
DA:102,9
DA:103,9
DA:104,9
DA:105,9
DA:106,9
DA:107,9
DA:108,12
DA:110,3
DA:111,6
DA:113,6
DA:114,15
DA:115,15
DA:116,0
DA:117,0
DA:119,15
DA:120,12
DA:121,12
DA:122,0
DA:123,0
DA:125,12
DA:126,12
DA:127,12
DA:128,12
DA:129,12
DA:130,12
DA:131,12
DA:132,12
DA:133,12
DA:134,12
DA:135,12
DA:136,15
DA:137,6
DA:139,3
DA:140,6
DA:141,6
DA:142,6
DA:143,6
DA:144,6
DA:146,6
DA:147,9
DA:148,9
DA:149,9
DA:150,0
DA:151,0
DA:153,9
DA:155,9
DA:156,9
DA:157,9
DA:158,9
DA:159,9
DA:160,9
DA:161,9
DA:162,9
DA:163,9
DA:164,9
DA:165,9
DA:166,9
DA:167,6
DA:169,3
DA:170,3
DA:171,3
DA:172,0
DA:173,0
DA:175,3
DA:176,3
DA:177,0
DA:178,0
DA:180,3
DA:181,3
DA:182,3
DA:183,0
DA:184,0
DA:186,3
DA:187,3
DA:188,3
DA:189,3
DA:190,3
DA:191,3
DA:192,3
DA:193,3
DA:194,3
DA:195,3
DA:196,3
DA:197,3
DA:199,3
DA:200,3
DA:201,3
DA:202,3
DA:203,3
DA:204,3
DA:205,3
DA:206,3
DA:208,3
DA:209,3
DA:210,3
DA:211,3
DA:212,3
DA:213,3
DA:214,3
DA:215,3
DA:216,3
DA:217,3
DA:218,3
DA:219,3
DA:220,3
DA:221,3
DA:222,3
DA:223,3
DA:224,3
DA:226,12
DA:227,12
DA:228,12
DA:229,12
DA:230,12
DA:231,12
DA:232,12
DA:233,12
DA:234,12
DA:235,12
DA:236,12
DA:237,12
DA:238,12
DA:239,12
DA:240,12
DA:241,12
DA:242,12
DA:243,12
DA:244,12
DA:245,12
DA:246,12
DA:247,12
DA:249,12
DA:250,12
DA:251,12
DA:252,12
DA:253,12
DA:254,12
DA:255,12
DA:256,12
DA:257,12
DA:258,12
DA:259,12
DA:260,6
DA:261,6
DA:262,12
DA:263,12
DA:264,12
DA:265,12
DA:267,12
DA:268,12
DA:269,12
DA:270,12
DA:271,12
DA:272,12
DA:274,12
DA:275,12
DA:276,12
DA:277,12
DA:278,12
DA:279,12
DA:280,12
DA:281,12
DA:282,12
DA:283,12
DA:284,12
DA:286,33
DA:287,33
DA:288,33
DA:301,33
DA:302,33
DA:303,33
DA:305,33
DA:306,33
DA:307,33
DA:308,33
DA:309,33
DA:310,33
DA:311,33
DA:312,33
DA:313,33
DA:314,33
DA:315,33
DA:316,33
DA:317,33
DA:318,33
DA:319,33
DA:320,33
DA:321,33
DA:323,0
DA:324,33
DA:325,0
DA:326,0
DA:327,0
DA:328,0
DA:329,0
DA:330,0
DA:331,0
DA:332,0
DA:333,0
DA:334,33
DA:335,0
DA:336,0
DA:337,33
DA:339,33
DA:340,33
DA:341,21
DA:342,21
DA:344,12
DA:345,12
DA:346,12
DA:348,36
DA:349,36
DA:350,36
DA:352,33
DA:353,33
DA:354,33
DA:355,33
DA:356,33
DA:357,33
DA:358,33
DA:359,33
DA:360,33
DA:361,33
DA:362,33
DA:363,33
DA:364,33
DA:365,33
DA:366,33
DA:367,33
DA:369,87
DA:370,87
DA:371,57
DA:372,57
DA:374,87
DA:375,0
DA:376,0
DA:378,30
DA:379,30
DA:381,15
DA:382,15
DA:383,9
DA:384,9
DA:386,6
DA:387,6
DA:388,6
DA:390,0
DA:391,0
DA:393,15
DA:394,15
DA:395,9
DA:396,9
DA:398,15
DA:399,0
DA:400,0
DA:402,6
DA:403,6
DA:405,6
DA:406,6
DA:408,6
DA:409,15
DA:410,0
DA:411,0
DA:413,15
DA:414,15
DA:415,15
DA:416,15
DA:418,6
DA:419,6
DA:421,3
DA:422,3
DA:424,3
DA:425,6
DA:426,3
DA:427,3
DA:429,3
DA:430,3
DA:431,3
DA:432,6
DA:433,0
DA:434,0
DA:436,6
DA:437,0
DA:438,0
DA:440,3
DA:441,3
DA:443,0
DA:444,0
DA:446,6
DA:447,6
DA:448,6
DA:449,6
DA:450,24
DA:451,24
DA:452,24
DA:453,24
DA:454,24
DA:455,18
DA:456,18
DA:458,6
DA:460,6
DA:461,6
DA:463,54
DA:464,54
DA:465,54
DA:467,3
DA:468,3
DA:469,3
DA:470,3
DA:471,3
DA:473,0
DA:474,0
DA:476,66
DA:477,66
DA:478,66
DA:480,12
DA:481,12
DA:482,12
DA:484,6
DA:485,6
DA:486,6
DA:488,6
DA:489,6
DA:490,6
LF:341
LH:301
BRDA:92,0,0,3
BRDA:97,1,0,12
BRDA:98,2,0,9
BRDA:98,3,0,9
BRDA:98,4,0,9
BRDA:110,5,0,6
BRDA:113,6,0,15
BRDA:115,7,0,0
BRDA:119,8,0,12
BRDA:121,9,0,0
BRDA:139,10,0,6
BRDA:146,11,0,9
BRDA:149,12,0,0
BRDA:163,13,0,0
BRDA:171,14,0,0
BRDA:176,15,0,0
BRDA:182,16,0,0
BRDA:192,17,0,0
BRDA:111,18,0,9
BRDA:142,19,0,9
BRDA:143,20,0,15
BRDA:169,21,0,6
BRDA:201,22,0,12
BRDA:204,23,0,12
BRDA:205,24,0,12
BRDA:217,25,0,33
BRDA:218,26,0,33
BRDA:219,27,0,33
BRDA:220,28,0,33
BRDA:226,29,0,12
BRDA:255,30,0,3
BRDA:233,31,0,24
BRDA:234,32,0,6
BRDA:238,33,0,24
BRDA:239,34,0,15
BRDA:241,35,0,132
BRDA:241,36,0,99
BRDA:242,37,0,66
BRDA:245,38,0,48
BRDA:246,39,0,9
BRDA:247,40,0,6
BRDA:259,41,0,6
BRDA:261,42,0,3
BRDA:261,43,0,3
BRDA:263,44,0,132
BRDA:263,45,0,99
BRDA:267,46,0,12
BRDA:272,47,0,132
BRDA:272,48,0,99
BRDA:277,49,0,66
BRDA:278,50,0,66
BRDA:279,51,0,24
BRDA:280,52,0,66
BRDA:281,53,0,66
BRDA:282,54,0,66
BRDA:286,55,0,33
BRDA:308,56,0,21
BRDA:308,57,0,12
BRDA:309,58,0,21
BRDA:309,59,0,12
BRDA:314,60,0,24
BRDA:316,61,0,9
BRDA:316,62,0,24
BRDA:318,63,0,30
BRDA:321,64,0,0
BRDA:324,65,0,0
BRDA:334,66,0,0
BRDA:339,67,0,33
BRDA:340,68,0,21
BRDA:342,69,0,12
BRDA:348,70,0,36
BRDA:349,71,0,0
BRDA:352,72,0,33
BRDA:369,73,0,87
BRDA:370,74,0,57
BRDA:372,75,0,30
BRDA:374,76,0,0
BRDA:376,77,0,30
BRDA:381,78,0,15
BRDA:382,79,0,9
BRDA:384,80,0,6
BRDA:388,81,0,0
BRDA:393,82,0,15
BRDA:394,83,0,9
BRDA:396,84,0,6
BRDA:398,85,0,0
BRDA:400,86,0,6
BRDA:405,87,0,6
BRDA:408,88,0,15
BRDA:409,89,0,0
BRDA:421,90,0,3
BRDA:424,91,0,6
BRDA:425,92,0,3
BRDA:432,93,0,0
BRDA:434,94,0,3
BRDA:436,95,0,0
BRDA:438,96,0,3
BRDA:441,97,0,0
BRDA:429,98,0,6
BRDA:446,99,0,6
BRDA:460,100,0,0
BRDA:460,101,0,0
BRDA:449,102,0,24
BRDA:454,103,0,18
BRDA:455,104,0,18
BRDA:456,105,0,0
BRDA:463,106,0,54
BRDA:467,107,0,3
BRDA:471,108,0,0
BRDA:476,109,0,66
BRDA:477,110,0,75
BRDA:477,111,0,33
BRDA:480,112,0,12
BRDA:481,113,0,6
BRDA:484,114,0,6
BRDA:485,115,0,0
BRDA:488,116,0,6
BRDA:489,117,0,0
BRF:118
BRH:93
end_of_record
TN:
SF:src/state/game-state.ts
FN:26,indexById
FN:30,createEmptyGameState
FN:44,hydrateGameState
FN:64,applyServerEvent
FN:155,applyServerEvents
FNF:5
FNH:5
FNDA:6,indexById
FNDA:9,createEmptyGameState
FNDA:3,hydrateGameState
FNDA:14,applyServerEvent
FNDA:4,applyServerEvents
DA:26,6
DA:27,6
DA:28,6
DA:30,1
DA:31,9
DA:32,9
DA:33,9
DA:34,9
DA:35,9
DA:36,9
DA:37,9
DA:38,9
DA:39,9
DA:40,9
DA:41,9
DA:42,9
DA:44,1
DA:45,3
DA:46,3
DA:47,3
DA:48,3
DA:49,3
DA:50,3
DA:51,3
DA:52,3
DA:53,1
DA:54,1
DA:55,3
DA:56,3
DA:57,1
DA:58,1
DA:59,3
DA:60,3
DA:61,3
DA:62,3
DA:64,1
DA:65,14
DA:66,4
DA:67,4
DA:69,12
DA:70,3
DA:71,3
DA:73,10
DA:74,1
DA:75,1
DA:76,1
DA:77,1
DA:78,1
DA:79,1
DA:80,1
DA:81,1
DA:82,1
DA:84,8
DA:85,2
DA:86,2
DA:87,2
DA:88,2
DA:89,2
DA:90,1
DA:91,1
DA:92,1
DA:93,1
DA:94,1
DA:95,2
DA:96,2
DA:97,2
DA:98,2
DA:99,2
DA:100,2
DA:102,5
DA:103,2
DA:104,2
DA:105,2
DA:106,2
DA:107,2
DA:108,1
DA:109,1
DA:110,1
DA:111,1
DA:112,1
DA:113,2
DA:114,2
DA:115,2
DA:116,2
DA:117,2
DA:118,2
DA:119,2
DA:120,2
DA:121,2
DA:122,2
DA:123,2
DA:125,2
DA:126,2
DA:127,2
DA:128,2
DA:129,2
DA:130,2
DA:131,1
DA:132,1
DA:133,1
DA:134,1
DA:135,1
DA:136,2
DA:137,2
DA:138,2
DA:139,2
DA:140,2
DA:141,2
DA:142,2
DA:143,2
DA:144,2
DA:145,2
DA:146,2
DA:148,0
DA:149,0
DA:150,0
DA:151,0
DA:152,0
DA:153,0
DA:155,1
DA:156,4
DA:157,4
LF:122
LH:116
BRDA:26,0,0,6
BRDA:27,1,0,3
BRDA:30,2,0,9
BRDA:44,3,0,3
BRDA:48,4,0,0
BRDA:52,5,0,1
BRDA:56,6,0,1
BRDA:64,7,0,14
BRDA:65,8,0,4
BRDA:67,9,0,12
BRDA:67,10,0,10
BRDA:69,11,0,3
BRDA:71,12,0,10
BRDA:71,13,0,7
BRDA:73,14,0,1
BRDA:82,15,0,9
BRDA:82,16,0,8
BRDA:82,17,0,6
BRDA:84,18,0,2
BRDA:89,19,0,1
BRDA:90,20,0,1
BRDA:100,21,0,6
BRDA:100,22,0,5
BRDA:100,23,0,4
BRDA:102,24,0,2
BRDA:107,25,0,1
BRDA:108,26,0,1
BRDA:119,27,0,1
BRDA:119,28,0,1
BRDA:123,29,0,3
BRDA:123,30,0,2
BRDA:130,31,0,1
BRDA:131,32,0,1
BRDA:142,33,0,1
BRDA:142,34,0,1
BRDA:146,35,0,0
BRDA:155,36,0,4
BRF:37
BRH:35
end_of_record
TN:
SF:src/state/session-view.ts
FN:86,createSessionView
FN:132,createSessionDiff
FN:161,createSessionRecord
FN:208,deriveSessionTitle
FN:226,deriveSessionStatus
FN:242,compareSessionRecords
FN:254,compareSessionEntriesDescending
FN:262,toSessionDiffSide
FN:272,listToolNames
FN:280,listDecisionTitles
FN:284,uniqueStrings
FN:290,intersect
FN:295,subtract
FNF:13
FNH:13
FNDA:6,createSessionView
FNDA:1,createSessionDiff
FNDA:12,createSessionRecord
FNDA:12,deriveSessionTitle
FNDA:12,deriveSessionStatus
FNDA:6,compareSessionRecords
FNDA:60,compareSessionEntriesDescending
FNDA:2,toSessionDiffSide
FNDA:6,listToolNames
FNDA:6,listDecisionTitles
FNDA:48,uniqueStrings
FNDA:4,intersect
FNDA:8,subtract
DA:1,1
DA:5,1
DA:80,1
DA:81,1
DA:82,1
DA:83,1
DA:84,1
DA:86,1
DA:87,6
DA:88,6
DA:89,6
DA:90,6
DA:92,6
DA:93,75
DA:94,3
DA:95,3
DA:96,3
DA:98,75
DA:99,75
DA:100,75
DA:101,75
DA:103,6
DA:104,30
DA:105,0
DA:106,0
DA:108,30
DA:109,30
DA:110,30
DA:111,30
DA:113,6
DA:114,6
DA:115,6
DA:117,6
DA:118,6
DA:119,6
DA:120,6
DA:121,6
DA:122,6
DA:123,6
DA:124,6
DA:125,6
DA:126,6
DA:127,6
DA:128,6
DA:129,6
DA:130,6
DA:132,1
DA:133,1
DA:134,1
DA:135,1
DA:137,1
DA:138,0
DA:139,0
DA:141,1
DA:142,1
DA:143,1
DA:144,1
DA:145,1
DA:146,1
DA:147,1
DA:148,1
DA:149,1
DA:150,1
DA:151,1
DA:152,1
DA:153,1
DA:154,1
DA:155,1
DA:156,1
DA:157,1
DA:158,1
DA:159,1
DA:161,12
DA:162,12
DA:163,12
DA:164,12
DA:165,12
DA:166,12
DA:167,12
DA:168,12
DA:169,12
DA:170,12
DA:171,12
DA:172,12
DA:173,12
DA:174,12
DA:175,12
DA:176,12
DA:177,12
DA:178,12
DA:179,12
DA:180,12
DA:181,12
DA:182,12
DA:183,12
DA:184,12
DA:185,12
DA:186,12
DA:187,12
DA:188,12
DA:189,12
DA:190,12
DA:191,12
DA:192,12
DA:193,12
DA:194,12
DA:195,12
DA:196,12
DA:197,12
DA:198,12
DA:199,12
DA:201,12
DA:202,12
DA:203,12
DA:204,12
DA:205,12
DA:206,12
DA:208,12
DA:209,12
DA:210,12
DA:211,12
DA:212,12
DA:213,12
DA:214,12
DA:215,12
DA:216,12
DA:218,0
DA:219,0
DA:220,0
DA:221,0
DA:223,0
DA:224,0
DA:226,12
DA:227,12
DA:228,0
DA:229,0
DA:231,12
DA:232,6
DA:233,6
DA:235,9
DA:236,3
DA:237,3
DA:239,12
DA:240,12
DA:242,6
DA:243,6
DA:244,6
DA:245,6
DA:247,0
DA:248,0
DA:249,0
DA:251,0
DA:252,0
DA:254,60
DA:255,60
DA:256,30
DA:257,30
DA:259,30
DA:260,30
DA:262,2
DA:263,2
DA:264,2
DA:265,2
DA:266,2
DA:267,2
DA:268,2
DA:269,2
DA:270,2
DA:272,6
DA:273,6
DA:274,6
DA:275,6
DA:276,6
DA:277,6
DA:278,6
DA:280,6
DA:281,6
DA:282,6
DA:284,48
DA:285,48
DA:286,54
DA:287,48
DA:288,48
DA:290,4
DA:291,4
DA:292,4
DA:293,4
DA:295,8
DA:296,8
DA:297,8
DA:298,8
LF:191
LH:174
BRDA:86,0,0,6
BRDA:92,1,0,75
BRDA:93,2,0,3
BRDA:96,3,0,72
BRDA:98,4,0,12
BRDA:103,5,0,30
BRDA:104,6,0,0
BRDA:108,7,0,12
BRDA:114,8,0,12
BRDA:114,9,0,0
BRDA:124,10,0,12
BRDA:125,11,0,12
BRDA:126,12,0,12
BRDA:132,13,0,1
BRDA:137,14,0,0
BRDA:144,15,0,0
BRDA:134,16,0,2
BRDA:135,17,0,1
BRDA:161,18,0,12
BRDA:168,19,0,0
BRDA:169,20,0,0
BRDA:183,21,0,0
BRDA:184,22,0,0
BRDA:185,23,0,0
BRDA:186,24,0,0
BRDA:197,25,0,0
BRDA:198,26,0,0
BRDA:170,27,0,72
BRDA:171,28,0,12
BRDA:173,29,0,6
BRDA:173,30,0,6
BRDA:175,31,0,12
BRDA:177,32,0,6
BRDA:177,33,0,6
BRDA:187,34,0,72
BRDA:188,35,0,72
BRDA:191,36,0,72
BRDA:192,37,0,72
BRDA:193,38,0,72
BRDA:194,39,0,72
BRDA:204,40,0,18
BRDA:208,41,0,12
BRDA:215,42,0,0
BRDA:216,43,0,0
BRDA:213,44,0,60
BRDA:226,45,0,12
BRDA:227,46,0,0
BRDA:231,47,0,9
BRDA:231,48,0,6
BRDA:235,49,0,3
BRDA:237,50,0,3
BRDA:239,51,0,0
BRDA:227,52,0,72
BRDA:235,53,0,24
BRDA:239,54,0,3
BRDA:239,55,0,0
BRDA:242,56,0,6
BRDA:245,57,0,0
BRDA:254,58,0,60
BRDA:255,59,0,30
BRDA:262,60,0,2
BRDA:272,61,0,6
BRDA:275,62,0,36
BRDA:276,63,0,6
BRDA:280,64,0,6
BRDA:281,65,0,15
BRDA:284,66,0,48
BRDA:285,67,0,237
BRDA:285,68,0,228
BRDA:285,69,0,54
BRDA:290,70,0,4
BRDA:292,71,0,7
BRDA:292,72,0,2
BRDA:295,73,0,8
BRDA:297,74,0,14
BRF:75
BRH:57
end_of_record
TN:
SF:src/state/task-view.ts
FN:60,createTaskView
FN:80,createTaskInspection
FN:85,createTaskInspectionInternal
FN:117,createTaskAlerts
FN:161,toTaskStatusCategory
FN:173,compareTaskInspections
FN:191,uniqueStrings
FN:197,readStringValue
FNF:8
FNH:8
FNDA:10,createTaskView
FNDA:1,createTaskInspection
FNDA:27,createTaskInspectionInternal
FNDA:27,createTaskAlerts
FNDA:27,toTaskStatusCategory
FNDA:23,compareTaskInspections
FNDA:54,uniqueStrings
FNDA:42,readStringValue
DA:3,1
DA:52,1
DA:53,1
DA:54,1
DA:55,1
DA:56,1
DA:57,1
DA:58,1
DA:60,1
DA:61,10
DA:62,10
DA:63,10
DA:64,10
DA:66,10
DA:67,10
DA:68,10
DA:69,10
DA:70,10
DA:71,10
DA:72,10
DA:73,10
DA:74,10
DA:75,10
DA:76,10
DA:77,10
DA:78,10
DA:80,1
DA:81,1
DA:82,1
DA:83,1
DA:85,27
DA:86,27
DA:87,27
DA:88,27
DA:89,27
DA:90,27
DA:91,27
DA:92,27
DA:93,27
DA:94,27
DA:95,27
DA:96,27
DA:97,27
DA:98,27
DA:100,27
DA:101,27
DA:102,27
DA:103,27
DA:104,27
DA:105,27
DA:106,27
DA:107,27
DA:108,27
DA:109,27
DA:110,27
DA:111,27
DA:112,27
DA:113,27
DA:114,27
DA:115,27
DA:117,27
DA:118,27
DA:119,27
DA:120,27
DA:121,27
DA:122,27
DA:123,27
DA:124,27
DA:126,27
DA:127,7
DA:128,7
DA:129,7
DA:130,7
DA:131,7
DA:132,7
DA:134,27
DA:135,7
DA:136,7
DA:137,7
DA:138,7
DA:139,7
DA:140,7
DA:142,27
DA:143,3
DA:144,3
DA:145,3
DA:146,3
DA:147,3
DA:148,3
DA:150,27
DA:151,7
DA:152,7
DA:153,7
DA:154,7
DA:155,7
DA:156,7
DA:158,27
DA:159,27
DA:161,27
DA:162,27
DA:163,27
DA:164,10
DA:165,27
DA:166,27
DA:167,17
DA:168,27
DA:169,0
DA:170,27
DA:171,27
DA:173,23
DA:174,23
DA:175,14
DA:176,14
DA:178,9
DA:179,9
DA:180,9
DA:182,23
DA:183,23
DA:184,23
DA:185,0
DA:186,0
DA:188,0
DA:189,0
DA:191,54
DA:192,54
DA:193,22
DA:194,54
DA:195,54
DA:197,42
DA:198,42
DA:199,42
LF:131
LH:126
BRDA:60,0,0,10
BRDA:63,1,0,27
BRDA:72,2,0,27
BRDA:73,3,0,27
BRDA:74,4,0,27
BRDA:75,5,0,27
BRDA:80,6,0,1
BRDA:82,7,0,0
BRDA:82,8,0,3
BRDA:85,9,0,27
BRDA:86,10,0,20
BRDA:86,11,0,7
BRDA:86,12,0,20
BRDA:98,13,0,14
BRDA:98,14,0,13
BRDA:103,15,0,13
BRDA:103,16,0,14
BRDA:104,17,0,13
BRDA:104,18,0,14
BRDA:105,19,0,13
BRDA:105,20,0,14
BRDA:108,21,0,20
BRDA:108,22,0,7
BRDA:87,23,0,246
BRDA:89,24,0,42
BRDA:90,25,0,3
BRDA:92,26,0,102
BRDA:93,27,0,19
BRDA:95,28,0,102
BRDA:96,29,0,19
BRDA:97,30,0,91
BRDA:107,31,0,91
BRDA:117,32,0,27
BRDA:126,33,0,20
BRDA:126,34,0,20
BRDA:126,35,0,7
BRDA:134,36,0,7
BRDA:134,37,0,7
BRDA:142,38,0,3
BRDA:150,39,0,10
BRDA:150,40,0,7
BRDA:150,41,0,7
BRDA:161,42,0,27
BRDA:163,43,0,10
BRDA:165,44,0,3
BRDA:166,45,0,17
BRDA:168,46,0,0
BRDA:173,47,0,23
BRDA:174,48,0,17
BRDA:174,49,0,14
BRDA:176,50,0,9
BRDA:180,51,0,0
BRDA:182,52,0,0
BRDA:183,53,0,0
BRDA:183,54,0,0
BRDA:184,55,0,0
BRDA:191,56,0,54
BRDA:192,57,0,182
BRDA:192,58,0,22
BRDA:197,59,0,42
BRDA:198,60,0,36
BRDA:198,61,0,6
BRF:62
BRH:55
end_of_record
TN:
SF:src/state/verification-view.ts
FN:46,createVerificationView
FN:65,evaluateTaskVerificationGate
FN:71,createTaskVerificationGate
FN:123,compareTaskVerificationGates
FNF:4
FNH:4
FNDA:1,createVerificationView
FNDA:3,evaluateTaskVerificationGate
FNDA:6,createTaskVerificationGate
FNDA:2,compareTaskVerificationGates
DA:3,1
DA:6,1
DA:7,1
DA:8,1
DA:9,1
DA:10,1
DA:11,1
DA:46,1
DA:47,1
DA:48,1
DA:50,1
DA:51,1
DA:52,1
DA:53,1
DA:54,1
DA:55,1
DA:56,1
DA:57,1
DA:58,1
DA:59,1
DA:60,1
DA:61,1
DA:62,1
DA:63,1
DA:65,1
DA:66,3
DA:67,3
DA:68,3
DA:69,3
DA:71,6
DA:72,6
DA:73,6
DA:74,6
DA:75,6
DA:76,6
DA:77,6
DA:78,6
DA:79,6
DA:80,6
DA:81,2
DA:82,4
DA:83,6
DA:84,6
DA:85,6
DA:86,6
DA:87,6
DA:88,6
DA:89,4
DA:90,2
DA:91,6
DA:92,6
DA:93,6
DA:94,6
DA:95,6
DA:96,6
DA:97,4
DA:98,2
DA:99,6
DA:100,6
DA:101,6
DA:102,6
DA:103,6
DA:104,6
DA:105,2
DA:106,4
DA:107,6
DA:108,6
DA:109,6
DA:111,6
DA:112,6
DA:113,6
DA:114,6
DA:115,6
DA:116,6
DA:117,6
DA:118,6
DA:119,6
DA:120,6
DA:121,6
DA:123,2
DA:124,2
DA:125,1
DA:126,1
DA:128,1
DA:129,1
DA:130,1
DA:132,0
DA:133,0
DA:134,0
DA:136,0
DA:137,0
LF:91
LH:86
BRDA:46,0,0,1
BRDA:56,1,0,3
BRDA:57,2,0,3
BRDA:59,3,0,3
BRDA:59,4,0,1
BRDA:65,5,0,3
BRDA:68,6,0,0
BRDA:67,7,0,6
BRDA:71,8,0,6
BRDA:74,9,0,4
BRDA:80,10,0,2
BRDA:81,11,0,0
BRDA:81,12,0,4
BRDA:88,13,0,4
BRDA:89,14,0,2
BRDA:96,15,0,4
BRDA:97,16,0,2
BRDA:104,17,0,2
BRDA:105,18,0,4
BRDA:74,19,0,2
BRDA:109,20,0,24
BRDA:109,21,0,12
BRDA:123,22,0,2
BRDA:124,23,0,1
BRDA:125,24,0,0
BRDA:130,25,0,0
BRF:26
BRH:22
end_of_record
